=== RUN  TestReaderSimple

-- PASS: TestReaderSimple

=== RUN  TestReader

-- PASS: TestReader

=== RUN  TestZeroReader
<invalid reflect.Value>

-- FAIL: TestZeroReader

=== RUN  TestReadRune

-- PASS: TestReadRune

=== RUN  TestUnreadRune

-- PASS: TestUnreadRune

=== RUN  TestNoUnreadRuneAfterPeek

-- PASS: TestNoUnreadRuneAfterPeek

=== RUN  TestNoUnreadByteAfterPeek

-- PASS: TestNoUnreadByteAfterPeek

=== RUN  TestNoUnreadRuneAfterDiscard

-- PASS: TestNoUnreadRuneAfterDiscard

=== RUN  TestNoUnreadByteAfterDiscard

-- PASS: TestNoUnreadByteAfterDiscard

=== RUN  TestNoUnreadRuneAfterWriteTo

-- PASS: TestNoUnreadRuneAfterWriteTo

=== RUN  TestNoUnreadByteAfterWriteTo

-- PASS: TestNoUnreadByteAfterWriteTo

=== RUN  TestUnreadByte

-- PASS: TestUnreadByte

=== RUN  TestUnreadByteMultiple

-- PASS: TestUnreadByteMultiple

=== RUN  TestUnreadByteOthers

-- PASS: TestUnreadByteOthers

=== RUN  TestUnreadRuneError

-- PASS: TestUnreadRuneError

=== RUN  TestUnreadRuneAtEOF

-- PASS: TestUnreadRuneAtEOF

=== RUN  TestReadWriteRune

-- PASS: TestReadWriteRune

=== RUN  TestWriteInvalidRune

-- PASS: TestWriteInvalidRune

=== RUN  TestReadStringAllocs
-- SKIP: testReadStringAllocs

-- PASS: TestReadStringAllocs

=== RUN  TestWriter

-- PASS: TestWriter

=== RUN  TestWriterAppend

-- PASS: TestWriterAppend

=== RUN  TestWriteErrors

-- PASS: TestWriteErrors

=== RUN  TestNewReaderSizeIdempotent

-- PASS: TestNewReaderSizeIdempotent

=== RUN  TestNewWriterSizeIdempotent

-- PASS: TestNewWriterSizeIdempotent

=== RUN  TestWriteString

-- PASS: TestWriteString

=== RUN  TestWriteStringStringWriter

-- PASS: TestWriteStringStringWriter

=== RUN  TestBufferFull

-- PASS: TestBufferFull

=== RUN  TestPeek

-- PASS: TestPeek

=== RUN  TestPeekThenUnreadRune

-- PASS: TestPeekThenUnreadRune

=== RUN  TestReadLine

-- PASS: TestReadLine

=== RUN  TestLineTooLong

-- PASS: TestLineTooLong

=== RUN  TestReadAfterLines

-- PASS: TestReadAfterLines

=== RUN  TestReadEmptyBuffer

-- PASS: TestReadEmptyBuffer

=== RUN  TestLinesAfterRead

-- PASS: TestLinesAfterRead

=== RUN  TestReadLineNonNilLineOrError

-- PASS: TestReadLineNonNilLineOrError

=== RUN  TestReadLineNewlines

-- PASS: TestReadLineNewlines

=== RUN  TestReaderWriteTo

-- PASS: TestReaderWriteTo

=== RUN  TestReaderWriteToErrors

-- PASS: TestReaderWriteToErrors

=== RUN  TestWriterReadFrom

-- PASS: TestWriterReadFrom

=== RUN  TestWriterReadFromErrors

-- PASS: TestWriterReadFromErrors

=== RUN  TestWriterReadFromCounts

-- PASS: TestWriterReadFromCounts

=== RUN  TestNegativeRead

-- PASS: TestNegativeRead

=== RUN  TestReaderClearError

-- PASS: TestReaderClearError

=== RUN  TestWriterReadFromWhileFull

-- PASS: TestWriterReadFromWhileFull

=== RUN  TestWriterReadFromUntilEOF

-- PASS: TestWriterReadFromUntilEOF

=== RUN  TestWriterReadFromErrNoProgress

-- PASS: TestWriterReadFromErrNoProgress

=== RUN  TestWriterReadFromWithBufferedData

-- PASS: TestWriterReadFromWithBufferedData

=== RUN  TestReadZero
- SUBRUN  bufsize=100
- SUBRUN  bufsize=2

-- PASS: TestReadZero

=== RUN  TestReaderReset

-- PASS: TestReaderReset

=== RUN  TestWriterReset

-- PASS: TestWriterReset

=== RUN  TestReaderDiscard

-- PASS: TestReaderDiscard

=== RUN  TestReaderSize

-- PASS: TestReaderSize

=== RUN  TestWriterSize

-- PASS: TestWriterSize

=== RUN  TestPartialReadEOF

-- PASS: TestPartialReadEOF

=== RUN  TestWriterReadFromMustSetUnderlyingError

-- PASS: TestWriterReadFromMustSetUnderlyingError

=== RUN  TestWriterReadFromMustReturnUnderlyingError

-- PASS: TestWriterReadFromMustReturnUnderlyingError

=== RUN  TestSpace

-- PASS: TestSpace

=== RUN  TestScanByte

-- PASS: TestScanByte

=== RUN  TestScanRune

-- PASS: TestScanRune

=== RUN  TestScanWords

-- PASS: TestScanWords

=== RUN  TestScanLongLines
Exception: {
	__self__ : 0x18, 
	__type__ : {
		gt : refType({
				get : <function>
			})
	}
}
Called from module gt : refType({
Called from module get : <function>
Called from module })
Called from module }
Called from module }
Called from .new haxe_ValueException (/home/runner/work/go2hx/go2hx/golibs/std_bufio.js line 30565 column 17)
Called from haxe_Exception.thrown (/home/runner/work/go2hx/go2hx/golibs/std_bufio.js line 30495 column 11)
Called from .stdgo__$internal_bytes_Bytes_$_$growslice__growSlice (/home/runner/work/go2hx/go2hx/golibs/std_bufio.js line 30447 column 25)
Called from stdgo__$internal_bytes_Buffer_$static_$extension._grow (/home/runner/work/go2hx/go2hx/golibs/std_bufio.js line 30095 column 15)
Called from stdgo__$internal_bytes_Buffer_$static_$extension.write (/home/runner/work/go2hx/go2hx/golibs/std_bufio.js line 29946 column 57)
Called from module at stdgo__$internal_testing_InternalTest._$internal_bufio_$test_Bufio_$test_$testscanlonglines_testScanLongLines [as f] (/home/runner/work/go2hx/go2hx/golibs/std_bufio.js:26261:52)
Called from stdgo__$internal_testing_M_$static_$extension.run (/home/runner/work/go2hx/go2hx/golibs/std_bufio.js line 58854 column 9)
Called from ._$internal_bufiodottest_Bufiodottest_main (/home/runner/work/go2hx/go2hx/golibs/std_bufio.js line 50605 column 59)
Called from module at /home/runner/work/go2hx/go2hx/golibs/std_bufio.js:67721:1
Called from module at Object.<anonymous> (/home/runner/work/go2hx/go2hx/golibs/std_bufio.js:67722:3)

-- FAIL: TestScanLongLines

=== RUN  TestScanLineTooLong
Exception: {
	__self__ : 0x18, 
	__type__ : {
		gt : refType({
				get : <function>
			})
	}
}
Called from module gt : refType({
Called from module get : <function>
Called from module })
Called from module }
Called from module }
Called from .new haxe_ValueException (/home/runner/work/go2hx/go2hx/golibs/std_bufio.js line 30565 column 17)
Called from haxe_Exception.thrown (/home/runner/work/go2hx/go2hx/golibs/std_bufio.js line 30495 column 11)
Called from .stdgo__$internal_bytes_Bytes_$_$growslice__growSlice (/home/runner/work/go2hx/go2hx/golibs/std_bufio.js line 30447 column 25)
Called from stdgo__$internal_bytes_Buffer_$static_$extension._grow (/home/runner/work/go2hx/go2hx/golibs/std_bufio.js line 30095 column 15)
Called from stdgo__$internal_bytes_Buffer_$static_$extension.write (/home/runner/work/go2hx/go2hx/golibs/std_bufio.js line 29946 column 57)
Called from module at stdgo__$internal_testing_InternalTest._$internal_bufio_$test_Bufio_$test_$testscanlinetoolong_testScanLineTooLong [as f] (/home/runner/work/go2hx/go2hx/golibs/std_bufio.js:26202:52)
Called from stdgo__$internal_testing_M_$static_$extension.run (/home/runner/work/go2hx/go2hx/golibs/std_bufio.js line 58854 column 9)
Called from ._$internal_bufiodottest_Bufiodottest_main (/home/runner/work/go2hx/go2hx/golibs/std_bufio.js line 50605 column 59)
Called from module at /home/runner/work/go2hx/go2hx/golibs/std_bufio.js:67721:1
Called from module at Object.<anonymous> (/home/runner/work/go2hx/go2hx/golibs/std_bufio.js:67722:3)

-- FAIL: TestScanLineTooLong

=== RUN  TestScanLineNoNewline

-- PASS: TestScanLineNoNewline

=== RUN  TestScanLineReturnButNoNewline

-- PASS: TestScanLineReturnButNoNewline

=== RUN  TestScanLineEmptyFinalLine

-- PASS: TestScanLineEmptyFinalLine

=== RUN  TestScanLineEmptyFinalLineWithCR

-- PASS: TestScanLineEmptyFinalLineWithCR

=== RUN  TestSplitError

-- PASS: TestSplitError

=== RUN  TestErrAtEOF

-- PASS: TestErrAtEOF

=== RUN  TestNonEOFWithEmptyRead

-- PASS: TestNonEOFWithEmptyRead

=== RUN  TestBadReader

-- PASS: TestBadReader

=== RUN  TestScanWordsExcessiveWhiteSpace

-- PASS: TestScanWordsExcessiveWhiteSpace

=== RUN  TestEmptyTokens

-- PASS: TestEmptyTokens

=== RUN  TestWithNoEmptyTokens

-- PASS: TestWithNoEmptyTokens

=== RUN  TestDontLoopForever

-- PASS: TestDontLoopForever

=== RUN  TestBlankLines

-- PASS: TestBlankLines

=== RUN  TestEmptyLinesOK

-- PASS: TestEmptyLinesOK

=== RUN  TestHugeBuffer

-- PASS: TestHugeBuffer

=== RUN  TestNegativeEOFReader

-- PASS: TestNegativeEOFReader

=== RUN  TestLargeReader

-- PASS: TestLargeReader

./stdgo/_internal/testing/Testing_m_static_extension.hx:57: exitCode: 1
