=== RUN  TestGolden
sha1[<invalid reflect.Value>](%!s(MISSING)) = %!s(MISSING) want %!s(MISSING)Exception: __fail__
Called from stdgo__$internal_testing_T_$common_$static_$extension.failNow (/home/runner/work/go2hx/go2hx/golibs/std_sha1.js line 42634 column 23)
Called from stdgo__$internal_testing_T_$common_$static_$extension.fatalf (/home/runner/work/go2hx/go2hx/golibs/std_sha1.js line 42523 column 56)
Called from module at /home/runner/work/go2hx/go2hx/golibs/std_sha1.js:41879:58
Called from module at stdgo__$internal_testing_InternalTest.stdgo__$internal_crypto_sha1_Sha1_$testgolden_testGolden [as f] (/home/runner/work/go2hx/go2hx/golibs/std_sha1.js:11513:22)
Called from stdgo__$internal_testing_M_$static_$extension.run (/home/runner/work/go2hx/go2hx/golibs/std_sha1.js line 41688 column 9)
Called from ._$internal_crypto_sha1dottest_Sha1dottest_main (/home/runner/work/go2hx/go2hx/golibs/std_sha1.js line 34296 column 59)
Called from module at /home/runner/work/go2hx/go2hx/golibs/std_sha1.js:53093:1
Called from module at Object.<anonymous> (/home/runner/work/go2hx/go2hx/golibs/std_sha1.js:53094:3)

-- FAIL: TestGolden

=== RUN  TestGoldenMarshal

-- PASS: TestGoldenMarshal

=== RUN  TestSize

-- PASS: TestSize

=== RUN  TestBlockSize

-- PASS: TestBlockSize

=== RUN  TestBlockGeneric
Exception: Cannot read properties of null (reading 'read')
Called from module TypeError: Cannot read properties of null (reading 'read')
Called from .stdgo__$internal_io_Io_$readatleast_readAtLeast (/home/runner/work/go2hx/go2hx/golibs/std_sha1.js line 32136 column 20)
Called from .stdgo__$internal_io_Io_$readfull_readFull (/home/runner/work/go2hx/go2hx/golibs/std_sha1.js line 32123 column 9)
Called from .stdgo__$internal_crypto_rand_Rand_$read_read (/home/runner/work/go2hx/go2hx/golibs/std_sha1.js line 32118 column 9)
Called from module at stdgo__$internal_testing_InternalTest.stdgo__$internal_crypto_sha1_Sha1_$testblockgeneric_testBlockGeneric [as f] (/home/runner/work/go2hx/go2hx/golibs/std_sha1.js:32102:3)
Called from stdgo__$internal_testing_M_$static_$extension.run (/home/runner/work/go2hx/go2hx/golibs/std_sha1.js line 41688 column 9)
Called from ._$internal_crypto_sha1dottest_Sha1dottest_main (/home/runner/work/go2hx/go2hx/golibs/std_sha1.js line 34296 column 59)
Called from module at /home/runner/work/go2hx/go2hx/golibs/std_sha1.js:53093:1
Called from module at Object.<anonymous> (/home/runner/work/go2hx/go2hx/golibs/std_sha1.js:53094:3)
Called from Module._compile (node:internal/modules/cjs/loader line 1734 column 14)
Called from Object..js (node:internal/modules/cjs/loader line 1899 column 10)

-- FAIL: TestBlockGeneric

=== RUN  TestLargeHashes

-- PASS: TestLargeHashes

=== RUN  TestAllocations
./stdgo/_internal/testing/Testing_allocsperrun.hx:3: allocsPerRun not implemented

-- PASS: TestAllocations

./stdgo/_internal/testing/Testing_m_static_extension.hx:57: exitCode: 1
