=== RUN  TestCBCEncrypterAES
Exception: crypto/cipher: invalid buffer overlap
Called from stdgo__$internal_crypto_cipher_T_$cbcEncrypter_$static_$extension.cryptBlocks (/home/runner/work/go2hx/go2hx/golibs/std_cipher.js line 42427 column 24)
Called from stdgo__$internal_crypto_cipher_T_$cbcEncrypter_$asInterface.cryptBlocks (/home/runner/work/go2hx/go2hx/golibs/std_cipher.js line 18802 column 69)
Called from module at stdgo__$internal_testing_InternalTest._$internal_crypto_cipher_$test_Cipher_$test_$testcbcencrypteraes_testCBCEncrypterAES [as f] (/home/runner/work/go2hx/go2hx/golibs/std_cipher.js:14533:14)
Called from stdgo__$internal_testing_M_$static_$extension.run (/home/runner/work/go2hx/go2hx/golibs/std_cipher.js line 49608 column 9)
Called from ._$internal_crypto_cipherdottest_Cipherdottest_main (/home/runner/work/go2hx/go2hx/golibs/std_cipher.js line 38761 column 59)
Called from module at /home/runner/work/go2hx/go2hx/golibs/std_cipher.js:58793:1
Called from module at Object.<anonymous> (/home/runner/work/go2hx/go2hx/golibs/std_cipher.js:58794:3)
Called from Module._compile (node:internal/modules/cjs/loader line 1734 column 14)

-- FAIL: TestCBCEncrypterAES

=== RUN  TestCBCDecrypterAES
Exception: crypto/cipher: invalid buffer overlap
Called from stdgo__$internal_crypto_cipher_T_$cbcDecrypter_$static_$extension.cryptBlocks (/home/runner/work/go2hx/go2hx/golibs/std_cipher.js line 42266 column 24)
Called from stdgo__$internal_crypto_cipher_T_$cbcDecrypter_$asInterface.cryptBlocks (/home/runner/work/go2hx/go2hx/golibs/std_cipher.js line 18967 column 69)
Called from module at stdgo__$internal_testing_InternalTest._$internal_crypto_cipher_$test_Cipher_$test_$testcbcdecrypteraes_testCBCDecrypterAES [as f] (/home/runner/work/go2hx/go2hx/golibs/std_cipher.js:14507:14)
Called from stdgo__$internal_testing_M_$static_$extension.run (/home/runner/work/go2hx/go2hx/golibs/std_cipher.js line 49608 column 9)
Called from ._$internal_crypto_cipherdottest_Cipherdottest_main (/home/runner/work/go2hx/go2hx/golibs/std_cipher.js line 38761 column 59)
Called from module at /home/runner/work/go2hx/go2hx/golibs/std_cipher.js:58793:1
Called from module at Object.<anonymous> (/home/runner/work/go2hx/go2hx/golibs/std_cipher.js:58794:3)
Called from Module._compile (node:internal/modules/cjs/loader line 1734 column 14)

-- FAIL: TestCBCDecrypterAES

=== RUN  TestCFBVectors
Exception: crypto/cipher: invalid buffer overlap
Called from stdgo__$internal_crypto_cipher_T_$cfb_$static_$extension.xORKeyStream (/home/runner/work/go2hx/go2hx/golibs/std_cipher.js line 42533 column 24)
Called from stdgo__$internal_crypto_cipher_T_$cfb_$asInterface.xORKeyStream (/home/runner/work/go2hx/go2hx/golibs/std_cipher.js line 20027 column 60)
Called from module at stdgo__$internal_testing_InternalTest._$internal_crypto_cipher_$test_Cipher_$test_$testcfbvectors_testCFBVectors [as f] (/home/runner/work/go2hx/go2hx/golibs/std_cipher.js:14612:8)
Called from stdgo__$internal_testing_M_$static_$extension.run (/home/runner/work/go2hx/go2hx/golibs/std_cipher.js line 49608 column 9)
Called from ._$internal_crypto_cipherdottest_Cipherdottest_main (/home/runner/work/go2hx/go2hx/golibs/std_cipher.js line 38761 column 59)
Called from module at /home/runner/work/go2hx/go2hx/golibs/std_cipher.js:58793:1
Called from module at Object.<anonymous> (/home/runner/work/go2hx/go2hx/golibs/std_cipher.js:58794:3)
Called from Module._compile (node:internal/modules/cjs/loader line 1734 column 14)

-- FAIL: TestCFBVectors

=== RUN  TestCFBInverse
Exception: Cannot read properties of null (reading 'read')
Called from module TypeError: Cannot read properties of null (reading 'read')
Called from module at stdgo__$internal_testing_InternalTest._$internal_crypto_cipher_$test_Cipher_$test_$testcfbinverse_testCFBInverse [as f] (/home/runner/work/go2hx/go2hx/golibs/std_cipher.js:14553:51)
Called from stdgo__$internal_testing_M_$static_$extension.run (/home/runner/work/go2hx/go2hx/golibs/std_cipher.js line 49608 column 9)
Called from ._$internal_crypto_cipherdottest_Cipherdottest_main (/home/runner/work/go2hx/go2hx/golibs/std_cipher.js line 38761 column 59)
Called from module at /home/runner/work/go2hx/go2hx/golibs/std_cipher.js:58793:1
Called from module at Object.<anonymous> (/home/runner/work/go2hx/go2hx/golibs/std_cipher.js:58794:3)
Called from Module._compile (node:internal/modules/cjs/loader line 1734 column 14)
Called from Object..js (node:internal/modules/cjs/loader line 1899 column 10)
Called from Module.load (node:internal/modules/cjs/loader line 1469 column 32)
Called from Function._load (node:internal/modules/cjs/loader line 1286 column 12)
Called from TracingChannel.traceSync (node:diagnostics_channel line 322 column 14)

-- FAIL: TestCFBInverse

=== RUN  TestCryptBlocks

-- PASS: TestCryptBlocks

=== RUN  TestEmptyPlaintext

-- PASS: TestEmptyPlaintext

=== RUN  TestCTR_AES
Exception: crypto/cipher: invalid buffer overlap
Called from stdgo__$internal_crypto_cipher_T_$ctr_$static_$extension.xORKeyStream (/home/runner/work/go2hx/go2hx/golibs/std_cipher.js line 42679 column 24)
Called from stdgo__$internal_crypto_cipher_T_$ctr_$asInterface.xORKeyStream (/home/runner/work/go2hx/go2hx/golibs/std_cipher.js line 22643 column 60)
Called from module at stdgo__$internal_testing_InternalTest._$internal_crypto_cipher_$test_Cipher_$test_$testctr_$aes_testCTR_AES [as f] (/home/runner/work/go2hx/go2hx/golibs/std_cipher.js:14736:9)
Called from stdgo__$internal_testing_M_$static_$extension.run (/home/runner/work/go2hx/go2hx/golibs/std_cipher.js line 49608 column 9)
Called from ._$internal_crypto_cipherdottest_Cipherdottest_main (/home/runner/work/go2hx/go2hx/golibs/std_cipher.js line 38761 column 59)
Called from module at /home/runner/work/go2hx/go2hx/golibs/std_cipher.js:58793:1
Called from module at Object.<anonymous> (/home/runner/work/go2hx/go2hx/golibs/std_cipher.js:58794:3)
Called from Module._compile (node:internal/modules/cjs/loader line 1734 column 14)

-- FAIL: TestCTR_AES

=== RUN  TestCTR
Exception: crypto/cipher: invalid buffer overlap
Called from stdgo__$internal_crypto_cipher_T_$ctr_$static_$extension.xORKeyStream (/home/runner/work/go2hx/go2hx/golibs/std_cipher.js line 42679 column 24)
Called from stdgo__$internal_crypto_cipher_T_$ctr_$asInterface.xORKeyStream (/home/runner/work/go2hx/go2hx/golibs/std_cipher.js line 22643 column 60)
Called from module at stdgo__$internal_testing_InternalTest._$internal_crypto_cipher_$test_Cipher_$test_$testctr_testCTR [as f] (/home/runner/work/go2hx/go2hx/golibs/std_cipher.js:14701:8)
Called from stdgo__$internal_testing_M_$static_$extension.run (/home/runner/work/go2hx/go2hx/golibs/std_cipher.js line 49608 column 9)
Called from ._$internal_crypto_cipherdottest_Cipherdottest_main (/home/runner/work/go2hx/go2hx/golibs/std_cipher.js line 38761 column 59)
Called from module at /home/runner/work/go2hx/go2hx/golibs/std_cipher.js:58793:1
Called from module at Object.<anonymous> (/home/runner/work/go2hx/go2hx/golibs/std_cipher.js:58794:3)
Called from Module._compile (node:internal/modules/cjs/loader line 1734 column 14)

-- FAIL: TestCTR

=== RUN  TestAESGCM
Exception: crypto/aes: invalid buffer overlap
Called from stdgo__$internal_crypto_aes_T_$aesCipher_$static_$extension.encrypt (/home/runner/work/go2hx/go2hx/golibs/std_cipher.js line 42053 column 24)
Called from stdgo__$internal_crypto_aes_T_$aesCipher_$asInterface.encrypt (/home/runner/work/go2hx/go2hx/golibs/std_cipher.js line 16191 column 63)
Called from .stdgo__$internal_crypto_cipher_Cipher_$_$newgcmwithnonceandtagsize__newGCMWithNonceAndTagSize (/home/runner/work/go2hx/go2hx/golibs/std_cipher.js line 22874 column 10)
Called from .stdgo__$internal_crypto_cipher_Cipher_$newgcm_newGCM (/home/runner/work/go2hx/go2hx/golibs/std_cipher.js line 23190 column 9)
Called from module at stdgo__$internal_testing_InternalTest._$internal_crypto_cipher_$test_Cipher_$test_$testaesgcm_testAESGCM [as f] (/home/runner/work/go2hx/go2hx/golibs/std_cipher.js:14434:19)
Called from stdgo__$internal_testing_M_$static_$extension.run (/home/runner/work/go2hx/go2hx/golibs/std_cipher.js line 49608 column 9)
Called from ._$internal_crypto_cipherdottest_Cipherdottest_main (/home/runner/work/go2hx/go2hx/golibs/std_cipher.js line 38761 column 59)
Called from module at /home/runner/work/go2hx/go2hx/golibs/std_cipher.js:58793:1

-- FAIL: TestAESGCM

=== RUN  TestGCMInvalidTagSize

-- PASS: TestGCMInvalidTagSize

=== RUN  TestTagFailureOverwrite
Exception: crypto/aes: invalid buffer overlap
Called from stdgo__$internal_crypto_aes_T_$aesCipher_$static_$extension.encrypt (/home/runner/work/go2hx/go2hx/golibs/std_cipher.js line 42053 column 24)
Called from stdgo__$internal_crypto_aes_T_$aesCipher_$asInterface.encrypt (/home/runner/work/go2hx/go2hx/golibs/std_cipher.js line 16191 column 63)
Called from .stdgo__$internal_crypto_cipher_Cipher_$_$newgcmwithnonceandtagsize__newGCMWithNonceAndTagSize (/home/runner/work/go2hx/go2hx/golibs/std_cipher.js line 22874 column 10)
Called from .stdgo__$internal_crypto_cipher_Cipher_$newgcm_newGCM (/home/runner/work/go2hx/go2hx/golibs/std_cipher.js line 23190 column 9)
Called from module at stdgo__$internal_testing_InternalTest._$internal_crypto_cipher_$test_Cipher_$test_$testtagfailureoverwrite_testTagFailureOverwrite [as f] (/home/runner/work/go2hx/go2hx/golibs/std_cipher.js:15245:16)
Called from stdgo__$internal_testing_M_$static_$extension.run (/home/runner/work/go2hx/go2hx/golibs/std_cipher.js line 49608 column 9)
Called from ._$internal_crypto_cipherdottest_Cipherdottest_main (/home/runner/work/go2hx/go2hx/golibs/std_cipher.js line 38761 column 59)
Called from module at /home/runner/work/go2hx/go2hx/golibs/std_cipher.js:58793:1

-- FAIL: TestTagFailureOverwrite

=== RUN  TestGCMCounterWrap
Exception: crypto/aes: invalid buffer overlap
Called from stdgo__$internal_crypto_aes_T_$aesCipher_$static_$extension.encrypt (/home/runner/work/go2hx/go2hx/golibs/std_cipher.js line 42053 column 24)
Called from stdgo__$internal_crypto_aes_T_$aesCipher_$asInterface.encrypt (/home/runner/work/go2hx/go2hx/golibs/std_cipher.js line 16191 column 63)
Called from .stdgo__$internal_crypto_cipher_Cipher_$_$newgcmwithnonceandtagsize__newGCMWithNonceAndTagSize (/home/runner/work/go2hx/go2hx/golibs/std_cipher.js line 22874 column 10)
Called from .stdgo__$internal_crypto_cipher_Cipher_$newgcmwithnoncesize_newGCMWithNonceSize (/home/runner/work/go2hx/go2hx/golibs/std_cipher.js line 23187 column 9)
Called from module at stdgo__$internal_testing_InternalTest._$internal_crypto_cipher_$test_Cipher_$test_$testgcmcounterwrap_testGCMCounterWrap [as f] (/home/runner/work/go2hx/go2hx/golibs/std_cipher.js:15139:18)
Called from stdgo__$internal_testing_M_$static_$extension.run (/home/runner/work/go2hx/go2hx/golibs/std_cipher.js line 49608 column 9)
Called from ._$internal_crypto_cipherdottest_Cipherdottest_main (/home/runner/work/go2hx/go2hx/golibs/std_cipher.js line 38761 column 59)
Called from module at /home/runner/work/go2hx/go2hx/golibs/std_cipher.js:58793:1

-- FAIL: TestGCMCounterWrap

=== RUN  TestGCMAsm
Exception: crypto/aes: invalid buffer overlap
Called from stdgo__$internal_crypto_aes_T_$aesCipher_$static_$extension.encrypt (/home/runner/work/go2hx/go2hx/golibs/std_cipher.js line 42053 column 24)
Called from stdgo__$internal_crypto_aes_T_$aesCipher_$asInterface.encrypt (/home/runner/work/go2hx/go2hx/golibs/std_cipher.js line 16191 column 63)
Called from .stdgo__$internal_crypto_cipher_Cipher_$_$newgcmwithnonceandtagsize__newGCMWithNonceAndTagSize (/home/runner/work/go2hx/go2hx/golibs/std_cipher.js line 22874 column 10)
Called from .stdgo__$internal_crypto_cipher_Cipher_$newgcm_newGCM (/home/runner/work/go2hx/go2hx/golibs/std_cipher.js line 23190 column 9)
Called from ._newAESGCM (/home/runner/work/go2hx/go2hx/golibs/std_cipher.js line 14923 column 17)
Called from module at stdgo__$internal_testing_InternalTest._$internal_crypto_cipher_$test_Cipher_$test_$testgcmasm_testGCMAsm [as f] (/home/runner/work/go2hx/go2hx/golibs/std_cipher.js:14985:16)
Called from stdgo__$internal_testing_M_$static_$extension.run (/home/runner/work/go2hx/go2hx/golibs/std_cipher.js line 49608 column 9)
Called from ._$internal_crypto_cipherdottest_Cipherdottest_main (/home/runner/work/go2hx/go2hx/golibs/std_cipher.js line 38761 column 59)

-- FAIL: TestGCMAsm

=== RUN  TestOFB
Exception: crypto/cipher: invalid buffer overlap
Called from stdgo__$internal_crypto_cipher_T_$ofb_$static_$extension.xORKeyStream (/home/runner/work/go2hx/go2hx/golibs/std_cipher.js line 43977 column 24)
Called from stdgo__$internal_crypto_cipher_T_$ofb_$asInterface.xORKeyStream (/home/runner/work/go2hx/go2hx/golibs/std_cipher.js line 22717 column 60)
Called from module at stdgo__$internal_testing_InternalTest._$internal_crypto_cipher_$test_Cipher_$test_$testofb_testOFB [as f] (/home/runner/work/go2hx/go2hx/golibs/std_cipher.js:15200:9)
Called from stdgo__$internal_testing_M_$static_$extension.run (/home/runner/work/go2hx/go2hx/golibs/std_cipher.js line 49608 column 9)
Called from ._$internal_crypto_cipherdottest_Cipherdottest_main (/home/runner/work/go2hx/go2hx/golibs/std_cipher.js line 38761 column 59)
Called from module at /home/runner/work/go2hx/go2hx/golibs/std_cipher.js:58793:1
Called from module at Object.<anonymous> (/home/runner/work/go2hx/go2hx/golibs/std_cipher.js:58794:3)
Called from Module._compile (node:internal/modules/cjs/loader line 1734 column 14)

-- FAIL: TestOFB

./stdgo/_internal/testing/Testing_m_static_extension.hx:60: exitCode: 1 exitCodeReason: 
-- FAIL: TestOFB
