=== RUN  TestMarshal
Exception: Cannot read properties of null (reading 'value')
Called from .stdgo__$internal_encoding_json_Json_$marshal_marshal (/home/runner/work/go2hx/go2hx/golibs/std_json.js line 26588 column 25)
Called from module at stdgo__$internal_testing_InternalTest.stdgo__$internal_encoding_json_Json_$testmarshal_testMarshal [as f] (/home/runner/work/go2hx/go2hx/golibs/std_json.js:26443:16)
Called from stdgo__$internal_testing_M_$static_$extension.run (/home/runner/work/go2hx/go2hx/golibs/std_json.js line 141570 column 9)
Called from ._$internal_encoding_jsondottest_Jsondottest_main (/home/runner/work/go2hx/go2hx/golibs/std_json.js line 120410 column 59)
Called from module at /home/runner/work/go2hx/go2hx/golibs/std_json.js:158326:1
Called from module at Object.<anonymous> (/home/runner/work/go2hx/go2hx/golibs/std_json.js:158327:3)
Called from Module._compile (node:internal/modules/cjs/loader line 1734 column 14)
Called from Object..js (node:internal/modules/cjs/loader line 1899 column 10)

-- FAIL: TestMarshal

=== RUN  TestMarshalBadUTF8
Exception: Cannot read properties of null (reading 'value')
Called from .stdgo__$internal_encoding_json_Json_$marshal_marshal (/home/runner/work/go2hx/go2hx/golibs/std_json.js line 26588 column 25)
Called from module at stdgo__$internal_testing_InternalTest.stdgo__$internal_encoding_json_Json_$testmarshalbadutf8_testMarshalBadUTF8 [as f] (/home/runner/work/go2hx/go2hx/golibs/std_json.js:57514:17)
Called from stdgo__$internal_testing_M_$static_$extension.run (/home/runner/work/go2hx/go2hx/golibs/std_json.js line 141570 column 9)
Called from ._$internal_encoding_jsondottest_Jsondottest_main (/home/runner/work/go2hx/go2hx/golibs/std_json.js line 120410 column 59)
Called from module at /home/runner/work/go2hx/go2hx/golibs/std_json.js:158326:1
Called from module at Object.<anonymous> (/home/runner/work/go2hx/go2hx/golibs/std_json.js:158327:3)
Called from Module._compile (node:internal/modules/cjs/loader line 1734 column 14)
Called from Object..js (node:internal/modules/cjs/loader line 1899 column 10)

-- FAIL: TestMarshalBadUTF8

=== RUN  TestMarshalNumberZeroVal
Exception: Cannot read properties of null (reading 'value')
Called from .stdgo__$internal_encoding_json_Json_$marshal_marshal (/home/runner/work/go2hx/go2hx/golibs/std_json.js line 26588 column 25)
Called from module at stdgo__$internal_testing_InternalTest.stdgo__$internal_encoding_json_Json_$testmarshalnumberzeroval_testMarshalNumberZeroVal [as f] (/home/runner/work/go2hx/go2hx/golibs/std_json.js:57526:16)
Called from stdgo__$internal_testing_M_$static_$extension.run (/home/runner/work/go2hx/go2hx/golibs/std_json.js line 141570 column 9)
Called from ._$internal_encoding_jsondottest_Jsondottest_main (/home/runner/work/go2hx/go2hx/golibs/std_json.js line 120410 column 59)
Called from module at /home/runner/work/go2hx/go2hx/golibs/std_json.js:158326:1
Called from module at Object.<anonymous> (/home/runner/work/go2hx/go2hx/golibs/std_json.js:158327:3)
Called from Module._compile (node:internal/modules/cjs/loader line 1734 column 14)
Called from Object..js (node:internal/modules/cjs/loader line 1899 column 10)

-- FAIL: TestMarshalNumberZeroVal

=== RUN  TestMarshalEmbeds
Exception: Cannot read properties of null (reading 'value')
Called from .stdgo__$internal_encoding_json_Json_$marshal_marshal (/home/runner/work/go2hx/go2hx/golibs/std_json.js line 26588 column 25)
Called from module at stdgo__$internal_testing_InternalTest.stdgo__$internal_encoding_json_Json_$testmarshalembeds_testMarshalEmbeds [as f] (/home/runner/work/go2hx/go2hx/golibs/std_json.js:57550:16)
Called from stdgo__$internal_testing_M_$static_$extension.run (/home/runner/work/go2hx/go2hx/golibs/std_json.js line 141570 column 9)
Called from ._$internal_encoding_jsondottest_Jsondottest_main (/home/runner/work/go2hx/go2hx/golibs/std_json.js line 120410 column 59)
Called from module at /home/runner/work/go2hx/go2hx/golibs/std_json.js:158326:1
Called from module at Object.<anonymous> (/home/runner/work/go2hx/go2hx/golibs/std_json.js:158327:3)
Called from Module._compile (node:internal/modules/cjs/loader line 1734 column 14)
Called from Object..js (node:internal/modules/cjs/loader line 1899 column 10)

-- FAIL: TestMarshalEmbeds

=== RUN  TestUnmarshal
./stdgo/_internal/reflect/Reflect_value_static_extension.hx:493: hasSet: false
./stdgo/_internal/reflect/Reflect_value_static_extension.hx:493: hasSet: false
./stdgo/_internal/reflect/Reflect_value_static_extension.hx:493: hasSet: false
./stdgo/_internal/reflect/Reflect_value_static_extension.hx:493: hasSet: false
Exception: reflect.NumMethod not implemented for bool
Called from stdgo__$internal_internal_reflect__$Type_$static_$extension.numMethod (/home/runner/work/go2hx/go2hx/golibs/std_json.js line 27683 column 24)
Called from stdgo__$internal_internal_reflect__$Type_$asInterface.numMethod (/home/runner/work/go2hx/go2hx/golibs/std_json.js line 27859 column 70)
Called from stdgo__$internal_internal_reflect__$Type_$static_$extension.numMethod (/home/runner/work/go2hx/go2hx/golibs/std_json.js line 27679 column 78)
Called from stdgo__$internal_internal_reflect__$Type_$asInterface.numMethod (/home/runner/work/go2hx/go2hx/golibs/std_json.js line 27859 column 70)
Called from .stdgo__$internal_encoding_json_Json_$_$indirect__indirect (/home/runner/work/go2hx/go2hx/golibs/std_json.js line 66164 column 82)
Called from stdgo__$internal_encoding_json_T_$decodeState_$static_$extension._literalStore (/home/runner/work/go2hx/go2hx/golibs/std_json.js line 64080 column 16)
Called from stdgo__$internal_encoding_json_T_$decodeState_$static_$extension._value (/home/runner/work/go2hx/go2hx/golibs/std_json.js line 65384 column 81)
Called from stdgo__$internal_encoding_json_T_$decodeState_$static_$extension._unmarshal (/home/runner/work/go2hx/go2hx/golibs/std_json.js line 66078 column 78)

-- FAIL: TestUnmarshal

=== RUN  TestUnmarshalMarshal
Exception: Cannot read properties of null (reading 'value')
Called from module TypeError: Cannot read properties of null (reading 'value')
Called from stdgo__$internal_unsafe_UnsafePointer.__toRef__ (/home/runner/work/go2hx/go2hx/golibs/std_json.js line 33145 column 15)
Called from stdgo__$internal_sync_atomic_$_Pointer_$_$static_$extension.load (/home/runner/work/go2hx/go2hx/golibs/std_json.js line 33136 column 52)
Called from .stdgo__$internal_math_rand_Rand_$_$globalrand__globalRand (/home/runner/work/go2hx/go2hx/golibs/std_json.js line 69488 column 71)
Called from .stdgo__$internal_math_rand_Rand_$normfloat64_normFloat64 (/home/runner/work/go2hx/go2hx/golibs/std_json.js line 68867 column 72)
Called from .stdgo__$internal_encoding_json_Json_$_$genarray__genArray (/home/runner/work/go2hx/go2hx/golibs/std_json.js line 68836 column 47)
Called from .stdgo__$internal_encoding_json_Json_$_$genvalue__genValue (/home/runner/work/go2hx/go2hx/golibs/std_json.js line 68811 column 38)
Called from .stdgo__$internal_encoding_json_Json_$_$initbig__initBig (/home/runner/work/go2hx/go2hx/golibs/std_json.js line 68796 column 69)
Called from module at stdgo__$internal_testing_InternalTest.stdgo__$internal_encoding_json_Json_$testunmarshalmarshal_testUnmarshalMarshal [as f] (/home/runner/work/go2hx/go2hx/golibs/std_json.js:68771:2)
Called from stdgo__$internal_testing_M_$static_$extension.run (/home/runner/work/go2hx/go2hx/golibs/std_json.js line 141570 column 9)
Called from ._$internal_encoding_jsondottest_Jsondottest_main (/home/runner/work/go2hx/go2hx/golibs/std_json.js line 120410 column 59)

-- FAIL: TestUnmarshalMarshal

=== RUN  TestNumberAccessors

-- PASS: TestNumberAccessors

=== RUN  TestLargeByteSlice
Exception: Cannot read properties of null (reading 'value')
Called from .stdgo__$internal_encoding_json_Json_$marshal_marshal (/home/runner/work/go2hx/go2hx/golibs/std_json.js line 26588 column 25)
Called from module at stdgo__$internal_testing_InternalTest.stdgo__$internal_encoding_json_Json_$testlargebyteslice_testLargeByteSlice [as f] (/home/runner/work/go2hx/go2hx/golibs/std_json.js:70417:16)
Called from stdgo__$internal_testing_M_$static_$extension.run (/home/runner/work/go2hx/go2hx/golibs/std_json.js line 141570 column 9)
Called from ._$internal_encoding_jsondottest_Jsondottest_main (/home/runner/work/go2hx/go2hx/golibs/std_json.js line 120410 column 59)
Called from module at /home/runner/work/go2hx/go2hx/golibs/std_json.js:158326:1
Called from module at Object.<anonymous> (/home/runner/work/go2hx/go2hx/golibs/std_json.js:158327:3)
Called from Module._compile (node:internal/modules/cjs/loader line 1734 column 14)
Called from Object..js (node:internal/modules/cjs/loader line 1899 column 10)

-- FAIL: TestLargeByteSlice

=== RUN  TestUnmarshalInterface
Exception: Cannot read properties of null (reading 'value')
Called from module TypeError: Cannot read properties of null (reading 'value')
Called from stdgo__$internal_unsafe_UnsafePointer.__toRef__ (/home/runner/work/go2hx/go2hx/golibs/std_json.js line 33145 column 15)
Called from stdgo__$internal_sync_atomic_$_Pointer_$_$static_$extension.load (/home/runner/work/go2hx/go2hx/golibs/std_json.js line 33136 column 52)
Called from stdgo__$internal_sync_Map_$_$static_$extension._loadReadOnly (/home/runner/work/go2hx/go2hx/golibs/std_json.js line 33085 column 72)
Called from stdgo__$internal_sync_Map_$_$static_$extension.load (/home/runner/work/go2hx/go2hx/golibs/std_json.js line 32988 column 59)
Called from .stdgo__$internal_encoding_json_Json_$_$cachedtypefields__cachedTypeFields (/home/runner/work/go2hx/go2hx/golibs/std_json.js line 52674 column 63)
Called from stdgo__$internal_encoding_json_T_$decodeState_$static_$extension._object (/home/runner/work/go2hx/go2hx/golibs/std_json.js line 64602 column 13)
Called from stdgo__$internal_encoding_json_T_$decodeState_$static_$extension._value (/home/runner/work/go2hx/go2hx/golibs/std_json.js line 65365 column 80)
Called from stdgo__$internal_encoding_json_T_$decodeState_$static_$extension._unmarshal (/home/runner/work/go2hx/go2hx/golibs/std_json.js line 66078 column 78)
Called from .stdgo__$internal_encoding_json_Json_$unmarshal_unmarshal (/home/runner/work/go2hx/go2hx/golibs/std_json.js line 70276 column 74)
Called from module at stdgo__$internal_testing_InternalTest.stdgo__$internal_encoding_json_Json_$testunmarshalinterface_testUnmarshalInterface [as f] (/home/runner/work/go2hx/go2hx/golibs/std_json.js:70458:13)

-- FAIL: TestUnmarshalInterface

=== RUN  TestUnmarshalPtrPtr
./stdgo/_internal/reflect/Reflect_value_static_extension.hx:493: hasSet: false
./stdgo/_internal/reflect/Reflect_value_static_extension.hx:493: hasSet: false
Exception: Cannot read properties of null (reading 'value')
Called from module TypeError: Cannot read properties of null (reading 'value')
Called from stdgo__$internal_unsafe_UnsafePointer.__toRef__ (/home/runner/work/go2hx/go2hx/golibs/std_json.js line 33145 column 15)
Called from stdgo__$internal_sync_atomic_$_Pointer_$_$static_$extension.load (/home/runner/work/go2hx/go2hx/golibs/std_json.js line 33136 column 52)
Called from stdgo__$internal_sync_Map_$_$static_$extension._loadReadOnly (/home/runner/work/go2hx/go2hx/golibs/std_json.js line 33085 column 72)
Called from stdgo__$internal_sync_Map_$_$static_$extension.load (/home/runner/work/go2hx/go2hx/golibs/std_json.js line 32988 column 59)
Called from .stdgo__$internal_encoding_json_Json_$_$cachedtypefields__cachedTypeFields (/home/runner/work/go2hx/go2hx/golibs/std_json.js line 52674 column 63)
Called from stdgo__$internal_encoding_json_T_$decodeState_$static_$extension._object (/home/runner/work/go2hx/go2hx/golibs/std_json.js line 64602 column 13)
Called from stdgo__$internal_encoding_json_T_$decodeState_$static_$extension._value (/home/runner/work/go2hx/go2hx/golibs/std_json.js line 65365 column 80)
Called from stdgo__$internal_encoding_json_T_$decodeState_$static_$extension._unmarshal (/home/runner/work/go2hx/go2hx/golibs/std_json.js line 66078 column 78)
Called from .stdgo__$internal_encoding_json_Json_$unmarshal_unmarshal (/home/runner/work/go2hx/go2hx/golibs/std_json.js line 70276 column 74)
Called from module at stdgo__$internal_testing_InternalTest.stdgo__$internal_encoding_json_Json_$testunmarshalptrptr_testUnmarshalPtrPtr [as f] (/home/runner/work/go2hx/go2hx/golibs/std_json.js:70500:13)

-- FAIL: TestUnmarshalPtrPtr

=== RUN  TestEscape
Exception: Cannot read properties of null (reading 'value')
Called from .stdgo__$internal_encoding_json_Json_$marshal_marshal (/home/runner/work/go2hx/go2hx/golibs/std_json.js line 26588 column 25)
Called from module at stdgo__$internal_testing_InternalTest.stdgo__$internal_encoding_json_Json_$testescape_testEscape [as f] (/home/runner/work/go2hx/go2hx/golibs/std_json.js:70518:16)
Called from stdgo__$internal_testing_M_$static_$extension.run (/home/runner/work/go2hx/go2hx/golibs/std_json.js line 141570 column 9)
Called from ._$internal_encoding_jsondottest_Jsondottest_main (/home/runner/work/go2hx/go2hx/golibs/std_json.js line 120410 column 59)
Called from module at /home/runner/work/go2hx/go2hx/golibs/std_json.js:158326:1
Called from module at Object.<anonymous> (/home/runner/work/go2hx/go2hx/golibs/std_json.js:158327:3)
Called from Module._compile (node:internal/modules/cjs/loader line 1734 column 14)
Called from Object..js (node:internal/modules/cjs/loader line 1899 column 10)

-- FAIL: TestEscape

=== RUN  TestErrorMessageFromMisusedString
Exception: Cannot read properties of null (reading 'value')
Called from module TypeError: Cannot read properties of null (reading 'value')
Called from stdgo__$internal_unsafe_UnsafePointer.__toRef__ (/home/runner/work/go2hx/go2hx/golibs/std_json.js line 33145 column 15)
Called from stdgo__$internal_sync_atomic_$_Pointer_$_$static_$extension.load (/home/runner/work/go2hx/go2hx/golibs/std_json.js line 33136 column 52)
Called from stdgo__$internal_sync_Map_$_$static_$extension._loadReadOnly (/home/runner/work/go2hx/go2hx/golibs/std_json.js line 33085 column 72)
Called from stdgo__$internal_sync_Map_$_$static_$extension.load (/home/runner/work/go2hx/go2hx/golibs/std_json.js line 32988 column 59)
Called from .stdgo__$internal_encoding_json_Json_$_$cachedtypefields__cachedTypeFields (/home/runner/work/go2hx/go2hx/golibs/std_json.js line 52674 column 63)
Called from stdgo__$internal_encoding_json_T_$decodeState_$static_$extension._object (/home/runner/work/go2hx/go2hx/golibs/std_json.js line 64602 column 13)
Called from stdgo__$internal_encoding_json_T_$decodeState_$static_$extension._value (/home/runner/work/go2hx/go2hx/golibs/std_json.js line 65365 column 80)
Called from stdgo__$internal_encoding_json_T_$decodeState_$static_$extension._unmarshal (/home/runner/work/go2hx/go2hx/golibs/std_json.js line 66078 column 78)
Called from stdgo__$internal_encoding_json_Decoder_$static_$extension.decode (/home/runner/work/go2hx/go2hx/golibs/std_json.js line 63810 column 74)
Called from module at stdgo__$internal_testing_InternalTest.stdgo__$internal_encoding_json_Json_$testerrormessagefrommisusedstring_testErrorMessageFromMisusedString [as f] (/home/runner/work/go2hx/go2hx/golibs/std_json.js:70545:72)

-- FAIL: TestErrorMessageFromMisusedString

=== RUN  TestRefUnmarshal
Exception: Cannot read properties of null (reading 'value')
Called from module TypeError: Cannot read properties of null (reading 'value')
Called from stdgo__$internal_unsafe_UnsafePointer.__toRef__ (/home/runner/work/go2hx/go2hx/golibs/std_json.js line 33145 column 15)
Called from stdgo__$internal_sync_atomic_$_Pointer_$_$static_$extension.load (/home/runner/work/go2hx/go2hx/golibs/std_json.js line 33136 column 52)
Called from stdgo__$internal_sync_Map_$_$static_$extension._loadReadOnly (/home/runner/work/go2hx/go2hx/golibs/std_json.js line 33085 column 72)
Called from stdgo__$internal_sync_Map_$_$static_$extension.load (/home/runner/work/go2hx/go2hx/golibs/std_json.js line 32988 column 59)
Called from .stdgo__$internal_encoding_json_Json_$_$cachedtypefields__cachedTypeFields (/home/runner/work/go2hx/go2hx/golibs/std_json.js line 52674 column 63)
Called from stdgo__$internal_encoding_json_T_$decodeState_$static_$extension._object (/home/runner/work/go2hx/go2hx/golibs/std_json.js line 64602 column 13)
Called from stdgo__$internal_encoding_json_T_$decodeState_$static_$extension._value (/home/runner/work/go2hx/go2hx/golibs/std_json.js line 65365 column 80)
Called from stdgo__$internal_encoding_json_T_$decodeState_$static_$extension._unmarshal (/home/runner/work/go2hx/go2hx/golibs/std_json.js line 66078 column 78)
Called from .stdgo__$internal_encoding_json_Json_$unmarshal_unmarshal (/home/runner/work/go2hx/go2hx/golibs/std_json.js line 70276 column 74)
Called from module at stdgo__$internal_testing_InternalTest.stdgo__$internal_encoding_json_Json_$testrefunmarshal_testRefUnmarshal [as f] (/home/runner/work/go2hx/go2hx/golibs/std_json.js:70752:14)

-- FAIL: TestRefUnmarshal

=== RUN  TestEmptyString
Exception: Cannot read properties of null (reading 'value')
Called from module TypeError: Cannot read properties of null (reading 'value')
Called from stdgo__$internal_unsafe_UnsafePointer.__toRef__ (/home/runner/work/go2hx/go2hx/golibs/std_json.js line 33145 column 15)
Called from stdgo__$internal_sync_atomic_$_Pointer_$_$static_$extension.load (/home/runner/work/go2hx/go2hx/golibs/std_json.js line 33136 column 52)
Called from stdgo__$internal_sync_Map_$_$static_$extension._loadReadOnly (/home/runner/work/go2hx/go2hx/golibs/std_json.js line 33085 column 72)
Called from stdgo__$internal_sync_Map_$_$static_$extension.load (/home/runner/work/go2hx/go2hx/golibs/std_json.js line 32988 column 59)
Called from .stdgo__$internal_encoding_json_Json_$_$cachedtypefields__cachedTypeFields (/home/runner/work/go2hx/go2hx/golibs/std_json.js line 52674 column 63)
Called from stdgo__$internal_encoding_json_T_$decodeState_$static_$extension._object (/home/runner/work/go2hx/go2hx/golibs/std_json.js line 64602 column 13)
Called from stdgo__$internal_encoding_json_T_$decodeState_$static_$extension._value (/home/runner/work/go2hx/go2hx/golibs/std_json.js line 65365 column 80)
Called from stdgo__$internal_encoding_json_T_$decodeState_$static_$extension._unmarshal (/home/runner/work/go2hx/go2hx/golibs/std_json.js line 66078 column 78)
Called from stdgo__$internal_encoding_json_Decoder_$static_$extension.decode (/home/runner/work/go2hx/go2hx/golibs/std_json.js line 63810 column 74)
Called from module at stdgo__$internal_testing_InternalTest.stdgo__$internal_encoding_json_Json_$testemptystring_testEmptyString [as f] (/home/runner/work/go2hx/go2hx/golibs/std_json.js:70862:71)

-- FAIL: TestEmptyString

=== RUN  TestNullString
Exception: Cannot read properties of null (reading 'value')
Called from module TypeError: Cannot read properties of null (reading 'value')
Called from stdgo__$internal_unsafe_UnsafePointer.__toRef__ (/home/runner/work/go2hx/go2hx/golibs/std_json.js line 33145 column 15)
Called from stdgo__$internal_sync_atomic_$_Pointer_$_$static_$extension.load (/home/runner/work/go2hx/go2hx/golibs/std_json.js line 33136 column 52)
Called from stdgo__$internal_sync_Map_$_$static_$extension._loadReadOnly (/home/runner/work/go2hx/go2hx/golibs/std_json.js line 33085 column 72)
Called from stdgo__$internal_sync_Map_$_$static_$extension.load (/home/runner/work/go2hx/go2hx/golibs/std_json.js line 32988 column 59)
Called from .stdgo__$internal_encoding_json_Json_$_$cachedtypefields__cachedTypeFields (/home/runner/work/go2hx/go2hx/golibs/std_json.js line 52674 column 63)
Called from stdgo__$internal_encoding_json_T_$decodeState_$static_$extension._object (/home/runner/work/go2hx/go2hx/golibs/std_json.js line 64602 column 13)
Called from stdgo__$internal_encoding_json_T_$decodeState_$static_$extension._value (/home/runner/work/go2hx/go2hx/golibs/std_json.js line 65365 column 80)
Called from stdgo__$internal_encoding_json_T_$decodeState_$static_$extension._unmarshal (/home/runner/work/go2hx/go2hx/golibs/std_json.js line 66078 column 78)
Called from .stdgo__$internal_encoding_json_Json_$unmarshal_unmarshal (/home/runner/work/go2hx/go2hx/golibs/std_json.js line 70276 column 74)
Called from module at stdgo__$internal_testing_InternalTest.stdgo__$internal_encoding_json_Json_$testnullstring_testNullString [as f] (/home/runner/work/go2hx/go2hx/golibs/std_json.js:70937:13)

-- FAIL: TestNullString

=== RUN  TestInterfaceSet
Exception: Cannot read properties of null (reading 'value')
Called from module TypeError: Cannot read properties of null (reading 'value')
Called from stdgo__$internal_unsafe_UnsafePointer.__toRef__ (/home/runner/work/go2hx/go2hx/golibs/std_json.js line 33145 column 15)
Called from stdgo__$internal_sync_atomic_$_Pointer_$_$static_$extension.load (/home/runner/work/go2hx/go2hx/golibs/std_json.js line 33136 column 52)
Called from stdgo__$internal_sync_Map_$_$static_$extension._loadReadOnly (/home/runner/work/go2hx/go2hx/golibs/std_json.js line 33085 column 72)
Called from stdgo__$internal_sync_Map_$_$static_$extension.load (/home/runner/work/go2hx/go2hx/golibs/std_json.js line 32988 column 59)
Called from .stdgo__$internal_encoding_json_Json_$_$cachedtypefields__cachedTypeFields (/home/runner/work/go2hx/go2hx/golibs/std_json.js line 52674 column 63)
Called from stdgo__$internal_encoding_json_T_$decodeState_$static_$extension._object (/home/runner/work/go2hx/go2hx/golibs/std_json.js line 64602 column 13)
Called from stdgo__$internal_encoding_json_T_$decodeState_$static_$extension._value (/home/runner/work/go2hx/go2hx/golibs/std_json.js line 65365 column 80)
Called from stdgo__$internal_encoding_json_T_$decodeState_$static_$extension._unmarshal (/home/runner/work/go2hx/go2hx/golibs/std_json.js line 66078 column 78)
Called from .stdgo__$internal_encoding_json_Json_$unmarshal_unmarshal (/home/runner/work/go2hx/go2hx/golibs/std_json.js line 70276 column 74)
Called from module at stdgo__$internal_testing_InternalTest.stdgo__$internal_encoding_json_Json_$testinterfaceset_testInterfaceSet [as f] (/home/runner/work/go2hx/go2hx/golibs/std_json.js:71031:15)

-- FAIL: TestInterfaceSet

=== RUN  TestUnmarshalNulls
Exception: generic function is not supported
Called from .stdgo__$internal_time_Time_$_$isdigit__isDigit (/home/runner/work/go2hx/go2hx/golibs/std_json.js line 71815 column 23)
Called from .stdgo__$internal_time_Time_$_$nextstdchunk__nextStdChunk (/home/runner/work/go2hx/go2hx/golibs/std_json.js line 71778 column 9)
Called from stdgo__$internal_time_Time_$static_$extension._appendFormat (/home/runner/work/go2hx/go2hx/golibs/std_json.js line 61646 column 17)
Called from stdgo__$internal_time_Time_$static_$extension.appendFormat (/home/runner/work/go2hx/go2hx/golibs/std_json.js line 61873 column 56)
Called from stdgo__$internal_time_Time_$static_$extension.format (/home/runner/work/go2hx/go2hx/golibs/std_json.js line 61920 column 53)
Called from stdgo__$internal_time_Time_$static_$extension.string (/home/runner/work/go2hx/go2hx/golibs/std_json.js line 62011 column 58)
Called from module at stdgo__$internal_testing_InternalTest.stdgo__$internal_encoding_json_Json_$testunmarshalnulls_testUnmarshalNulls [as f] (/home/runner/work/go2hx/go2hx/golibs/std_json.js:71145:58)
Called from stdgo__$internal_testing_M_$static_$extension.run (/home/runner/work/go2hx/go2hx/golibs/std_json.js line 141570 column 9)

-- FAIL: TestUnmarshalNulls

=== RUN  TestStringKind
Exception: Cannot read properties of null (reading 'value')
Called from .stdgo__$internal_encoding_json_Json_$marshal_marshal (/home/runner/work/go2hx/go2hx/golibs/std_json.js line 26588 column 25)
Called from module at stdgo__$internal_testing_InternalTest.stdgo__$internal_encoding_json_Json_$teststringkind_testStringKind [as f] (/home/runner/work/go2hx/go2hx/golibs/std_json.js:79277:16)
Called from stdgo__$internal_testing_M_$static_$extension.run (/home/runner/work/go2hx/go2hx/golibs/std_json.js line 141570 column 9)
Called from ._$internal_encoding_jsondottest_Jsondottest_main (/home/runner/work/go2hx/go2hx/golibs/std_json.js line 120410 column 59)
Called from module at /home/runner/work/go2hx/go2hx/golibs/std_json.js:158326:1
Called from module at Object.<anonymous> (/home/runner/work/go2hx/go2hx/golibs/std_json.js:158327:3)
Called from Module._compile (node:internal/modules/cjs/loader line 1734 column 14)
Called from Object..js (node:internal/modules/cjs/loader line 1899 column 10)

-- FAIL: TestStringKind

=== RUN  TestByteKind
Exception: Cannot read properties of null (reading 'value')
Called from .stdgo__$internal_encoding_json_Json_$marshal_marshal (/home/runner/work/go2hx/go2hx/golibs/std_json.js line 26588 column 25)
Called from module at stdgo__$internal_testing_InternalTest.stdgo__$internal_encoding_json_Json_$testbytekind_testByteKind [as f] (/home/runner/work/go2hx/go2hx/golibs/std_json.js:79311:16)
Called from stdgo__$internal_testing_M_$static_$extension.run (/home/runner/work/go2hx/go2hx/golibs/std_json.js line 141570 column 9)
Called from ._$internal_encoding_jsondottest_Jsondottest_main (/home/runner/work/go2hx/go2hx/golibs/std_json.js line 120410 column 59)
Called from module at /home/runner/work/go2hx/go2hx/golibs/std_json.js:158326:1
Called from module at Object.<anonymous> (/home/runner/work/go2hx/go2hx/golibs/std_json.js:158327:3)
Called from Module._compile (node:internal/modules/cjs/loader line 1734 column 14)
Called from Object..js (node:internal/modules/cjs/loader line 1899 column 10)

-- FAIL: TestByteKind

=== RUN  TestSliceOfCustomByte
Exception: Cannot read properties of null (reading 'value')
Called from .stdgo__$internal_encoding_json_Json_$marshal_marshal (/home/runner/work/go2hx/go2hx/golibs/std_json.js line 26588 column 25)
Called from module at stdgo__$internal_testing_InternalTest.stdgo__$internal_encoding_json_Json_$testsliceofcustombyte_testSliceOfCustomByte [as f] (/home/runner/work/go2hx/go2hx/golibs/std_json.js:79330:16)
Called from stdgo__$internal_testing_M_$static_$extension.run (/home/runner/work/go2hx/go2hx/golibs/std_json.js line 141570 column 9)
Called from ._$internal_encoding_jsondottest_Jsondottest_main (/home/runner/work/go2hx/go2hx/golibs/std_json.js line 120410 column 59)
Called from module at /home/runner/work/go2hx/go2hx/golibs/std_json.js:158326:1
Called from module at Object.<anonymous> (/home/runner/work/go2hx/go2hx/golibs/std_json.js:158327:3)
Called from Module._compile (node:internal/modules/cjs/loader line 1734 column 14)
Called from Object..js (node:internal/modules/cjs/loader line 1899 column 10)

-- FAIL: TestSliceOfCustomByte

=== RUN  TestUnmarshalTypeError
./stdgo/_internal/reflect/Reflect_value_static_extension.hx:493: hasSet: false
./stdgo/_internal/reflect/Reflect_value_static_extension.hx:493: hasSet: false
Exception: reflect.NumMethod not implemented for string
Called from stdgo__$internal_internal_reflect__$Type_$static_$extension.numMethod (/home/runner/work/go2hx/go2hx/golibs/std_json.js line 27683 column 24)
Called from stdgo__$internal_internal_reflect__$Type_$asInterface.numMethod (/home/runner/work/go2hx/go2hx/golibs/std_json.js line 27859 column 70)
Called from stdgo__$internal_internal_reflect__$Type_$static_$extension.numMethod (/home/runner/work/go2hx/go2hx/golibs/std_json.js line 27679 column 78)
Called from stdgo__$internal_internal_reflect__$Type_$asInterface.numMethod (/home/runner/work/go2hx/go2hx/golibs/std_json.js line 27859 column 70)
Called from .stdgo__$internal_encoding_json_Json_$_$indirect__indirect (/home/runner/work/go2hx/go2hx/golibs/std_json.js line 66164 column 82)
Called from stdgo__$internal_encoding_json_T_$decodeState_$static_$extension._object (/home/runner/work/go2hx/go2hx/golibs/std_json.js line 64512 column 16)
Called from stdgo__$internal_encoding_json_T_$decodeState_$static_$extension._value (/home/runner/work/go2hx/go2hx/golibs/std_json.js line 65365 column 80)
Called from stdgo__$internal_encoding_json_T_$decodeState_$static_$extension._unmarshal (/home/runner/work/go2hx/go2hx/golibs/std_json.js line 66078 column 78)

-- FAIL: TestUnmarshalTypeError

=== RUN  TestUnmarshalSyntax

-- PASS: TestUnmarshalSyntax

=== RUN  TestUnmarshalUnexported
Exception: Cannot read properties of null (reading 'value')
Called from module TypeError: Cannot read properties of null (reading 'value')
Called from stdgo__$internal_unsafe_UnsafePointer.__toRef__ (/home/runner/work/go2hx/go2hx/golibs/std_json.js line 33145 column 15)
Called from stdgo__$internal_sync_atomic_$_Pointer_$_$static_$extension.load (/home/runner/work/go2hx/go2hx/golibs/std_json.js line 33136 column 52)
Called from stdgo__$internal_sync_Map_$_$static_$extension._loadReadOnly (/home/runner/work/go2hx/go2hx/golibs/std_json.js line 33085 column 72)
Called from stdgo__$internal_sync_Map_$_$static_$extension.load (/home/runner/work/go2hx/go2hx/golibs/std_json.js line 32988 column 59)
Called from .stdgo__$internal_encoding_json_Json_$_$cachedtypefields__cachedTypeFields (/home/runner/work/go2hx/go2hx/golibs/std_json.js line 52674 column 63)
Called from stdgo__$internal_encoding_json_T_$decodeState_$static_$extension._object (/home/runner/work/go2hx/go2hx/golibs/std_json.js line 64602 column 13)
Called from stdgo__$internal_encoding_json_T_$decodeState_$static_$extension._value (/home/runner/work/go2hx/go2hx/golibs/std_json.js line 65365 column 80)
Called from stdgo__$internal_encoding_json_T_$decodeState_$static_$extension._unmarshal (/home/runner/work/go2hx/go2hx/golibs/std_json.js line 66078 column 78)
Called from .stdgo__$internal_encoding_json_Json_$unmarshal_unmarshal (/home/runner/work/go2hx/go2hx/golibs/std_json.js line 70276 column 74)
Called from module at stdgo__$internal_testing_InternalTest.stdgo__$internal_encoding_json_Json_$testunmarshalunexported_testUnmarshalUnexported [as f] (/home/runner/work/go2hx/go2hx/golibs/std_json.js:79536:13)

-- FAIL: TestUnmarshalUnexported

=== RUN  TestUnmarshalJSONLiteralError
expected error; got time <invalid reflect.Value>Exception: __fail__
Called from stdgo__$internal_testing_T_$common_$static_$extension.failNow (/home/runner/work/go2hx/go2hx/golibs/std_json.js line 142315 column 23)
Called from stdgo__$internal_testing_T_$common_$static_$extension.fatalf (/home/runner/work/go2hx/go2hx/golibs/std_json.js line 142204 column 56)
Called from module at /home/runner/work/go2hx/go2hx/golibs/std_json.js:141758:58
Called from module at stdgo__$internal_testing_InternalTest.stdgo__$internal_encoding_json_Json_$testunmarshaljsonliteralerror_testUnmarshalJSONLiteralError [as f] (/home/runner/work/go2hx/go2hx/golibs/std_json.js:79717:3)
Called from stdgo__$internal_testing_M_$static_$extension.run (/home/runner/work/go2hx/go2hx/golibs/std_json.js line 141570 column 9)
Called from ._$internal_encoding_jsondottest_Jsondottest_main (/home/runner/work/go2hx/go2hx/golibs/std_json.js line 120410 column 59)
Called from module at /home/runner/work/go2hx/go2hx/golibs/std_json.js:158326:1
Called from module at Object.<anonymous> (/home/runner/work/go2hx/go2hx/golibs/std_json.js:158327:3)

-- FAIL: TestUnmarshalJSONLiteralError

=== RUN  TestSkipArrayObjects
Exception: reflect.NumMethod not implemented for [0]interface {}
Called from stdgo__$internal_internal_reflect__$Type_$static_$extension.numMethod (/home/runner/work/go2hx/go2hx/golibs/std_json.js line 27683 column 24)
Called from stdgo__$internal_internal_reflect__$Type_$asInterface.numMethod (/home/runner/work/go2hx/go2hx/golibs/std_json.js line 27859 column 70)
Called from stdgo__$internal_internal_reflect__$Type_$static_$extension.numMethod (/home/runner/work/go2hx/go2hx/golibs/std_json.js line 27681 column 78)
Called from stdgo__$internal_internal_reflect__$Type_$asInterface.numMethod (/home/runner/work/go2hx/go2hx/golibs/std_json.js line 27859 column 70)
Called from .stdgo__$internal_encoding_json_Json_$_$indirect__indirect (/home/runner/work/go2hx/go2hx/golibs/std_json.js line 66164 column 82)
Called from stdgo__$internal_encoding_json_T_$decodeState_$static_$extension._array (/home/runner/work/go2hx/go2hx/golibs/std_json.js line 65098 column 16)
Called from stdgo__$internal_encoding_json_T_$decodeState_$static_$extension._value (/home/runner/work/go2hx/go2hx/golibs/std_json.js line 65355 column 80)
Called from stdgo__$internal_encoding_json_T_$decodeState_$static_$extension._unmarshal (/home/runner/work/go2hx/go2hx/golibs/std_json.js line 66078 column 78)

-- FAIL: TestSkipArrayObjects

=== RUN  TestPrefilled
Exception: Cannot read properties of null (reading 'value')
Called from module TypeError: Cannot read properties of null (reading 'value')
Called from stdgo__$internal_unsafe_UnsafePointer.__toRef__ (/home/runner/work/go2hx/go2hx/golibs/std_json.js line 33145 column 15)
Called from stdgo__$internal_sync_atomic_$_Pointer_$_$static_$extension.load (/home/runner/work/go2hx/go2hx/golibs/std_json.js line 33136 column 52)
Called from stdgo__$internal_sync_Map_$_$static_$extension._loadReadOnly (/home/runner/work/go2hx/go2hx/golibs/std_json.js line 33085 column 72)
Called from stdgo__$internal_sync_Map_$_$static_$extension.load (/home/runner/work/go2hx/go2hx/golibs/std_json.js line 32988 column 59)
Called from .stdgo__$internal_encoding_json_Json_$_$cachedtypefields__cachedTypeFields (/home/runner/work/go2hx/go2hx/golibs/std_json.js line 52674 column 63)
Called from stdgo__$internal_encoding_json_T_$decodeState_$static_$extension._object (/home/runner/work/go2hx/go2hx/golibs/std_json.js line 64602 column 13)
Called from stdgo__$internal_encoding_json_T_$decodeState_$static_$extension._value (/home/runner/work/go2hx/go2hx/golibs/std_json.js line 65365 column 80)
Called from stdgo__$internal_encoding_json_T_$decodeState_$static_$extension._unmarshal (/home/runner/work/go2hx/go2hx/golibs/std_json.js line 66078 column 78)
Called from .stdgo__$internal_encoding_json_Json_$unmarshal_unmarshal (/home/runner/work/go2hx/go2hx/golibs/std_json.js line 70276 column 74)
Called from module at stdgo__$internal_testing_InternalTest.stdgo__$internal_encoding_json_Json_$testprefilled_testPrefilled [as f] (/home/runner/work/go2hx/go2hx/golibs/std_json.js:80125:14)

-- FAIL: TestPrefilled

=== RUN  TestInvalidUnmarshal
Exception: Cannot read properties of null (reading 'string')
Called from module TypeError: Cannot read properties of null (reading 'string')
Called from stdgo__$internal_encoding_json_InvalidUnmarshalError_$static_$extension.error (/home/runner/work/go2hx/go2hx/golibs/std_json.js line 122542 column 57)
Called from stdgo__$internal_encoding_json_InvalidUnmarshalError_$asInterface.error (/home/runner/work/go2hx/go2hx/golibs/std_json.js line 66116 column 82)
Called from module at stdgo__$internal_testing_InternalTest.stdgo__$internal_encoding_json_Json_$testinvalidunmarshal_testInvalidUnmarshal [as f] (/home/runner/work/go2hx/go2hx/golibs/std_json.js:80183:18)
Called from stdgo__$internal_testing_M_$static_$extension.run (/home/runner/work/go2hx/go2hx/golibs/std_json.js line 141570 column 9)
Called from ._$internal_encoding_jsondottest_Jsondottest_main (/home/runner/work/go2hx/go2hx/golibs/std_json.js line 120410 column 59)
Called from module at /home/runner/work/go2hx/go2hx/golibs/std_json.js:158326:1
Called from module at Object.<anonymous> (/home/runner/work/go2hx/go2hx/golibs/std_json.js:158327:3)
Called from Module._compile (node:internal/modules/cjs/loader line 1734 column 14)
Called from Object..js (node:internal/modules/cjs/loader line 1899 column 10)
Called from Module.load (node:internal/modules/cjs/loader line 1469 column 32)

-- FAIL: TestInvalidUnmarshal

=== RUN  TestInvalidUnmarshalText
Exception: Cannot read properties of null (reading 'string')
Called from module TypeError: Cannot read properties of null (reading 'string')
Called from stdgo__$internal_encoding_json_InvalidUnmarshalError_$static_$extension.error (/home/runner/work/go2hx/go2hx/golibs/std_json.js line 122542 column 57)
Called from stdgo__$internal_encoding_json_InvalidUnmarshalError_$asInterface.error (/home/runner/work/go2hx/go2hx/golibs/std_json.js line 66116 column 82)
Called from module at stdgo__$internal_testing_InternalTest.stdgo__$internal_encoding_json_Json_$testinvalidunmarshaltext_testInvalidUnmarshalText [as f] (/home/runner/work/go2hx/go2hx/golibs/std_json.js:80202:18)
Called from stdgo__$internal_testing_M_$static_$extension.run (/home/runner/work/go2hx/go2hx/golibs/std_json.js line 141570 column 9)
Called from ._$internal_encoding_jsondottest_Jsondottest_main (/home/runner/work/go2hx/go2hx/golibs/std_json.js line 120410 column 59)
Called from module at /home/runner/work/go2hx/go2hx/golibs/std_json.js:158326:1
Called from module at Object.<anonymous> (/home/runner/work/go2hx/go2hx/golibs/std_json.js:158327:3)
Called from Module._compile (node:internal/modules/cjs/loader line 1734 column 14)
Called from Object..js (node:internal/modules/cjs/loader line 1899 column 10)
Called from Module.load (node:internal/modules/cjs/loader line 1469 column 32)

-- FAIL: TestInvalidUnmarshalText

=== RUN  TestInvalidStringOption
Exception: Cannot read properties of null (reading 'value')
Called from .stdgo__$internal_encoding_json_Json_$marshal_marshal (/home/runner/work/go2hx/go2hx/golibs/std_json.js line 26588 column 25)
Called from module at stdgo__$internal_testing_InternalTest.stdgo__$internal_encoding_json_Json_$testinvalidstringoption_testInvalidStringOption [as f] (/home/runner/work/go2hx/go2hx/golibs/std_json.js:80387:16)
Called from stdgo__$internal_testing_M_$static_$extension.run (/home/runner/work/go2hx/go2hx/golibs/std_json.js line 141570 column 9)
Called from ._$internal_encoding_jsondottest_Jsondottest_main (/home/runner/work/go2hx/go2hx/golibs/std_json.js line 120410 column 59)
Called from module at /home/runner/work/go2hx/go2hx/golibs/std_json.js:158326:1
Called from module at Object.<anonymous> (/home/runner/work/go2hx/go2hx/golibs/std_json.js:158327:3)
Called from Module._compile (node:internal/modules/cjs/loader line 1734 column 14)
Called from Object..js (node:internal/modules/cjs/loader line 1899 column 10)

-- FAIL: TestInvalidStringOption

=== RUN  TestUnmarshalEmbeddedUnexported
Exception: Cannot read properties of null (reading 'value')
Called from module TypeError: Cannot read properties of null (reading 'value')
Called from stdgo__$internal_unsafe_UnsafePointer.__toRef__ (/home/runner/work/go2hx/go2hx/golibs/std_json.js line 33145 column 15)
Called from stdgo__$internal_sync_atomic_$_Pointer_$_$static_$extension.load (/home/runner/work/go2hx/go2hx/golibs/std_json.js line 33136 column 52)
Called from stdgo__$internal_sync_Map_$_$static_$extension._loadReadOnly (/home/runner/work/go2hx/go2hx/golibs/std_json.js line 33085 column 72)
Called from stdgo__$internal_sync_Map_$_$static_$extension.load (/home/runner/work/go2hx/go2hx/golibs/std_json.js line 32988 column 59)
Called from .stdgo__$internal_encoding_json_Json_$_$cachedtypefields__cachedTypeFields (/home/runner/work/go2hx/go2hx/golibs/std_json.js line 52674 column 63)
Called from stdgo__$internal_encoding_json_T_$decodeState_$static_$extension._object (/home/runner/work/go2hx/go2hx/golibs/std_json.js line 64602 column 13)
Called from stdgo__$internal_encoding_json_T_$decodeState_$static_$extension._value (/home/runner/work/go2hx/go2hx/golibs/std_json.js line 65365 column 80)
Called from stdgo__$internal_encoding_json_T_$decodeState_$static_$extension._unmarshal (/home/runner/work/go2hx/go2hx/golibs/std_json.js line 66078 column 78)
Called from .stdgo__$internal_encoding_json_Json_$unmarshal_unmarshal (/home/runner/work/go2hx/go2hx/golibs/std_json.js line 70276 column 74)
Called from module at stdgo__$internal_testing_InternalTest.stdgo__$internal_encoding_json_Json_$testunmarshalembeddedunexported_testUnmarshalEmbeddedUnexported [as f] (/home/runner/work/go2hx/go2hx/golibs/std_json.js:80876:14)

-- FAIL: TestUnmarshalEmbeddedUnexported

=== RUN  TestUnmarshalErrorAfterMultipleJSON
Exception: Cannot read properties of undefined (reading 'length')
Called from module TypeError: Cannot read properties of undefined (reading 'length')
Called from StringTools.endsWith (/home/runner/work/go2hx/go2hx/golibs/std_json.js line 132 column 15)
Called from stdgo__$internal_reflect_Value_$static_$extension.set (/home/runner/work/go2hx/go2hx/golibs/std_json.js line 31335 column 18)
Called from stdgo__$internal_encoding_json_T_$decodeState_$static_$extension._literalStore (/home/runner/work/go2hx/go2hx/golibs/std_json.js line 64352 column 56)
Called from stdgo__$internal_encoding_json_T_$decodeState_$static_$extension._value (/home/runner/work/go2hx/go2hx/golibs/std_json.js line 65384 column 81)
Called from stdgo__$internal_encoding_json_T_$decodeState_$static_$extension._unmarshal (/home/runner/work/go2hx/go2hx/golibs/std_json.js line 66078 column 78)
Called from stdgo__$internal_encoding_json_Decoder_$static_$extension.decode (/home/runner/work/go2hx/go2hx/golibs/std_json.js line 63810 column 74)
Called from module at stdgo__$internal_testing_InternalTest.stdgo__$internal_encoding_json_Json_$testunmarshalerroraftermultiplejson_testUnmarshalErrorAfterMultipleJSON [as f] (/home/runner/work/go2hx/go2hx/golibs/std_json.js:81309:69)
Called from stdgo__$internal_testing_M_$static_$extension.run (/home/runner/work/go2hx/go2hx/golibs/std_json.js line 141570 column 9)
Called from ._$internal_encoding_jsondottest_Jsondottest_main (/home/runner/work/go2hx/go2hx/golibs/std_json.js line 120410 column 59)
Called from module at /home/runner/work/go2hx/go2hx/golibs/std_json.js:158326:1

-- FAIL: TestUnmarshalErrorAfterMultipleJSON

=== RUN  TestUnmarshalPanic

-- PASS: TestUnmarshalPanic

=== RUN  TestUnmarshalRecursivePointer

-- PASS: TestUnmarshalRecursivePointer

=== RUN  TestUnmarshalMapWithTextUnmarshalerStringKey
Unmarshal unexpected error: <invalid reflect.Value>Exception: __fail__
Called from stdgo__$internal_testing_T_$common_$static_$extension.failNow (/home/runner/work/go2hx/go2hx/golibs/std_json.js line 142315 column 23)
Called from stdgo__$internal_testing_T_$common_$static_$extension.fatalf (/home/runner/work/go2hx/go2hx/golibs/std_json.js line 142204 column 56)
Called from module at /home/runner/work/go2hx/go2hx/golibs/std_json.js:141758:58
Called from module at stdgo__$internal_testing_InternalTest.stdgo__$internal_encoding_json_Json_$testunmarshalmapwithtextunmarshalerstringkey_testUnmarshalMapWithTextUnmarshalerStringKey [as f] (/home/runner/work/go2hx/go2hx/golibs/std_json.js:81494:20)
Called from stdgo__$internal_testing_M_$static_$extension.run (/home/runner/work/go2hx/go2hx/golibs/std_json.js line 141570 column 9)
Called from ._$internal_encoding_jsondottest_Jsondottest_main (/home/runner/work/go2hx/go2hx/golibs/std_json.js line 120410 column 59)
Called from module at /home/runner/work/go2hx/go2hx/golibs/std_json.js:158326:1
Called from module at Object.<anonymous> (/home/runner/work/go2hx/go2hx/golibs/std_json.js:158327:3)

-- FAIL: TestUnmarshalMapWithTextUnmarshalerStringKey

=== RUN  TestUnmarshalRescanLiteralMangledUnquote
Unmarshal unexpected error: <invalid reflect.Value>Exception: __fail__
Called from stdgo__$internal_testing_T_$common_$static_$extension.failNow (/home/runner/work/go2hx/go2hx/golibs/std_json.js line 142315 column 23)
Called from stdgo__$internal_testing_T_$common_$static_$extension.fatalf (/home/runner/work/go2hx/go2hx/golibs/std_json.js line 142204 column 56)
Called from module at /home/runner/work/go2hx/go2hx/golibs/std_json.js:141758:58
Called from module at stdgo__$internal_testing_InternalTest.stdgo__$internal_encoding_json_Json_$testunmarshalrescanliteralmangledunquote_testUnmarshalRescanLiteralMangledUnquote [as f] (/home/runner/work/go2hx/go2hx/golibs/std_json.js:81523:20)
Called from stdgo__$internal_testing_M_$static_$extension.run (/home/runner/work/go2hx/go2hx/golibs/std_json.js line 141570 column 9)
Called from ._$internal_encoding_jsondottest_Jsondottest_main (/home/runner/work/go2hx/go2hx/golibs/std_json.js line 120410 column 59)
Called from module at /home/runner/work/go2hx/go2hx/golibs/std_json.js:158326:1
Called from module at Object.<anonymous> (/home/runner/work/go2hx/go2hx/golibs/std_json.js:158327:3)

-- FAIL: TestUnmarshalRescanLiteralMangledUnquote

=== RUN  TestUnmarshalMaxDepth
- SUBRUN  unstructured-ArrayUnderMaxNestingDepth
- SUBRUN  typed named field-ArrayUnderMaxNestingDepth
Exception: Cannot read properties of null (reading 'value')
Called from module TypeError: Cannot read properties of null (reading 'value')
Called from stdgo__$internal_unsafe_UnsafePointer.__toRef__ (/home/runner/work/go2hx/go2hx/golibs/std_json.js line 33145 column 15)
Called from stdgo__$internal_sync_atomic_$_Pointer_$_$static_$extension.load (/home/runner/work/go2hx/go2hx/golibs/std_json.js line 33136 column 52)
Called from stdgo__$internal_sync_Map_$_$static_$extension._loadReadOnly (/home/runner/work/go2hx/go2hx/golibs/std_json.js line 33085 column 72)
Called from stdgo__$internal_sync_Map_$_$static_$extension.load (/home/runner/work/go2hx/go2hx/golibs/std_json.js line 32988 column 59)
Called from .stdgo__$internal_encoding_json_Json_$_$cachedtypefields__cachedTypeFields (/home/runner/work/go2hx/go2hx/golibs/std_json.js line 52674 column 63)
Called from stdgo__$internal_encoding_json_T_$decodeState_$static_$extension._object (/home/runner/work/go2hx/go2hx/golibs/std_json.js line 64602 column 13)
Called from stdgo__$internal_encoding_json_T_$decodeState_$static_$extension._value (/home/runner/work/go2hx/go2hx/golibs/std_json.js line 65365 column 80)
Called from stdgo__$internal_encoding_json_T_$decodeState_$static_$extension._unmarshal (/home/runner/work/go2hx/go2hx/golibs/std_json.js line 66078 column 78)
Called from .stdgo__$internal_encoding_json_Json_$unmarshal_unmarshal (/home/runner/work/go2hx/go2hx/golibs/std_json.js line 70276 column 74)
Called from module at /home/runner/work/go2hx/go2hx/golibs/std_json.js:81863:17

-- FAIL: TestUnmarshalMaxDepth

=== RUN  TestOmitEmpty
Exception: Cannot read properties of null (reading 'value')
Called from .stdgo__$internal_encoding_json_Json_$marshal_marshal (/home/runner/work/go2hx/go2hx/golibs/std_json.js line 26588 column 25)
Called from .stdgo__$internal_encoding_json_Json_$marshalindent_marshalIndent (/home/runner/work/go2hx/go2hx/golibs/std_json.js line 82298 column 16)
Called from module at stdgo__$internal_testing_InternalTest.stdgo__$internal_encoding_json_Json_$testomitempty_testOmitEmpty [as f] (/home/runner/work/go2hx/go2hx/golibs/std_json.js:82204:17)
Called from stdgo__$internal_testing_M_$static_$extension.run (/home/runner/work/go2hx/go2hx/golibs/std_json.js line 141570 column 9)
Called from ._$internal_encoding_jsondottest_Jsondottest_main (/home/runner/work/go2hx/go2hx/golibs/std_json.js line 120410 column 59)
Called from module at /home/runner/work/go2hx/go2hx/golibs/std_json.js:158326:1
Called from module at Object.<anonymous> (/home/runner/work/go2hx/go2hx/golibs/std_json.js:158327:3)
Called from Module._compile (node:internal/modules/cjs/loader line 1734 column 14)

-- FAIL: TestOmitEmpty

=== RUN  TestRoundtripStringTag
- SUBRUN  AllTypes
Exception: Cannot read properties of null (reading 'value')
Called from .stdgo__$internal_encoding_json_Json_$marshal_marshal (/home/runner/work/go2hx/go2hx/golibs/std_json.js line 26588 column 25)
Called from .stdgo__$internal_encoding_json_Json_$marshalindent_marshalIndent (/home/runner/work/go2hx/go2hx/golibs/std_json.js line 82298 column 16)
Called from module at /home/runner/work/go2hx/go2hx/golibs/std_json.js:82539:20
Called from stdgo__$internal_testing_T_$_$static_$extension.run (/home/runner/work/go2hx/go2hx/golibs/std_json.js line 81986 column 2)
Called from module at stdgo__$internal_testing_InternalTest.stdgo__$internal_encoding_json_Json_$testroundtripstringtag_testRoundtripStringTag [as f] (/home/runner/work/go2hx/go2hx/golibs/std_json.js:82521:51)
Called from stdgo__$internal_testing_M_$static_$extension.run (/home/runner/work/go2hx/go2hx/golibs/std_json.js line 141570 column 9)
Called from ._$internal_encoding_jsondottest_Jsondottest_main (/home/runner/work/go2hx/go2hx/golibs/std_json.js line 120410 column 59)
Called from module at /home/runner/work/go2hx/go2hx/golibs/std_json.js:158326:1

-- FAIL: TestRoundtripStringTag

=== RUN  TestEncodeRenamedByteSlice
Exception: Cannot read properties of null (reading 'value')
Called from .stdgo__$internal_encoding_json_Json_$marshal_marshal (/home/runner/work/go2hx/go2hx/golibs/std_json.js line 26588 column 25)
Called from module at stdgo__$internal_testing_InternalTest.stdgo__$internal_encoding_json_Json_$testencoderenamedbyteslice_testEncodeRenamedByteSlice [as f] (/home/runner/work/go2hx/go2hx/golibs/std_json.js:82731:16)
Called from stdgo__$internal_testing_M_$static_$extension.run (/home/runner/work/go2hx/go2hx/golibs/std_json.js line 141570 column 9)
Called from ._$internal_encoding_jsondottest_Jsondottest_main (/home/runner/work/go2hx/go2hx/golibs/std_json.js line 120410 column 59)
Called from module at /home/runner/work/go2hx/go2hx/golibs/std_json.js:158326:1
Called from module at Object.<anonymous> (/home/runner/work/go2hx/go2hx/golibs/std_json.js:158327:3)
Called from Module._compile (node:internal/modules/cjs/loader line 1734 column 14)
Called from Object..js (node:internal/modules/cjs/loader line 1899 column 10)

-- FAIL: TestEncodeRenamedByteSlice

=== RUN  TestSamePointerNoCycle
Exception: Cannot read properties of null (reading 'value')
Called from .stdgo__$internal_encoding_json_Json_$marshal_marshal (/home/runner/work/go2hx/go2hx/golibs/std_json.js line 26588 column 25)
Called from module at stdgo__$internal_testing_InternalTest.stdgo__$internal_encoding_json_Json_$testsamepointernocycle_testSamePointerNoCycle [as f] (/home/runner/work/go2hx/go2hx/golibs/std_json.js:82761:16)
Called from stdgo__$internal_testing_M_$static_$extension.run (/home/runner/work/go2hx/go2hx/golibs/std_json.js line 141570 column 9)
Called from ._$internal_encoding_jsondottest_Jsondottest_main (/home/runner/work/go2hx/go2hx/golibs/std_json.js line 120410 column 59)
Called from module at /home/runner/work/go2hx/go2hx/golibs/std_json.js:158326:1
Called from module at Object.<anonymous> (/home/runner/work/go2hx/go2hx/golibs/std_json.js:158327:3)
Called from Module._compile (node:internal/modules/cjs/loader line 1734 column 14)
Called from Object..js (node:internal/modules/cjs/loader line 1899 column 10)

-- FAIL: TestSamePointerNoCycle

=== RUN  TestSliceNoCycle
Exception: Cannot read properties of null (reading 'value')
Called from .stdgo__$internal_encoding_json_Json_$marshal_marshal (/home/runner/work/go2hx/go2hx/golibs/std_json.js line 26588 column 25)
Called from module at stdgo__$internal_testing_InternalTest.stdgo__$internal_encoding_json_Json_$testslicenocycle_testSliceNoCycle [as f] (/home/runner/work/go2hx/go2hx/golibs/std_json.js:82814:16)
Called from stdgo__$internal_testing_M_$static_$extension.run (/home/runner/work/go2hx/go2hx/golibs/std_json.js line 141570 column 9)
Called from ._$internal_encoding_jsondottest_Jsondottest_main (/home/runner/work/go2hx/go2hx/golibs/std_json.js line 120410 column 59)
Called from module at /home/runner/work/go2hx/go2hx/golibs/std_json.js:158326:1
Called from module at Object.<anonymous> (/home/runner/work/go2hx/go2hx/golibs/std_json.js:158327:3)
Called from Module._compile (node:internal/modules/cjs/loader line 1734 column 14)
Called from Object..js (node:internal/modules/cjs/loader line 1899 column 10)

-- FAIL: TestSliceNoCycle

=== RUN  TestUnsupportedValues
Exception: Cannot read properties of null (reading 'value')
Called from .stdgo__$internal_encoding_json_Json_$marshal_marshal (/home/runner/work/go2hx/go2hx/golibs/std_json.js line 26588 column 25)
Called from module at stdgo__$internal_testing_InternalTest.stdgo__$internal_encoding_json_Json_$testunsupportedvalues_testUnsupportedValues [as f] (/home/runner/work/go2hx/go2hx/golibs/std_json.js:82829:17)
Called from stdgo__$internal_testing_M_$static_$extension.run (/home/runner/work/go2hx/go2hx/golibs/std_json.js line 141570 column 9)
Called from ._$internal_encoding_jsondottest_Jsondottest_main (/home/runner/work/go2hx/go2hx/golibs/std_json.js line 120410 column 59)
Called from module at /home/runner/work/go2hx/go2hx/golibs/std_json.js:158326:1
Called from module at Object.<anonymous> (/home/runner/work/go2hx/go2hx/golibs/std_json.js:158327:3)
Called from Module._compile (node:internal/modules/cjs/loader line 1734 column 14)
Called from Object..js (node:internal/modules/cjs/loader line 1899 column 10)

-- FAIL: TestUnsupportedValues

=== RUN  TestMarshalTextFloatMap
Exception: Cannot read properties of null (reading 'value')
Called from .stdgo__$internal_encoding_json_Json_$marshal_marshal (/home/runner/work/go2hx/go2hx/golibs/std_json.js line 26588 column 25)
Called from module at stdgo__$internal_testing_InternalTest.stdgo__$internal_encoding_json_Json_$testmarshaltextfloatmap_testMarshalTextFloatMap [as f] (/home/runner/work/go2hx/go2hx/golibs/std_json.js:82979:16)
Called from stdgo__$internal_testing_M_$static_$extension.run (/home/runner/work/go2hx/go2hx/golibs/std_json.js line 141570 column 9)
Called from ._$internal_encoding_jsondottest_Jsondottest_main (/home/runner/work/go2hx/go2hx/golibs/std_json.js line 120410 column 59)
Called from module at /home/runner/work/go2hx/go2hx/golibs/std_json.js:158326:1
Called from module at Object.<anonymous> (/home/runner/work/go2hx/go2hx/golibs/std_json.js:158327:3)
Called from Module._compile (node:internal/modules/cjs/loader line 1734 column 14)
Called from Object..js (node:internal/modules/cjs/loader line 1899 column 10)

-- FAIL: TestMarshalTextFloatMap

=== RUN  TestRefValMarshal
Exception: Cannot read properties of null (reading 'value')
Called from .stdgo__$internal_encoding_json_Json_$marshal_marshal (/home/runner/work/go2hx/go2hx/golibs/std_json.js line 26588 column 25)
Called from module at stdgo__$internal_testing_InternalTest.stdgo__$internal_encoding_json_Json_$testrefvalmarshal_testRefValMarshal [as f] (/home/runner/work/go2hx/go2hx/golibs/std_json.js:83127:17)
Called from stdgo__$internal_testing_M_$static_$extension.run (/home/runner/work/go2hx/go2hx/golibs/std_json.js line 141570 column 9)
Called from ._$internal_encoding_jsondottest_Jsondottest_main (/home/runner/work/go2hx/go2hx/golibs/std_json.js line 120410 column 59)
Called from module at /home/runner/work/go2hx/go2hx/golibs/std_json.js:158326:1
Called from module at Object.<anonymous> (/home/runner/work/go2hx/go2hx/golibs/std_json.js:158327:3)
Called from Module._compile (node:internal/modules/cjs/loader line 1734 column 14)
Called from Object..js (node:internal/modules/cjs/loader line 1899 column 10)

-- FAIL: TestRefValMarshal

=== RUN  TestMarshalerEscaping
Exception: Cannot read properties of null (reading 'value')
Called from .stdgo__$internal_encoding_json_Json_$marshal_marshal (/home/runner/work/go2hx/go2hx/golibs/std_json.js line 26588 column 25)
Called from module at stdgo__$internal_testing_InternalTest.stdgo__$internal_encoding_json_Json_$testmarshalerescaping_testMarshalerEscaping [as f] (/home/runner/work/go2hx/go2hx/golibs/std_json.js:83185:16)
Called from stdgo__$internal_testing_M_$static_$extension.run (/home/runner/work/go2hx/go2hx/golibs/std_json.js line 141570 column 9)
Called from ._$internal_encoding_jsondottest_Jsondottest_main (/home/runner/work/go2hx/go2hx/golibs/std_json.js line 120410 column 59)
Called from module at /home/runner/work/go2hx/go2hx/golibs/std_json.js:158326:1
Called from module at Object.<anonymous> (/home/runner/work/go2hx/go2hx/golibs/std_json.js:158327:3)
Called from Module._compile (node:internal/modules/cjs/loader line 1734 column 14)
Called from Object..js (node:internal/modules/cjs/loader line 1899 column 10)

-- FAIL: TestMarshalerEscaping

=== RUN  TestAnonymousFields
- SUBRUN  AmbiguousField
Exception: Cannot read properties of null (reading 'value')
Called from .stdgo__$internal_encoding_json_Json_$marshal_marshal (/home/runner/work/go2hx/go2hx/golibs/std_json.js line 26588 column 25)
Called from module at /home/runner/work/go2hx/go2hx/golibs/std_json.js:83450:19
Called from stdgo__$internal_testing_T_$_$static_$extension.run (/home/runner/work/go2hx/go2hx/golibs/std_json.js line 81986 column 2)
Called from module at stdgo__$internal_testing_InternalTest.stdgo__$internal_encoding_json_Json_$testanonymousfields_testAnonymousFields [as f] (/home/runner/work/go2hx/go2hx/golibs/std_json.js:83448:51)
Called from stdgo__$internal_testing_M_$static_$extension.run (/home/runner/work/go2hx/go2hx/golibs/std_json.js line 141570 column 9)
Called from ._$internal_encoding_jsondottest_Jsondottest_main (/home/runner/work/go2hx/go2hx/golibs/std_json.js line 120410 column 59)
Called from module at /home/runner/work/go2hx/go2hx/golibs/std_json.js:158326:1
Called from module at Object.<anonymous> (/home/runner/work/go2hx/go2hx/golibs/std_json.js:158327:3)

-- FAIL: TestAnonymousFields

=== RUN  TestNilMarshal
Exception: Cannot read properties of null (reading 'value')
Called from .stdgo__$internal_encoding_json_Json_$marshal_marshal (/home/runner/work/go2hx/go2hx/golibs/std_json.js line 26588 column 25)
Called from module at stdgo__$internal_testing_InternalTest.stdgo__$internal_encoding_json_Json_$testnilmarshal_testNilMarshal [as f] (/home/runner/work/go2hx/go2hx/golibs/std_json.js:84179:17)
Called from stdgo__$internal_testing_M_$static_$extension.run (/home/runner/work/go2hx/go2hx/golibs/std_json.js line 141570 column 9)
Called from ._$internal_encoding_jsondottest_Jsondottest_main (/home/runner/work/go2hx/go2hx/golibs/std_json.js line 120410 column 59)
Called from module at /home/runner/work/go2hx/go2hx/golibs/std_json.js:158326:1
Called from module at Object.<anonymous> (/home/runner/work/go2hx/go2hx/golibs/std_json.js:158327:3)
Called from Module._compile (node:internal/modules/cjs/loader line 1734 column 14)
Called from Object..js (node:internal/modules/cjs/loader line 1899 column 10)

-- FAIL: TestNilMarshal

=== RUN  TestEmbeddedBug
Exception: Cannot read properties of null (reading 'value')
Called from .stdgo__$internal_encoding_json_Json_$marshal_marshal (/home/runner/work/go2hx/go2hx/golibs/std_json.js line 26588 column 25)
Called from module at stdgo__$internal_testing_InternalTest.stdgo__$internal_encoding_json_Json_$testembeddedbug_testEmbeddedBug [as f] (/home/runner/work/go2hx/go2hx/golibs/std_json.js:84270:16)
Called from stdgo__$internal_testing_M_$static_$extension.run (/home/runner/work/go2hx/go2hx/golibs/std_json.js line 141570 column 9)
Called from ._$internal_encoding_jsondottest_Jsondottest_main (/home/runner/work/go2hx/go2hx/golibs/std_json.js line 120410 column 59)
Called from module at /home/runner/work/go2hx/go2hx/golibs/std_json.js:158326:1
Called from module at Object.<anonymous> (/home/runner/work/go2hx/go2hx/golibs/std_json.js:158327:3)
Called from Module._compile (node:internal/modules/cjs/loader line 1734 column 14)
Called from Object..js (node:internal/modules/cjs/loader line 1899 column 10)

-- FAIL: TestEmbeddedBug

=== RUN  TestTaggedFieldDominates
Exception: Cannot read properties of null (reading 'value')
Called from .stdgo__$internal_encoding_json_Json_$marshal_marshal (/home/runner/work/go2hx/go2hx/golibs/std_json.js line 26588 column 25)
Called from module at stdgo__$internal_testing_InternalTest.stdgo__$internal_encoding_json_Json_$testtaggedfielddominates_testTaggedFieldDominates [as f] (/home/runner/work/go2hx/go2hx/golibs/std_json.js:84405:16)
Called from stdgo__$internal_testing_M_$static_$extension.run (/home/runner/work/go2hx/go2hx/golibs/std_json.js line 141570 column 9)
Called from ._$internal_encoding_jsondottest_Jsondottest_main (/home/runner/work/go2hx/go2hx/golibs/std_json.js line 120410 column 59)
Called from module at /home/runner/work/go2hx/go2hx/golibs/std_json.js:158326:1
Called from module at Object.<anonymous> (/home/runner/work/go2hx/go2hx/golibs/std_json.js:158327:3)
Called from Module._compile (node:internal/modules/cjs/loader line 1734 column 14)
Called from Object..js (node:internal/modules/cjs/loader line 1899 column 10)

-- FAIL: TestTaggedFieldDominates

=== RUN  TestDuplicatedFieldDisappears
Exception: Cannot read properties of null (reading 'value')
Called from .stdgo__$internal_encoding_json_Json_$marshal_marshal (/home/runner/work/go2hx/go2hx/golibs/std_json.js line 26588 column 25)
Called from module at stdgo__$internal_testing_InternalTest.stdgo__$internal_encoding_json_Json_$testduplicatedfielddisappears_testDuplicatedFieldDisappears [as f] (/home/runner/work/go2hx/go2hx/golibs/std_json.js:84480:16)
Called from stdgo__$internal_testing_M_$static_$extension.run (/home/runner/work/go2hx/go2hx/golibs/std_json.js line 141570 column 9)
Called from ._$internal_encoding_jsondottest_Jsondottest_main (/home/runner/work/go2hx/go2hx/golibs/std_json.js line 120410 column 59)
Called from module at /home/runner/work/go2hx/go2hx/golibs/std_json.js:158326:1
Called from module at Object.<anonymous> (/home/runner/work/go2hx/go2hx/golibs/std_json.js:158327:3)
Called from Module._compile (node:internal/modules/cjs/loader line 1734 column 14)
Called from Object..js (node:internal/modules/cjs/loader line 1899 column 10)

-- FAIL: TestDuplicatedFieldDisappears

=== RUN  TestIssue10281
Exception: Cannot read properties of null (reading 'value')
Called from .stdgo__$internal_encoding_json_Json_$marshal_marshal (/home/runner/work/go2hx/go2hx/golibs/std_json.js line 26588 column 25)
Called from module at stdgo__$internal_testing_InternalTest.stdgo__$internal_encoding_json_Json_$testissue10281_testIssue10281 [as f] (/home/runner/work/go2hx/go2hx/golibs/std_json.js:84561:16)
Called from stdgo__$internal_testing_M_$static_$extension.run (/home/runner/work/go2hx/go2hx/golibs/std_json.js line 141570 column 9)
Called from ._$internal_encoding_jsondottest_Jsondottest_main (/home/runner/work/go2hx/go2hx/golibs/std_json.js line 120410 column 59)
Called from module at /home/runner/work/go2hx/go2hx/golibs/std_json.js:158326:1
Called from module at Object.<anonymous> (/home/runner/work/go2hx/go2hx/golibs/std_json.js:158327:3)
Called from Module._compile (node:internal/modules/cjs/loader line 1734 column 14)
Called from Object..js (node:internal/modules/cjs/loader line 1899 column 10)

-- FAIL: TestIssue10281

=== RUN  TestMarshalErrorAndReuseEncodeState
Exception: :runtime.debug.setGCPercent is not yet implemented
Called from module at stdgo__$internal_testing_InternalTest.stdgo__$internal_encoding_json_Json_$testmarshalerrorandreuseencodestate_testMarshalErrorAndReuseEncodeState [as f] (/home/runner/work/go2hx/go2hx/golibs/std_json.js:84786:25)
Called from stdgo__$internal_testing_M_$static_$extension.run (/home/runner/work/go2hx/go2hx/golibs/std_json.js line 141570 column 9)
Called from ._$internal_encoding_jsondottest_Jsondottest_main (/home/runner/work/go2hx/go2hx/golibs/std_json.js line 120410 column 59)
Called from module at /home/runner/work/go2hx/go2hx/golibs/std_json.js:158326:1
Called from module at Object.<anonymous> (/home/runner/work/go2hx/go2hx/golibs/std_json.js:158327:3)
Called from Module._compile (node:internal/modules/cjs/loader line 1734 column 14)
Called from Object..js (node:internal/modules/cjs/loader line 1899 column 10)
Called from Module.load (node:internal/modules/cjs/loader line 1469 column 32)

-- FAIL: TestMarshalErrorAndReuseEncodeState

=== RUN  TestHTMLEscape

-- PASS: TestHTMLEscape

=== RUN  TestEncodePointerString
Exception: Cannot read properties of null (reading 'value')
Called from .stdgo__$internal_encoding_json_Json_$marshal_marshal (/home/runner/work/go2hx/go2hx/golibs/std_json.js line 26588 column 25)
Called from module at stdgo__$internal_testing_InternalTest.stdgo__$internal_encoding_json_Json_$testencodepointerstring_testEncodePointerString [as f] (/home/runner/work/go2hx/go2hx/golibs/std_json.js:84896:17)
Called from stdgo__$internal_testing_M_$static_$extension.run (/home/runner/work/go2hx/go2hx/golibs/std_json.js line 141570 column 9)
Called from ._$internal_encoding_jsondottest_Jsondottest_main (/home/runner/work/go2hx/go2hx/golibs/std_json.js line 120410 column 59)
Called from module at /home/runner/work/go2hx/go2hx/golibs/std_json.js:158326:1
Called from module at Object.<anonymous> (/home/runner/work/go2hx/go2hx/golibs/std_json.js:158327:3)
Called from Module._compile (node:internal/modules/cjs/loader line 1734 column 14)
Called from Object..js (node:internal/modules/cjs/loader line 1899 column 10)

-- FAIL: TestEncodePointerString

=== RUN  TestEncodeString
Exception: Cannot read properties of null (reading 'value')
Called from .stdgo__$internal_encoding_json_Json_$marshal_marshal (/home/runner/work/go2hx/go2hx/golibs/std_json.js line 26588 column 25)
Called from module at stdgo__$internal_testing_InternalTest.stdgo__$internal_encoding_json_Json_$testencodestring_testEncodeString [as f] (/home/runner/work/go2hx/go2hx/golibs/std_json.js:84978:17)
Called from stdgo__$internal_testing_M_$static_$extension.run (/home/runner/work/go2hx/go2hx/golibs/std_json.js line 141570 column 9)
Called from ._$internal_encoding_jsondottest_Jsondottest_main (/home/runner/work/go2hx/go2hx/golibs/std_json.js line 120410 column 59)
Called from module at /home/runner/work/go2hx/go2hx/golibs/std_json.js:158326:1
Called from module at Object.<anonymous> (/home/runner/work/go2hx/go2hx/golibs/std_json.js:158327:3)
Called from Module._compile (node:internal/modules/cjs/loader line 1734 column 14)
Called from Object..js (node:internal/modules/cjs/loader line 1899 column 10)

-- FAIL: TestEncodeString

=== RUN  TestEncodeBytekind
Exception: Cannot read properties of null (reading 'value')
Called from .stdgo__$internal_encoding_json_Json_$marshal_marshal (/home/runner/work/go2hx/go2hx/golibs/std_json.js line 26588 column 25)
Called from module at stdgo__$internal_testing_InternalTest.stdgo__$internal_encoding_json_Json_$testencodebytekind_testEncodeBytekind [as f] (/home/runner/work/go2hx/go2hx/golibs/std_json.js:85073:17)
Called from stdgo__$internal_testing_M_$static_$extension.run (/home/runner/work/go2hx/go2hx/golibs/std_json.js line 141570 column 9)
Called from ._$internal_encoding_jsondottest_Jsondottest_main (/home/runner/work/go2hx/go2hx/golibs/std_json.js line 120410 column 59)
Called from module at /home/runner/work/go2hx/go2hx/golibs/std_json.js:158326:1
Called from module at Object.<anonymous> (/home/runner/work/go2hx/go2hx/golibs/std_json.js:158327:3)
Called from Module._compile (node:internal/modules/cjs/loader line 1734 column 14)
Called from Object..js (node:internal/modules/cjs/loader line 1899 column 10)

-- FAIL: TestEncodeBytekind

=== RUN  TestTextMarshalerMapKeysAreSorted
Exception: Cannot read properties of null (reading 'value')
Called from .stdgo__$internal_encoding_json_Json_$marshal_marshal (/home/runner/work/go2hx/go2hx/golibs/std_json.js line 26588 column 25)
Called from module at stdgo__$internal_testing_InternalTest.stdgo__$internal_encoding_json_Json_$testtextmarshalermapkeysaresorted_testTextMarshalerMapKeysAreSorted [as f] (/home/runner/work/go2hx/go2hx/golibs/std_json.js:85167:16)
Called from stdgo__$internal_testing_M_$static_$extension.run (/home/runner/work/go2hx/go2hx/golibs/std_json.js line 141570 column 9)
Called from ._$internal_encoding_jsondottest_Jsondottest_main (/home/runner/work/go2hx/go2hx/golibs/std_json.js line 120410 column 59)
Called from module at /home/runner/work/go2hx/go2hx/golibs/std_json.js:158326:1
Called from module at Object.<anonymous> (/home/runner/work/go2hx/go2hx/golibs/std_json.js:158327:3)
Called from Module._compile (node:internal/modules/cjs/loader line 1734 column 14)
Called from Object..js (node:internal/modules/cjs/loader line 1899 column 10)

-- FAIL: TestTextMarshalerMapKeysAreSorted

=== RUN  TestNilMarshalerTextMapKey
Exception: Cannot read properties of null (reading 'value')
Called from .stdgo__$internal_encoding_json_Json_$marshal_marshal (/home/runner/work/go2hx/go2hx/golibs/std_json.js line 26588 column 25)
Called from module at stdgo__$internal_testing_InternalTest.stdgo__$internal_encoding_json_Json_$testnilmarshalertextmapkey_testNilMarshalerTextMapKey [as f] (/home/runner/work/go2hx/go2hx/golibs/std_json.js:85187:16)
Called from stdgo__$internal_testing_M_$static_$extension.run (/home/runner/work/go2hx/go2hx/golibs/std_json.js line 141570 column 9)
Called from ._$internal_encoding_jsondottest_Jsondottest_main (/home/runner/work/go2hx/go2hx/golibs/std_json.js line 120410 column 59)
Called from module at /home/runner/work/go2hx/go2hx/golibs/std_json.js:158326:1
Called from module at Object.<anonymous> (/home/runner/work/go2hx/go2hx/golibs/std_json.js:158327:3)
Called from Module._compile (node:internal/modules/cjs/loader line 1734 column 14)
Called from Object..js (node:internal/modules/cjs/loader line 1899 column 10)

-- FAIL: TestNilMarshalerTextMapKey

=== RUN  TestMarshalFloat
Exception: Cannot read properties of null (reading 'value')
Called from .stdgo__$internal_encoding_json_Json_$marshal_marshal (/home/runner/work/go2hx/go2hx/golibs/std_json.js line 26588 column 25)
Called from ._test (/home/runner/work/go2hx/go2hx/golibs/std_json.js line 85245 column 17)
Called from module at stdgo__$internal_testing_InternalTest.stdgo__$internal_encoding_json_Json_$testmarshalfloat_testMarshalFloat [as f] (/home/runner/work/go2hx/go2hx/golibs/std_json.js:85338:6)
Called from stdgo__$internal_testing_M_$static_$extension.run (/home/runner/work/go2hx/go2hx/golibs/std_json.js line 141570 column 9)
Called from ._$internal_encoding_jsondottest_Jsondottest_main (/home/runner/work/go2hx/go2hx/golibs/std_json.js line 120410 column 59)
Called from module at /home/runner/work/go2hx/go2hx/golibs/std_json.js:158326:1
Called from module at Object.<anonymous> (/home/runner/work/go2hx/go2hx/golibs/std_json.js:158327:3)
Called from Module._compile (node:internal/modules/cjs/loader line 1734 column 14)

-- FAIL: TestMarshalFloat

=== RUN  TestMarshalRawMessageValue
Exception: Cannot read properties of null (reading 'value')
Called from .stdgo__$internal_encoding_json_Json_$marshal_marshal (/home/runner/work/go2hx/go2hx/golibs/std_json.js line 26588 column 25)
Called from module at stdgo__$internal_testing_InternalTest.stdgo__$internal_encoding_json_Json_$testmarshalrawmessagevalue_testMarshalRawMessageValue [as f] (/home/runner/work/go2hx/go2hx/golibs/std_json.js:105430:17)
Called from stdgo__$internal_testing_M_$static_$extension.run (/home/runner/work/go2hx/go2hx/golibs/std_json.js line 141570 column 9)
Called from ._$internal_encoding_jsondottest_Jsondottest_main (/home/runner/work/go2hx/go2hx/golibs/std_json.js line 120410 column 59)
Called from module at /home/runner/work/go2hx/go2hx/golibs/std_json.js:158326:1
Called from module at Object.<anonymous> (/home/runner/work/go2hx/go2hx/golibs/std_json.js:158327:3)
Called from Module._compile (node:internal/modules/cjs/loader line 1734 column 14)
Called from Object..js (node:internal/modules/cjs/loader line 1899 column 10)

-- FAIL: TestMarshalRawMessageValue

=== RUN  TestMarshalPanic
Exception: Cannot read properties of null (reading 'value')
Called from module at stdgo__$internal_testing_InternalTest.stdgo__$internal_encoding_json_Json_$testmarshalpanic_testMarshalPanic [as f] (/home/runner/work/go2hx/go2hx/golibs/std_json.js:105667:25)
Called from stdgo__$internal_testing_M_$static_$extension.run (/home/runner/work/go2hx/go2hx/golibs/std_json.js line 141570 column 9)
Called from ._$internal_encoding_jsondottest_Jsondottest_main (/home/runner/work/go2hx/go2hx/golibs/std_json.js line 120410 column 59)
Called from module at /home/runner/work/go2hx/go2hx/golibs/std_json.js:158326:1
Called from module at Object.<anonymous> (/home/runner/work/go2hx/go2hx/golibs/std_json.js:158327:3)
Called from Module._compile (node:internal/modules/cjs/loader line 1734 column 14)
Called from Object..js (node:internal/modules/cjs/loader line 1899 column 10)
Called from Module.load (node:internal/modules/cjs/loader line 1469 column 32)

-- FAIL: TestMarshalPanic

=== RUN  TestMarshalUncommonFieldNames
Exception: Cannot read properties of null (reading 'value')
Called from .stdgo__$internal_encoding_json_Json_$marshal_marshal (/home/runner/work/go2hx/go2hx/golibs/std_json.js line 26588 column 25)
Called from module at stdgo__$internal_testing_InternalTest.stdgo__$internal_encoding_json_Json_$testmarshaluncommonfieldnames_testMarshalUncommonFieldNames [as f] (/home/runner/work/go2hx/go2hx/golibs/std_json.js:105702:16)
Called from stdgo__$internal_testing_M_$static_$extension.run (/home/runner/work/go2hx/go2hx/golibs/std_json.js line 141570 column 9)
Called from ._$internal_encoding_jsondottest_Jsondottest_main (/home/runner/work/go2hx/go2hx/golibs/std_json.js line 120410 column 59)
Called from module at /home/runner/work/go2hx/go2hx/golibs/std_json.js:158326:1
Called from module at Object.<anonymous> (/home/runner/work/go2hx/go2hx/golibs/std_json.js:158327:3)
Called from Module._compile (node:internal/modules/cjs/loader line 1734 column 14)
Called from Object..js (node:internal/modules/cjs/loader line 1899 column 10)

-- FAIL: TestMarshalUncommonFieldNames

=== RUN  TestMarshalerError

-- PASS: TestMarshalerError

=== RUN  TestNumberIsValid
./stdgo/_internal/reflect/Reflect_value_static_extension.hx:493: hasSet: false
./stdgo/_internal/reflect/Reflect_value_static_extension.hx:493: hasSet: false
Exception: reflect.NumMethod not implemented for float64
Called from stdgo__$internal_internal_reflect__$Type_$static_$extension.numMethod (/home/runner/work/go2hx/go2hx/golibs/std_json.js line 27683 column 24)
Called from stdgo__$internal_internal_reflect__$Type_$asInterface.numMethod (/home/runner/work/go2hx/go2hx/golibs/std_json.js line 27859 column 70)
Called from stdgo__$internal_internal_reflect__$Type_$static_$extension.numMethod (/home/runner/work/go2hx/go2hx/golibs/std_json.js line 27679 column 78)
Called from stdgo__$internal_internal_reflect__$Type_$asInterface.numMethod (/home/runner/work/go2hx/go2hx/golibs/std_json.js line 27859 column 70)
Called from .stdgo__$internal_encoding_json_Json_$_$indirect__indirect (/home/runner/work/go2hx/go2hx/golibs/std_json.js line 66164 column 82)
Called from stdgo__$internal_encoding_json_T_$decodeState_$static_$extension._literalStore (/home/runner/work/go2hx/go2hx/golibs/std_json.js line 64080 column 16)
Called from stdgo__$internal_encoding_json_T_$decodeState_$static_$extension._value (/home/runner/work/go2hx/go2hx/golibs/std_json.js line 65384 column 81)
Called from stdgo__$internal_encoding_json_T_$decodeState_$static_$extension._unmarshal (/home/runner/work/go2hx/go2hx/golibs/std_json.js line 66078 column 78)

-- FAIL: TestNumberIsValid

=== RUN  TestValid

-- PASS: TestValid

=== RUN  TestCompact

-- PASS: TestCompact

=== RUN  TestCompactSeparators

-- PASS: TestCompactSeparators

=== RUN  TestIndent

-- PASS: TestIndent

=== RUN  TestCompactBig
Exception: Cannot read properties of null (reading 'value')
Called from module TypeError: Cannot read properties of null (reading 'value')
Called from stdgo__$internal_unsafe_UnsafePointer.__toRef__ (/home/runner/work/go2hx/go2hx/golibs/std_json.js line 33145 column 15)
Called from stdgo__$internal_sync_atomic_$_Pointer_$_$static_$extension.load (/home/runner/work/go2hx/go2hx/golibs/std_json.js line 33136 column 52)
Called from .stdgo__$internal_math_rand_Rand_$_$globalrand__globalRand (/home/runner/work/go2hx/go2hx/golibs/std_json.js line 69488 column 71)
Called from .stdgo__$internal_math_rand_Rand_$normfloat64_normFloat64 (/home/runner/work/go2hx/go2hx/golibs/std_json.js line 68867 column 72)
Called from .stdgo__$internal_encoding_json_Json_$_$genarray__genArray (/home/runner/work/go2hx/go2hx/golibs/std_json.js line 68836 column 47)
Called from .stdgo__$internal_encoding_json_Json_$_$genvalue__genValue (/home/runner/work/go2hx/go2hx/golibs/std_json.js line 68811 column 38)
Called from .stdgo__$internal_encoding_json_Json_$_$initbig__initBig (/home/runner/work/go2hx/go2hx/golibs/std_json.js line 68796 column 69)
Called from module at stdgo__$internal_testing_InternalTest.stdgo__$internal_encoding_json_Json_$testcompactbig_testCompactBig [as f] (/home/runner/work/go2hx/go2hx/golibs/std_json.js:106142:2)
Called from stdgo__$internal_testing_M_$static_$extension.run (/home/runner/work/go2hx/go2hx/golibs/std_json.js line 141570 column 9)
Called from ._$internal_encoding_jsondottest_Jsondottest_main (/home/runner/work/go2hx/go2hx/golibs/std_json.js line 120410 column 59)

-- FAIL: TestCompactBig

=== RUN  TestIndentBig
Exception: Cannot read properties of null (reading 'value')
Called from module TypeError: Cannot read properties of null (reading 'value')
Called from stdgo__$internal_unsafe_UnsafePointer.__toRef__ (/home/runner/work/go2hx/go2hx/golibs/std_json.js line 33145 column 15)
Called from stdgo__$internal_sync_atomic_$_Pointer_$_$static_$extension.load (/home/runner/work/go2hx/go2hx/golibs/std_json.js line 33136 column 52)
Called from .stdgo__$internal_math_rand_Rand_$_$globalrand__globalRand (/home/runner/work/go2hx/go2hx/golibs/std_json.js line 69488 column 71)
Called from .stdgo__$internal_math_rand_Rand_$normfloat64_normFloat64 (/home/runner/work/go2hx/go2hx/golibs/std_json.js line 68867 column 72)
Called from .stdgo__$internal_encoding_json_Json_$_$genmap__genMap (/home/runner/work/go2hx/go2hx/golibs/std_json.js line 70215 column 47)
Called from .stdgo__$internal_encoding_json_Json_$_$genvalue__genValue (/home/runner/work/go2hx/go2hx/golibs/std_json.js line 68815 column 38)
Called from .stdgo__$internal_encoding_json_Json_$_$initbig__initBig (/home/runner/work/go2hx/go2hx/golibs/std_json.js line 68796 column 69)
Called from module at stdgo__$internal_testing_InternalTest.stdgo__$internal_encoding_json_Json_$testindentbig_testIndentBig [as f] (/home/runner/work/go2hx/go2hx/golibs/std_json.js:106157:2)
Called from stdgo__$internal_testing_M_$static_$extension.run (/home/runner/work/go2hx/go2hx/golibs/std_json.js line 141570 column 9)
Called from ._$internal_encoding_jsondottest_Jsondottest_main (/home/runner/work/go2hx/go2hx/golibs/std_json.js line 120410 column 59)

-- FAIL: TestIndentBig

=== RUN  TestIndentErrors

-- PASS: TestIndentErrors

=== RUN  TestEncoder
Exception: Cannot read properties of null (reading 'value')
Called from stdgo__$internal_encoding_json_Encoder_$static_$extension.encode (/home/runner/work/go2hx/go2hx/golibs/std_json.js line 106609 column 25)
Called from module at stdgo__$internal_testing_InternalTest.stdgo__$internal_encoding_json_Json_$testencoder_testEncoder [as f] (/home/runner/work/go2hx/go2hx/golibs/std_json.js:106249:73)
Called from stdgo__$internal_testing_M_$static_$extension.run (/home/runner/work/go2hx/go2hx/golibs/std_json.js line 141570 column 9)
Called from ._$internal_encoding_jsondottest_Jsondottest_main (/home/runner/work/go2hx/go2hx/golibs/std_json.js line 120410 column 59)
Called from module at /home/runner/work/go2hx/go2hx/golibs/std_json.js:158326:1
Called from module at Object.<anonymous> (/home/runner/work/go2hx/go2hx/golibs/std_json.js:158327:3)
Called from Module._compile (node:internal/modules/cjs/loader line 1734 column 14)
Called from Object..js (node:internal/modules/cjs/loader line 1899 column 10)

-- FAIL: TestEncoder

=== RUN  TestEncoderErrorAndReuseEncodeState
Exception: :runtime.debug.setGCPercent is not yet implemented
Called from module at stdgo__$internal_testing_InternalTest.stdgo__$internal_encoding_json_Json_$testencodererrorandreuseencodestate_testEncoderErrorAndReuseEncodeState [as f] (/home/runner/work/go2hx/go2hx/golibs/std_json.js:106825:25)
Called from stdgo__$internal_testing_M_$static_$extension.run (/home/runner/work/go2hx/go2hx/golibs/std_json.js line 141570 column 9)
Called from ._$internal_encoding_jsondottest_Jsondottest_main (/home/runner/work/go2hx/go2hx/golibs/std_json.js line 120410 column 59)
Called from module at /home/runner/work/go2hx/go2hx/golibs/std_json.js:158326:1
Called from module at Object.<anonymous> (/home/runner/work/go2hx/go2hx/golibs/std_json.js:158327:3)
Called from Module._compile (node:internal/modules/cjs/loader line 1734 column 14)
Called from Object..js (node:internal/modules/cjs/loader line 1899 column 10)
Called from Module.load (node:internal/modules/cjs/loader line 1469 column 32)

-- FAIL: TestEncoderErrorAndReuseEncodeState

=== RUN  TestEncoderIndent
Exception: Cannot read properties of null (reading 'value')
Called from stdgo__$internal_encoding_json_Encoder_$static_$extension.encode (/home/runner/work/go2hx/go2hx/golibs/std_json.js line 106609 column 25)
Called from module at stdgo__$internal_testing_InternalTest.stdgo__$internal_encoding_json_Json_$testencoderindent_testEncoderIndent [as f] (/home/runner/work/go2hx/go2hx/golibs/std_json.js:107006:61)
Called from stdgo__$internal_testing_M_$static_$extension.run (/home/runner/work/go2hx/go2hx/golibs/std_json.js line 141570 column 9)
Called from ._$internal_encoding_jsondottest_Jsondottest_main (/home/runner/work/go2hx/go2hx/golibs/std_json.js line 120410 column 59)
Called from module at /home/runner/work/go2hx/go2hx/golibs/std_json.js:158326:1
Called from module at Object.<anonymous> (/home/runner/work/go2hx/go2hx/golibs/std_json.js:158327:3)
Called from Module._compile (node:internal/modules/cjs/loader line 1734 column 14)
Called from Object..js (node:internal/modules/cjs/loader line 1899 column 10)

-- FAIL: TestEncoderIndent

=== RUN  TestEncoderSetEscapeHTML
Exception: Cannot read properties of null (reading 'value')
Called from stdgo__$internal_encoding_json_Encoder_$static_$extension.encode (/home/runner/work/go2hx/go2hx/golibs/std_json.js line 106609 column 25)
Called from module at stdgo__$internal_testing_InternalTest.stdgo__$internal_encoding_json_Json_$testencodersetescapehtml_testEncoderSetEscapeHTML [as f] (/home/runner/work/go2hx/go2hx/golibs/std_json.js:107127:72)
Called from stdgo__$internal_testing_M_$static_$extension.run (/home/runner/work/go2hx/go2hx/golibs/std_json.js line 141570 column 9)
Called from ._$internal_encoding_jsondottest_Jsondottest_main (/home/runner/work/go2hx/go2hx/golibs/std_json.js line 120410 column 59)
Called from module at /home/runner/work/go2hx/go2hx/golibs/std_json.js:158326:1
Called from module at Object.<anonymous> (/home/runner/work/go2hx/go2hx/golibs/std_json.js:158327:3)
Called from Module._compile (node:internal/modules/cjs/loader line 1734 column 14)
Called from Object..js (node:internal/modules/cjs/loader line 1899 column 10)

-- FAIL: TestEncoderSetEscapeHTML

=== RUN  TestDecoder
Exception: Cannot read properties of undefined (reading 'length')
Called from module TypeError: Cannot read properties of undefined (reading 'length')
Called from StringTools.endsWith (/home/runner/work/go2hx/go2hx/golibs/std_json.js line 132 column 15)
Called from stdgo__$internal_reflect_Value_$static_$extension.set (/home/runner/work/go2hx/go2hx/golibs/std_json.js line 31335 column 18)
Called from stdgo__$internal_encoding_json_T_$decodeState_$static_$extension._literalStore (/home/runner/work/go2hx/go2hx/golibs/std_json.js line 64352 column 56)
Called from stdgo__$internal_encoding_json_T_$decodeState_$static_$extension._value (/home/runner/work/go2hx/go2hx/golibs/std_json.js line 65384 column 81)
Called from stdgo__$internal_encoding_json_T_$decodeState_$static_$extension._unmarshal (/home/runner/work/go2hx/go2hx/golibs/std_json.js line 66078 column 78)
Called from stdgo__$internal_encoding_json_Decoder_$static_$extension.decode (/home/runner/work/go2hx/go2hx/golibs/std_json.js line 63810 column 74)
Called from module at stdgo__$internal_testing_InternalTest.stdgo__$internal_encoding_json_Json_$testdecoder_testDecoder [as f] (/home/runner/work/go2hx/go2hx/golibs/std_json.js:107384:73)
Called from stdgo__$internal_testing_M_$static_$extension.run (/home/runner/work/go2hx/go2hx/golibs/std_json.js line 141570 column 9)
Called from ._$internal_encoding_jsondottest_Jsondottest_main (/home/runner/work/go2hx/go2hx/golibs/std_json.js line 120410 column 59)
Called from module at /home/runner/work/go2hx/go2hx/golibs/std_json.js:158326:1

-- FAIL: TestDecoder

=== RUN  TestDecoderBuffered
Exception: Cannot read properties of null (reading 'value')
Called from module TypeError: Cannot read properties of null (reading 'value')
Called from stdgo__$internal_unsafe_UnsafePointer.__toRef__ (/home/runner/work/go2hx/go2hx/golibs/std_json.js line 33145 column 15)
Called from stdgo__$internal_sync_atomic_$_Pointer_$_$static_$extension.load (/home/runner/work/go2hx/go2hx/golibs/std_json.js line 33136 column 52)
Called from stdgo__$internal_sync_Map_$_$static_$extension._loadReadOnly (/home/runner/work/go2hx/go2hx/golibs/std_json.js line 33085 column 72)
Called from stdgo__$internal_sync_Map_$_$static_$extension.load (/home/runner/work/go2hx/go2hx/golibs/std_json.js line 32988 column 59)
Called from .stdgo__$internal_encoding_json_Json_$_$cachedtypefields__cachedTypeFields (/home/runner/work/go2hx/go2hx/golibs/std_json.js line 52674 column 63)
Called from stdgo__$internal_encoding_json_T_$decodeState_$static_$extension._object (/home/runner/work/go2hx/go2hx/golibs/std_json.js line 64602 column 13)
Called from stdgo__$internal_encoding_json_T_$decodeState_$static_$extension._value (/home/runner/work/go2hx/go2hx/golibs/std_json.js line 65365 column 80)
Called from stdgo__$internal_encoding_json_T_$decodeState_$static_$extension._unmarshal (/home/runner/work/go2hx/go2hx/golibs/std_json.js line 66078 column 78)
Called from stdgo__$internal_encoding_json_Decoder_$static_$extension.decode (/home/runner/work/go2hx/go2hx/golibs/std_json.js line 63810 column 74)
Called from module at stdgo__$internal_testing_InternalTest.stdgo__$internal_encoding_json_Json_$testdecoderbuffered_testDecoderBuffered [as f] (/home/runner/work/go2hx/go2hx/golibs/std_json.js:107440:72)

-- FAIL: TestDecoderBuffered

=== RUN  TestRawMessage
Exception: Cannot read properties of null (reading 'value')
Called from module TypeError: Cannot read properties of null (reading 'value')
Called from stdgo__$internal_unsafe_UnsafePointer.__toRef__ (/home/runner/work/go2hx/go2hx/golibs/std_json.js line 33145 column 15)
Called from stdgo__$internal_sync_atomic_$_Pointer_$_$static_$extension.load (/home/runner/work/go2hx/go2hx/golibs/std_json.js line 33136 column 52)
Called from stdgo__$internal_sync_Map_$_$static_$extension._loadReadOnly (/home/runner/work/go2hx/go2hx/golibs/std_json.js line 33085 column 72)
Called from stdgo__$internal_sync_Map_$_$static_$extension.load (/home/runner/work/go2hx/go2hx/golibs/std_json.js line 32988 column 59)
Called from .stdgo__$internal_encoding_json_Json_$_$cachedtypefields__cachedTypeFields (/home/runner/work/go2hx/go2hx/golibs/std_json.js line 52674 column 63)
Called from stdgo__$internal_encoding_json_T_$decodeState_$static_$extension._object (/home/runner/work/go2hx/go2hx/golibs/std_json.js line 64602 column 13)
Called from stdgo__$internal_encoding_json_T_$decodeState_$static_$extension._value (/home/runner/work/go2hx/go2hx/golibs/std_json.js line 65365 column 80)
Called from stdgo__$internal_encoding_json_T_$decodeState_$static_$extension._unmarshal (/home/runner/work/go2hx/go2hx/golibs/std_json.js line 66078 column 78)
Called from .stdgo__$internal_encoding_json_Json_$unmarshal_unmarshal (/home/runner/work/go2hx/go2hx/golibs/std_json.js line 70276 column 74)
Called from module at stdgo__$internal_testing_InternalTest.stdgo__$internal_encoding_json_Json_$testrawmessage_testRawMessage [as f] (/home/runner/work/go2hx/go2hx/golibs/std_json.js:107521:14)

-- FAIL: TestRawMessage

=== RUN  TestNullRawMessage
Exception: Cannot read properties of null (reading 'value')
Called from module TypeError: Cannot read properties of null (reading 'value')
Called from stdgo__$internal_unsafe_UnsafePointer.__toRef__ (/home/runner/work/go2hx/go2hx/golibs/std_json.js line 33145 column 15)
Called from stdgo__$internal_sync_atomic_$_Pointer_$_$static_$extension.load (/home/runner/work/go2hx/go2hx/golibs/std_json.js line 33136 column 52)
Called from stdgo__$internal_sync_Map_$_$static_$extension._loadReadOnly (/home/runner/work/go2hx/go2hx/golibs/std_json.js line 33085 column 72)
Called from stdgo__$internal_sync_Map_$_$static_$extension.load (/home/runner/work/go2hx/go2hx/golibs/std_json.js line 32988 column 59)
Called from .stdgo__$internal_encoding_json_Json_$_$cachedtypefields__cachedTypeFields (/home/runner/work/go2hx/go2hx/golibs/std_json.js line 52674 column 63)
Called from stdgo__$internal_encoding_json_T_$decodeState_$static_$extension._object (/home/runner/work/go2hx/go2hx/golibs/std_json.js line 64602 column 13)
Called from stdgo__$internal_encoding_json_T_$decodeState_$static_$extension._value (/home/runner/work/go2hx/go2hx/golibs/std_json.js line 65365 column 80)
Called from stdgo__$internal_encoding_json_T_$decodeState_$static_$extension._unmarshal (/home/runner/work/go2hx/go2hx/golibs/std_json.js line 66078 column 78)
Called from .stdgo__$internal_encoding_json_Json_$unmarshal_unmarshal (/home/runner/work/go2hx/go2hx/golibs/std_json.js line 70276 column 74)
Called from module at stdgo__$internal_testing_InternalTest.stdgo__$internal_encoding_json_Json_$testnullrawmessage_testNullRawMessage [as f] (/home/runner/work/go2hx/go2hx/golibs/std_json.js:107619:14)

-- FAIL: TestNullRawMessage

=== RUN  TestBlocking
Exception: :net.pipe is not yet implemented
Called from .stdgo__$internal_net_Net_$pipe_pipe (/home/runner/work/go2hx/go2hx/golibs/std_json.js line 107741 column 23)
Called from module at stdgo__$internal_testing_InternalTest.stdgo__$internal_encoding_json_Json_$testblocking_testBlocking [as f] (/home/runner/work/go2hx/go2hx/golibs/std_json.js:107719:17)
Called from stdgo__$internal_testing_M_$static_$extension.run (/home/runner/work/go2hx/go2hx/golibs/std_json.js line 141570 column 9)
Called from ._$internal_encoding_jsondottest_Jsondottest_main (/home/runner/work/go2hx/go2hx/golibs/std_json.js line 120410 column 59)
Called from module at /home/runner/work/go2hx/go2hx/golibs/std_json.js:158326:1
Called from module at Object.<anonymous> (/home/runner/work/go2hx/go2hx/golibs/std_json.js:158327:3)
Called from Module._compile (node:internal/modules/cjs/loader line 1734 column 14)
Called from Object..js (node:internal/modules/cjs/loader line 1899 column 10)

-- FAIL: TestBlocking

=== RUN  TestDecodeInStream
Exception: Cannot read properties of undefined (reading 'length')
Called from module TypeError: Cannot read properties of undefined (reading 'length')
Called from StringTools.endsWith (/home/runner/work/go2hx/go2hx/golibs/std_json.js line 132 column 15)
Called from stdgo__$internal_reflect_Value_$static_$extension.set (/home/runner/work/go2hx/go2hx/golibs/std_json.js line 31335 column 18)
Called from stdgo__$internal_encoding_json_T_$decodeState_$static_$extension._literalStore (/home/runner/work/go2hx/go2hx/golibs/std_json.js line 64352 column 56)
Called from stdgo__$internal_encoding_json_T_$decodeState_$static_$extension._value (/home/runner/work/go2hx/go2hx/golibs/std_json.js line 65384 column 81)
Called from stdgo__$internal_encoding_json_T_$decodeState_$static_$extension._unmarshal (/home/runner/work/go2hx/go2hx/golibs/std_json.js line 66078 column 78)
Called from stdgo__$internal_encoding_json_Decoder_$static_$extension.decode (/home/runner/work/go2hx/go2hx/golibs/std_json.js line 63810 column 74)
Called from module at stdgo__$internal_testing_InternalTest.stdgo__$internal_encoding_json_Json_$testdecodeinstream_testDecodeInStream [as f] (/home/runner/work/go2hx/go2hx/golibs/std_json.js:107841:70)
Called from stdgo__$internal_testing_M_$static_$extension.run (/home/runner/work/go2hx/go2hx/golibs/std_json.js line 141570 column 9)
Called from ._$internal_encoding_jsondottest_Jsondottest_main (/home/runner/work/go2hx/go2hx/golibs/std_json.js line 120410 column 59)
Called from module at /home/runner/work/go2hx/go2hx/golibs/std_json.js:158326:1

-- FAIL: TestDecodeInStream

=== RUN  TestHTTPDecoding
-- SKIP: testHTTPDecoding

-- PASS: TestHTTPDecoding

=== RUN  TestStructTagObjectKey
Exception: Cannot read properties of null (reading 'value')
Called from .stdgo__$internal_encoding_json_Json_$marshal_marshal (/home/runner/work/go2hx/go2hx/golibs/std_json.js line 26588 column 25)
Called from module at stdgo__$internal_testing_InternalTest.stdgo__$internal_encoding_json_Json_$teststructtagobjectkey_testStructTagObjectKey [as f] (/home/runner/work/go2hx/go2hx/golibs/std_json.js:108012:17)
Called from stdgo__$internal_testing_M_$static_$extension.run (/home/runner/work/go2hx/go2hx/golibs/std_json.js line 141570 column 9)
Called from ._$internal_encoding_jsondottest_Jsondottest_main (/home/runner/work/go2hx/go2hx/golibs/std_json.js line 120410 column 59)
Called from module at /home/runner/work/go2hx/go2hx/golibs/std_json.js:158326:1
Called from module at Object.<anonymous> (/home/runner/work/go2hx/go2hx/golibs/std_json.js:158327:3)
Called from Module._compile (node:internal/modules/cjs/loader line 1734 column 14)
Called from Object..js (node:internal/modules/cjs/loader line 1899 column 10)

-- FAIL: TestStructTagObjectKey

=== RUN  TestTagParsing

-- PASS: TestTagParsing

./stdgo/_internal/testing/Testing_m_static_extension.hx:60: exitCode: 1
./stdgo/_internal/testing/Testing_m_static_extension.hx:61: exitCodeReason: 
-- FAIL: TestStructTagObjectKey
