=== RUN  TestLittleEndianRead
Exception: field access on null
Called from stdgo._internal.testing.M_static_extension.run (./stdgo/_internal/testing/Testing_m_static_extension.hx line 34 column 17)
Called from stdgo._internal.encoding.binary._Binary_testlittleendianread.Binary_testlittleendianread_Fields_.testLittleEndianRead (./stdgo/_internal/encoding/binary/Binary_testlittleendianread.hx line 3 column 9)
Called from stdgo._internal.encoding.binary._Binary__testread.Binary__testread_Fields_._testRead (./stdgo/_internal/encoding/binary/Binary__testread.hx line 4 column 20)
Called from stdgo._internal.encoding.binary._Binary_read.Binary_read_Fields_.read (./stdgo/_internal/encoding/binary/Binary_read.hx line 117 column 25)
Called from stdgo._internal.encoding.binary._Binary__datasize.Binary__datasize_Fields_._dataSize (./stdgo/_internal/encoding/binary/Binary__datasize.hx line 15 column 44)
Called from stdgo._internal.sync.Map__static_extension.load (./stdgo/_internal/sync/Sync_map__static_extension.hx line 383 column 32)
Called from stdgo._internal.sync.Map__static_extension._loadReadOnly (./stdgo/_internal/sync/Sync_map__static_extension.hx line 421 column 31)
Called from stdgo._internal.sync.atomic_.Pointer__static_extension.load (./stdgo/_internal/sync/atomic_/Atomic__pointer__static_extension.hx line 36 column 39)
Called from stdgo._internal.unsafe._Unsafe.UnsafePointer_Impl_.__toRef__ (./stdgo/_internal/unsafe/Unsafe.hx line 10 column 10)

-- FAIL: TestLittleEndianRead

=== RUN  TestLittleEndianWrite
Exception: field access on null
Called from stdgo._internal.testing.M_static_extension.run (./stdgo/_internal/testing/Testing_m_static_extension.hx line 34 column 17)
Called from stdgo._internal.encoding.binary._Binary_testlittleendianwrite.Binary_testlittleendianwrite_Fields_.testLittleEndianWrite (./stdgo/_internal/encoding/binary/Binary_testlittleendianwrite.hx line 3 column 9)
Called from stdgo._internal.encoding.binary._Binary__testwrite.Binary__testwrite_Fields_._testWrite (./stdgo/_internal/encoding/binary/Binary__testwrite.hx line 4 column 20)
Called from stdgo._internal.encoding.binary._Binary_write.Binary_write_Fields_.write (./stdgo/_internal/encoding/binary/Binary_write.hx line 147 column 21)
Called from stdgo._internal.encoding.binary._Binary__datasize.Binary__datasize_Fields_._dataSize (./stdgo/_internal/encoding/binary/Binary__datasize.hx line 15 column 44)
Called from stdgo._internal.sync.Map__static_extension.load (./stdgo/_internal/sync/Sync_map__static_extension.hx line 383 column 32)
Called from stdgo._internal.sync.Map__static_extension._loadReadOnly (./stdgo/_internal/sync/Sync_map__static_extension.hx line 421 column 31)
Called from stdgo._internal.sync.atomic_.Pointer__static_extension.load (./stdgo/_internal/sync/atomic_/Atomic__pointer__static_extension.hx line 36 column 39)
Called from stdgo._internal.unsafe._Unsafe.UnsafePointer_Impl_.__toRef__ (./stdgo/_internal/unsafe/Unsafe.hx line 10 column 10)

-- FAIL: TestLittleEndianWrite

=== RUN  TestLittleEndianPtrWrite
Write LittleEndian: binary.Write: some values are not fixed-sized in type *.encoding.binary.Struct

-- FAIL: TestLittleEndianPtrWrite

=== RUN  TestBigEndianRead
Exception: field access on null
Called from stdgo._internal.testing.M_static_extension.run (./stdgo/_internal/testing/Testing_m_static_extension.hx line 34 column 17)
Called from stdgo._internal.encoding.binary._Binary_testbigendianread.Binary_testbigendianread_Fields_.testBigEndianRead (./stdgo/_internal/encoding/binary/Binary_testbigendianread.hx line 3 column 9)
Called from stdgo._internal.encoding.binary._Binary__testread.Binary__testread_Fields_._testRead (./stdgo/_internal/encoding/binary/Binary__testread.hx line 4 column 20)
Called from stdgo._internal.encoding.binary._Binary_read.Binary_read_Fields_.read (./stdgo/_internal/encoding/binary/Binary_read.hx line 117 column 25)
Called from stdgo._internal.encoding.binary._Binary__datasize.Binary__datasize_Fields_._dataSize (./stdgo/_internal/encoding/binary/Binary__datasize.hx line 15 column 44)
Called from stdgo._internal.sync.Map__static_extension.load (./stdgo/_internal/sync/Sync_map__static_extension.hx line 383 column 32)
Called from stdgo._internal.sync.Map__static_extension._loadReadOnly (./stdgo/_internal/sync/Sync_map__static_extension.hx line 421 column 31)
Called from stdgo._internal.sync.atomic_.Pointer__static_extension.load (./stdgo/_internal/sync/atomic_/Atomic__pointer__static_extension.hx line 36 column 39)
Called from stdgo._internal.unsafe._Unsafe.UnsafePointer_Impl_.__toRef__ (./stdgo/_internal/unsafe/Unsafe.hx line 10 column 10)

-- FAIL: TestBigEndianRead

=== RUN  TestBigEndianWrite
Exception: field access on null
Called from stdgo._internal.testing.M_static_extension.run (./stdgo/_internal/testing/Testing_m_static_extension.hx line 34 column 17)
Called from stdgo._internal.encoding.binary._Binary_testbigendianwrite.Binary_testbigendianwrite_Fields_.testBigEndianWrite (./stdgo/_internal/encoding/binary/Binary_testbigendianwrite.hx line 3 column 9)
Called from stdgo._internal.encoding.binary._Binary__testwrite.Binary__testwrite_Fields_._testWrite (./stdgo/_internal/encoding/binary/Binary__testwrite.hx line 4 column 20)
Called from stdgo._internal.encoding.binary._Binary_write.Binary_write_Fields_.write (./stdgo/_internal/encoding/binary/Binary_write.hx line 147 column 21)
Called from stdgo._internal.encoding.binary._Binary__datasize.Binary__datasize_Fields_._dataSize (./stdgo/_internal/encoding/binary/Binary__datasize.hx line 15 column 44)
Called from stdgo._internal.sync.Map__static_extension.load (./stdgo/_internal/sync/Sync_map__static_extension.hx line 383 column 32)
Called from stdgo._internal.sync.Map__static_extension._loadReadOnly (./stdgo/_internal/sync/Sync_map__static_extension.hx line 421 column 31)
Called from stdgo._internal.sync.atomic_.Pointer__static_extension.load (./stdgo/_internal/sync/atomic_/Atomic__pointer__static_extension.hx line 36 column 39)
Called from stdgo._internal.unsafe._Unsafe.UnsafePointer_Impl_.__toRef__ (./stdgo/_internal/unsafe/Unsafe.hx line 10 column 10)

-- FAIL: TestBigEndianWrite

=== RUN  TestBigEndianPtrWrite
Write BigEndian: binary.Write: some values are not fixed-sized in type *.encoding.binary.Struct

-- FAIL: TestBigEndianPtrWrite

=== RUN  TestReadSlice

-- PASS: TestReadSlice

=== RUN  TestWriteSlice

-- PASS: TestWriteSlice

=== RUN  TestReadBool

-- PASS: TestReadBool

=== RUN  TestReadBoolSlice

-- PASS: TestReadBoolSlice

=== RUN  TestSliceRoundTrip

-- PASS: TestSliceRoundTrip

=== RUN  TestWriteT
Exception: field access on null
Called from stdgo._internal.testing.M_static_extension.run (./stdgo/_internal/testing/Testing_m_static_extension.hx line 34 column 17)
Called from stdgo._internal.encoding.binary._Binary_testwritet.Binary_testwritet_Fields_.testWriteT (./stdgo/_internal/encoding/binary/Binary_testwritet.hx line 6 column 24)
Called from stdgo._internal.encoding.binary._Binary_write.Binary_write_Fields_.write (./stdgo/_internal/encoding/binary/Binary_write.hx line 147 column 21)
Called from stdgo._internal.encoding.binary._Binary__datasize.Binary__datasize_Fields_._dataSize (./stdgo/_internal/encoding/binary/Binary__datasize.hx line 15 column 44)
Called from stdgo._internal.sync.Map__static_extension.load (./stdgo/_internal/sync/Sync_map__static_extension.hx line 383 column 32)
Called from stdgo._internal.sync.Map__static_extension._loadReadOnly (./stdgo/_internal/sync/Sync_map__static_extension.hx line 421 column 31)
Called from stdgo._internal.sync.atomic_.Pointer__static_extension.load (./stdgo/_internal/sync/atomic_/Atomic__pointer__static_extension.hx line 36 column 39)
Called from stdgo._internal.unsafe._Unsafe.UnsafePointer_Impl_.__toRef__ (./stdgo/_internal/unsafe/Unsafe.hx line 10 column 10)

-- FAIL: TestWriteT

=== RUN  TestBlankFields
binary.Write: some values are not fixed-sized in type *.encoding.binary.BlankFields
Exception: field access on null
Called from stdgo._internal.testing.M_static_extension.run (./stdgo/_internal/testing/Testing_m_static_extension.hx line 34 column 17)
Called from stdgo._internal.encoding.binary._Binary_testblankfields.Binary_testblankfields_Fields_.testBlankFields (./stdgo/_internal/encoding/binary/Binary_testblankfields.hx line 13 column 24)
Called from stdgo._internal.encoding.binary._Binary_read.Binary_read_Fields_.read (./stdgo/_internal/encoding/binary/Binary_read.hx line 117 column 25)
Called from stdgo._internal.encoding.binary._Binary__datasize.Binary__datasize_Fields_._dataSize (./stdgo/_internal/encoding/binary/Binary__datasize.hx line 15 column 44)
Called from stdgo._internal.sync.Map__static_extension.load (./stdgo/_internal/sync/Sync_map__static_extension.hx line 383 column 32)
Called from stdgo._internal.sync.Map__static_extension._loadReadOnly (./stdgo/_internal/sync/Sync_map__static_extension.hx line 421 column 31)
Called from stdgo._internal.sync.atomic_.Pointer__static_extension.load (./stdgo/_internal/sync/atomic_/Atomic__pointer__static_extension.hx line 36 column 39)
Called from stdgo._internal.unsafe._Unsafe.UnsafePointer_Impl_.__toRef__ (./stdgo/_internal/unsafe/Unsafe.hx line 10 column 10)

-- FAIL: TestBlankFields

=== RUN  TestSizeStructCache
Can't get the size of *.encoding.binary.foo_7241Exception: __fail__
Called from stdgo._internal.testing.M_static_extension.run (./stdgo/_internal/testing/Testing_m_static_extension.hx line 34 column 17)
Called from stdgo._internal.encoding.binary._Binary_testsizestructcache.Binary_testsizestructcache_Fields_.testSizeStructCache (./stdgo/_internal/encoding/binary/Binary_testsizestructcache.hx line 23 column 37)
Called from local function #1 (./stdgo/_internal/testing/Testing_t_.hx line 47 column 107)
Called from stdgo._internal.testing.T_common_static_extension.fatalf (./stdgo/_internal/testing/Testing_t_common_static_extension.hx line 69 column 9)
Called from stdgo._internal.testing.T_common_static_extension.failNow (./stdgo/_internal/testing/Testing_t_common_static_extension.hx line 118 column 9)

-- FAIL: TestSizeStructCache

=== RUN  TestSizeInvalid

-- PASS: TestSizeInvalid

=== RUN  TestUnexportedRead
binary.Write: some values are not fixed-sized in type *.encoding.binary.Unexported
Exception: __fail__
Called from stdgo._internal.testing.M_static_extension.run (./stdgo/_internal/testing/Testing_m_static_extension.hx line 34 column 17)
Called from stdgo._internal.encoding.binary._Binary_testunexportedread.Binary_testunexportedread_Fields_.testUnexportedRead (./stdgo/_internal/encoding/binary/Binary_testunexportedread.hx line 77 column 21)

-- FAIL: TestUnexportedRead

=== RUN  TestReadErrorMsg
int: got "EOF"; want "binary.Read: invalid type int"

-- FAIL: TestReadErrorMsg

=== RUN  TestReadTruncated
Exception: field access on null
Called from stdgo._internal.testing.M_static_extension.run (./stdgo/_internal/testing/Testing_m_static_extension.hx line 34 column 17)
Called from stdgo._internal.encoding.binary._Binary_testreadtruncated.Binary_testreadtruncated_Fields_.testReadTruncated (./stdgo/_internal/encoding/binary/Binary_testreadtruncated.hx line 27 column 32)
Called from stdgo._internal.encoding.binary._Binary_read.Binary_read_Fields_.read (./stdgo/_internal/encoding/binary/Binary_read.hx line 117 column 25)
Called from stdgo._internal.encoding.binary._Binary__datasize.Binary__datasize_Fields_._dataSize (./stdgo/_internal/encoding/binary/Binary__datasize.hx line 15 column 44)
Called from stdgo._internal.sync.Map__static_extension.load (./stdgo/_internal/sync/Sync_map__static_extension.hx line 383 column 32)
Called from stdgo._internal.sync.Map__static_extension._loadReadOnly (./stdgo/_internal/sync/Sync_map__static_extension.hx line 421 column 31)
Called from stdgo._internal.sync.atomic_.Pointer__static_extension.load (./stdgo/_internal/sync/atomic_/Atomic__pointer__static_extension.hx line 36 column 39)
Called from stdgo._internal.unsafe._Unsafe.UnsafePointer_Impl_.__toRef__ (./stdgo/_internal/unsafe/Unsafe.hx line 10 column 10)

-- FAIL: TestReadTruncated

=== RUN  TestByteOrder

-- PASS: TestByteOrder

=== RUN  TestEarlyBoundsChecks

-- PASS: TestEarlyBoundsChecks

=== RUN  TestReadInvalidDestination
Exception: Unexpected value 0, expected instance
Called from stdgo._internal.testing.M_static_extension.run (./stdgo/_internal/testing/Testing_m_static_extension.hx line 34 column 17)
Called from stdgo._internal.encoding.binary._Binary_testreadinvaliddestination.Binary_testreadinvaliddestination_Fields_.testReadInvalidDestination (./stdgo/_internal/encoding/binary/Binary_testreadinvaliddestination.hx line 3 column 9)
Called from stdgo._internal.encoding.binary._Binary__testreadinvaliddestination.Binary__testreadinvaliddestination_Fields_._testReadInvalidDestination (./stdgo/_internal/encoding/binary/Binary__testreadinvaliddestination.hx line 5 column 24)
Called from stdgo._internal.encoding.binary._Binary_read.Binary_read_Fields_.read (./stdgo/_internal/encoding/binary/Binary_read.hx line 20 column 13)

-- FAIL: TestReadInvalidDestination

=== RUN  TestNoFixedSize
got "binary.Write: some values are not fixed-sized in type *.encoding.binary.Person_12888", want "binary.Write: some values are not fixed-sized in type *binary.Person"Exception: __fail__
Called from stdgo._internal.testing.M_static_extension.run (./stdgo/_internal/testing/Testing_m_static_extension.hx line 34 column 17)
Called from stdgo._internal.encoding.binary._Binary_testnofixedsize.Binary_testnofixedsize_Fields_.testNoFixedSize (./stdgo/_internal/encoding/binary/Binary_testnofixedsize.hx line 12 column 99)
Called from local function #1 (./stdgo/_internal/testing/Testing_t_.hx line 47 column 107)
Called from stdgo._internal.testing.T_common_static_extension.fatalf (./stdgo/_internal/testing/Testing_t_common_static_extension.hx line 69 column 9)
Called from stdgo._internal.testing.T_common_static_extension.failNow (./stdgo/_internal/testing/Testing_t_common_static_extension.hx line 118 column 9)

-- FAIL: TestNoFixedSize

=== RUN  TestNativeEndian
./stdgo/_internal/unsafe/Unsafe.hx:51: unimplemented unsafe conversion: pointerType({get: #fun}) -> pointerType({get: #fun})
Exception: Unexpected value [], expected instance
Called from stdgo._internal.testing.M_static_extension.run (./stdgo/_internal/testing/Testing_m_static_extension.hx line 34 column 17)
Called from stdgo._internal.encoding.binary._Binary_testnativeendian.Binary_testnativeendian_Fields_.testNativeEndian (./stdgo/_internal/encoding/binary/Binary_testnativeendian.hx line 11 column 22)
Called from local function #1 (./stdgo/_internal/encoding/binary/Binary_t_nativeendian.hx line 40 column 96)
Called from stdgo._internal.encoding.binary.T_littleEndian_static_extension.uint32 (./stdgo/_internal/encoding/binary/Binary_t_littleendian_static_extension.hx line 62 column 9)
Called from stdgo._Slice.Slice_Impl_.__get__ (./stdgo/Slice.hx line 164 column 3)
Called from stdgo._Slice.Slice_Impl_.__boundsCheck__ (./stdgo/Slice.hx line 156 column 21)

-- FAIL: TestNativeEndian

=== RUN  TestConstants

-- PASS: TestConstants

=== RUN  TestVarint

-- PASS: TestVarint

=== RUN  TestUvarint

-- PASS: TestUvarint

=== RUN  TestBufferTooSmall

-- PASS: TestBufferTooSmall

=== RUN  TestBufferTooBigWithOverflow
- SUBRUN  invalid: 1000 bytes
- SUBRUN  valid: math.MaxUint64-40
- SUBRUN  invalid: with more than MaxVarintLen64 bytes
- SUBRUN  invalid: 10th byte

-- PASS: TestBufferTooBigWithOverflow

=== RUN  TestOverflow

-- PASS: TestOverflow

=== RUN  TestNonCanonicalZero

-- PASS: TestNonCanonicalZero

./stdgo/_internal/testing/Testing_m_static_extension.hx:60: exitCode: 1 exitCodeReason: 
-- FAIL: TestNativeEndian
