=== RUN  TestErrorf

-- PASS: TestErrorf

=== RUN  TestFmtInterface

-- PASS: TestFmtInterface

=== RUN  TestSprintf
Exception: Unexpected value #fun, expected instance
Called from stdgo._internal.testing.M_static_extension.run (./stdgo/_internal/testing/Testing_m_static_extension.hx line 34 column 17)
Called from _internal.fmt_test._Fmt_test_testsprintf.Fmt_test_testsprintf_Fields_.testSprintf (./_internal/fmt_test/Fmt_test_testsprintf.hx line 4 column 23)
Called from stdgo._internal.fmt._Fmt_sprintf.Fmt_sprintf_Fields_.sprintf (./stdgo/_internal/fmt/Fmt_sprintf.hx line 5 column 19)
Called from stdgo._internal.fmt.T_pp_static_extension._doPrintf (./stdgo/_internal/fmt/Fmt_t_pp_static_extension.hx line 179 column 31)
Called from stdgo._internal.fmt.T_pp_static_extension._printArg (./stdgo/_internal/fmt/Fmt_t_pp_static_extension.hx line 834 column 22)
Called from stdgo._internal.reflect.Value_static_extension.isValid (./stdgo/_internal/reflect/Reflect_value_static_extension.hx line 456 column 29)

-- FAIL: TestSprintf

=== RUN  TestComplexFormatting

-- PASS: TestComplexFormatting

=== RUN  TestReorder

-- PASS: TestReorder

=== RUN  TestCountMallocs
skipping malloc count in short mode
Exception: __skip__
Called from stdgo._internal.testing.M_static_extension.run (./stdgo/_internal/testing/Testing_m_static_extension.hx line 34 column 17)
Called from _internal.fmt_test._Fmt_test_testcountmallocs.Fmt_test_testcountmallocs_Fields_.testCountMallocs (./_internal/fmt_test/Fmt_test_testcountmallocs.hx line 4 column 31)
Called from local function #1 (./stdgo/_internal/testing/Testing_t_.hx line 67 column 87)
Called from stdgo._internal.testing.T_common_static_extension.skip (./stdgo/_internal/testing/Testing_t_common_static_extension.hx line 61 column 9)
Called from stdgo._internal.testing.T_common_static_extension.skipNow (./stdgo/_internal/testing/Testing_t_common_static_extension.hx line 45 column 9)

-- SKIP: TestCountMallocs

-- PASS: TestCountMallocs

=== RUN  TestFlagParser

-- PASS: TestFlagParser

=== RUN  TestStructPrinter
Sprintf("%#v", s) = `_internal.fmt_test.T_47832{a:"abc", b:"def", c:123}`, want `fmt_test.T{a:"abc", b:"def", c:123}`
Sprintf("%#v", &s) = `&_internal.fmt_test.T_47832{a:"abc", b:"def", c:123}`, want `&fmt_test.T{a:"abc", b:"def", c:123}`

-- FAIL: TestStructPrinter

=== RUN  TestSlicePrinter

-- PASS: TestSlicePrinter

=== RUN  TestMapPrinter

-- PASS: TestMapPrinter

=== RUN  TestEmptyMap

-- PASS: TestEmptyMap

=== RUN  TestBlank

-- PASS: TestBlank

=== RUN  TestBlankln

-- PASS: TestBlankln

=== RUN  TestFormatterPrintln

-- PASS: TestFormatterPrintln

=== RUN  TestWidthAndPrecision

-- PASS: TestWidthAndPrecision

=== RUN  TestPanics
-- SKIP: testPanics

-- PASS: TestPanics

=== RUN  TestBadVerbRecursion

-- PASS: TestBadVerbRecursion

=== RUN  TestIsSpace

-- PASS: TestIsSpace

=== RUN  TestNilDoesNotBecomeTyped
expected:
	"%!s(<nil>) %!s(*fmt_test.A=<nil>) %!s(<nil>) {} %!s(<nil>)"
got:
	"%!s(<nil>) &{} %!s(<nil>) {} %!s(<nil>)"

-- FAIL: TestNilDoesNotBecomeTyped

=== RUN  TestFormatterFlags
Sprintf("%#v", [1]_internal.fmt_test.flagPrinter) = "[1]_internal.fmt_test.flagPrinter{[%#v]}", want "[1]fmt_test.flagPrinter{[%#v]}"

-- FAIL: TestFormatterFlags

=== RUN  TestParsenum

-- PASS: TestParsenum

=== RUN  TestAppendf
Appendf allocated a new sliceException: __fail__
Called from stdgo._internal.testing.M_static_extension.run (./stdgo/_internal/testing/Testing_m_static_extension.hx line 34 column 17)
Called from _internal.fmt_test._Fmt_test_testappendf.Fmt_test_testappendf_Fields_.testAppendf (./_internal/fmt_test/Fmt_test_testappendf.hx line 10 column 33)
Called from local function #1 (./stdgo/_internal/testing/Testing_t_.hx line 47 column 107)
Called from stdgo._internal.testing.T_common_static_extension.fatalf (./stdgo/_internal/testing/Testing_t_common_static_extension.hx line 69 column 9)
Called from stdgo._internal.testing.T_common_static_extension.failNow (./stdgo/_internal/testing/Testing_t_common_static_extension.hx line 118 column 9)

-- FAIL: TestAppendf
