=== RUN  TestErrorf

-- PASS: TestErrorf

=== RUN  TestFmtInterface

-- PASS: TestFmtInterface

=== RUN  TestSprintf
Exception: Can't cast stdgo._internal.reflect.Value_asInterface to stdgo._internal.reflect.Value
Called from stdgo._internal.fmt.$T_pp_static_extension._printArg (stdgo/_internal/fmt/Fmt_t_pp_static_extension.hx line 833)
Called from stdgo._internal.fmt.$T_pp_static_extension._doPrintf (stdgo/_internal/fmt/Fmt_t_pp_static_extension.hx line 179)
Called from stdgo._internal.fmt._Fmt_sprintf.$Fmt_sprintf_Fields_.sprintf (stdgo/_internal/fmt/Fmt_sprintf.hx line 5)
Called from _internal.fmt_test._Fmt_test_testsprintf.$Fmt_test_testsprintf_Fields_.testSprintf (_internal/fmt_test/Fmt_test_testsprintf.hx line 4)
Called from stdgo._internal.testing.$M_static_extension.run (stdgo/_internal/testing/Testing_m_static_extension.hx line 34)
Called from _internal.fmt_dot_test._Fmt_dot_test.$Fmt_dot_test_Fields_.main (_internal/fmt_dot_test/Fmt_dot_test.hx line 4)

-- FAIL: TestSprintf

=== RUN  TestComplexFormatting

-- PASS: TestComplexFormatting

=== RUN  TestReorder

-- PASS: TestReorder

=== RUN  TestCountMallocs
skipping malloc count in short mode
Exception: __skip__
Called from stdgo._internal.testing.$T_common_static_extension.skipNow (stdgo/_internal/testing/Testing_t_common_static_extension.hx line 45)
Called from stdgo._internal.testing.$T_common_static_extension.skip (stdgo/_internal/testing/Testing_t_common_static_extension.hx line 61)
Called from stdgo._internal.testing.T_.~get_skip.0 (stdgo/_internal/testing/Testing_t_.hx line 67)
Called from _internal.fmt_test._Fmt_test_testcountmallocs.$Fmt_test_testcountmallocs_Fields_.testCountMallocs (_internal/fmt_test/Fmt_test_testcountmallocs.hx line 4)
Called from stdgo._internal.testing.$M_static_extension.run (stdgo/_internal/testing/Testing_m_static_extension.hx line 34)
Called from _internal.fmt_dot_test._Fmt_dot_test.$Fmt_dot_test_Fields_.main (_internal/fmt_dot_test/Fmt_dot_test.hx line 4)

-- SKIP: TestCountMallocs

=== RUN  TestFlagParser

-- PASS: TestFlagParser

=== RUN  TestStructPrinter
Sprintf("%#v", s) = `_internal.fmt_test.T_47832{a:"abc", b:"def", c:123}`, want `fmt_test.T{a:"abc", b:"def", c:123}`
Sprintf("%#v", &s) = `&_internal.fmt_test.T_47832{a:"abc", b:"def", c:123}`, want `&fmt_test.T{a:"abc", b:"def", c:123}`

-- FAIL: TestStructPrinter

=== RUN  TestSlicePrinter

-- PASS: TestSlicePrinter

=== RUN  TestMapPrinter

-- PASS: TestMapPrinter

=== RUN  TestEmptyMap

-- PASS: TestEmptyMap

=== RUN  TestBlank

-- PASS: TestBlank

=== RUN  TestBlankln

-- PASS: TestBlankln

=== RUN  TestFormatterPrintln

-- PASS: TestFormatterPrintln

=== RUN  TestWidthAndPrecision

-- PASS: TestWidthAndPrecision

=== RUN  TestPanics
-- SKIP: testPanics

-- PASS: TestPanics

=== RUN  TestBadVerbRecursion

-- PASS: TestBadVerbRecursion

=== RUN  TestIsSpace

-- PASS: TestIsSpace

=== RUN  TestNilDoesNotBecomeTyped
expected:
	"%!s(<nil>) %!s(*fmt_test.A=<nil>) %!s(<nil>) {} %!s(<nil>)"
got:
	"%!s(<nil>) &{} %!s(<nil>) {} %!s(<nil>)"

-- FAIL: TestNilDoesNotBecomeTyped

=== RUN  TestFormatterFlags
Sprintf("%#v", [1]_internal.fmt_test.flagPrinter) = "[1]_internal.fmt_test.flagPrinter{[%#v]}", want "[1]fmt_test.flagPrinter{[%#v]}"

-- FAIL: TestFormatterFlags

=== RUN  TestParsenum

-- PASS: TestParsenum

=== RUN  TestAppendf
Appendf allocated a new sliceException: __fail__
Called from stdgo._internal.testing.$T_common_static_extension.failNow (stdgo/_internal/testing/Testing_t_common_static_extension.hx line 118)
Called from stdgo._internal.testing.$T_common_static_extension.fatalf (stdgo/_internal/testing/Testing_t_common_static_extension.hx line 69)
Called from stdgo._internal.testing.T_.~get_fatalf.0 (stdgo/_internal/testing/Testing_t_.hx line 47)
Called from _internal.fmt_test._Fmt_test_testappendf.$Fmt_test_testappendf_Fields_.testAppendf (_internal/fmt_test/Fmt_test_testappendf.hx line 10)
Called from stdgo._internal.testing.$M_static_extension.run (stdgo/_internal/testing/Testing_m_static_extension.hx line 34)
Called from _internal.fmt_dot_test._Fmt_dot_test.$Fmt_dot_test_Fields_.main (_internal/fmt_dot_test/Fmt_dot_test.hx line 4)

-- FAIL: TestAppendf
