=== RUN  TestCastagnoliRace

-- PASS: TestCastagnoliRace

=== RUN  TestSimple

-- PASS: TestSimple

=== RUN  TestGoldenMarshal
- SUBRUN  IEEE
- SUBRUN  Castagnoli

-- PASS: TestGoldenMarshal

=== RUN  TestMarshalTableMismatch

-- PASS: TestMarshalTableMismatch

=== RUN  TestSlicing
Exception: Cannot read properties of null (reading 'value')
Called from module TypeError: Cannot read properties of null (reading 'value')
Called from stdgo__$internal_unsafe_UnsafePointer.__toRef__ (/home/runner/work/go2hx/go2hx/golibs/std_crc32.js line 19840 column 15)
Called from stdgo__$internal_sync_atomic_$_Pointer_$_$static_$extension.load (/home/runner/work/go2hx/go2hx/golibs/std_crc32.js line 19831 column 52)
Called from .stdgo__$internal_math_rand_Rand_$_$globalrand__globalRand (/home/runner/work/go2hx/go2hx/golibs/std_crc32.js line 19748 column 71)
Called from .stdgo__$internal_math_rand_Rand_$read_read (/home/runner/work/go2hx/go2hx/golibs/std_crc32.js line 17210 column 65)
Called from .stdgo__$internal_hash_crc32_Crc32_$_$testcrosscheck__testCrossCheck (/home/runner/work/go2hx/go2hx/golibs/std_crc32.js line 17198 column 3)
Called from module at stdgo__$internal_testing_InternalTest.stdgo__$internal_hash_crc32_Crc32_$testslicing_testSlicing [as f] (/home/runner/work/go2hx/go2hx/golibs/std_crc32.js:17187:3)
Called from stdgo__$internal_testing_M_$static_$extension.run (/home/runner/work/go2hx/go2hx/golibs/std_crc32.js line 42302 column 9)
Called from ._$internal_hash_crc32dottest_Crc32dottest_main (/home/runner/work/go2hx/go2hx/golibs/std_crc32.js line 35075 column 59)
Called from module at /home/runner/work/go2hx/go2hx/golibs/std_crc32.js:51666:1
Called from module at Object.<anonymous> (/home/runner/work/go2hx/go2hx/golibs/std_crc32.js:51667:3)

-- FAIL: TestSlicing

=== RUN  TestArchIEEE
<invalid reflect.Value>
Exception: __skip__
Called from stdgo__$internal_testing_T_$common_$static_$extension.skipNow (/home/runner/work/go2hx/go2hx/golibs/std_crc32.js line 42897 column 23)
Called from stdgo__$internal_testing_T_$common_$static_$extension.skip (/home/runner/work/go2hx/go2hx/golibs/std_crc32.js line 42927 column 56)
Called from module at /home/runner/work/go2hx/go2hx/golibs/std_crc32.js:42535:58
Called from module at stdgo__$internal_testing_InternalTest.stdgo__$internal_hash_crc32_Crc32_$testarchieee_testArchIEEE [as f] (/home/runner/work/go2hx/go2hx/golibs/std_crc32.js:21176:18)
Called from stdgo__$internal_testing_M_$static_$extension.run (/home/runner/work/go2hx/go2hx/golibs/std_crc32.js line 42302 column 9)
Called from ._$internal_hash_crc32dottest_Crc32dottest_main (/home/runner/work/go2hx/go2hx/golibs/std_crc32.js line 35075 column 59)
Called from module at /home/runner/work/go2hx/go2hx/golibs/std_crc32.js:51666:1
Called from module at Object.<anonymous> (/home/runner/work/go2hx/go2hx/golibs/std_crc32.js:51667:3)

-- SKIP: TestArchIEEE

-- PASS: TestArchIEEE

=== RUN  TestArchCastagnoli
<invalid reflect.Value>
Exception: __skip__
Called from stdgo__$internal_testing_T_$common_$static_$extension.skipNow (/home/runner/work/go2hx/go2hx/golibs/std_crc32.js line 42897 column 23)
Called from stdgo__$internal_testing_T_$common_$static_$extension.skip (/home/runner/work/go2hx/go2hx/golibs/std_crc32.js line 42927 column 56)
Called from module at /home/runner/work/go2hx/go2hx/golibs/std_crc32.js:42535:58
Called from module at stdgo__$internal_testing_InternalTest.stdgo__$internal_hash_crc32_Crc32_$testarchcastagnoli_testArchCastagnoli [as f] (/home/runner/work/go2hx/go2hx/golibs/std_crc32.js:21186:18)
Called from stdgo__$internal_testing_M_$static_$extension.run (/home/runner/work/go2hx/go2hx/golibs/std_crc32.js line 42302 column 9)
Called from ._$internal_hash_crc32dottest_Crc32dottest_main (/home/runner/work/go2hx/go2hx/golibs/std_crc32.js line 35075 column 59)
Called from module at /home/runner/work/go2hx/go2hx/golibs/std_crc32.js:51666:1
Called from module at Object.<anonymous> (/home/runner/work/go2hx/go2hx/golibs/std_crc32.js:51667:3)

-- SKIP: TestArchCastagnoli

-- PASS: TestArchCastagnoli

=== RUN  TestGolden

-- PASS: TestGolden

./stdgo/_internal/testing/Testing_m_static_extension.hx:60: exitCode: 1
./stdgo/_internal/testing/Testing_m_static_extension.hx:61: exitCodeReason: 
-- FAIL: TestSlicing
