=== RUN  TestGet
Exception: T_:testing.setenv is not yet implemented
Called from stdgo._internal.testing.M_static_extension.run (./stdgo/_internal/testing/Testing_m_static_extension.hx line 34 column 17)
Called from _internal.internal.godebug_test._Godebug_test_testget.Godebug_test_testget_Fields_.testGet (./_internal/internal/godebug_test/Godebug_test_testget.hx line 18 column 23)
Called from stdgo._internal.testing.T__static_extension.setenv (./stdgo/_internal/testing/Testing_t__static_extension.hx line 14 column 138)

-- FAIL: TestGet

=== RUN  TestMetrics
NonDefault kind = 0, want uint64Exception: __fail__
Called from stdgo._internal.testing.M_static_extension.run (./stdgo/_internal/testing/Testing_m_static_extension.hx line 34 column 17)
Called from _internal.internal.godebug_test._Godebug_test_testmetrics.Godebug_test_testmetrics_Fields_.testMetrics (./_internal/internal/godebug_test/Godebug_test_testmetrics.hx line 10 column 93)
Called from local function #1 (./stdgo/_internal/testing/Testing_t_.hx line 47 column 107)
Called from stdgo._internal.testing.T_common_static_extension.fatalf (./stdgo/_internal/testing/Testing_t_common_static_extension.hx line 69 column 9)
Called from stdgo._internal.testing.T_common_static_extension.failNow (./stdgo/_internal/testing/Testing_t_common_static_extension.hx line 118 column 9)

-- FAIL: TestMetrics
