=== RUN  TestFuncPC
./stdgo/_internal/internal/abi/Abi_funcpcabi0.hx:3: funclit
Exception: not implemented: funcPCABI0
Called from .stdgo__$internal_internal_abi_Abi_$funcpcabi0_funcPCABI0 (/home/runner/work/go2hx/go2hx/golibs/std_abi.js line 12928 column 23)
Called from .stdgo__$internal_internal_abi_Abi_$funcpctest_funcPCTest (/home/runner/work/go2hx/go2hx/golibs/std_abi.js line 12918 column 9)
Called from module at stdgo__$internal_testing_InternalTest._$internal_internal_abi_$test_Abi_$test_$testfuncpc_testFuncPC [as f] (/home/runner/work/go2hx/go2hx/golibs/std_abi.js:12410:18)
Called from stdgo__$internal_testing_M_$static_$extension.run (/home/runner/work/go2hx/go2hx/golibs/std_abi.js line 47347 column 9)
Called from ._$internal_internal_abidottest_Abidottest_main (/home/runner/work/go2hx/go2hx/golibs/std_abi.js line 39325 column 59)
Called from module at /home/runner/work/go2hx/go2hx/golibs/std_abi.js:54440:1
Called from module at Object.<anonymous> (/home/runner/work/go2hx/go2hx/golibs/std_abi.js:54441:3)
Called from Module._compile (node:internal/modules/cjs/loader line 1734 column 14)

-- FAIL: TestFuncPC

=== RUN  TestFuncPCCompileError
skipping test: 'go build' unavailable: <invalid reflect.Value>Exception: __skip__
Called from stdgo__$internal_testing_T_$common_$static_$extension.skipNow (/home/runner/work/go2hx/go2hx/golibs/std_abi.js line 48140 column 23)
Called from stdgo__$internal_testing_T_$common_$static_$extension.skipf (/home/runner/work/go2hx/go2hx/golibs/std_abi.js line 48155 column 56)
Called from module at /home/runner/work/go2hx/go2hx/golibs/std_abi.js:47595:58
Called from stdgo__$internal_testing_T_$_$asInterface.skipf (/home/runner/work/go2hx/go2hx/golibs/std_abi.js line 13173 column 54)
Called from .stdgo__$internal_internal_testenv_Testenv_$musthavegobuild_mustHaveGoBuild (/home/runner/work/go2hx/go2hx/golibs/std_abi.js line 13005 column 6)
Called from module at stdgo__$internal_testing_InternalTest._$internal_internal_abi_$test_Abi_$test_$testfuncpccompileerror_testFuncPCCompileError [as f] (/home/runner/work/go2hx/go2hx/golibs/std_abi.js:12426:2)
Called from stdgo__$internal_testing_M_$static_$extension.run (/home/runner/work/go2hx/go2hx/golibs/std_abi.js line 47347 column 9)
Called from ._$internal_internal_abidottest_Abidottest_main (/home/runner/work/go2hx/go2hx/golibs/std_abi.js line 39325 column 59)

-- SKIP: TestFuncPCCompileError

-- PASS: TestFuncPCCompileError

./stdgo/_internal/testing/Testing_m_static_extension.hx:60: exitCode: 1
./stdgo/_internal/testing/Testing_m_static_extension.hx:61: exitCodeReason: 
-- FAIL: TestFuncPC
