=== RUN  TestDisableAllCapabilities
Exception: Cannot read properties of undefined (reading '_common')
Called from module TypeError: Cannot read properties of undefined (reading '_common')
Called from stdgo__$internal_internal_reflect__$Type_$static_$extension.string (/home/runner/work/go2hx/go2hx/golibs/std_cpu.js line 14447 column 13)
Called from stdgo__$internal_internal_reflect__$Type_$asInterface.string (/home/runner/work/go2hx/go2hx/golibs/std_cpu.js line 14865 column 70)
Called from stdgo__$internal_fmt_T_$pp_$static_$extension._doPrintf (/home/runner/work/go2hx/go2hx/golibs/std_cpu.js line 18979 column 73)
Called from .stdgo__$internal_fmt_Fmt_$fprintf_fprintf (/home/runner/work/go2hx/go2hx/golibs/std_cpu.js line 35152 column 48)
Called from .stdgo__$internal_fmt_Fmt_$printf_printf (/home/runner/work/go2hx/go2hx/golibs/std_cpu.js line 35197 column 51)
Called from stdgo__$internal_testing_T_$common_$static_$extension.skipf (/home/runner/work/go2hx/go2hx/golibs/std_cpu.js line 41882 column 42)
Called from module at /home/runner/work/go2hx/go2hx/golibs/std_cpu.js:41323:58
Called from ._$internal_internal_cpu_$test_Cpu_$test_$musthavedebugoptionssupport_mustHaveDebugOptionsSupport (/home/runner/work/go2hx/go2hx/golibs/std_cpu.js line 11916 column 19)
Called from ._$internal_internal_cpu_$test_Cpu_$test_$_$rundebugoptionstest__runDebugOptionsTest (/home/runner/work/go2hx/go2hx/golibs/std_cpu.js line 11875 column 2)
Called from module at stdgo__$internal_testing_InternalTest._$internal_internal_cpu_$test_Cpu_$test_$testdisableallcapabilities_testDisableAllCapabilities [as f] (/home/runner/work/go2hx/go2hx/golibs/std_cpu.js:11940:2)

-- FAIL: TestDisableAllCapabilities

=== RUN  TestAllCapabilitiesDisabled
Exception: Cannot read properties of undefined (reading '_common')
Called from module TypeError: Cannot read properties of undefined (reading '_common')
Called from stdgo__$internal_internal_reflect__$Type_$static_$extension.string (/home/runner/work/go2hx/go2hx/golibs/std_cpu.js line 14447 column 13)
Called from stdgo__$internal_internal_reflect__$Type_$asInterface.string (/home/runner/work/go2hx/go2hx/golibs/std_cpu.js line 14865 column 70)
Called from stdgo__$internal_fmt_T_$pp_$static_$extension._doPrintf (/home/runner/work/go2hx/go2hx/golibs/std_cpu.js line 18979 column 73)
Called from .stdgo__$internal_fmt_Fmt_$fprintf_fprintf (/home/runner/work/go2hx/go2hx/golibs/std_cpu.js line 35152 column 48)
Called from .stdgo__$internal_fmt_Fmt_$printf_printf (/home/runner/work/go2hx/go2hx/golibs/std_cpu.js line 35197 column 51)
Called from stdgo__$internal_testing_T_$common_$static_$extension.skipf (/home/runner/work/go2hx/go2hx/golibs/std_cpu.js line 41882 column 42)
Called from module at /home/runner/work/go2hx/go2hx/golibs/std_cpu.js:41323:58
Called from ._$internal_internal_cpu_$test_Cpu_$test_$musthavedebugoptionssupport_mustHaveDebugOptionsSupport (/home/runner/work/go2hx/go2hx/golibs/std_cpu.js line 11916 column 19)
Called from module at stdgo__$internal_testing_InternalTest._$internal_internal_cpu_$test_Cpu_$test_$testallcapabilitiesdisabled_testAllCapabilitiesDisabled [as f] (/home/runner/work/go2hx/go2hx/golibs/std_cpu.js:11922:2)
Called from stdgo__$internal_testing_M_$static_$extension.run (/home/runner/work/go2hx/go2hx/golibs/std_cpu.js line 41078 column 9)

-- FAIL: TestAllCapabilitiesDisabled

./stdgo/_internal/testing/Testing_m_static_extension.hx:57: exitCode: 1
