=== RUN  TestGet
Exception: T_:testing.setenv is not yet implemented
Called from stdgo__$internal_testing_T_$_$static_$extension.setenv (/home/runner/work/go2hx/go2hx/golibs/std_godebug.js line 12813 column 23)
Called from module at stdgo__$internal_testing_InternalTest._$internal_internal_godebug_$test_Godebug_$test_$testget_testGet [as f] (/home/runner/work/go2hx/go2hx/golibs/std_godebug.js:12094:51)
Called from stdgo__$internal_testing_M_$static_$extension.run (/home/runner/work/go2hx/go2hx/golibs/std_godebug.js line 41002 column 9)
Called from ._$internal_internal_godebug_$dot_$test_Godebug_$dot_$test_main (/home/runner/work/go2hx/go2hx/golibs/std_godebug.js line 32703 column 59)
Called from module at /home/runner/work/go2hx/go2hx/golibs/std_godebug.js:49509:1
Called from module at Object.<anonymous> (/home/runner/work/go2hx/go2hx/golibs/std_godebug.js:49510:3)
Called from Module._compile (node:internal/modules/cjs/loader line 1734 column 14)
Called from Object..js (node:internal/modules/cjs/loader line 1899 column 10)

-- FAIL: TestGet

=== RUN  TestMetrics
NonDefault kind = <invalid reflect.Value>, want uint64Exception: __fail__
Called from stdgo__$internal_testing_T_$common_$static_$extension.failNow (/home/runner/work/go2hx/go2hx/golibs/std_godebug.js line 41755 column 23)
Called from stdgo__$internal_testing_T_$common_$static_$extension.fatalf (/home/runner/work/go2hx/go2hx/golibs/std_godebug.js line 41644 column 56)
Called from module at /home/runner/work/go2hx/go2hx/golibs/std_godebug.js:41198:58
Called from module at stdgo__$internal_testing_InternalTest._$internal_internal_godebug_$test_Godebug_$test_$testmetrics_testMetrics [as f] (/home/runner/work/go2hx/go2hx/golibs/std_godebug.js:13127:20)
Called from stdgo__$internal_testing_M_$static_$extension.run (/home/runner/work/go2hx/go2hx/golibs/std_godebug.js line 41002 column 9)
Called from ._$internal_internal_godebug_$dot_$test_Godebug_$dot_$test_main (/home/runner/work/go2hx/go2hx/golibs/std_godebug.js line 32703 column 59)
Called from module at /home/runner/work/go2hx/go2hx/golibs/std_godebug.js:49509:1
Called from module at Object.<anonymous> (/home/runner/work/go2hx/go2hx/golibs/std_godebug.js:49510:3)

-- FAIL: TestMetrics
