=== RUN  TestReadError

-- PASS: TestReadError

=== RUN  TestMutexLock
Exception: XFDMutex:internal.poll.incref is not yet implemented
Called from stdgo._internal.testing.M_static_extension.run (./stdgo/_internal/testing/Testing_m_static_extension.hx line 34 column 17)
Called from _internal.internal.poll_test._Poll_test_testmutexlock.Poll_test_testmutexlock_Fields_.testMutexLock (./_internal/internal/poll_test/Poll_test_testmutexlock.hx line 4 column 23)
Called from stdgo._internal.internal.poll.XFDMutex_static_extension.incref (./stdgo/_internal/internal/poll/Poll_xfdmutex_static_extension.hx line 17 column 110)

-- FAIL: TestMutexLock

=== RUN  TestMutexClose
Exception: XFDMutex:internal.poll.increfAndClose is not yet implemented
Called from stdgo._internal.testing.M_static_extension.run (./stdgo/_internal/testing/Testing_m_static_extension.hx line 34 column 17)
Called from _internal.internal.poll_test._Poll_test_testmutexclose.Poll_test_testmutexclose_Fields_.testMutexClose (./_internal/internal/poll_test/Poll_test_testmutexclose.hx line 4 column 23)
Called from stdgo._internal.internal.poll.XFDMutex_static_extension.increfAndClose (./stdgo/_internal/internal/poll/Poll_xfdmutex_static_extension.hx line 14 column 118)

-- FAIL: TestMutexClose

=== RUN  TestMutexCloseUnblock
Exception: XFDMutex:internal.poll.rWLock is not yet implemented
Called from stdgo._internal.testing.M_static_extension.run (./stdgo/_internal/testing/Testing_m_static_extension.hx line 34 column 17)
Called from _internal.internal.poll_test._Poll_test_testmutexcloseunblock.Poll_test_testmutexcloseunblock_Fields_.testMutexCloseUnblock (./_internal/internal/poll_test/Poll_test_testmutexcloseunblock.hx line 5 column 18)
Called from stdgo._internal.internal.poll.XFDMutex_static_extension.rWLock (./stdgo/_internal/internal/poll/Poll_xfdmutex_static_extension.hx line 8 column 122)

-- FAIL: TestMutexCloseUnblock

=== RUN  TestMutexPanic
Exception: XFDMutex:internal.poll.incref is not yet implemented
Called from stdgo._internal.testing.M_static_extension.run (./stdgo/_internal/testing/Testing_m_static_extension.hx line 34 column 17)
Called from _internal.internal.poll_test._Poll_test_testmutexpanic.Poll_test_testmutexpanic_Fields_.testMutexPanic (./_internal/internal/poll_test/Poll_test_testmutexpanic.hx line 100 column 18)
Called from stdgo._internal.internal.poll.XFDMutex_static_extension.incref (./stdgo/_internal/internal/poll/Poll_xfdmutex_static_extension.hx line 17 column 110)

-- FAIL: TestMutexPanic

=== RUN  TestMutexOverflowPanic
wrong panic message "XFDMutex:internal.poll.incref is not yet implemented"Exception: XFDMutex:internal.poll.incref is not yet implemented
Called from stdgo._internal.testing.M_static_extension.run (./stdgo/_internal/testing/Testing_m_static_extension.hx line 34 column 17)
Called from _internal.internal.poll_test._Poll_test_testmutexoverflowpanic.Poll_test_testmutexoverflowpanic_Fields_.testMutexOverflowPanic (./_internal/internal/poll_test/Poll_test_testmutexoverflowpanic.hx line 87 column 21)

-- FAIL: TestMutexOverflowPanic

=== RUN  TestMutexStress
./stdgo/Chan.hx:202: get mutex __send__
./stdgo/Go.hx:24: characters 5-10 : Uncaught exception field access on null
./stdgo/Go.hx:24: characters 5-10 : Called from here
/home/runner/haxe/versions/b0b2997/std/eval/_std/sys/thread/Thread.hx:73: characters 4-9 : Called from here
./stdgo/Chan.hx:202: get mutex __send__
./stdgo/Chan.hx:202: get mutex __send__
./stdgo/Chan.hx:202: get mutex __send__
Exception: XFDMutex:internal.poll.increfAndClose is not yet implemented
Called from stdgo._internal.testing.M_static_extension.run (./stdgo/_internal/testing/Testing_m_static_extension.hx line 34 column 17)
Called from _internal.internal.poll_test._Poll_test_testmutexstress.Poll_test_testmutexstress_Fields_.testMutexStress (./_internal/internal/poll_test/Poll_test_testmutexstress.hx line 263 column 21)

-- FAIL: TestMutexStress

=== RUN  TestRead

-- PASS: TestRead

=== RUN  TestConsume
Exception: Cannot call null
Called from stdgo._internal.testing.M_static_extension.run (./stdgo/_internal/testing/Testing_m_static_extension.hx line 34 column 17)
Called from _internal.internal.poll_test._Poll_test_testconsume.Poll_test_testconsume_Fields_.testConsume (./_internal/internal/poll_test/Poll_test_testconsume.hx line 6 column 13)

-- FAIL: TestConsume

./stdgo/Go.hx:24: characters 5-10 : Uncaught exception field access on null
./stdgo/Go.hx:24: characters 5-10 : Called from here
/home/runner/haxe/versions/b0b2997/std/eval/_std/sys/thread/Thread.hx:73: characters 4-9 : Called from here
