=== RUN  TestFormatFileInfo

-- PASS: TestFormatFileInfo

=== RUN  TestFormatDirEntry

-- PASS: TestFormatDirEntry

=== RUN  TestValidPath

-- PASS: TestValidPath

=== RUN  TestGlob
Exception: : No such file or directory
Called from stdgo._internal.testing.M_static_extension.run (./stdgo/_internal/testing/Testing_m_static_extension.hx line 34 column 17)
Called from _internal.io.fs_test._Fs_test_testglob.Fs_test_testglob_Fields_.testGlob (./_internal/io/fs_test/Fs_test_testglob.hx line 4 column 27)
Called from stdgo._internal.io.fs._Fs_glob.Fs_glob_Fields_.glob (./stdgo/_internal/io/fs/Fs_glob.hx line 5 column 29)
Called from stdgo._internal.io.fs._Fs__globwithlimit.Fs__globwithlimit_Fields_._globWithLimit (./stdgo/_internal/io/fs/Fs__globwithlimit.hx line 65 column 33)
Called from stdgo._internal.io.fs._Fs__glob.Fs__glob_Fields_._glob (./stdgo/_internal/io/fs/Fs__glob.hx line 5 column 23)
Called from stdgo._internal.io.fs._Fs_readdir.Fs_readdir_Fields_.readDir (./stdgo/_internal/io/fs/Fs_readdir.hx line 100 column 21)

-- FAIL: TestGlob

=== RUN  TestGlobError

-- PASS: TestGlobError

=== RUN  TestCVE202230630
-- SKIP: testCVE202230630

-- PASS: TestCVE202230630

=== RUN  TestGlobMethod

-- PASS: TestGlobMethod

=== RUN  TestReadDir

-- PASS: TestReadDir

=== RUN  TestFileInfoToDirEntry

-- PASS: TestFileInfoToDirEntry

=== RUN  TestReadFile

-- PASS: TestReadFile

=== RUN  TestStat

-- PASS: TestStat

=== RUN  TestSub

-- PASS: TestSub

=== RUN  TestWalkDir

-- PASS: TestWalkDir

=== RUN  TestIssue51617
chmod: invalid mode: ‘448’
Try 'chmod --help' for more information.
[ERROR] ./stdgo/_internal/os/Os_removeall.hx:8: characters 39-73

 8 |                         var entries = sys.FileSystem.readDirectory(path);
   |                                       ^^^^^^^^^^^^^^^^^^^^^^^^^^^^^^^^^^
   | Uncaught exception 1arg57y4h4/a/bad: Permission denied

    11 |                                 deleteRecursively(path + '/' + entry);
       |                                 ^^^^^^^^^^^^^^^^^^^^^^^^^^^^^^^^^^^^^
       | Called from here (2 times)

    23 |         deleteRecursively(_path);
       |                           ^^^^^
       | Called from here

    ->  ./stdgo/_internal/testing/Testing_t_common_static_extension.hx:21: characters 17-71

    21 |                 stdgo._internal.os.Os_removeall.removeAll(_c._tempDir);
       |                 ^^^^^^^^^^^^^^^^^^^^^^^^^^^^^^^^^^^^^^^^^^^^^^^^^^^^^^
       | Called from here

    ->  ./stdgo/_internal/testing/Testing_m_static_extension.hx:45: characters 17-20

    45 |                 f();
       |                 ^^^
       | Called from here

    ->  ./_internal/io/fs_dot_test/Fs_dot_test.hx:4: characters 50-58

     4 |         #if (sys || hxnodejs) Sys.exit(@:check2r _m.run()) #else null #end;
       |                                                  ^^^^^^^^
       | Called from here

got directories [.], want [. a a/bad a/next]
