=== RUN  TestFormatFileInfo
-- PASS: TestFormatFileInfo

=== RUN  TestFormatDirEntry
-- PASS: TestFormatDirEntry

=== RUN  TestValidPath
-- PASS: TestValidPath

=== RUN  TestGlob
Exception: : No such file or directory
Called from stdgo._internal.testing.M_static_extension.run (./stdgo/_internal/testing/Testing_M_static_extension.hx line 34 column 17)
Called from _internal.io.fs_test._Fs_test_testGlob.Fs_test_testGlob_Fields_.testGlob (./_internal/io/fs_test/Fs_test_testGlob.hx line 13 column 27)
Called from stdgo._internal.io.fs._Fs_glob.Fs_glob_Fields_.glob (./stdgo/_internal/io/fs/Fs_glob.hx line 11 column 93)
Called from stdgo._internal.io.fs._Fs__globWithLimit.Fs__globWithLimit_Fields_._globWithLimit (./stdgo/_internal/io/fs/Fs__globWithLimit.hx line 71 column 97)
Called from stdgo._internal.io.fs._Fs__glob.Fs__glob_Fields_._glob (./stdgo/_internal/io/fs/Fs__glob.hx line 11 column 23)
Called from stdgo._internal.io.fs._Fs_readDir.Fs_readDir_Fields_.readDir (./stdgo/_internal/io/fs/Fs_readDir.hx line 99 column 57)

-- FAIL: TestGlob

=== RUN  TestGlobError
-- PASS: TestGlobError

=== RUN  TestCVE202230630
-- SKIP: testCVE202230630
-- PASS: TestCVE202230630

=== RUN  TestGlobMethod
Exception: MapFS:testing.fstest.glob is not yet implemented
Called from stdgo._internal.testing.M_static_extension.run (./stdgo/_internal/testing/Testing_M_static_extension.hx line 34 column 17)
Called from _internal.io.fs_test._Fs_test_testGlobMethod.Fs_test_testGlobMethod_Fields_.testGlobMethod (./_internal/io/fs_test/Fs_test_testGlobMethod.hx line 18 column 23)
Called from stdgo._internal.io.fs._Fs_glob.Fs_glob_Fields_.glob (./stdgo/_internal/io/fs/Fs_glob.hx line 11 column 93)
Called from stdgo._internal.io.fs._Fs__globWithLimit.Fs__globWithLimit_Fields_._globWithLimit (./stdgo/_internal/io/fs/Fs__globWithLimit.hx line 27 column 101)
Called from _internal.io.fs_test.T_globOnly_asInterface.glob (./_internal/io/fs_test/Fs_test_T_globOnly_asInterface.hx line 17 column 129)
Called from stdgo._internal.testing.fstest.MapFS_asInterface.glob (./stdgo/_internal/testing/fstest/Fstest_MapFS_asInterface.hx line 8 column 135)
Called from stdgo._internal.testing.fstest.MapFS_static_extension.glob (./stdgo/_internal/testing/fstest/Fstest_MapFS_static_extension.hx line 8 column 180)

-- FAIL: TestGlobMethod

=== RUN  TestReadDir
Exception: MapFS:testing.fstest.readDir is not yet implemented
Called from stdgo._internal.testing.M_static_extension.run (./stdgo/_internal/testing/Testing_M_static_extension.hx line 34 column 17)
Called from _internal.io.fs_test._Fs_test_testReadDir.Fs_test_testReadDir_Fields_.testReadDir (./_internal/io/fs_test/Fs_test_testReadDir.hx line 22 column 23)
Called from stdgo._internal.io.fs._Fs_readDir.Fs_readDir_Fields_.readDir (./stdgo/_internal/io/fs/Fs_readDir.hx line 99 column 57)

-- FAIL: TestReadDir

=== RUN  TestFileInfoToDirEntry
-- PASS: TestFileInfoToDirEntry

=== RUN  TestReadFile
Exception: MapFS:testing.fstest.readFile is not yet implemented
Called from stdgo._internal.testing.M_static_extension.run (./stdgo/_internal/testing/Testing_M_static_extension.hx line 34 column 17)
Called from _internal.io.fs_test._Fs_test_testReadFile.Fs_test_testReadFile_Fields_.testReadFile (./_internal/io/fs_test/Fs_test_testReadFile.hx line 12 column 23)
Called from stdgo._internal.io.fs._Fs_readFile.Fs_readFile_Fields_.readFile (./stdgo/_internal/io/fs/Fs_readFile.hx line 103 column 57)

-- FAIL: TestReadFile

=== RUN  TestStat
Exception: MapFS:testing.fstest.stat is not yet implemented
Called from stdgo._internal.testing.M_static_extension.run (./stdgo/_internal/testing/Testing_M_static_extension.hx line 34 column 17)
Called from _internal.io.fs_test._Fs_test_testStat.Fs_test_testStat_Fields_.testStat (./_internal/io/fs_test/Fs_test_testStat.hx line 22 column 23)
Called from stdgo._internal.io.fs._Fs_stat.Fs_stat_Fields_.stat (./stdgo/_internal/io/fs/Fs_stat.hx line 79 column 57)

-- FAIL: TestStat

=== RUN  TestSub
Exception: MapFS:testing.fstest.sub is not yet implemented
Called from stdgo._internal.testing.M_static_extension.run (./stdgo/_internal/testing/Testing_M_static_extension.hx line 34 column 17)
Called from _internal.io.fs_test._Fs_test_testSub.Fs_test_testSub_Fields_.testSub (./_internal/io/fs_test/Fs_test_testSub.hx line 31 column 23)
Called from stdgo._internal.io.fs._Fs_sub.Fs_sub_Fields_.sub (./stdgo/_internal/io/fs/Fs_sub.hx line 22 column 24)
Called from _internal.io.fs_test.T_subOnly_asInterface.sub (./_internal/io/fs_test/Fs_test_T_subOnly_asInterface.hx line 17 column 131)
Called from stdgo._internal.testing.fstest.MapFS_asInterface.sub (./stdgo/_internal/testing/fstest/Fstest_MapFS_asInterface.hx line 5 column 133)
Called from stdgo._internal.testing.fstest.MapFS_static_extension.sub (./stdgo/_internal/testing/fstest/Fstest_MapFS_static_extension.hx line 5 column 178)

-- FAIL: TestSub

=== RUN  TestWalkDir
Exception: MapFS:testing.fstest.stat is not yet implemented
Called from stdgo._internal.testing.M_static_extension.run (./stdgo/_internal/testing/Testing_M_static_extension.hx line 34 column 17)
Called from _internal.io.fs_test._Fs_test_testWalkDir.Fs_test_testWalkDir_Fields_.testWalkDir (./_internal/io/fs_test/Fs_test_testWalkDir.hx line 90 column 57)

-- FAIL: TestWalkDir

=== RUN  TestIssue51617
got directories [.], want [. a a/bad a/next]Exception: MapFS:testing.fstest.stat is not yet implemented
Called from stdgo._internal.testing.M_static_extension.run (./stdgo/_internal/testing/Testing_M_static_extension.hx line 34 column 17)
Called from _internal.io.fs_test._Fs_test_testIssue51617.Fs_test_testIssue51617_Fields_.testIssue51617 (./_internal/io/fs_test/Fs_test_testIssue51617.hx line 94 column 57)
chmod: invalid mode: â€˜448â€™
Try 'chmod --help' for more information.
[30;41m ERROR [0m ./stdgo/_internal/os/Os_removeAll.hx:8: characters 39-73

 8 | [2m                        var entries = [0m[1msys.FileSystem.readDirectory(path)[0m[2m;[0m
   |                                       [31m^^^^^^^^^^^^^^^^^^^^^^^^^^^^^^^^^^[0m
   | Uncaught exception rd5a31o9bn/a/bad: Permission denied

    11 | [2m                                [0m[1mdeleteRecursively(path + '/' + entry)[0m[2m;[0m
       |                                 [31m^^^^^^^^^^^^^^^^^^^^^^^^^^^^^^^^^^^^^[0m
       | Called from here

       | Called from here

    23 | [2m        deleteRecursively([0m[1m_path[0m[2m);[0m
       |                           [31m^^^^^[0m
       | Called from here

   [30;41m -> [0m ./stdgo/_internal/testing/Testing_T_common_static_extension.hx:21: characters 17-71

    21 | [2m                [0m[1mstdgo._internal.os.Os_removeAll.removeAll(_c._tempDir)[0m[2m;[0m
       |                 [31m^^^^^^^^^^^^^^^^^^^^^^^^^^^^^^^^^^^^^^^^^^^^^^^^^^^^^^[0m
       | Called from here

   [30;41m -> [0m ./stdgo/_internal/testing/Testing_M_static_extension.hx:45: characters 17-20

    45 | [2m                [0m[1mf()[0m[2m;[0m
       |                 [31m^^^[0m
       | Called from here

   [30;41m -> [0m ./_internal/io/fs_dot_test/Fs_dot_test.hx:7: characters 50-58

     7 | [2m        #if (sys || hxnodejs) Sys.exit(@:check2r [0m[1m_m.run()[0m[2m) #else null #end;[0m
       |                                                  [31m^^^^^^^^[0m
       | Called from here

