=== RUN  TestAuto
Exception: Null access .value
Called from stdgo._internal.unsafe._Unsafe.$UnsafePointer_Impl_.__toRef__ (stdgo/_internal/unsafe/Unsafe.hx line 10)
Called from stdgo._internal.sync.atomic_.$Pointer__static_extension.load (stdgo/_internal/sync/atomic_/Atomic__pointer__static_extension.hx line 36)
Called from stdgo._internal.math.rand._Rand__globalrand.$Rand__globalrand_Fields_._globalRand (stdgo/_internal/math/rand/Rand__globalrand.hx line 4)
Called from stdgo._internal.math.rand._Rand_int63.$Rand_int63_Fields_.int63 (stdgo/_internal/math/rand/Rand_int63.hx line 3)
Called from _internal.math.rand_test._Rand_test_testauto.$Rand_test_testauto_Fields_.testAuto (_internal/math/rand_test/Rand_test_testauto.hx line 7)
Called from stdgo._internal.testing.$M_static_extension.run (stdgo/_internal/testing/Testing_m_static_extension.hx line 33)
Called from _internal.math.randdottest._Randdottest.$Randdottest_Fields_.main (_internal/math/randdottest/Randdottest.hx line 7)

-- FAIL: TestAuto

=== RUN  TestDefaultRace
Exception: __skip__
Called from stdgo._internal.testing.$T_common_static_extension.skipNow (stdgo/_internal/testing/Testing_t_common_static_extension.hx line 45)
Called from stdgo._internal.testing.$T_common_static_extension.skip (stdgo/_internal/testing/Testing_t_common_static_extension.hx line 61)
Called from stdgo._internal.testing.T_.~get_skip.0 (stdgo/_internal/testing/Testing_t_.hx line 67)
Called from _internal.math.rand_test._Rand_test_testdefaultrace.$Rand_test_testdefaultrace_Fields_.testDefaultRace (_internal/math/rand_test/Rand_test_testdefaultrace.hx line 4)
Called from stdgo._internal.testing.$M_static_extension.run (stdgo/_internal/testing/Testing_m_static_extension.hx line 33)
Called from _internal.math.randdottest._Randdottest.$Randdottest_Fields_.main (_internal/math/randdottest/Randdottest.hx line 7)

-- SKIP: TestDefaultRace

-- PASS: TestDefaultRace

=== RUN  TestConcurrent
-- SKIP: testConcurrent

-- PASS: TestConcurrent

=== RUN  TestStandardNormalValues

-- PASS: TestStandardNormalValues

=== RUN  TestNonStandardNormalValues

-- PASS: TestNonStandardNormalValues

=== RUN  TestStandardExponentialValues

-- FAIL: TestStandardExponentialValues

=== RUN  TestNonStandardExponentialValues

-- FAIL: TestNonStandardExponentialValues

=== RUN  TestNormTables
Exception: Can't cast hl.types.ArrayDyn to hl.types.ArrayBytes_hl_F32
Called from _internal.math.rand_test._Rand_test_testnormtables.$Rand_test_testnormtables_Fields_.testNormTables (stdgo/GoArray.hx line 117)
Called from stdgo._internal.testing.$M_static_extension.run (stdgo/_internal/testing/Testing_m_static_extension.hx line 33)
Called from _internal.math.randdottest._Randdottest.$Randdottest_Fields_.main (_internal/math/randdottest/Randdottest.hx line 7)

-- FAIL: TestNormTables

=== RUN  TestExpTables
Exception: Can't cast hl.types.ArrayDyn to hl.types.ArrayBytes_hl_F32
Called from _internal.math.rand_test._Rand_test_testexptables.$Rand_test_testexptables_Fields_.testExpTables (stdgo/GoArray.hx line 117)
Called from stdgo._internal.testing.$M_static_extension.run (stdgo/_internal/testing/Testing_m_static_extension.hx line 33)
Called from _internal.math.randdottest._Randdottest.$Randdottest_Fields_.main (_internal/math/randdottest/Randdottest.hx line 7)

-- FAIL: TestExpTables

=== RUN  TestFloat32
-- SKIP: testFloat32

-- PASS: TestFloat32

=== RUN  TestReadUniformity

-- PASS: TestReadUniformity

=== RUN  TestReadEmpty

-- PASS: TestReadEmpty

=== RUN  TestReadByOneByte

-- PASS: TestReadByOneByte

=== RUN  TestReadSeedReset

-- PASS: TestReadSeedReset

=== RUN  TestShuffleSmall

-- PASS: TestShuffleSmall

=== RUN  TestUniformFactorial
- SUBRUN  n=3
- SUBRUN  Int31n
- SUBRUN  int31n
- SUBRUN  Perm
- SUBRUN  Shuffle

-- PASS: TestUniformFactorial

=== RUN  TestRegress
Exception: Value:reflect.method is not yet implemented
Called from stdgo._internal.reflect.$Value_static_extension.method (stdgo/_internal/reflect/Reflect_value_static_extension.hx line 390)
Called from _internal.math.rand_test._Rand_test_testregress.$Rand_test_testregress_Fields_.testRegress (_internal/math/rand_test/Rand_test_testregress.hx line 31)
Called from stdgo._internal.testing.$M_static_extension.run (stdgo/_internal/testing/Testing_m_static_extension.hx line 33)
Called from _internal.math.randdottest._Randdottest.$Randdottest_Fields_.main (_internal/math/randdottest/Randdottest.hx line 7)

-- FAIL: TestRegress

