=== RUN  TestMatch

-- PASS: TestMatch

=== RUN  TestGlob
Glob(`match.go`) = []string(nil) want match.go
Glob(`mat?h.go`) = []string(nil) want match.go
Glob(`*`) = []string(nil) want match.go
Glob(`../*/match.go`) = []string(nil) want ../filepath/match.go

-- FAIL: TestGlob

=== RUN  TestCVE202230632
-- SKIP: testCVE202230632

-- PASS: TestCVE202230632

=== RUN  TestGlobError

-- PASS: TestGlobError

=== RUN  TestGlobUNC

-- PASS: TestGlobUNC

=== RUN  TestGlobSymlink
Exception: :os.symlink is not yet implemented
Called from stdgo._internal.testing.M_static_extension.run (./stdgo/_internal/testing/Testing_m_static_extension.hx line 34 column 17)
Called from _internal.path.filepath_test._Filepath_test_testglobsymlink.Filepath_test_testglobsymlink_Fields_.testGlobSymlink (./_internal/path/filepath_test/Filepath_test_testglobsymlink.hx line 30 column 20)
Called from stdgo._internal.os._Os_symlink.Os_symlink_Fields_.symlink (./stdgo/_internal/os/Os_symlink.hx line 2 column 80)

-- FAIL: TestGlobSymlink

=== RUN  TestWindowsGlob
skipping windows specific testException: __skip__
Called from stdgo._internal.testing.M_static_extension.run (./stdgo/_internal/testing/Testing_m_static_extension.hx line 34 column 17)
Called from _internal.path.filepath_test._Filepath_test_testwindowsglob.Filepath_test_testwindowsglob_Fields_.testWindowsGlob (./_internal/path/filepath_test/Filepath_test_testwindowsglob.hx line 150 column 21)

-- SKIP: TestWindowsGlob

=== RUN  TestNonWindowsGlobEscape
Exception: stdgo._internal.math.bits.T_errorString_asInterface
Called from stdgo._internal.testing.M_static_extension.run (./stdgo/_internal/testing/Testing_m_static_extension.hx line 34 column 17)
Called from _internal.path.filepath_test._Filepath_test_testnonwindowsglobescape.Filepath_test_testnonwindowsglobescape_Fields_.testNonWindowsGlobEscape (./_internal/path/filepath_test/Filepath_test_testnonwindowsglobescape.hx line 24 column 14)
Called from stdgo._internal.reflect._Reflect_deepequal.Reflect_deepequal_Fields_.deepEqual (./stdgo/_internal/reflect/Reflect_deepequal.hx line 4 column 20)
Called from stdgo._AnyInterface.AnyInterface_Impl_.equals (./stdgo/AnyInterface.hx line 188 column 5)

-- FAIL: TestNonWindowsGlobEscape

=== RUN  TestClean
skipping malloc count in short mode
Exception: __skip__
Called from stdgo._internal.testing.M_static_extension.run (./stdgo/_internal/testing/Testing_m_static_extension.hx line 34 column 17)
Called from _internal.path.filepath_test._Filepath_test_testclean.Filepath_test_testclean_Fields_.testClean (./_internal/path/filepath_test/Filepath_test_testclean.hx line 39 column 31)
Called from local function #1 (./stdgo/_internal/testing/Testing_t_.hx line 67 column 87)
Called from stdgo._internal.testing.T_common_static_extension.skip (./stdgo/_internal/testing/Testing_t_common_static_extension.hx line 61 column 9)
Called from stdgo._internal.testing.T_common_static_extension.skipNow (./stdgo/_internal/testing/Testing_t_common_static_extension.hx line 45 column 9)

-- SKIP: TestClean

=== RUN  TestIsLocal

-- PASS: TestIsLocal

=== RUN  TestFromAndToSlash

-- PASS: TestFromAndToSlash

=== RUN  TestSplitList

-- PASS: TestSplitList

=== RUN  TestSplit

-- PASS: TestSplit

=== RUN  TestJoin

-- PASS: TestJoin

=== RUN  TestExt

-- PASS: TestExt

=== RUN  TestWalk
unexpected errors: [Exception: testdata: Is a directory
Called from stdgo._internal.os._Os_openfile.Os_openfile_Fields_.openFile (./stdgo/_internal/os/Os_openfile.hx line 8 column 97)]node testdata/a mark = 0; expected 1
node testdata/b mark = 0; expected 1
node testdata/c mark = 0; expected 1
node testdata/d mark = 0; expected 1
node testdata/d/x mark = 0; expected 1
node testdata/d/y mark = 0; expected 1
node testdata/d/z mark = 0; expected 1
node testdata/d/z/u mark = 0; expected 1
node testdata/d/z/v mark = 0; expected 1

-- FAIL: TestWalk

=== RUN  TestWalkDir
unexpected errors: [Exception: testdata: Is a directory
Called from stdgo._internal.os._Os_openfile.Os_openfile_Fields_.openFile (./stdgo/_internal/os/Os_openfile.hx line 8 column 97)]node testdata mark = 2; expected 1
node testdata/a mark = 0; expected 1
node testdata/b mark = 0; expected 1
node testdata/c mark = 0; expected 1
node testdata/d mark = 0; expected 1
node testdata/d/x mark = 0; expected 1
node testdata/d/y mark = 0; expected 1
node testdata/d/z mark = 0; expected 1
node testdata/d/z/u mark = 0; expected 1
node testdata/d/z/v mark = 0; expected 1

-- FAIL: TestWalkDir

=== RUN  TestWalkSkipDirOnFile
Exception: :os.mkdirAll is not yet implemented
Called from stdgo._internal.testing.M_static_extension.run (./stdgo/_internal/testing/Testing_m_static_extension.hx line 34 column 17)
Called from _internal.path.filepath_test._Filepath_test_testwalkskipdironfile.Filepath_test_testwalkskipdironfile_Fields_.testWalkSkipDirOnFile (./_internal/path/filepath_test/Filepath_test_testwalkskipdironfile.hx line 17 column 24)
Called from stdgo._internal.os._Os_mkdirall.Os_mkdirall_Fields_.mkdirAll (./stdgo/_internal/os/Os_mkdirall.hx line 2 column 103)

-- FAIL: TestWalkSkipDirOnFile

=== RUN  TestWalkSkipAllOnFile
Exception: :os.mkdirAll is not yet implemented
Called from stdgo._internal.testing.M_static_extension.run (./stdgo/_internal/testing/Testing_m_static_extension.hx line 34 column 17)
Called from _internal.path.filepath_test._Filepath_test_testwalkskipallonfile.Filepath_test_testwalkskipallonfile_Fields_.testWalkSkipAllOnFile (./_internal/path/filepath_test/Filepath_test_testwalkskipallonfile.hx line 17 column 24)
Called from stdgo._internal.os._Os_mkdirall.Os_mkdirall_Fields_.mkdirAll (./stdgo/_internal/os/Os_mkdirall.hx line 2 column 103)

-- FAIL: TestWalkSkipAllOnFile

=== RUN  TestWalkFileError
Exception: :os.mkdirAll is not yet implemented
Called from stdgo._internal.testing.M_static_extension.run (./stdgo/_internal/testing/Testing_m_static_extension.hx line 34 column 17)
Called from _internal.path.filepath_test._Filepath_test_testwalkfileerror.Filepath_test_testwalkfileerror_Fields_.testWalkFileError (./_internal/path/filepath_test/Filepath_test_testwalkfileerror.hx line 120 column 21)

-- FAIL: TestWalkFileError

=== RUN  TestWalkSymlinkRoot
Exception: :os.mkdirAll is not yet implemented
Called from stdgo._internal.testing.M_static_extension.run (./stdgo/_internal/testing/Testing_m_static_extension.hx line 34 column 17)
Called from _internal.path.filepath_test._Filepath_test_testwalksymlinkroot.Filepath_test_testwalksymlinkroot_Fields_.testWalkSymlinkRoot (./_internal/path/filepath_test/Filepath_test_testwalksymlinkroot.hx line 19 column 24)
Called from stdgo._internal.os._Os_mkdirall.Os_mkdirall_Fields_.mkdirAll (./stdgo/_internal/os/Os_mkdirall.hx line 2 column 103)

-- FAIL: TestWalkSymlinkRoot

=== RUN  TestBase

-- PASS: TestBase

=== RUN  TestDir

-- PASS: TestDir

=== RUN  TestIsAbs

-- PASS: TestIsAbs

=== RUN  TestEvalSymlinks
Exception: :os.symlink is not yet implemented
Called from stdgo._internal.testing.M_static_extension.run (./stdgo/_internal/testing/Testing_m_static_extension.hx line 34 column 17)
Called from _internal.path.filepath_test._Filepath_test_testevalsymlinks.Filepath_test_testevalsymlinks_Fields_.testEvalSymlinks (./_internal/path/filepath_test/Filepath_test_testevalsymlinks.hx line 32 column 24)
Called from stdgo._internal.os._Os_symlink.Os_symlink_Fields_.symlink (./stdgo/_internal/os/Os_symlink.hx line 2 column 80)

-- FAIL: TestEvalSymlinks

=== RUN  TestEvalSymlinksIsNotExist
Exception: :os.isNotExist is not yet implemented
Called from stdgo._internal.testing.M_static_extension.run (./stdgo/_internal/testing/Testing_m_static_extension.hx line 34 column 17)
Called from _internal.path.filepath_test._Filepath_test_testevalsymlinksisnotexist.Filepath_test_testevalsymlinksisnotexist_Fields_.testEvalSymlinksIsNotExist (./_internal/path/filepath_test/Filepath_test_testevalsymlinksisnotexist.hx line 90 column 21)

-- FAIL: TestEvalSymlinksIsNotExist

=== RUN  TestIssue13582
Exception: :os.symlink is not yet implemented
Called from stdgo._internal.testing.M_static_extension.run (./stdgo/_internal/testing/Testing_m_static_extension.hx line 34 column 17)
Called from _internal.path.filepath_test._Filepath_test_testissue13582.Filepath_test_testissue13582_Fields_.testIssue13582 (./_internal/path/filepath_test/Filepath_test_testissue13582.hx line 23 column 16)
Called from stdgo._internal.os._Os_symlink.Os_symlink_Fields_.symlink (./stdgo/_internal/os/Os_symlink.hx line 2 column 80)

-- FAIL: TestIssue13582

=== RUN  TestRelativeSymlinkToAbsolute
Exception: :os.symlink is not yet implemented
Called from stdgo._internal.testing.M_static_extension.run (./stdgo/_internal/testing/Testing_m_static_extension.hx line 34 column 17)
Called from _internal.path.filepath_test._Filepath_test_testrelativesymlinktoabsolute.Filepath_test_testrelativesymlinktoabsolute_Fields_.testRelativeSymlinkToAbsolute (./_internal/path/filepath_test/Filepath_test_testrelativesymlinktoabsolute.hx line 19 column 24)
Called from stdgo._internal.os._Os_symlink.Os_symlink_Fields_.symlink (./stdgo/_internal/os/Os_symlink.hx line 2 column 80)

-- FAIL: TestRelativeSymlinkToAbsolute

=== RUN  TestAbs
Exception: :os.sameFile is not yet implemented
Called from stdgo._internal.testing.M_static_extension.run (./stdgo/_internal/testing/Testing_m_static_extension.hx line 34 column 17)
Called from _internal.path.filepath_test._Filepath_test_testabs.Filepath_test_testabs_Fields_.testAbs (./_internal/path/filepath_test/Filepath_test_testabs.hx line 124 column 21)

-- FAIL: TestAbs

=== RUN  TestAbsEmptyString
qj1schuyt8: readFile qj1schuyt8: no such file or directoryException: :os.sameFile is not yet implemented
Called from stdgo._internal.testing.M_static_extension.run (./stdgo/_internal/testing/Testing_m_static_extension.hx line 34 column 17)
Called from _internal.path.filepath_test._Filepath_test_testabsemptystring.Filepath_test_testabsemptystring_Fields_.testAbsEmptyString (./_internal/path/filepath_test/Filepath_test_testabsemptystring.hx line 97 column 21)

-- FAIL: TestAbsEmptyString

=== RUN  TestRel

-- PASS: TestRel

=== RUN  TestVolumeName

-- PASS: TestVolumeName

=== RUN  TestDriveLetterInEvalSymlinks

-- PASS: TestDriveLetterInEvalSymlinks

=== RUN  TestBug3486
Exception: :runtime.gOROOT is not yet implemented
Called from stdgo._internal.testing.M_static_extension.run (./stdgo/_internal/testing/Testing_m_static_extension.hx line 34 column 17)
Called from _internal.path.filepath_test._Filepath_test_testbug3486.Filepath_test_testbug3486_Fields_.testBug3486 (./_internal/path/filepath_test/Filepath_test_testbug3486.hx line 18 column 71)
Called from stdgo._internal.internal.testenv._Testenv_goroot.Testenv_goroot_Fields_.gOROOT (./stdgo/_internal/internal/testenv/Testenv_goroot.hx line 3 column 23)
Called from stdgo._internal.internal.testenv._Testenv__findgoroot.Testenv__findgoroot_Fields_._findGOROOT (./stdgo/_internal/internal/testenv/Testenv__findgoroot.hx line 3 column 18)
Called from stdgo._internal.sync.Once_static_extension.do_ (./stdgo/_internal/sync/Sync_once_static_extension.hx line 83 column 9)
Called from local function #1 (./stdgo/_internal/internal/testenv/Testenv__findgoroot.hx line 4 column 80)
Called from stdgo._internal.runtime._Runtime_goroot.Runtime_goroot_Fields_.gOROOT (./stdgo/_internal/runtime/Runtime_goroot.hx line 2 column 34)

-- FAIL: TestBug3486

=== RUN  TestWalkSymlink
Exception: :os.symlink is not yet implemented
Called from stdgo._internal.testing.M_static_extension.run (./stdgo/_internal/testing/Testing_m_static_extension.hx line 34 column 17)
Called from _internal.path.filepath_test._Filepath_test_testwalksymlink.Filepath_test_testwalksymlink_Fields_.testWalkSymlink (./_internal/path/filepath_test/Filepath_test_testwalksymlink.hx line 16 column 9)
Called from _internal.path.filepath_test._Filepath_test__testwalksymlink.Filepath_test__testwalksymlink_Fields_._testWalkSymlink (./_internal/path/filepath_test/Filepath_test__testwalksymlink.hx line 103 column 21)

-- FAIL: TestWalkSymlink

=== RUN  TestIssue29372
writeFile cbdb7nuce1/file.txt: no such file or directory

-- PASS: TestIssue29372

=== RUN  TestEvalSymlinksAboveRoot
Exception: T_:testing.parallel is not yet implemented
Called from stdgo._internal.testing.M_static_extension.run (./stdgo/_internal/testing/Testing_m_static_extension.hx line 34 column 17)
Called from _internal.path.filepath_test._Filepath_test_testevalsymlinksaboveroot.Filepath_test_testevalsymlinksaboveroot_Fields_.testEvalSymlinksAboveRoot (./_internal/path/filepath_test/Filepath_test_testevalsymlinksaboveroot.hx line 16 column 19)
Called from stdgo._internal.testing.T__static_extension.parallel (./stdgo/_internal/testing/Testing_t__static_extension.hx line 17 column 96)

-- FAIL: TestEvalSymlinksAboveRoot

=== RUN  TestEvalSymlinksAboveRootChdir
Exception: :os.mkdirAll is not yet implemented
Called from stdgo._internal.testing.M_static_extension.run (./stdgo/_internal/testing/Testing_m_static_extension.hx line 34 column 17)
Called from _internal.path.filepath_test._Filepath_test_testevalsymlinksaboverootchdir.Filepath_test_testevalsymlinksaboverootchdir_Fields_.testEvalSymlinksAboveRootChdir (./_internal/path/filepath_test/Filepath_test_testevalsymlinksaboverootchdir.hx line 120 column 21)

-- FAIL: TestEvalSymlinksAboveRootChdir

=== RUN  TestIssue51617
chmod: invalid mode: ‘448’
Try 'chmod --help' for more information.
[ERROR] ./stdgo/_internal/os/Os_removeall.hx:8: characters 39-73

 8 |                         var entries = sys.FileSystem.readDirectory(path);
   |                                       ^^^^^^^^^^^^^^^^^^^^^^^^^^^^^^^^^^
   | Uncaught exception dk2eryxjcq/a/bad: Permission denied

    11 |                                 deleteRecursively(path + '/' + entry);
       |                                 ^^^^^^^^^^^^^^^^^^^^^^^^^^^^^^^^^^^^^
       | Called from here

       | Called from here

    23 |         deleteRecursively(_path);
       |                           ^^^^^
       | Called from here

    ->  ./stdgo/_internal/testing/Testing_t_common_static_extension.hx:21: characters 17-71

    21 |                 stdgo._internal.os.Os_removeall.removeAll(_c._tempDir);
       |                 ^^^^^^^^^^^^^^^^^^^^^^^^^^^^^^^^^^^^^^^^^^^^^^^^^^^^^^
       | Called from here

    ->  ./stdgo/_internal/testing/Testing_m_static_extension.hx:45: characters 17-20

    45 |                 f();
       |                 ^^^
       | Called from here

    ->  ./_internal/path/filepath_dot_test/Filepath_dot_test.hx:7: characters 50-58

     7 |         #if (sys || hxnodejs) Sys.exit(@:check2r _m.run()) #else null #end;
       |                                                  ^^^^^^^^
       | Called from here

got directories [.], want [. a a/bad a/next]
