=== RUN  TestMatch

-- PASS: TestMatch

=== RUN  TestGlob
Glob(<invalid reflect.Value>) = %!v(MISSING) want %!v(MISSING)
Glob(<invalid reflect.Value>) = %!v(MISSING) want %!v(MISSING)
Glob(<invalid reflect.Value>) = %!v(MISSING) want %!v(MISSING)
Glob(<invalid reflect.Value>) = %!v(MISSING) want %!v(MISSING)

-- FAIL: TestGlob

=== RUN  TestCVE202230632
-- SKIP: testCVE202230632

-- PASS: TestCVE202230632

=== RUN  TestGlobError

-- PASS: TestGlobError

=== RUN  TestGlobUNC

-- PASS: TestGlobUNC

=== RUN  TestGlobSymlink
Exception: :os.symlink is not yet implemented
Called from .stdgo__$internal_os_Os_$symlink_symlink (/home/runner/work/go2hx/go2hx/golibs/std_filepath.js line 23080 column 23)
Called from module at stdgo__$internal_testing_InternalTest._$internal_path_filepath_$test_Filepath_$test_$testglobsymlink_testGlobSymlink [as f] (/home/runner/work/go2hx/go2hx/golibs/std_filepath.js:22787:10)
Called from stdgo__$internal_testing_M_$static_$extension.run (/home/runner/work/go2hx/go2hx/golibs/std_filepath.js line 59365 column 9)
Called from ._$internal_path_filepath_$dot_$test_Filepath_$dot_$test_main (/home/runner/work/go2hx/go2hx/golibs/std_filepath.js line 45845 column 59)
Called from module at /home/runner/work/go2hx/go2hx/golibs/std_filepath.js:70399:1
Called from module at Object.<anonymous> (/home/runner/work/go2hx/go2hx/golibs/std_filepath.js:70400:3)
Called from Module._compile (node:internal/modules/cjs/loader line 1723 column 14)
Called from Object..js (node:internal/modules/cjs/loader line 1888 column 10)

-- FAIL: TestGlobSymlink

=== RUN  TestWindowsGlob
Exception: Cannot read properties of undefined (reading '_common')
Called from module at stdgo__$internal_testing_InternalTest._$internal_path_filepath_$test_Filepath_$test_$testwindowsglob_testWindowsGlob [as f] (/home/runner/work/go2hx/go2hx/golibs/std_filepath.js:36781:25)
Called from stdgo__$internal_testing_M_$static_$extension.run (/home/runner/work/go2hx/go2hx/golibs/std_filepath.js line 59365 column 9)
Called from ._$internal_path_filepath_$dot_$test_Filepath_$dot_$test_main (/home/runner/work/go2hx/go2hx/golibs/std_filepath.js line 45845 column 59)
Called from module at /home/runner/work/go2hx/go2hx/golibs/std_filepath.js:70399:1
Called from module at Object.<anonymous> (/home/runner/work/go2hx/go2hx/golibs/std_filepath.js:70400:3)
Called from Module._compile (node:internal/modules/cjs/loader line 1723 column 14)
Called from Object..js (node:internal/modules/cjs/loader line 1888 column 10)
Called from Module.load (node:internal/modules/cjs/loader line 1458 column 32)

-- FAIL: TestWindowsGlob

=== RUN  TestNonWindowsGlobEscape
Exception: {
	__self__ : 0x323, 
	__type__ : {
		gt : named(stdgo._internal.math.bits.Bits_t_errorstring.T_errorString,[error: {
	get : <function>
},runtimeError: {
	get : <function>
}],basic(17),false,{
				get : <function>
			})
	}
}
Called from module gt : named(stdgo._internal.math.bits.Bits_t_errorstring.T_errorString,[error: {
Called from module get : <function>
Called from module },runtimeError: {
Called from module get : <function>
Called from module }],basic(17),false,{
Called from module get : <function>
Called from module })
Called from module }
Called from module }
Called from .new haxe_ValueException (/home/runner/work/go2hx/go2hx/golibs/std_filepath.js line 22638 column 17)
Called from haxe_Exception.thrown (/home/runner/work/go2hx/go2hx/golibs/std_filepath.js line 22568 column 11)
Called from stdgo_AnyInterface.equals (/home/runner/work/go2hx/go2hx/golibs/std_filepath.js line 17148 column 24)
Called from .stdgo__$internal_reflect_Reflect_$deepequal_deepEqual (/home/runner/work/go2hx/go2hx/golibs/std_filepath.js line 37610 column 29)
Called from module at stdgo__$internal_testing_InternalTest._$internal_path_filepath_$test_Filepath_$test_$testnonwindowsglobescape_testNonWindowsGlobEscape [as f] (/home/runner/work/go2hx/go2hx/golibs/std_filepath.js:37596:6)
Called from stdgo__$internal_testing_M_$static_$extension.run (/home/runner/work/go2hx/go2hx/golibs/std_filepath.js line 59365 column 9)
Called from ._$internal_path_filepath_$dot_$test_Filepath_$dot_$test_main (/home/runner/work/go2hx/go2hx/golibs/std_filepath.js line 45845 column 59)
Called from module at /home/runner/work/go2hx/go2hx/golibs/std_filepath.js:70399:1
Called from module at Object.<anonymous> (/home/runner/work/go2hx/go2hx/golibs/std_filepath.js:70400:3)
Called from Module._compile (node:internal/modules/cjs/loader line 1723 column 14)

-- FAIL: TestNonWindowsGlobEscape

=== RUN  TestClean
<invalid reflect.Value>
Exception: __skip__
Called from stdgo__$internal_testing_T_$common_$static_$extension.skipNow (/home/runner/work/go2hx/go2hx/golibs/std_filepath.js line 59969 column 23)
Called from stdgo__$internal_testing_T_$common_$static_$extension.skip (/home/runner/work/go2hx/go2hx/golibs/std_filepath.js line 59999 column 56)
Called from module at /home/runner/work/go2hx/go2hx/golibs/std_filepath.js:59600:58
Called from module at stdgo__$internal_testing_InternalTest._$internal_path_filepath_$test_Filepath_$test_$testclean_testClean [as f] (/home/runner/work/go2hx/go2hx/golibs/std_filepath.js:37670:18)
Called from stdgo__$internal_testing_M_$static_$extension.run (/home/runner/work/go2hx/go2hx/golibs/std_filepath.js line 59365 column 9)
Called from ._$internal_path_filepath_$dot_$test_Filepath_$dot_$test_main (/home/runner/work/go2hx/go2hx/golibs/std_filepath.js line 45845 column 59)
Called from module at /home/runner/work/go2hx/go2hx/golibs/std_filepath.js:70399:1
Called from module at Object.<anonymous> (/home/runner/work/go2hx/go2hx/golibs/std_filepath.js:70400:3)

-- SKIP: TestClean

=== RUN  TestIsLocal

-- PASS: TestIsLocal

=== RUN  TestFromAndToSlash

-- PASS: TestFromAndToSlash

=== RUN  TestSplitList

-- PASS: TestSplitList

=== RUN  TestSplit

-- PASS: TestSplit

=== RUN  TestJoin

-- PASS: TestJoin

=== RUN  TestExt

-- PASS: TestExt

=== RUN  TestWalk
unexpected errors: <invalid reflect.Value>node <invalid reflect.Value> mark = %!d(MISSING); expected 1
node <invalid reflect.Value> mark = %!d(MISSING); expected 1
node <invalid reflect.Value> mark = %!d(MISSING); expected 1
node <invalid reflect.Value> mark = %!d(MISSING); expected 1
node <invalid reflect.Value> mark = %!d(MISSING); expected 1
node <invalid reflect.Value> mark = %!d(MISSING); expected 1
node <invalid reflect.Value> mark = %!d(MISSING); expected 1
node <invalid reflect.Value> mark = %!d(MISSING); expected 1
node <invalid reflect.Value> mark = %!d(MISSING); expected 1

-- FAIL: TestWalk

=== RUN  TestWalkDir
unexpected errors: <invalid reflect.Value>node <invalid reflect.Value> mark = %!d(MISSING); expected 1
node <invalid reflect.Value> mark = %!d(MISSING); expected 1
node <invalid reflect.Value> mark = %!d(MISSING); expected 1
node <invalid reflect.Value> mark = %!d(MISSING); expected 1
node <invalid reflect.Value> mark = %!d(MISSING); expected 1
node <invalid reflect.Value> mark = %!d(MISSING); expected 1
node <invalid reflect.Value> mark = %!d(MISSING); expected 1
node <invalid reflect.Value> mark = %!d(MISSING); expected 1
node <invalid reflect.Value> mark = %!d(MISSING); expected 1
node <invalid reflect.Value> mark = %!d(MISSING); expected 1

-- FAIL: TestWalkDir

=== RUN  TestWalkSkipDirOnFile
Exception: :os.mkdirAll is not yet implemented
Called from .stdgo__$internal_os_Os_$mkdirall_mkdirAll (/home/runner/work/go2hx/go2hx/golibs/std_filepath.js line 37057 column 23)
Called from module at stdgo__$internal_testing_InternalTest._$internal_path_filepath_$test_Filepath_$test_$testwalkskipdironfile_testWalkSkipDirOnFile [as f] (/home/runner/work/go2hx/go2hx/golibs/std_filepath.js:39681:13)
Called from stdgo__$internal_testing_M_$static_$extension.run (/home/runner/work/go2hx/go2hx/golibs/std_filepath.js line 59365 column 9)
Called from ._$internal_path_filepath_$dot_$test_Filepath_$dot_$test_main (/home/runner/work/go2hx/go2hx/golibs/std_filepath.js line 45845 column 59)
Called from module at /home/runner/work/go2hx/go2hx/golibs/std_filepath.js:70399:1
Called from module at Object.<anonymous> (/home/runner/work/go2hx/go2hx/golibs/std_filepath.js:70400:3)
Called from Module._compile (node:internal/modules/cjs/loader line 1723 column 14)
Called from Object..js (node:internal/modules/cjs/loader line 1888 column 10)

-- FAIL: TestWalkSkipDirOnFile

=== RUN  TestWalkSkipAllOnFile
Exception: :os.mkdirAll is not yet implemented
Called from .stdgo__$internal_os_Os_$mkdirall_mkdirAll (/home/runner/work/go2hx/go2hx/golibs/std_filepath.js line 37057 column 23)
Called from module at stdgo__$internal_testing_InternalTest._$internal_path_filepath_$test_Filepath_$test_$testwalkskipallonfile_testWalkSkipAllOnFile [as f] (/home/runner/work/go2hx/go2hx/golibs/std_filepath.js:39758:13)
Called from stdgo__$internal_testing_M_$static_$extension.run (/home/runner/work/go2hx/go2hx/golibs/std_filepath.js line 59365 column 9)
Called from ._$internal_path_filepath_$dot_$test_Filepath_$dot_$test_main (/home/runner/work/go2hx/go2hx/golibs/std_filepath.js line 45845 column 59)
Called from module at /home/runner/work/go2hx/go2hx/golibs/std_filepath.js:70399:1
Called from module at Object.<anonymous> (/home/runner/work/go2hx/go2hx/golibs/std_filepath.js:70400:3)
Called from Module._compile (node:internal/modules/cjs/loader line 1723 column 14)
Called from Object..js (node:internal/modules/cjs/loader line 1888 column 10)

-- FAIL: TestWalkSkipAllOnFile

=== RUN  TestWalkFileError
Exception: :os.mkdirAll is not yet implemented
Called from module at stdgo__$internal_testing_InternalTest._$internal_path_filepath_$test_Filepath_$test_$testwalkfileerror_testWalkFileError [as f] (/home/runner/work/go2hx/go2hx/golibs/std_filepath.js:39978:25)
Called from stdgo__$internal_testing_M_$static_$extension.run (/home/runner/work/go2hx/go2hx/golibs/std_filepath.js line 59365 column 9)
Called from ._$internal_path_filepath_$dot_$test_Filepath_$dot_$test_main (/home/runner/work/go2hx/go2hx/golibs/std_filepath.js line 45845 column 59)
Called from module at /home/runner/work/go2hx/go2hx/golibs/std_filepath.js:70399:1
Called from module at Object.<anonymous> (/home/runner/work/go2hx/go2hx/golibs/std_filepath.js:70400:3)
Called from Module._compile (node:internal/modules/cjs/loader line 1723 column 14)
Called from Object..js (node:internal/modules/cjs/loader line 1888 column 10)
Called from Module.load (node:internal/modules/cjs/loader line 1458 column 32)

-- FAIL: TestWalkFileError

=== RUN  TestWalkSymlinkRoot
Exception: :os.mkdirAll is not yet implemented
Called from .stdgo__$internal_os_Os_$mkdirall_mkdirAll (/home/runner/work/go2hx/go2hx/golibs/std_filepath.js line 37057 column 23)
Called from module at stdgo__$internal_testing_InternalTest._$internal_path_filepath_$test_Filepath_$test_$testwalksymlinkroot_testWalkSymlinkRoot [as f] (/home/runner/work/go2hx/go2hx/golibs/std_filepath.js:40318:13)
Called from stdgo__$internal_testing_M_$static_$extension.run (/home/runner/work/go2hx/go2hx/golibs/std_filepath.js line 59365 column 9)
Called from ._$internal_path_filepath_$dot_$test_Filepath_$dot_$test_main (/home/runner/work/go2hx/go2hx/golibs/std_filepath.js line 45845 column 59)
Called from module at /home/runner/work/go2hx/go2hx/golibs/std_filepath.js:70399:1
Called from module at Object.<anonymous> (/home/runner/work/go2hx/go2hx/golibs/std_filepath.js:70400:3)
Called from Module._compile (node:internal/modules/cjs/loader line 1723 column 14)
Called from Object..js (node:internal/modules/cjs/loader line 1888 column 10)

-- FAIL: TestWalkSymlinkRoot

=== RUN  TestBase

-- PASS: TestBase

=== RUN  TestDir

-- PASS: TestDir

=== RUN  TestIsAbs

-- PASS: TestIsAbs

=== RUN  TestEvalSymlinks
Exception: :os.symlink is not yet implemented
Called from .stdgo__$internal_os_Os_$symlink_symlink (/home/runner/work/go2hx/go2hx/golibs/std_filepath.js line 23080 column 23)
Called from module at stdgo__$internal_testing_InternalTest._$internal_path_filepath_$test_Filepath_$test_$testevalsymlinks_testEvalSymlinks [as f] (/home/runner/work/go2hx/go2hx/golibs/std_filepath.js:40627:11)
Called from stdgo__$internal_testing_M_$static_$extension.run (/home/runner/work/go2hx/go2hx/golibs/std_filepath.js line 59365 column 9)
Called from ._$internal_path_filepath_$dot_$test_Filepath_$dot_$test_main (/home/runner/work/go2hx/go2hx/golibs/std_filepath.js line 45845 column 59)
Called from module at /home/runner/work/go2hx/go2hx/golibs/std_filepath.js:70399:1
Called from module at Object.<anonymous> (/home/runner/work/go2hx/go2hx/golibs/std_filepath.js:70400:3)
Called from Module._compile (node:internal/modules/cjs/loader line 1723 column 14)
Called from Object..js (node:internal/modules/cjs/loader line 1888 column 10)

-- FAIL: TestEvalSymlinks

=== RUN  TestEvalSymlinksIsNotExist
Exception: :os.isNotExist is not yet implemented
Called from module at stdgo__$internal_testing_InternalTest._$internal_path_filepath_$test_Filepath_$test_$testevalsymlinksisnotexist_testEvalSymlinksIsNotExist [as f] (/home/runner/work/go2hx/go2hx/golibs/std_filepath.js:40904:25)
Called from stdgo__$internal_testing_M_$static_$extension.run (/home/runner/work/go2hx/go2hx/golibs/std_filepath.js line 59365 column 9)
Called from ._$internal_path_filepath_$dot_$test_Filepath_$dot_$test_main (/home/runner/work/go2hx/go2hx/golibs/std_filepath.js line 45845 column 59)
Called from module at /home/runner/work/go2hx/go2hx/golibs/std_filepath.js:70399:1
Called from module at Object.<anonymous> (/home/runner/work/go2hx/go2hx/golibs/std_filepath.js:70400:3)
Called from Module._compile (node:internal/modules/cjs/loader line 1723 column 14)
Called from Object..js (node:internal/modules/cjs/loader line 1888 column 10)
Called from Module.load (node:internal/modules/cjs/loader line 1458 column 32)

-- FAIL: TestEvalSymlinksIsNotExist

=== RUN  TestIssue13582
Exception: :os.symlink is not yet implemented
Called from .stdgo__$internal_os_Os_$symlink_symlink (/home/runner/work/go2hx/go2hx/golibs/std_filepath.js line 23080 column 23)
Called from module at stdgo__$internal_testing_InternalTest._$internal_path_filepath_$test_Filepath_$test_$testissue13582_testIssue13582 [as f] (/home/runner/work/go2hx/go2hx/golibs/std_filepath.js:40931:9)
Called from stdgo__$internal_testing_M_$static_$extension.run (/home/runner/work/go2hx/go2hx/golibs/std_filepath.js line 59365 column 9)
Called from ._$internal_path_filepath_$dot_$test_Filepath_$dot_$test_main (/home/runner/work/go2hx/go2hx/golibs/std_filepath.js line 45845 column 59)
Called from module at /home/runner/work/go2hx/go2hx/golibs/std_filepath.js:70399:1
Called from module at Object.<anonymous> (/home/runner/work/go2hx/go2hx/golibs/std_filepath.js:70400:3)
Called from Module._compile (node:internal/modules/cjs/loader line 1723 column 14)
Called from Object..js (node:internal/modules/cjs/loader line 1888 column 10)

-- FAIL: TestIssue13582

=== RUN  TestRelativeSymlinkToAbsolute
Exception: :os.symlink is not yet implemented
Called from .stdgo__$internal_os_Os_$symlink_symlink (/home/runner/work/go2hx/go2hx/golibs/std_filepath.js line 23080 column 23)
Called from module at stdgo__$internal_testing_InternalTest._$internal_path_filepath_$test_Filepath_$test_$testrelativesymlinktoabsolute_testRelativeSymlinkToAbsolute [as f] (/home/runner/work/go2hx/go2hx/golibs/std_filepath.js:41011:13)
Called from stdgo__$internal_testing_M_$static_$extension.run (/home/runner/work/go2hx/go2hx/golibs/std_filepath.js line 59365 column 9)
Called from ._$internal_path_filepath_$dot_$test_Filepath_$dot_$test_main (/home/runner/work/go2hx/go2hx/golibs/std_filepath.js line 45845 column 59)
Called from module at /home/runner/work/go2hx/go2hx/golibs/std_filepath.js:70399:1
Called from module at Object.<anonymous> (/home/runner/work/go2hx/go2hx/golibs/std_filepath.js:70400:3)
Called from Module._compile (node:internal/modules/cjs/loader line 1723 column 14)
Called from Object..js (node:internal/modules/cjs/loader line 1888 column 10)

-- FAIL: TestRelativeSymlinkToAbsolute

=== RUN  TestAbs
Exception: :os.sameFile is not yet implemented
Called from module at stdgo__$internal_testing_InternalTest._$internal_path_filepath_$test_Filepath_$test_$testabs_testAbs [as f] (/home/runner/work/go2hx/go2hx/golibs/std_filepath.js:41183:25)
Called from stdgo__$internal_testing_M_$static_$extension.run (/home/runner/work/go2hx/go2hx/golibs/std_filepath.js line 59365 column 9)
Called from ._$internal_path_filepath_$dot_$test_Filepath_$dot_$test_main (/home/runner/work/go2hx/go2hx/golibs/std_filepath.js line 45845 column 59)
Called from module at /home/runner/work/go2hx/go2hx/golibs/std_filepath.js:70399:1
Called from module at Object.<anonymous> (/home/runner/work/go2hx/go2hx/golibs/std_filepath.js:70400:3)
Called from Module._compile (node:internal/modules/cjs/loader line 1723 column 14)
Called from Object..js (node:internal/modules/cjs/loader line 1888 column 10)
Called from Module.load (node:internal/modules/cjs/loader line 1458 column 32)

-- FAIL: TestAbs

=== RUN  TestAbsEmptyString
<invalid reflect.Value>: %!s(MISSING)Exception: :os.sameFile is not yet implemented
Called from module at stdgo__$internal_testing_InternalTest._$internal_path_filepath_$test_Filepath_$test_$testabsemptystring_testAbsEmptyString [as f] (/home/runner/work/go2hx/go2hx/golibs/std_filepath.js:41321:25)
Called from stdgo__$internal_testing_M_$static_$extension.run (/home/runner/work/go2hx/go2hx/golibs/std_filepath.js line 59365 column 9)
Called from ._$internal_path_filepath_$dot_$test_Filepath_$dot_$test_main (/home/runner/work/go2hx/go2hx/golibs/std_filepath.js line 45845 column 59)
Called from module at /home/runner/work/go2hx/go2hx/golibs/std_filepath.js:70399:1
Called from module at Object.<anonymous> (/home/runner/work/go2hx/go2hx/golibs/std_filepath.js:70400:3)
Called from Module._compile (node:internal/modules/cjs/loader line 1723 column 14)
Called from Object..js (node:internal/modules/cjs/loader line 1888 column 10)
Called from Module.load (node:internal/modules/cjs/loader line 1458 column 32)

-- FAIL: TestAbsEmptyString

=== RUN  TestRel

-- PASS: TestRel

=== RUN  TestVolumeName

-- PASS: TestVolumeName

=== RUN  TestDriveLetterInEvalSymlinks

-- PASS: TestDriveLetterInEvalSymlinks

=== RUN  TestBug3486
Exception: :runtime.gOROOT is not yet implemented
Called from .stdgo__$internal_runtime_Runtime_$goroot_gOROOT (/home/runner/work/go2hx/go2hx/golibs/std_filepath.js line 41940 column 23)
Called from module at /home/runner/work/go2hx/go2hx/golibs/std_filepath.js:41708:13
Called from stdgo__$internal_sync_Once_$static_$extension.do_ (/home/runner/work/go2hx/go2hx/golibs/std_filepath.js line 41916 column 2)
Called from .stdgo__$internal_internal_testenv_Testenv_$_$findgoroot__findGOROOT (/home/runner/work/go2hx/go2hx/golibs/std_filepath.js line 41707 column 48)
Called from .stdgo__$internal_internal_testenv_Testenv_$goroot_gOROOT (/home/runner/work/go2hx/go2hx/golibs/std_filepath.js line 41689 column 16)
Called from module at stdgo__$internal_testing_InternalTest._$internal_path_filepath_$test_Filepath_$test_$testbug3486_testBug3486 [as f] (/home/runner/work/go2hx/go2hx/golibs/std_filepath.js:41649:12)
Called from stdgo__$internal_testing_M_$static_$extension.run (/home/runner/work/go2hx/go2hx/golibs/std_filepath.js line 59365 column 9)
Called from ._$internal_path_filepath_$dot_$test_Filepath_$dot_$test_main (/home/runner/work/go2hx/go2hx/golibs/std_filepath.js line 45845 column 59)

-- FAIL: TestBug3486

=== RUN  TestWalkSymlink
Exception: :os.symlink is not yet implemented
Called from ._$internal_path_filepath_$test_Filepath_$test_$_$testwalksymlink__testWalkSymlink (/home/runner/work/go2hx/go2hx/golibs/std_filepath.js line 42516 column 25)
Called from module at stdgo__$internal_testing_InternalTest._$internal_path_filepath_$test_Filepath_$test_$testwalksymlink_testWalkSymlink [as f] (/home/runner/work/go2hx/go2hx/golibs/std_filepath.js:42392:2)
Called from stdgo__$internal_testing_M_$static_$extension.run (/home/runner/work/go2hx/go2hx/golibs/std_filepath.js line 59365 column 9)
Called from ._$internal_path_filepath_$dot_$test_Filepath_$dot_$test_main (/home/runner/work/go2hx/go2hx/golibs/std_filepath.js line 45845 column 59)
Called from module at /home/runner/work/go2hx/go2hx/golibs/std_filepath.js:70399:1
Called from module at Object.<anonymous> (/home/runner/work/go2hx/go2hx/golibs/std_filepath.js:70400:3)
Called from Module._compile (node:internal/modules/cjs/loader line 1723 column 14)
Called from Object..js (node:internal/modules/cjs/loader line 1888 column 10)

-- FAIL: TestWalkSymlink

=== RUN  TestIssue29372
<invalid reflect.Value>

-- PASS: TestIssue29372

=== RUN  TestEvalSymlinksAboveRoot
Exception: T_:testing.parallel is not yet implemented
Called from stdgo__$internal_testing_T_$_$static_$extension.parallel (/home/runner/work/go2hx/go2hx/golibs/std_filepath.js line 38853 column 23)
Called from module at stdgo__$internal_testing_InternalTest._$internal_path_filepath_$test_Filepath_$test_$testevalsymlinksaboveroot_testEvalSymlinksAboveRoot [as f] (/home/runner/work/go2hx/go2hx/golibs/std_filepath.js:42614:50)
Called from stdgo__$internal_testing_M_$static_$extension.run (/home/runner/work/go2hx/go2hx/golibs/std_filepath.js line 59365 column 9)
Called from ._$internal_path_filepath_$dot_$test_Filepath_$dot_$test_main (/home/runner/work/go2hx/go2hx/golibs/std_filepath.js line 45845 column 59)
Called from module at /home/runner/work/go2hx/go2hx/golibs/std_filepath.js:70399:1
Called from module at Object.<anonymous> (/home/runner/work/go2hx/go2hx/golibs/std_filepath.js:70400:3)
Called from Module._compile (node:internal/modules/cjs/loader line 1723 column 14)
Called from Object..js (node:internal/modules/cjs/loader line 1888 column 10)

-- FAIL: TestEvalSymlinksAboveRoot

=== RUN  TestEvalSymlinksAboveRootChdir
Exception: :os.mkdirAll is not yet implemented
Called from module at stdgo__$internal_testing_InternalTest._$internal_path_filepath_$test_Filepath_$test_$testevalsymlinksaboverootchdir_testEvalSymlinksAboveRootChdir [as f] (/home/runner/work/go2hx/go2hx/golibs/std_filepath.js:45326:25)
Called from stdgo__$internal_testing_M_$static_$extension.run (/home/runner/work/go2hx/go2hx/golibs/std_filepath.js line 59365 column 9)
Called from ._$internal_path_filepath_$dot_$test_Filepath_$dot_$test_main (/home/runner/work/go2hx/go2hx/golibs/std_filepath.js line 45845 column 59)
Called from module at /home/runner/work/go2hx/go2hx/golibs/std_filepath.js:70399:1
Called from module at Object.<anonymous> (/home/runner/work/go2hx/go2hx/golibs/std_filepath.js:70400:3)
Called from Module._compile (node:internal/modules/cjs/loader line 1723 column 14)
Called from Object..js (node:internal/modules/cjs/loader line 1888 column 10)
Called from Module.load (node:internal/modules/cjs/loader line 1458 column 32)

-- FAIL: TestEvalSymlinksAboveRootChdir

=== RUN  TestIssue51617
got directories <invalid reflect.Value>, want %!v(MISSING)
chmod: invalid mode: ‘448’
Try 'chmod --help' for more information.
node:fs:1581
  const result = binding.readdir(
                         ^

Error: EACCES: permission denied, scandir 'anrgbsbzte/a/bad'
    at Object.readdirSync (node:fs:1581:26)
    at deleteRecursively (/home/runner/work/go2hx/go2hx/golibs/std_filepath.js:23015:30)
    at deleteRecursively (/home/runner/work/go2hx/go2hx/golibs/std_filepath.js:23021:7)
    at deleteRecursively (/home/runner/work/go2hx/go2hx/golibs/std_filepath.js:23021:7)
    at stdgo__$internal_os_Os_$removeall_removeAll (/home/runner/work/go2hx/go2hx/golibs/std_filepath.js:23061:2)
    at /home/runner/work/go2hx/go2hx/golibs/std_filepath.js:59942:4
    at stdgo__$internal_testing_M_$static_$extension.run (/home/runner/work/go2hx/go2hx/golibs/std_filepath.js:59379:4)
    at _$internal_path_filepath_$dot_$test_Filepath_$dot_$test_main (/home/runner/work/go2hx/go2hx/golibs/std_filepath.js:45845:59)
    at /home/runner/work/go2hx/go2hx/golibs/std_filepath.js:70399:1
    at Object.<anonymous> (/home/runner/work/go2hx/go2hx/golibs/std_filepath.js:70400:3) {
  errno: -13,
  code: 'EACCES',
  syscall: 'scandir',
  path: 'anrgbsbzte/a/bad'
}

Node.js v23.7.0
