=== RUN  TestMatch

-- PASS: TestMatch

=== RUN  TestGlob
Glob(`match.go`) = []string(nil) want match.go
Glob(`mat?h.go`) = []string(nil) want match.go
Glob(`*`) = []string(nil) want match.go
Glob(`../*/match.go`) = []string(nil) want ../filepath/match.go

-- FAIL: TestGlob

=== RUN  TestCVE202230632
-- SKIP: testCVE202230632

-- PASS: TestCVE202230632

=== RUN  TestGlobError

-- PASS: TestGlobError

=== RUN  TestGlobUNC

-- PASS: TestGlobUNC

=== RUN  TestGlobSymlink
Exception: :os.symlink is not yet implemented
Called from stdgo._internal.os._Os_symlink.$Os_symlink_Fields_.symlink (stdgo/_internal/os/Os_symlink.hx line 2)
Called from _internal.path.filepath_test._Filepath_test_testglobsymlink.$Filepath_test_testglobsymlink_Fields_.testGlobSymlink (_internal/path/filepath_test/Filepath_test_testglobsymlink.hx line 30)
Called from stdgo._internal.testing.$M_static_extension.run (stdgo/_internal/testing/Testing_m_static_extension.hx line 34)
Called from _internal.path.filepath_dot_test._Filepath_dot_test.$Filepath_dot_test_Fields_.main (_internal/path/filepath_dot_test/Filepath_dot_test.hx line 7)

-- FAIL: TestGlobSymlink

=== RUN  TestWindowsGlob
skipping windows specific testException: __skip__
Called from _internal.path.filepath_test._Filepath_test_testwindowsglob.$Filepath_test_testwindowsglob_Fields_.testWindowsGlob (_internal/path/filepath_test/Filepath_test_testwindowsglob.hx line 150)
Called from stdgo._internal.testing.$M_static_extension.run (stdgo/_internal/testing/Testing_m_static_extension.hx line 34)
Called from _internal.path.filepath_dot_test._Filepath_dot_test.$Filepath_dot_test_Fields_.main (_internal/path/filepath_dot_test/Filepath_dot_test.hx line 7)

-- SKIP: TestWindowsGlob

=== RUN  TestNonWindowsGlobEscape
Exception: stdgo._internal.math.bits.T_errorString_asInterface
Called from stdgo._AnyInterface.$AnyInterface_Impl_.equals (stdgo/AnyInterface.hx line 188)
Called from stdgo._internal.reflect._Reflect_deepequal.$Reflect_deepequal_Fields_.deepEqual (stdgo/_internal/reflect/Reflect_deepequal.hx line 4)
Called from _internal.path.filepath_test._Filepath_test_testnonwindowsglobescape.$Filepath_test_testnonwindowsglobescape_Fields_.testNonWindowsGlobEscape (_internal/path/filepath_test/Filepath_test_testnonwindowsglobescape.hx line 24)
Called from stdgo._internal.testing.$M_static_extension.run (stdgo/_internal/testing/Testing_m_static_extension.hx line 34)
Called from _internal.path.filepath_dot_test._Filepath_dot_test.$Filepath_dot_test_Fields_.main (_internal/path/filepath_dot_test/Filepath_dot_test.hx line 7)

-- FAIL: TestNonWindowsGlobEscape

=== RUN  TestClean
skipping malloc count in short mode
Exception: __skip__
Called from stdgo._internal.testing.$T_common_static_extension.skipNow (stdgo/_internal/testing/Testing_t_common_static_extension.hx line 45)
Called from stdgo._internal.testing.$T_common_static_extension.skip (stdgo/_internal/testing/Testing_t_common_static_extension.hx line 61)
Called from stdgo._internal.testing.T_.~get_skip.0 (stdgo/_internal/testing/Testing_t_.hx line 67)
Called from _internal.path.filepath_test._Filepath_test_testclean.$Filepath_test_testclean_Fields_.testClean (_internal/path/filepath_test/Filepath_test_testclean.hx line 39)
Called from stdgo._internal.testing.$M_static_extension.run (stdgo/_internal/testing/Testing_m_static_extension.hx line 34)
Called from _internal.path.filepath_dot_test._Filepath_dot_test.$Filepath_dot_test_Fields_.main (_internal/path/filepath_dot_test/Filepath_dot_test.hx line 7)

-- SKIP: TestClean

=== RUN  TestIsLocal

-- PASS: TestIsLocal

=== RUN  TestFromAndToSlash

-- PASS: TestFromAndToSlash

=== RUN  TestSplitList

-- PASS: TestSplitList

=== RUN  TestSplit

-- PASS: TestSplit

=== RUN  TestJoin

-- PASS: TestJoin

=== RUN  TestExt

-- PASS: TestExt

=== RUN  TestWalk
unexpected errors: [Exception: SysError(Can't open testdata for writing)
Called from sys.io.$File.write (/home/runner/haxe/versions/c4868e5/std/hl/_std/sys/io/File.hx line 70)
Called from stdgo._internal.os._Os_openfile.$Os_openfile_Fields_.openFile (stdgo/_internal/os/Os_openfile.hx line 8)
Called from stdgo._internal.os._Os_open.$Os_open_Fields_.open (stdgo/_internal/os/Os_open.hx line 3)
Called from stdgo._internal.path.filepath._Filepath__readdirnames.$Filepath__readdirnames_Fields_._readDirNames (stdgo/_internal/path/filepath/Filepath__readdirnames.hx line 3)
Called from stdgo._internal.path.filepath._Filepath__walk.$Filepath__walk_Fields_._walk (stdgo/_internal/path/filepath/Filepath__walk.hx line 6)
Called from stdgo._internal.path.filepath._Filepath_walk.$Filepath_walk_Fields_.walk (stdgo/_internal/path/filepath/Filepath_walk.hx line 7)
Called from _internal.path.filepath_test._Filepath_test_testwalk.$Filepath_test_testwalk_Fields_.~testWalk.0 (_internal/path/filepath_test/Filepath_test_testwalk.hx line 16)
Called from _internal.path.filepath_test._Filepath_test__testwalk.$Filepath_test__testwalk_Fields_._testWalk (_internal/path/filepath_test/Filepath_test__testwalk.hx line 46)
Called from _internal.path.filepath_test._Filepath_test_testwalk.$Filepath_test_testwalk_Fields_.testWalk (_internal/path/filepath_test/Filepath_test_testwalk.hx line 20)
Called from stdgo._internal.testing.$M_static_extension.run (stdgo/_internal/testing/Testing_m_static_extension.hx line 34)
Called from _internal.path.filepath_dot_test._Filepath_dot_test.$Filepath_dot_test_Fields_.main (_internal/path/filepath_dot_test/Filepath_dot_test.hx line 7)]node testdata/a mark = 0; expected 1
node testdata/b mark = 0; expected 1
node testdata/c mark = 0; expected 1
node testdata/d mark = 0; expected 1
node testdata/d/x mark = 0; expected 1
node testdata/d/y mark = 0; expected 1
node testdata/d/z mark = 0; expected 1
node testdata/d/z/u mark = 0; expected 1
node testdata/d/z/v mark = 0; expected 1

-- FAIL: TestWalk

=== RUN  TestWalkDir
unexpected errors: [Exception: SysError(Can't open testdata for writing)
Called from sys.io.$File.write (/home/runner/haxe/versions/c4868e5/std/hl/_std/sys/io/File.hx line 70)
Called from stdgo._internal.os._Os_openfile.$Os_openfile_Fields_.openFile (stdgo/_internal/os/Os_openfile.hx line 8)
Called from stdgo._internal.os._Os_open.$Os_open_Fields_.open (stdgo/_internal/os/Os_open.hx line 3)
Called from stdgo._internal.path.filepath._Filepath__readdir.$Filepath__readdir_Fields_._readDir (stdgo/_internal/path/filepath/Filepath__readdir.hx line 3)
Called from stdgo._internal.path.filepath._Filepath__walkdir.$Filepath__walkdir_Fields_._walkDir (stdgo/_internal/path/filepath/Filepath__walkdir.hx line 12)
Called from stdgo._internal.path.filepath._Filepath_walkdir.$Filepath_walkdir_Fields_.walkDir (stdgo/_internal/path/filepath/Filepath_walkdir.hx line 7)
Called from _internal.path.filepath_test._Filepath_test__testwalk.$Filepath_test__testwalk_Fields_._testWalk (_internal/path/filepath_test/Filepath_test__testwalk.hx line 46)
Called from _internal.path.filepath_test._Filepath_test_testwalkdir.$Filepath_test_testwalkdir_Fields_.testWalkDir (_internal/path/filepath_test/Filepath_test_testwalkdir.hx line 15)
Called from stdgo._internal.testing.$M_static_extension.run (stdgo/_internal/testing/Testing_m_static_extension.hx line 34)
Called from _internal.path.filepath_dot_test._Filepath_dot_test.$Filepath_dot_test_Fields_.main (_internal/path/filepath_dot_test/Filepath_dot_test.hx line 7)]node testdata mark = 2; expected 1
node testdata/a mark = 0; expected 1
node testdata/b mark = 0; expected 1
node testdata/c mark = 0; expected 1
node testdata/d mark = 0; expected 1
node testdata/d/x mark = 0; expected 1
node testdata/d/y mark = 0; expected 1
node testdata/d/z mark = 0; expected 1
node testdata/d/z/u mark = 0; expected 1
node testdata/d/z/v mark = 0; expected 1

-- FAIL: TestWalkDir

=== RUN  TestWalkSkipDirOnFile
Exception: :os.mkdirAll is not yet implemented
Called from stdgo._internal.os._Os_mkdirall.$Os_mkdirall_Fields_.mkdirAll (stdgo/_internal/os/Os_mkdirall.hx line 2)
Called from _internal.path.filepath_test._Filepath_test_testwalkskipdironfile.$Filepath_test_testwalkskipdironfile_Fields_.testWalkSkipDirOnFile (_internal/path/filepath_test/Filepath_test_testwalkskipdironfile.hx line 17)
Called from stdgo._internal.testing.$M_static_extension.run (stdgo/_internal/testing/Testing_m_static_extension.hx line 34)
Called from _internal.path.filepath_dot_test._Filepath_dot_test.$Filepath_dot_test_Fields_.main (_internal/path/filepath_dot_test/Filepath_dot_test.hx line 7)

-- FAIL: TestWalkSkipDirOnFile

=== RUN  TestWalkSkipAllOnFile
Exception: :os.mkdirAll is not yet implemented
Called from stdgo._internal.os._Os_mkdirall.$Os_mkdirall_Fields_.mkdirAll (stdgo/_internal/os/Os_mkdirall.hx line 2)
Called from _internal.path.filepath_test._Filepath_test_testwalkskipallonfile.$Filepath_test_testwalkskipallonfile_Fields_.testWalkSkipAllOnFile (_internal/path/filepath_test/Filepath_test_testwalkskipallonfile.hx line 17)
Called from stdgo._internal.testing.$M_static_extension.run (stdgo/_internal/testing/Testing_m_static_extension.hx line 34)
Called from _internal.path.filepath_dot_test._Filepath_dot_test.$Filepath_dot_test_Fields_.main (_internal/path/filepath_dot_test/Filepath_dot_test.hx line 7)

-- FAIL: TestWalkSkipAllOnFile

=== RUN  TestWalkFileError
Exception: :os.mkdirAll is not yet implemented
Called from _internal.path.filepath_test._Filepath_test_testwalkfileerror.$Filepath_test_testwalkfileerror_Fields_.testWalkFileError (_internal/path/filepath_test/Filepath_test_testwalkfileerror.hx line 120)
Called from stdgo._internal.testing.$M_static_extension.run (stdgo/_internal/testing/Testing_m_static_extension.hx line 34)
Called from _internal.path.filepath_dot_test._Filepath_dot_test.$Filepath_dot_test_Fields_.main (_internal/path/filepath_dot_test/Filepath_dot_test.hx line 7)

-- FAIL: TestWalkFileError

=== RUN  TestWalkSymlinkRoot
Exception: :os.mkdirAll is not yet implemented
Called from stdgo._internal.os._Os_mkdirall.$Os_mkdirall_Fields_.mkdirAll (stdgo/_internal/os/Os_mkdirall.hx line 2)
Called from _internal.path.filepath_test._Filepath_test_testwalksymlinkroot.$Filepath_test_testwalksymlinkroot_Fields_.testWalkSymlinkRoot (_internal/path/filepath_test/Filepath_test_testwalksymlinkroot.hx line 19)
Called from _internal.path.filepath_test._Filepath_test_testwalkfileerror.$Filepath_test_testwalkfileerror_Fields_.testWalkFileError (_internal/path/filepath_test/Filepath_test_testwalkfileerror.hx line 120)
Called from stdgo._internal.testing.$M_static_extension.run (stdgo/_internal/testing/Testing_m_static_extension.hx line 34)
Called from _internal.path.filepath_dot_test._Filepath_dot_test.$Filepath_dot_test_Fields_.main (_internal/path/filepath_dot_test/Filepath_dot_test.hx line 7)

-- FAIL: TestWalkSymlinkRoot

=== RUN  TestBase

-- PASS: TestBase

=== RUN  TestDir

-- PASS: TestDir

=== RUN  TestIsAbs

-- PASS: TestIsAbs

=== RUN  TestEvalSymlinks
Exception: :os.symlink is not yet implemented
Called from stdgo._internal.os._Os_symlink.$Os_symlink_Fields_.symlink (stdgo/_internal/os/Os_symlink.hx line 2)
Called from _internal.path.filepath_test._Filepath_test_testevalsymlinks.$Filepath_test_testevalsymlinks_Fields_.testEvalSymlinks (_internal/path/filepath_test/Filepath_test_testevalsymlinks.hx line 32)
Called from stdgo._internal.testing.$M_static_extension.run (stdgo/_internal/testing/Testing_m_static_extension.hx line 34)
Called from _internal.path.filepath_dot_test._Filepath_dot_test.$Filepath_dot_test_Fields_.main (_internal/path/filepath_dot_test/Filepath_dot_test.hx line 7)

-- FAIL: TestEvalSymlinks

=== RUN  TestEvalSymlinksIsNotExist
Exception: :os.isNotExist is not yet implemented
Called from _internal.path.filepath_test._Filepath_test_testevalsymlinksisnotexist.$Filepath_test_testevalsymlinksisnotexist_Fields_.testEvalSymlinksIsNotExist (_internal/path/filepath_test/Filepath_test_testevalsymlinksisnotexist.hx line 90)
Called from stdgo._internal.testing.$M_static_extension.run (stdgo/_internal/testing/Testing_m_static_extension.hx line 34)
Called from _internal.path.filepath_dot_test._Filepath_dot_test.$Filepath_dot_test_Fields_.main (_internal/path/filepath_dot_test/Filepath_dot_test.hx line 7)

-- FAIL: TestEvalSymlinksIsNotExist

=== RUN  TestIssue13582
Exception: :os.symlink is not yet implemented
Called from stdgo._internal.os._Os_symlink.$Os_symlink_Fields_.symlink (stdgo/_internal/os/Os_symlink.hx line 2)
Called from _internal.path.filepath_test._Filepath_test_testissue13582.$Filepath_test_testissue13582_Fields_.testIssue13582 (_internal/path/filepath_test/Filepath_test_testissue13582.hx line 23)
Called from stdgo._internal.testing.$M_static_extension.run (stdgo/_internal/testing/Testing_m_static_extension.hx line 34)
Called from _internal.path.filepath_dot_test._Filepath_dot_test.$Filepath_dot_test_Fields_.main (_internal/path/filepath_dot_test/Filepath_dot_test.hx line 7)

-- FAIL: TestIssue13582

=== RUN  TestRelativeSymlinkToAbsolute
Exception: :os.symlink is not yet implemented
Called from stdgo._internal.os._Os_symlink.$Os_symlink_Fields_.symlink (stdgo/_internal/os/Os_symlink.hx line 2)
Called from _internal.path.filepath_test._Filepath_test_testrelativesymlinktoabsolute.$Filepath_test_testrelativesymlinktoabsolute_Fields_.testRelativeSymlinkToAbsolute (_internal/path/filepath_test/Filepath_test_testrelativesymlinktoabsolute.hx line 19)
Called from stdgo._internal.testing.$M_static_extension.run (stdgo/_internal/testing/Testing_m_static_extension.hx line 34)
Called from _internal.path.filepath_dot_test._Filepath_dot_test.$Filepath_dot_test_Fields_.main (_internal/path/filepath_dot_test/Filepath_dot_test.hx line 7)

-- FAIL: TestRelativeSymlinkToAbsolute

=== RUN  TestAbs
Exception: :os.sameFile is not yet implemented
Called from _internal.path.filepath_test._Filepath_test_testabs.$Filepath_test_testabs_Fields_.testAbs (_internal/path/filepath_test/Filepath_test_testabs.hx line 124)
Called from stdgo._internal.testing.$M_static_extension.run (stdgo/_internal/testing/Testing_m_static_extension.hx line 34)
Called from _internal.path.filepath_dot_test._Filepath_dot_test.$Filepath_dot_test_Fields_.main (_internal/path/filepath_dot_test/Filepath_dot_test.hx line 7)

-- FAIL: TestAbs

=== RUN  TestAbsEmptyString
cjg5bmhbhh: readFile cjg5bmhbhh: no such file or directoryException: :os.sameFile is not yet implemented
Called from _internal.path.filepath_test._Filepath_test_testabsemptystring.$Filepath_test_testabsemptystring_Fields_.testAbsEmptyString (_internal/path/filepath_test/Filepath_test_testabsemptystring.hx line 97)
Called from stdgo._internal.testing.$M_static_extension.run (stdgo/_internal/testing/Testing_m_static_extension.hx line 34)
Called from _internal.path.filepath_dot_test._Filepath_dot_test.$Filepath_dot_test_Fields_.main (_internal/path/filepath_dot_test/Filepath_dot_test.hx line 7)

-- FAIL: TestAbsEmptyString

=== RUN  TestRel

-- PASS: TestRel

=== RUN  TestVolumeName

-- PASS: TestVolumeName

=== RUN  TestDriveLetterInEvalSymlinks

-- PASS: TestDriveLetterInEvalSymlinks

=== RUN  TestBug3486
Exception: :runtime.gOROOT is not yet implemented
Called from stdgo._internal.runtime._Runtime_goroot.$Runtime_goroot_Fields_.gOROOT (stdgo/_internal/runtime/Runtime_goroot.hx line 2)
Called from stdgo._internal.internal.testenv._Testenv__findgoroot.$Testenv__findgoroot_Fields_.~_findGOROOT.0 (stdgo/_internal/internal/testenv/Testenv__findgoroot.hx line 4)
Called from stdgo._internal.sync.$Once_static_extension.do_ (stdgo/_internal/sync/Sync_once_static_extension.hx line 83)
Called from stdgo._internal.internal.testenv._Testenv__findgoroot.$Testenv__findgoroot_Fields_._findGOROOT (stdgo/_internal/internal/testenv/Testenv__findgoroot.hx line 3)
Called from stdgo._internal.internal.testenv._Testenv_goroot.$Testenv_goroot_Fields_.gOROOT (stdgo/_internal/internal/testenv/Testenv_goroot.hx line 3)
Called from _internal.path.filepath_test._Filepath_test_testbug3486.$Filepath_test_testbug3486_Fields_.testBug3486 (_internal/path/filepath_test/Filepath_test_testbug3486.hx line 18)
Called from stdgo._internal.testing.$M_static_extension.run (stdgo/_internal/testing/Testing_m_static_extension.hx line 34)
Called from _internal.path.filepath_dot_test._Filepath_dot_test.$Filepath_dot_test_Fields_.main (_internal/path/filepath_dot_test/Filepath_dot_test.hx line 7)

-- FAIL: TestBug3486

=== RUN  TestWalkSymlink
Exception: :os.symlink is not yet implemented
Called from _internal.path.filepath_test._Filepath_test__testwalksymlink.$Filepath_test__testwalksymlink_Fields_._testWalkSymlink (_internal/path/filepath_test/Filepath_test__testwalksymlink.hx line 103)
Called from _internal.path.filepath_test._Filepath_test_testwalksymlink.$Filepath_test_testwalksymlink_Fields_.testWalkSymlink (_internal/path/filepath_test/Filepath_test_testwalksymlink.hx line 16)
Called from stdgo._internal.testing.$M_static_extension.run (stdgo/_internal/testing/Testing_m_static_extension.hx line 34)
Called from _internal.path.filepath_dot_test._Filepath_dot_test.$Filepath_dot_test_Fields_.main (_internal/path/filepath_dot_test/Filepath_dot_test.hx line 7)

-- FAIL: TestWalkSymlink

=== RUN  TestIssue29372
writeFile f2iqfw9veg/file.txt: no such file or directory

-- PASS: TestIssue29372

=== RUN  TestEvalSymlinksAboveRoot
Exception: T_:testing.parallel is not yet implemented
Called from stdgo._internal.testing.$T__static_extension.parallel (stdgo/_internal/testing/Testing_t__static_extension.hx line 17)
Called from _internal.path.filepath_test._Filepath_test_testevalsymlinksaboveroot.$Filepath_test_testevalsymlinksaboveroot_Fields_.testEvalSymlinksAboveRoot (_internal/path/filepath_test/Filepath_test_testevalsymlinksaboveroot.hx line 16)
Called from stdgo._internal.testing.$M_static_extension.run (stdgo/_internal/testing/Testing_m_static_extension.hx line 34)
Called from _internal.path.filepath_dot_test._Filepath_dot_test.$Filepath_dot_test_Fields_.main (_internal/path/filepath_dot_test/Filepath_dot_test.hx line 7)

-- FAIL: TestEvalSymlinksAboveRoot

=== RUN  TestEvalSymlinksAboveRootChdir
Exception: :os.mkdirAll is not yet implemented
Called from _internal.path.filepath_test._Filepath_test_testevalsymlinksaboverootchdir.$Filepath_test_testevalsymlinksaboverootchdir_Fields_.testEvalSymlinksAboveRootChdir (_internal/path/filepath_test/Filepath_test_testevalsymlinksaboverootchdir.hx line 120)
Called from stdgo._internal.testing.$M_static_extension.run (stdgo/_internal/testing/Testing_m_static_extension.hx line 34)
Called from _internal.path.filepath_dot_test._Filepath_dot_test.$Filepath_dot_test_Fields_.main (_internal/path/filepath_dot_test/Filepath_dot_test.hx line 7)

-- FAIL: TestEvalSymlinksAboveRootChdir

=== RUN  TestIssue51617
chmod: invalid mode: ‘448’
Try 'chmod --help' for more information.
got directories [.], want [. a a/bad a/next]
Uncaught exception: SysError(Failed to read directory 1nauow0hak/a/bad)
Called from sys.$FileSystem.readDirectory(/home/runner/haxe/versions/c4868e5/std/hl/_std/sys/FileSystem.hx:98)
Called from stdgo._internal.os._Os_removeall.$Os_removeall_Fields_.~removeAll.1(stdgo/_internal/os/Os_removeall.hx:8)
Called from stdgo._internal.os._Os_removeall.$Os_removeall_Fields_.~removeAll.1(stdgo/_internal/os/Os_removeall.hx:11)
Called from stdgo._internal.os._Os_removeall.$Os_removeall_Fields_.~removeAll.1(stdgo/_internal/os/Os_removeall.hx:11)
Called from stdgo._internal.os._Os_removeall.$Os_removeall_Fields_.removeAll(stdgo/_internal/os/Os_removeall.hx:23)
Called from stdgo._internal.testing.$T_common_static_extension.~tempDir.1(stdgo/_internal/testing/Testing_t_common_static_extension.hx:21)
Called from stdgo._internal.testing.$M_static_extension.run(stdgo/_internal/testing/Testing_m_static_extension.hx:45)
Called from _internal.path.filepath_dot_test._Filepath_dot_test.$Filepath_dot_test_Fields_.main(_internal/path/filepath_dot_test/Filepath_dot_test.hx:7)
Called from .init(?:1)
