[ERROR] ./_internal/sync_test/Sync_test__applymap.hx:3: characters 91-96

  3 |         return _internal.sync_test.Sync_test__applycalls._applyCalls(stdgo.Go.asInterface(_new_(stdgo._internal.sync.Sync_map_.map_)), _calls);
    |                                                                                           ^^^^^
    | Unknown identifier : _new_

     ->  /home/runner/haxe/versions/b0b2997/std/haxe/macro/Context.hx:513: characters 10-30

     513 |   return load("typeof", 1)(e);
         |          ^^^^^^^^^^^^^^^^^^^^
         | Called from here

     ->  stdgo/Go.macro.hx:305: lines 305-310

     305 |   final selfType = Context.typeof(switch expr.expr {
       - |     [...]
     310 |   });
         |
         | Called from here

     ->  ./_internal/sync_test/Sync_test__applymap.hx:3: characters 70-134

       3 |         return _internal.sync_test.Sync_test__applycalls._applyCalls(stdgo.Go.asInterface(_new_(stdgo._internal.sync.Sync_map_.map_)), _calls);
         |                                                                      ^^^^^^^^^^^^^^^^^^^^^^^^^^^^^^^^^^^^^^^^^^^^^^^^^^^^^^^^^^^^^^^^
         | Called from here

     ->  /home/runner/haxe/versions/b0b2997/std/haxe/macro/Context.hx:513: characters 10-30

     513 |   return load("typeof", 1)(e);
         |          ^^^^^^^^^^^^^^^^^^^^
         | Called from here

     ->  stdgo/Go.macro.hx:653: characters 11-31

     653 |   var t = Context.typeof(expr);
         |           ^^^^^^^^^^^^^^^^^^^^
         | Called from here

     ->  ./_internal/sync_test/Sync_test_testmapmatchesrwmutex.hx:4: characters 83-154

       4 |             var _err = (stdgo._internal.testing.quick.Quick_checkequal.checkEqual(stdgo.Go.toInterface(_internal.sync_test.Sync_test__applymap._applyMap), stdgo.Go.toInterface(_internal.sync_test.Sync_test__applyrwmutexmap._applyRWMutexMap), null) : stdgo.Error);
         |                                                                                   ^^^^^^^^^^^^^^^^^^^^^^^^^^^^^^^^^^^^^^^^^^^^^^^^^^^^^^^^^^^^^^^^^^^^^^^
         | Called from here

         | For function argument '_m'

[ERROR] ./_internal/sync_test/Sync_test__applyrwmutexmap.hx:3: characters 91-96

  3 |         return _internal.sync_test.Sync_test__applycalls._applyCalls(stdgo.Go.asInterface(_new_(_internal.sync_test.Sync_test__internal.sync_test.sync_test_rwmutexmap_static_extension.rwmutexmap_static_extension._internal.sync_test.Sync_test_rwmutexmap_static_extension.RWMutexMap_static_extension)), _calls);
    |                                                                                           ^^^^^
    | Unknown identifier : _new_

     ->  /home/runner/haxe/versions/b0b2997/std/haxe/macro/Context.hx:513: characters 10-30

     513 |   return load("typeof", 1)(e);
         |          ^^^^^^^^^^^^^^^^^^^^
         | Called from here

     ->  stdgo/Go.macro.hx:305: lines 305-310

     305 |   final selfType = Context.typeof(switch expr.expr {
       - |     [...]
     310 |   });
         |
         | Called from here

     ->  ./_internal/sync_test/Sync_test__applyrwmutexmap.hx:3: characters 70-300

       3 |         return _internal.sync_test.Sync_test__applycalls._applyCalls(stdgo.Go.asInterface(_new_(_internal.sync_test.Sync_test__internal.sync_test.sync_test_rwmutexmap_static_extension.rwmutexmap_static_extension._internal.sync_test.Sync_test_rwmutexmap_static_extension.RWMutexMap_static_extension)), _calls);
         |                                                                      ^^^^^^^^^^^^^^^^^^^^^^^^^^^^^^^^^^^^^^^^^^^^^^^^^^^^^^^^^^^^^^^^^^^^^^^^^^^^^^^^^^^^^^^^^^^^^^^^^^^^^^^^^^^^^^^^^^^^^^^^^^^^^^^^^^^^^^^^^^^^^^^^^^^^^^^^^^^^^^^^^^^^^^^^^^^^^^^^^^^^^^^^^^^^^^^^^^^^^^^^^^^^^^^^^^^^^^^^^^^^^^^^^^^^^^
         | Called from here

     ->  /home/runner/haxe/versions/b0b2997/std/haxe/macro/Context.hx:513: characters 10-30

     513 |   return load("typeof", 1)(e);
         |          ^^^^^^^^^^^^^^^^^^^^
         | Called from here

     ->  stdgo/Go.macro.hx:653: characters 11-31

     653 |   var t = Context.typeof(expr);
         |           ^^^^^^^^^^^^^^^^^^^^
         | Called from here

     ->  ./_internal/sync_test/Sync_test_testmapmatchesrwmutex.hx:4: characters 156-241

       4 |             var _err = (stdgo._internal.testing.quick.Quick_checkequal.checkEqual(stdgo.Go.toInterface(_internal.sync_test.Sync_test__applymap._applyMap), stdgo.Go.toInterface(_internal.sync_test.Sync_test__applyrwmutexmap._applyRWMutexMap), null) : stdgo.Error);
         |                                                                                                                                                            ^^^^^^^^^^^^^^^^^^^^^^^^^^^^^^^^^^^^^^^^^^^^^^^^^^^^^^^^^^^^^^^^^^^^^^^^^^^^^^^^^^^^^
         | Called from here

         | For function argument '_m'

[ERROR] ./_internal/sync_test/Sync_test__applydeepcopymap.hx:3: characters 91-96

  3 |         return _internal.sync_test.Sync_test__applycalls._applyCalls(stdgo.Go.asInterface(_new_(_internal.sync_test.Sync_test__internal.sync_test.sync_test_deepcopymap_static_extension.deepcopymap_static_extension._internal.sync_test.Sync_test_deepcopymap_static_extension.DeepCopyMap_static_extension)), _calls);
    |                                                                                           ^^^^^
    | Unknown identifier : _new_

     ->  /home/runner/haxe/versions/b0b2997/std/haxe/macro/Context.hx:513: characters 10-30

     513 |   return load("typeof", 1)(e);
         |          ^^^^^^^^^^^^^^^^^^^^
         | Called from here

     ->  stdgo/Go.macro.hx:305: lines 305-310

     305 |   final selfType = Context.typeof(switch expr.expr {
       - |     [...]
     310 |   });
         |
         | Called from here

     ->  ./_internal/sync_test/Sync_test__applydeepcopymap.hx:3: characters 70-304

       3 |         return _internal.sync_test.Sync_test__applycalls._applyCalls(stdgo.Go.asInterface(_new_(_internal.sync_test.Sync_test__internal.sync_test.sync_test_deepcopymap_static_extension.deepcopymap_static_extension._internal.sync_test.Sync_test_deepcopymap_static_extension.DeepCopyMap_static_extension)), _calls);
         |                                                                      ^^^^^^^^^^^^^^^^^^^^^^^^^^^^^^^^^^^^^^^^^^^^^^^^^^^^^^^^^^^^^^^^^^^^^^^^^^^^^^^^^^^^^^^^^^^^^^^^^^^^^^^^^^^^^^^^^^^^^^^^^^^^^^^^^^^^^^^^^^^^^^^^^^^^^^^^^^^^^^^^^^^^^^^^^^^^^^^^^^^^^^^^^^^^^^^^^^^^^^^^^^^^^^^^^^^^^^^^^^^^^^^^^^^^^^^^^^
         | Called from here

     ->  /home/runner/haxe/versions/b0b2997/std/haxe/macro/Context.hx:513: characters 10-30

     513 |   return load("typeof", 1)(e);
         |          ^^^^^^^^^^^^^^^^^^^^
         | Called from here

     ->  stdgo/Go.macro.hx:653: characters 11-31

     653 |   var t = Context.typeof(expr);
         |           ^^^^^^^^^^^^^^^^^^^^
         | Called from here

     ->  ./_internal/sync_test/Sync_test_testmapmatchesdeepcopy.hx:4: characters 156-243

       4 |             var _err = (stdgo._internal.testing.quick.Quick_checkequal.checkEqual(stdgo.Go.toInterface(_internal.sync_test.Sync_test__applymap._applyMap), stdgo.Go.toInterface(_internal.sync_test.Sync_test__applydeepcopymap._applyDeepCopyMap), null) : stdgo.Error);
         |                                                                                                                                                            ^^^^^^^^^^^^^^^^^^^^^^^^^^^^^^^^^^^^^^^^^^^^^^^^^^^^^^^^^^^^^^^^^^^^^^^^^^^^^^^^^^^^^^^
         | Called from here

         | For function argument '_m'

[ERROR] ./_internal/sync_test/Sync_test_testconcurrentrange.hx:6: characters 22-27

  6 |             var _m = _new_(stdgo._internal.sync.Sync_map_.map_);
    |                      ^^^^^
    | Unknown identifier : _new_

[ERROR] ./_internal/sync_test/Sync_test_testissue40999.hx:9: characters 22-27

  9 |             var _p = _new_(_internal.sync_test.Sync_test__int._int);
    |                      ^^^^^
    | Unknown identifier : _new_

[ERROR] ./_internal/sync_test/Sync_test_testsemaphore.hx:3: characters 18-23

  3 |         var _s = _new_(_internal.sync_test.Sync_test__uint32._uint32);
    |                  ^^^^^
    | Unknown identifier : _new_

[ERROR] ./_internal/sync_test/Sync_test_testmutex.hx:16: characters 22-27

 16 |             var _m = _new_(stdgo._internal.sync.Sync_mutex.mutex);
    |                      ^^^^^
    | Unknown identifier : _new_

[ERROR] ./_internal/sync_test/Sync_test_testonce.hx:3: characters 18-23

  3 |         var _o = _new_(_internal.sync_test.Sync_test__one._one);
    |                  ^^^^^
    | Unknown identifier : _new_

[ERROR] ./_internal/sync_test/Sync_test_testonce.hx:4: characters 21-26

  4 |         var _once = _new_(stdgo._internal.sync.Sync_once.once);
    |                     ^^^^^
    | Unknown identifier : _new_

[ERROR] ./_internal/sync_test/Sync_test_testonce.hx:22: characters 113-143

 22 |             @:check2r _t.errorf(("once failed outside run: %d is not 1" : stdgo.GoString), stdgo.Go.toInterface(stdgo.Go.asInterface(_o.value)));
    |                                                                                                                 ^^^^^^^^^^^^^^^^^^^^^^^^^^^^^^
    | invalid type run asInterface: TDynamic(null)

     ->  /home/runner/haxe/versions/b0b2997/std/haxe/macro/Context.hx:51: characters 10-43

      51 |   return load("error", 2)(msg, pos, depth);
         |          ^^^^^^^^^^^^^^^^^^^^^^^^^^^^^^^^^
         | Called from here

     ->  stdgo/Go.macro.hx:461: characters 6-79

     461 |      Context.error("invalid type run asInterface: " + t, Context.currentPos());
         |      ^^^^^^^^^^^^^^^^^^^^^^^^^^^^^^^^^^^^^^^^^^^^^^^^^^^^^^^^^^^^^^^^^^^^^^^^^
         | Called from here

     465 |   return run();
         |          ^^^^^
         | Called from here

         | Called from here

     ->  /home/runner/haxe/versions/b0b2997/std/haxe/macro/Context.hx:513: characters 10-30

     513 |   return load("typeof", 1)(e);
         |          ^^^^^^^^^^^^^^^^^^^^
         | Called from here

     ->  stdgo/Go.macro.hx:653: characters 11-31

     653 |   var t = Context.typeof(expr);
         |           ^^^^^^^^^^^^^^^^^^^^
         | Called from here

     ->  ./_internal/sync_test/Sync_test_testonce.hx:22: characters 92-144

      22 |             @:check2r _t.errorf(("once failed outside run: %d is not 1" : stdgo.GoString), stdgo.Go.toInterface(stdgo.Go.asInterface(_o.value)));
         |                                                                                            ^^^^^^^^^^^^^^^^^^^^^^^^^^^^^^^^^^^^^^^^^^^^^^^^^^^^
         | Called from here

         | For function argument ''

[ERROR] ./_internal/sync_test/Sync_test__testpool.hx:51: characters 28-33

 51 |                     _v_6 = _new_(_internal.sync_test.Sync_test__string._string);
    |                            ^^^^^
    | Unknown identifier : _new_

[ERROR] ./_internal/sync_test/Sync_test__testpool.hx:53: characters 82-88

 53 |                         stdgo._internal.sync.atomic_.Atomic__adduint32.addUint32(_fin_3, (1u32 : stdgo.GoUInt32));
    |                                                                                  ^^^^^^
    | stdgo.GoUInt32 should be stdgo.Pointer<stdgo.GoUInt32>
    | For function argument '_addr'

     ->  /home/runner/haxe/versions/b0b2997/std/haxe/macro/Context.hx:513: characters 10-30

     513 |   return load("typeof", 1)(e);
         |          ^^^^^^^^^^^^^^^^^^^^
         | Called from here

     ->  stdgo/Go.macro.hx:653: characters 11-31

     653 |   var t = Context.typeof(expr);
         |           ^^^^^^^^^^^^^^^^^^^^
         | Called from here

     ->  ./_internal/sync_test/Sync_test__testpool.hx:52: lines 52-54

      52 |                     stdgo._internal.runtime.Runtime_setfinalizer.setFinalizer(stdgo.Go.toInterface(_v_6), stdgo.Go.toInterface(function(_vv:stdgo.Pointer<stdgo.GoString>):Void {
      53 |                         stdgo._internal.sync.atomic_.Atomic__adduint32.addUint32(_fin_3, (1u32 : stdgo.GoUInt32));
      54 |                     }));
         |
         | Called from here

         | For function argument '_finalizer'

[ERROR] ./_internal/sync_test/Sync_test__testpool.hx:92: characters 94-100

 92 |                         _fin1_4 = stdgo._internal.sync.atomic_.Atomic__loaduint32.loadUint32(_fin_3);
    |                                                                                              ^^^^^^
    | stdgo.GoUInt32 should be stdgo.Pointer<stdgo.GoUInt32>
    | For function argument '_addr'

[ERROR] ./_internal/sync_test/Sync_test_testwaitgrouprace.hx:7: characters 10-15

  7 | var _n = _new_(_internal.sync_test.Sync_test__int32._int32);
    |          ^^^^^
    | Unknown identifier : _new_

[ERROR] ./_internal/sync_test/Sync_test_benchmarkuncontendedsemaphore.hx:3: characters 18-23

  3 |         var _s = _new_(_internal.sync_test.Sync_test__uint32._uint32);
    |                  ^^^^^
    | Unknown identifier : _new_

[ERROR] ./_internal/sync_test/Sync_test_benchmarkcontendedsemaphore.hx:6: characters 22-27

  6 |             var _s = _new_(_internal.sync_test.Sync_test__uint32._uint32);
    |                      ^^^^^
    | Unknown identifier : _new_

[ERROR] ./_internal/sync_test/Sync_test_benchmarksemauncontended.hx:5: characters 24-29

  5 |             var _sem = _new_(_internal.sync_test.Sync_test_paddedsem.paddedSem);
    |                        ^^^^^
    | Unknown identifier : _new_

         | For function argument '_body'

[ERROR] ./_internal/sync_test/Sync_test__bufpool.hx:3: characters 58-63

  3 |         return stdgo.Go.toInterface(stdgo.Go.asInterface(_new_(stdgo._internal.bytes.Bytes_buffer.buffer)));
    |                                                          ^^^^^
    | Unknown identifier : _new_

       3 |         return stdgo.Go.toInterface(stdgo.Go.asInterface(_new_(stdgo._internal.bytes.Bytes_buffer.buffer)));
         |                ^^^^^^^^^^^^^^^^^^^^^^^^^^^^^^^^^^^^^^^^^^^^^^^^^^^^^^^^^^^^^^^^^^^^^^^^^^^^^^^^^^^^^^^^^^^^
         | Called from here

     ->  stdgo/Go.macro.hx:653: characters 11-31

     653 |   var t = Context.typeof(expr);
         |           ^^^^^^^^^^^^^^^^^^^^
         | Called from here

     ->  /home/runner/haxe/versions/b0b2997/std/haxe/macro/Context.hx:513: characters 10-30

     513 |   return load("typeof", 1)(e);
         |          ^^^^^^^^^^^^^^^^^^^^
         | Called from here

     ->  ./_internal/sync_test/Sync_test__bufpool.hx:3: characters 37-107

       3 |         return stdgo.Go.toInterface(stdgo.Go.asInterface(_new_(stdgo._internal.bytes.Bytes_buffer.buffer)));
         |                                     ^^^^^^^^^^^^^^^^^^^^^^^^^^^^^^^^^^^^^^^^^^^^^^^^^^^^^^^^^^^^^^^^^^^^^^
         | Called from here

     ->  stdgo/Go.macro.hx:305: lines 305-310

     305 |   final selfType = Context.typeof(switch expr.expr {
       - |     [...]
     310 |   });
         |
         | Called from here

     ->  /home/runner/haxe/versions/b0b2997/std/haxe/macro/Context.hx:513: characters 10-30

     513 |   return load("typeof", 1)(e);
         |          ^^^^^^^^^^^^^^^^^^^^
         | Called from here

     ->  ./_internal/sync_test/Sync_test_log.hx:3: characters 19-159

       3 |         var _b = (stdgo.Go.typeAssert((@:check2 _internal.sync_test.Sync_test__bufpool._bufPool.get() : stdgo.Ref<stdgo._internal.bytes.Bytes_buffer.Buffer>)) : stdgo.Ref<stdgo._internal.bytes.Bytes_buffer.Buffer>);
         |                   ^^^^^^^^^^^^^^^^^^^^^^^^^^^^^^^^^^^^^^^^^^^^^^^^^^^^^^^^^^^^^^^^^^^^^^^^^^^^^^^^^^^^^^^^^^^^^^^^^^^^^^^^^^^^^^^^^^^^^^^^^^^^^^^^^^^^^^^^^^^^
         | Called from macro here

