=== RUN  TestOpenFileLimit

-- PASS: TestOpenFileLimit

=== RUN  TestEnv
Exception: :syscall.setenv is not yet implemented
Called from .stdgo__$internal_syscall_Syscall_$setenv_setenv (/home/runner/work/go2hx/go2hx/golibs/std_syscall.js line 13277 column 23)
Called from ._$internal_syscall_$test_Syscall_$test_$_$testsetgetenv__testSetGetenv (/home/runner/work/go2hx/go2hx/golibs/std_syscall.js line 11358 column 13)
Called from module at stdgo__$internal_testing_InternalTest._$internal_syscall_$test_Syscall_$test_$testenv_testEnv [as f] (/home/runner/work/go2hx/go2hx/golibs/std_syscall.js:11373:2)
Called from stdgo__$internal_testing_M_$static_$extension.run (/home/runner/work/go2hx/go2hx/golibs/std_syscall.js line 40558 column 9)
Called from ._$internal_syscalldottest_Syscalldottest_main (/home/runner/work/go2hx/go2hx/golibs/std_syscall.js line 32229 column 59)
Called from module at /home/runner/work/go2hx/go2hx/golibs/std_syscall.js:49134:1
Called from module at Object.<anonymous> (/home/runner/work/go2hx/go2hx/golibs/std_syscall.js:49135:3)
Called from Module._compile (node:internal/modules/cjs/loader line 1734 column 14)

-- FAIL: TestEnv

=== RUN  TestExecErrPermutedFds
Exception: :os.executable is not yet implemented
Called from .stdgo__$internal_os_Os_$executable_executable (/home/runner/work/go2hx/go2hx/golibs/std_syscall.js line 13840 column 23)
Called from .stdgo__$internal_internal_testenv_Testenv_$_$tryexec__tryExec (/home/runner/work/go2hx/go2hx/golibs/std_syscall.js line 13819 column 16)
Called from module at /home/runner/work/go2hx/go2hx/golibs/std_syscall.js:13335:73
Called from stdgo__$internal_sync_Once_$static_$extension.do_ (/home/runner/work/go2hx/go2hx/golibs/std_syscall.js line 13489 column 2)
Called from .stdgo__$internal_internal_testenv_Testenv_$musthaveexec_mustHaveExec (/home/runner/work/go2hx/go2hx/golibs/std_syscall.js line 13334 column 48)
Called from module at stdgo__$internal_testing_InternalTest._$internal_syscall_$test_Syscall_$test_$testexecerrpermutedfds_testExecErrPermutedFds [as f] (/home/runner/work/go2hx/go2hx/golibs/std_syscall.js:11380:2)
Called from stdgo__$internal_testing_M_$static_$extension.run (/home/runner/work/go2hx/go2hx/golibs/std_syscall.js line 40558 column 9)
Called from ._$internal_syscalldottest_Syscalldottest_main (/home/runner/work/go2hx/go2hx/golibs/std_syscall.js line 32229 column 59)

-- FAIL: TestExecErrPermutedFds

=== RUN  TestGettimeofday
<invalid reflect.Value>
Exception: __skip__
Called from stdgo__$internal_testing_T_$common_$static_$extension.skipNow (/home/runner/work/go2hx/go2hx/golibs/std_syscall.js line 41352 column 23)
Called from stdgo__$internal_testing_T_$common_$static_$extension.skip (/home/runner/work/go2hx/go2hx/golibs/std_syscall.js line 41382 column 56)
Called from module at /home/runner/work/go2hx/go2hx/golibs/std_syscall.js:40792:58
Called from module at stdgo__$internal_testing_InternalTest._$internal_syscall_$test_Syscall_$test_$testgettimeofday_testGettimeofday [as f] (/home/runner/work/go2hx/go2hx/golibs/std_syscall.js:11397:17)
Called from stdgo__$internal_testing_M_$static_$extension.run (/home/runner/work/go2hx/go2hx/golibs/std_syscall.js line 40558 column 9)
Called from ._$internal_syscalldottest_Syscalldottest_main (/home/runner/work/go2hx/go2hx/golibs/std_syscall.js line 32229 column 59)
Called from module at /home/runner/work/go2hx/go2hx/golibs/std_syscall.js:49134:1
Called from module at Object.<anonymous> (/home/runner/work/go2hx/go2hx/golibs/std_syscall.js:49135:3)

-- SKIP: TestGettimeofday

-- PASS: TestGettimeofday

./stdgo/_internal/testing/Testing_m_static_extension.hx:60: exitCode: 1 exitCodeReason: 
-- FAIL: TestExecErrPermutedFds
