=== RUN  TestPowx

-- PASS: TestPowx

=== RUN  TestMul

-- PASS: TestMul

=== RUN  TestSboxes

-- PASS: TestSboxes

=== RUN  TestTe

-- PASS: TestTe

=== RUN  TestTd

-- PASS: TestTd

=== RUN  TestExpandKey
Exception: array out of bounds, index: 44 length: 44
Called from stdgo._internal.testing.M_static_extension.run (golibs/stdgo/_internal/testing/Testing_m_static_extension.hx line 33 column 17)
Called from stdgo._internal.crypto.aes._Aes_testexpandkey.Aes_testexpandkey_Fields_.testExpandKey (golibs/stdgo/_internal/crypto/aes/Aes_testexpandkey.hx line 50 column 21)
Called from stdgo._internal.crypto.aes._Aes__expandkeygo.Aes__expandkeygo_Fields_._expandKeyGo (golibs/stdgo/_internal/crypto/aes/Aes__expandkeygo.hx line 50 column 1)
Called from stdgo._Slice.Slice_Impl_.__set__ (golibs/stdgo/Slice.hx line 169 column 3)
Called from stdgo._Slice.Slice_Impl_.__boundsCheck__ (golibs/stdgo/Slice.hx line 157 column 4)

-- FAIL: TestExpandKey

=== RUN  TestCipherEncrypt
Exception: crypto/aes: invalid buffer overlap
Called from stdgo._internal.testing.M_static_extension.run (golibs/stdgo/_internal/testing/Testing_m_static_extension.hx line 33 column 17)
Called from stdgo._internal.crypto.aes._Aes_testcipherencrypt.Aes_testcipherencrypt_Fields_.testCipherEncrypt (golibs/stdgo/_internal/crypto/aes/Aes_testcipherencrypt.hx line 27 column 13)
Called from stdgo._internal.crypto.aes.T_aesCipher_asInterface.encrypt (golibs/stdgo/_internal/crypto/aes/Aes_t_aescipher_asinterface.hx line 11 column 113)
Called from stdgo._internal.crypto.aes.T_aesCipher_static_extension.encrypt (golibs/stdgo/_internal/crypto/aes/Aes_t_aescipher_static_extension.hx line 47 column 13)

-- FAIL: TestCipherEncrypt

=== RUN  TestCipherDecrypt
Exception: crypto/aes: invalid buffer overlap
Called from stdgo._internal.testing.M_static_extension.run (golibs/stdgo/_internal/testing/Testing_m_static_extension.hx line 33 column 17)
Called from stdgo._internal.crypto.aes._Aes_testcipherdecrypt.Aes_testcipherdecrypt_Fields_.testCipherDecrypt (golibs/stdgo/_internal/crypto/aes/Aes_testcipherdecrypt.hx line 27 column 13)
Called from stdgo._internal.crypto.aes.T_aesCipher_asInterface.decrypt (golibs/stdgo/_internal/crypto/aes/Aes_t_aescipher_asinterface.hx line 9 column 113)
Called from stdgo._internal.crypto.aes.T_aesCipher_static_extension.decrypt (golibs/stdgo/_internal/crypto/aes/Aes_t_aescipher_static_extension.hx line 25 column 13)

-- FAIL: TestCipherDecrypt

=== RUN  TestShortBlocks

-- PASS: TestShortBlocks

=== RUN  TestGCMAble

-- PASS: TestGCMAble

=== RUN  TestCBCEncAble

-- PASS: TestCBCEncAble

=== RUN  TestCBCDecAble

-- PASS: TestCBCDecAble

=== RUN  TestCTRAble

-- PASS: TestCTRAble

golibs/stdgo/_internal/testing/Testing_m_static_extension.hx:91: exitCode: 1 exitCodeReason: 
-- FAIL: TestCipherDecrypt
