=== RUN  TestPowx

-- PASS: TestPowx

=== RUN  TestMul

-- PASS: TestMul

=== RUN  TestSboxes

-- PASS: TestSboxes

=== RUN  TestTe

-- PASS: TestTe

=== RUN  TestTd

-- PASS: TestTd

=== RUN  TestExpandKey
Exception: array out of bounds, index: 44 length: 44
Called from stdgo_Slice.__boundsCheck__ (/home/runner/work/go2hx/go2hx/golibs/std_aes.js line 12198 column 24)
Called from stdgo_Slice.__set__ (/home/runner/work/go2hx/go2hx/golibs/std_aes.js line 12233 column 14)
Called from .stdgo__$internal_crypto_aes_Aes_$_$expandkeygo__expandKeyGo (/home/runner/work/go2hx/go2hx/golibs/std_aes.js line 13531 column 16)
Called from module at stdgo__$internal_testing_InternalTest.stdgo__$internal_crypto_aes_Aes_$testexpandkey_testExpandKey [as f] (/home/runner/work/go2hx/go2hx/golibs/std_aes.js:13323:9)
Called from stdgo__$internal_testing_M_$static_$extension.run (/home/runner/work/go2hx/go2hx/golibs/std_aes.js line 42334 column 9)
Called from ._$internal_crypto_aesdottest_Aesdottest_main (/home/runner/work/go2hx/go2hx/golibs/std_aes.js line 20713 column 59)
Called from module at /home/runner/work/go2hx/go2hx/golibs/std_aes.js:51645:1
Called from module at Object.<anonymous> (/home/runner/work/go2hx/go2hx/golibs/std_aes.js:51646:3)

-- FAIL: TestExpandKey

=== RUN  TestCipherEncrypt
Exception: crypto/aes: invalid buffer overlap
Called from stdgo__$internal_crypto_aes_T_$aesCipher_$static_$extension.encrypt (/home/runner/work/go2hx/go2hx/golibs/std_aes.js line 23727 column 24)
Called from stdgo__$internal_crypto_aes_T_$aesCipher_$asInterface.encrypt (/home/runner/work/go2hx/go2hx/golibs/std_aes.js line 13896 column 63)
Called from module at stdgo__$internal_testing_InternalTest.stdgo__$internal_crypto_aes_Aes_$testcipherencrypt_testCipherEncrypt [as f] (/home/runner/work/go2hx/go2hx/golibs/std_aes.js:13693:6)
Called from stdgo__$internal_testing_M_$static_$extension.run (/home/runner/work/go2hx/go2hx/golibs/std_aes.js line 42334 column 9)
Called from ._$internal_crypto_aesdottest_Aesdottest_main (/home/runner/work/go2hx/go2hx/golibs/std_aes.js line 20713 column 59)
Called from module at /home/runner/work/go2hx/go2hx/golibs/std_aes.js:51645:1
Called from module at Object.<anonymous> (/home/runner/work/go2hx/go2hx/golibs/std_aes.js:51646:3)
Called from Module._compile (node:internal/modules/cjs/loader line 1734 column 14)

-- FAIL: TestCipherEncrypt

=== RUN  TestCipherDecrypt
Exception: crypto/aes: invalid buffer overlap
Called from stdgo__$internal_crypto_aes_T_$aesCipher_$static_$extension.decrypt (/home/runner/work/go2hx/go2hx/golibs/std_aes.js line 23707 column 24)
Called from stdgo__$internal_crypto_aes_T_$aesCipher_$asInterface.decrypt (/home/runner/work/go2hx/go2hx/golibs/std_aes.js line 13893 column 63)
Called from module at stdgo__$internal_testing_InternalTest.stdgo__$internal_crypto_aes_Aes_$testcipherdecrypt_testCipherDecrypt [as f] (/home/runner/work/go2hx/go2hx/golibs/std_aes.js:13920:6)
Called from stdgo__$internal_testing_M_$static_$extension.run (/home/runner/work/go2hx/go2hx/golibs/std_aes.js line 42334 column 9)
Called from ._$internal_crypto_aesdottest_Aesdottest_main (/home/runner/work/go2hx/go2hx/golibs/std_aes.js line 20713 column 59)
Called from module at /home/runner/work/go2hx/go2hx/golibs/std_aes.js:51645:1
Called from module at Object.<anonymous> (/home/runner/work/go2hx/go2hx/golibs/std_aes.js:51646:3)
Called from Module._compile (node:internal/modules/cjs/loader line 1734 column 14)

-- FAIL: TestCipherDecrypt

=== RUN  TestShortBlocks

-- PASS: TestShortBlocks

=== RUN  TestGCMAble

-- PASS: TestGCMAble

=== RUN  TestCBCEncAble

-- PASS: TestCBCEncAble

=== RUN  TestCBCDecAble

-- PASS: TestCBCDecAble

=== RUN  TestCTRAble

-- PASS: TestCTRAble

golibs/stdgo/_internal/testing/Testing_m_static_extension.hx:91: exitCode: 1 exitCodeReason: 
-- FAIL: TestCipherDecrypt
