=== RUN  TestWeakKeys
#<invalid reflect.Value>: result: %!x(MISSING) want: %!x(MISSING)
#<invalid reflect.Value>: result: %!x(MISSING) want: %!x(MISSING)
#<invalid reflect.Value>: result: %!x(MISSING) want: %!x(MISSING)
#<invalid reflect.Value>: result: %!x(MISSING) want: %!x(MISSING)
#<invalid reflect.Value>: result: %!x(MISSING) want: %!x(MISSING)
#<invalid reflect.Value>: result: %!x(MISSING) want: %!x(MISSING)
#<invalid reflect.Value>: result: %!x(MISSING) want: %!x(MISSING)

-- FAIL: TestWeakKeys

=== RUN  TestSemiWeakKeyPairs
#<invalid reflect.Value>: result: %!x(MISSING) want: %!x(MISSING)
#<invalid reflect.Value>: result: %!x(MISSING) want: %!x(MISSING)
#<invalid reflect.Value>: result: %!x(MISSING) want: %!x(MISSING)
#<invalid reflect.Value>: result: %!x(MISSING) want: %!x(MISSING)
#<invalid reflect.Value>: result: %!x(MISSING) want: %!x(MISSING)
#<invalid reflect.Value>: result: %!x(MISSING) want: %!x(MISSING)

-- FAIL: TestSemiWeakKeyPairs

=== RUN  TestDESEncryptBlock
#<invalid reflect.Value>: result: %!x(MISSING) want: %!x(MISSING)
#<invalid reflect.Value>: result: %!x(MISSING) want: %!x(MISSING)
#<invalid reflect.Value>: result: %!x(MISSING) want: %!x(MISSING)
#<invalid reflect.Value>: result: %!x(MISSING) want: %!x(MISSING)
#<invalid reflect.Value>: result: %!x(MISSING) want: %!x(MISSING)
#<invalid reflect.Value>: result: %!x(MISSING) want: %!x(MISSING)
#<invalid reflect.Value>: result: %!x(MISSING) want: %!x(MISSING)
#<invalid reflect.Value>: result: %!x(MISSING) want: %!x(MISSING)
#<invalid reflect.Value>: result: %!x(MISSING) want: %!x(MISSING)
#<invalid reflect.Value>: result: %!x(MISSING) want: %!x(MISSING)
#<invalid reflect.Value>: result: %!x(MISSING) want: %!x(MISSING)
#<invalid reflect.Value>: result: %!x(MISSING) want: %!x(MISSING)
#<invalid reflect.Value>: result: %!x(MISSING) want: %!x(MISSING)
#<invalid reflect.Value>: result: %!x(MISSING) want: %!x(MISSING)

-- FAIL: TestDESEncryptBlock

=== RUN  TestDESDecryptBlock
#<invalid reflect.Value>: result: %!x(MISSING) want: %!x(MISSING)
#<invalid reflect.Value>: result: %!x(MISSING) want: %!x(MISSING)
#<invalid reflect.Value>: result: %!x(MISSING) want: %!x(MISSING)
#<invalid reflect.Value>: result: %!x(MISSING) want: %!x(MISSING)
#<invalid reflect.Value>: result: %!x(MISSING) want: %!x(MISSING)
#<invalid reflect.Value>: result: %!x(MISSING) want: %!x(MISSING)
#<invalid reflect.Value>: result: %!x(MISSING) want: %!x(MISSING)
#<invalid reflect.Value>: result: %!x(MISSING) want: %!x(MISSING)
#<invalid reflect.Value>: result: %!x(MISSING) want: %!x(MISSING)

-- FAIL: TestDESDecryptBlock

=== RUN  TestEncryptTripleDES
Exception: crypto/des: invalid buffer overlap
Called from stdgo__$internal_crypto_des_T_$tripleDESCipher_$static_$extension.encrypt (/home/runner/work/go2hx/go2hx/golibs/std_des.js line 21664 column 24)
Called from stdgo__$internal_crypto_des_T_$tripleDESCipher_$asInterface.encrypt (/home/runner/work/go2hx/go2hx/golibs/std_des.js line 16348 column 69)
Called from module at stdgo__$internal_testing_InternalTest.stdgo__$internal_crypto_des_Des_$testencrypttripledes_testEncryptTripleDES [as f] (/home/runner/work/go2hx/go2hx/golibs/std_des.js:16257:7)
Called from stdgo__$internal_testing_M_$static_$extension.run (/home/runner/work/go2hx/go2hx/golibs/std_des.js line 38241 column 9)
Called from ._$internal_crypto_desdottest_Desdottest_main (/home/runner/work/go2hx/go2hx/golibs/std_des.js line 17609 column 59)
Called from module at /home/runner/work/go2hx/go2hx/golibs/std_des.js:47823:1
Called from module at Object.<anonymous> (/home/runner/work/go2hx/go2hx/golibs/std_des.js:47824:3)
Called from Module._compile (node:internal/modules/cjs/loader line 1734 column 14)

-- FAIL: TestEncryptTripleDES

=== RUN  TestDecryptTripleDES
Exception: crypto/des: invalid buffer overlap
Called from stdgo__$internal_crypto_des_T_$tripleDESCipher_$static_$extension.decrypt (/home/runner/work/go2hx/go2hx/golibs/std_des.js line 21574 column 24)
Called from stdgo__$internal_crypto_des_T_$tripleDESCipher_$asInterface.decrypt (/home/runner/work/go2hx/go2hx/golibs/std_des.js line 16345 column 69)
Called from module at stdgo__$internal_testing_InternalTest.stdgo__$internal_crypto_des_Des_$testdecrypttripledes_testDecryptTripleDES [as f] (/home/runner/work/go2hx/go2hx/golibs/std_des.js:16369:7)
Called from stdgo__$internal_testing_M_$static_$extension.run (/home/runner/work/go2hx/go2hx/golibs/std_des.js line 38241 column 9)
Called from ._$internal_crypto_desdottest_Desdottest_main (/home/runner/work/go2hx/go2hx/golibs/std_des.js line 17609 column 59)
Called from module at /home/runner/work/go2hx/go2hx/golibs/std_des.js:47823:1
Called from module at Object.<anonymous> (/home/runner/work/go2hx/go2hx/golibs/std_des.js:47824:3)
Called from Module._compile (node:internal/modules/cjs/loader line 1734 column 14)

-- FAIL: TestDecryptTripleDES

=== RUN  TestVariablePlaintextKnownAnswer
Exception: crypto/des: invalid buffer overlap
Called from stdgo__$internal_crypto_des_T_$tripleDESCipher_$static_$extension.encrypt (/home/runner/work/go2hx/go2hx/golibs/std_des.js line 21664 column 24)
Called from stdgo__$internal_crypto_des_T_$tripleDESCipher_$asInterface.encrypt (/home/runner/work/go2hx/go2hx/golibs/std_des.js line 16348 column 69)
Called from module at stdgo__$internal_testing_InternalTest.stdgo__$internal_crypto_des_Des_$testvariableplaintextknownanswer_testVariablePlaintextKnownAnswer [as f] (/home/runner/work/go2hx/go2hx/golibs/std_des.js:16391:7)
Called from stdgo__$internal_testing_M_$static_$extension.run (/home/runner/work/go2hx/go2hx/golibs/std_des.js line 38241 column 9)
Called from ._$internal_crypto_desdottest_Desdottest_main (/home/runner/work/go2hx/go2hx/golibs/std_des.js line 17609 column 59)
Called from module at /home/runner/work/go2hx/go2hx/golibs/std_des.js:47823:1
Called from module at Object.<anonymous> (/home/runner/work/go2hx/go2hx/golibs/std_des.js:47824:3)
Called from Module._compile (node:internal/modules/cjs/loader line 1734 column 14)

-- FAIL: TestVariablePlaintextKnownAnswer

=== RUN  TestVariableCiphertextKnownAnswer
Exception: crypto/des: invalid buffer overlap
Called from stdgo__$internal_crypto_des_T_$tripleDESCipher_$static_$extension.decrypt (/home/runner/work/go2hx/go2hx/golibs/std_des.js line 21574 column 24)
Called from stdgo__$internal_crypto_des_T_$tripleDESCipher_$asInterface.decrypt (/home/runner/work/go2hx/go2hx/golibs/std_des.js line 16345 column 69)
Called from module at stdgo__$internal_testing_InternalTest.stdgo__$internal_crypto_des_Des_$testvariableciphertextknownanswer_testVariableCiphertextKnownAnswer [as f] (/home/runner/work/go2hx/go2hx/golibs/std_des.js:16413:7)
Called from stdgo__$internal_testing_M_$static_$extension.run (/home/runner/work/go2hx/go2hx/golibs/std_des.js line 38241 column 9)
Called from ._$internal_crypto_desdottest_Desdottest_main (/home/runner/work/go2hx/go2hx/golibs/std_des.js line 17609 column 59)
Called from module at /home/runner/work/go2hx/go2hx/golibs/std_des.js:47823:1
Called from module at Object.<anonymous> (/home/runner/work/go2hx/go2hx/golibs/std_des.js:47824:3)
Called from Module._compile (node:internal/modules/cjs/loader line 1734 column 14)

-- FAIL: TestVariableCiphertextKnownAnswer

=== RUN  TestInversePermutationKnownAnswer
Exception: crypto/des: invalid buffer overlap
Called from stdgo__$internal_crypto_des_T_$tripleDESCipher_$static_$extension.encrypt (/home/runner/work/go2hx/go2hx/golibs/std_des.js line 21664 column 24)
Called from stdgo__$internal_crypto_des_T_$tripleDESCipher_$asInterface.encrypt (/home/runner/work/go2hx/go2hx/golibs/std_des.js line 16348 column 69)
Called from module at stdgo__$internal_testing_InternalTest.stdgo__$internal_crypto_des_Des_$testinversepermutationknownanswer_testInversePermutationKnownAnswer [as f] (/home/runner/work/go2hx/go2hx/golibs/std_des.js:16435:7)
Called from stdgo__$internal_testing_M_$static_$extension.run (/home/runner/work/go2hx/go2hx/golibs/std_des.js line 38241 column 9)
Called from ._$internal_crypto_desdottest_Desdottest_main (/home/runner/work/go2hx/go2hx/golibs/std_des.js line 17609 column 59)
Called from module at /home/runner/work/go2hx/go2hx/golibs/std_des.js:47823:1
Called from module at Object.<anonymous> (/home/runner/work/go2hx/go2hx/golibs/std_des.js:47824:3)
Called from Module._compile (node:internal/modules/cjs/loader line 1734 column 14)

-- FAIL: TestInversePermutationKnownAnswer

=== RUN  TestInitialPermutationKnownAnswer
Exception: crypto/des: invalid buffer overlap
Called from stdgo__$internal_crypto_des_T_$tripleDESCipher_$static_$extension.decrypt (/home/runner/work/go2hx/go2hx/golibs/std_des.js line 21574 column 24)
Called from stdgo__$internal_crypto_des_T_$tripleDESCipher_$asInterface.decrypt (/home/runner/work/go2hx/go2hx/golibs/std_des.js line 16345 column 69)
Called from module at stdgo__$internal_testing_InternalTest.stdgo__$internal_crypto_des_Des_$testinitialpermutationknownanswer_testInitialPermutationKnownAnswer [as f] (/home/runner/work/go2hx/go2hx/golibs/std_des.js:16457:7)
Called from stdgo__$internal_testing_M_$static_$extension.run (/home/runner/work/go2hx/go2hx/golibs/std_des.js line 38241 column 9)
Called from ._$internal_crypto_desdottest_Desdottest_main (/home/runner/work/go2hx/go2hx/golibs/std_des.js line 17609 column 59)
Called from module at /home/runner/work/go2hx/go2hx/golibs/std_des.js:47823:1
Called from module at Object.<anonymous> (/home/runner/work/go2hx/go2hx/golibs/std_des.js:47824:3)
Called from Module._compile (node:internal/modules/cjs/loader line 1734 column 14)

-- FAIL: TestInitialPermutationKnownAnswer

=== RUN  TestVariableKeyKnownAnswerEncrypt
Exception: crypto/des: invalid buffer overlap
Called from stdgo__$internal_crypto_des_T_$tripleDESCipher_$static_$extension.encrypt (/home/runner/work/go2hx/go2hx/golibs/std_des.js line 21664 column 24)
Called from stdgo__$internal_crypto_des_T_$tripleDESCipher_$asInterface.encrypt (/home/runner/work/go2hx/go2hx/golibs/std_des.js line 16348 column 69)
Called from module at stdgo__$internal_testing_InternalTest.stdgo__$internal_crypto_des_Des_$testvariablekeyknownanswerencrypt_testVariableKeyKnownAnswerEncrypt [as f] (/home/runner/work/go2hx/go2hx/golibs/std_des.js:16479:7)
Called from stdgo__$internal_testing_M_$static_$extension.run (/home/runner/work/go2hx/go2hx/golibs/std_des.js line 38241 column 9)
Called from ._$internal_crypto_desdottest_Desdottest_main (/home/runner/work/go2hx/go2hx/golibs/std_des.js line 17609 column 59)
Called from module at /home/runner/work/go2hx/go2hx/golibs/std_des.js:47823:1
Called from module at Object.<anonymous> (/home/runner/work/go2hx/go2hx/golibs/std_des.js:47824:3)
Called from Module._compile (node:internal/modules/cjs/loader line 1734 column 14)

-- FAIL: TestVariableKeyKnownAnswerEncrypt

=== RUN  TestVariableKeyKnownAnswerDecrypt
Exception: crypto/des: invalid buffer overlap
Called from stdgo__$internal_crypto_des_T_$tripleDESCipher_$static_$extension.decrypt (/home/runner/work/go2hx/go2hx/golibs/std_des.js line 21574 column 24)
Called from stdgo__$internal_crypto_des_T_$tripleDESCipher_$asInterface.decrypt (/home/runner/work/go2hx/go2hx/golibs/std_des.js line 16345 column 69)
Called from module at stdgo__$internal_testing_InternalTest.stdgo__$internal_crypto_des_Des_$testvariablekeyknownanswerdecrypt_testVariableKeyKnownAnswerDecrypt [as f] (/home/runner/work/go2hx/go2hx/golibs/std_des.js:16501:7)
Called from stdgo__$internal_testing_M_$static_$extension.run (/home/runner/work/go2hx/go2hx/golibs/std_des.js line 38241 column 9)
Called from ._$internal_crypto_desdottest_Desdottest_main (/home/runner/work/go2hx/go2hx/golibs/std_des.js line 17609 column 59)
Called from module at /home/runner/work/go2hx/go2hx/golibs/std_des.js:47823:1
Called from module at Object.<anonymous> (/home/runner/work/go2hx/go2hx/golibs/std_des.js:47824:3)
Called from Module._compile (node:internal/modules/cjs/loader line 1734 column 14)

-- FAIL: TestVariableKeyKnownAnswerDecrypt

=== RUN  TestPermutationOperationKnownAnswerEncrypt
Exception: crypto/des: invalid buffer overlap
Called from stdgo__$internal_crypto_des_T_$tripleDESCipher_$static_$extension.encrypt (/home/runner/work/go2hx/go2hx/golibs/std_des.js line 21664 column 24)
Called from stdgo__$internal_crypto_des_T_$tripleDESCipher_$asInterface.encrypt (/home/runner/work/go2hx/go2hx/golibs/std_des.js line 16348 column 69)
Called from module at stdgo__$internal_testing_InternalTest.stdgo__$internal_crypto_des_Des_$testpermutationoperationknownanswerencrypt_testPermutationOperationKnownAnswerEncrypt [as f] (/home/runner/work/go2hx/go2hx/golibs/std_des.js:16523:7)
Called from stdgo__$internal_testing_M_$static_$extension.run (/home/runner/work/go2hx/go2hx/golibs/std_des.js line 38241 column 9)
Called from ._$internal_crypto_desdottest_Desdottest_main (/home/runner/work/go2hx/go2hx/golibs/std_des.js line 17609 column 59)
Called from module at /home/runner/work/go2hx/go2hx/golibs/std_des.js:47823:1
Called from module at Object.<anonymous> (/home/runner/work/go2hx/go2hx/golibs/std_des.js:47824:3)
Called from Module._compile (node:internal/modules/cjs/loader line 1734 column 14)

-- FAIL: TestPermutationOperationKnownAnswerEncrypt

=== RUN  TestPermutationOperationKnownAnswerDecrypt
Exception: crypto/des: invalid buffer overlap
Called from stdgo__$internal_crypto_des_T_$tripleDESCipher_$static_$extension.decrypt (/home/runner/work/go2hx/go2hx/golibs/std_des.js line 21574 column 24)
Called from stdgo__$internal_crypto_des_T_$tripleDESCipher_$asInterface.decrypt (/home/runner/work/go2hx/go2hx/golibs/std_des.js line 16345 column 69)
Called from module at stdgo__$internal_testing_InternalTest.stdgo__$internal_crypto_des_Des_$testpermutationoperationknownanswerdecrypt_testPermutationOperationKnownAnswerDecrypt [as f] (/home/runner/work/go2hx/go2hx/golibs/std_des.js:16545:7)
Called from stdgo__$internal_testing_M_$static_$extension.run (/home/runner/work/go2hx/go2hx/golibs/std_des.js line 38241 column 9)
Called from ._$internal_crypto_desdottest_Desdottest_main (/home/runner/work/go2hx/go2hx/golibs/std_des.js line 17609 column 59)
Called from module at /home/runner/work/go2hx/go2hx/golibs/std_des.js:47823:1
Called from module at Object.<anonymous> (/home/runner/work/go2hx/go2hx/golibs/std_des.js:47824:3)
Called from Module._compile (node:internal/modules/cjs/loader line 1734 column 14)

-- FAIL: TestPermutationOperationKnownAnswerDecrypt

=== RUN  TestSubstitutionTableKnownAnswerEncrypt
Exception: crypto/des: invalid buffer overlap
Called from stdgo__$internal_crypto_des_T_$tripleDESCipher_$static_$extension.encrypt (/home/runner/work/go2hx/go2hx/golibs/std_des.js line 21664 column 24)
Called from stdgo__$internal_crypto_des_T_$tripleDESCipher_$asInterface.encrypt (/home/runner/work/go2hx/go2hx/golibs/std_des.js line 16348 column 69)
Called from module at stdgo__$internal_testing_InternalTest.stdgo__$internal_crypto_des_Des_$testsubstitutiontableknownanswerencrypt_testSubstitutionTableKnownAnswerEncrypt [as f] (/home/runner/work/go2hx/go2hx/golibs/std_des.js:16567:7)
Called from stdgo__$internal_testing_M_$static_$extension.run (/home/runner/work/go2hx/go2hx/golibs/std_des.js line 38241 column 9)
Called from ._$internal_crypto_desdottest_Desdottest_main (/home/runner/work/go2hx/go2hx/golibs/std_des.js line 17609 column 59)
Called from module at /home/runner/work/go2hx/go2hx/golibs/std_des.js:47823:1
Called from module at Object.<anonymous> (/home/runner/work/go2hx/go2hx/golibs/std_des.js:47824:3)
Called from Module._compile (node:internal/modules/cjs/loader line 1734 column 14)

-- FAIL: TestSubstitutionTableKnownAnswerEncrypt

=== RUN  TestSubstitutionTableKnownAnswerDecrypt
Exception: crypto/des: invalid buffer overlap
Called from stdgo__$internal_crypto_des_T_$tripleDESCipher_$static_$extension.decrypt (/home/runner/work/go2hx/go2hx/golibs/std_des.js line 21574 column 24)
Called from stdgo__$internal_crypto_des_T_$tripleDESCipher_$asInterface.decrypt (/home/runner/work/go2hx/go2hx/golibs/std_des.js line 16345 column 69)
Called from module at stdgo__$internal_testing_InternalTest.stdgo__$internal_crypto_des_Des_$testsubstitutiontableknownanswerdecrypt_testSubstitutionTableKnownAnswerDecrypt [as f] (/home/runner/work/go2hx/go2hx/golibs/std_des.js:16589:7)
Called from stdgo__$internal_testing_M_$static_$extension.run (/home/runner/work/go2hx/go2hx/golibs/std_des.js line 38241 column 9)
Called from ._$internal_crypto_desdottest_Desdottest_main (/home/runner/work/go2hx/go2hx/golibs/std_des.js line 17609 column 59)
Called from module at /home/runner/work/go2hx/go2hx/golibs/std_des.js:47823:1
Called from module at Object.<anonymous> (/home/runner/work/go2hx/go2hx/golibs/std_des.js:47824:3)
Called from Module._compile (node:internal/modules/cjs/loader line 1734 column 14)

-- FAIL: TestSubstitutionTableKnownAnswerDecrypt

=== RUN  TestInitialPermute

-- PASS: TestInitialPermute

=== RUN  TestFinalPermute

-- PASS: TestFinalPermute

golibs/stdgo/_internal/testing/Testing_m_static_extension.hx:91: exitCode: 1 exitCodeReason: 
-- FAIL: TestSubstitutionTableKnownAnswerDecrypt
