=== RUN  TestPowx

-- PASS: TestPowx

=== RUN  TestMul

-- PASS: TestMul

=== RUN  TestSboxes

-- PASS: TestSboxes

=== RUN  TestTe

-- PASS: TestTe

=== RUN  TestTd

-- PASS: TestTd

=== RUN  TestExpandKey
Exception: array out of bounds, index: 44 length: 44
Called from stdgo._Slice.$Slice_Impl_.__boundsCheck__ (stdgo/Slice.hx line 157)
Called from stdgo._Slice.$Slice_Impl_.__set__ (stdgo/Slice.hx line 169)
Called from stdgo._internal.crypto.aes._Aes__expandkeygo.$Aes__expandkeygo_Fields_._expandKeyGo (stdgo/_internal/crypto/aes/Aes__expandkeygo.hx line 50)
Called from stdgo._internal.crypto.aes._Aes_testexpandkey.$Aes_testexpandkey_Fields_.testExpandKey (stdgo/_internal/crypto/aes/Aes_testexpandkey.hx line 50)
Called from stdgo._internal.testing.$M_static_extension.run (stdgo/_internal/testing/Testing_m_static_extension.hx line 33)
Called from _internal.crypto.aesdottest._Aesdottest.$Aesdottest_Fields_.main (_internal/crypto/aesdottest/Aesdottest.hx line 25)

-- FAIL: TestExpandKey

=== RUN  TestCipherEncrypt
Exception: crypto/aes: invalid buffer overlap
Called from stdgo._internal.crypto.aes.$T_aesCipher_static_extension.encrypt (stdgo/_internal/crypto/aes/Aes_t_aescipher_static_extension.hx line 47)
Called from stdgo._internal.crypto.aes.T_aesCipher_asInterface.encrypt (stdgo/_internal/crypto/aes/Aes_t_aescipher_asinterface.hx line 11)
Called from stdgo._internal.crypto.aes._Aes_testcipherencrypt.$Aes_testcipherencrypt_Fields_.testCipherEncrypt (stdgo/_internal/crypto/aes/Aes_testcipherencrypt.hx line 20)
Called from stdgo._internal.testing.$M_static_extension.run (stdgo/_internal/testing/Testing_m_static_extension.hx line 33)
Called from _internal.crypto.aesdottest._Aesdottest.$Aesdottest_Fields_.main (_internal/crypto/aesdottest/Aesdottest.hx line 25)

-- FAIL: TestCipherEncrypt

=== RUN  TestCipherDecrypt
Exception: crypto/aes: invalid buffer overlap
Called from stdgo._internal.crypto.aes.$T_aesCipher_static_extension.decrypt (stdgo/_internal/crypto/aes/Aes_t_aescipher_static_extension.hx line 25)
Called from stdgo._internal.crypto.aes.T_aesCipher_asInterface.decrypt (stdgo/_internal/crypto/aes/Aes_t_aescipher_asinterface.hx line 9)
Called from stdgo._internal.crypto.aes._Aes_testcipherdecrypt.$Aes_testcipherdecrypt_Fields_.testCipherDecrypt (stdgo/_internal/crypto/aes/Aes_testcipherdecrypt.hx line 20)
Called from stdgo._internal.testing.$M_static_extension.run (stdgo/_internal/testing/Testing_m_static_extension.hx line 33)
Called from _internal.crypto.aesdottest._Aesdottest.$Aesdottest_Fields_.main (_internal/crypto/aesdottest/Aesdottest.hx line 25)

-- FAIL: TestCipherDecrypt

=== RUN  TestShortBlocks

-- PASS: TestShortBlocks

=== RUN  TestGCMAble

-- PASS: TestGCMAble

=== RUN  TestCBCEncAble

-- PASS: TestCBCEncAble

=== RUN  TestCBCDecAble

-- PASS: TestCBCDecAble

=== RUN  TestCTRAble

-- PASS: TestCTRAble

golibs/stdgo/_internal/testing/Testing_m_static_extension.hx:91: exitCode: 1 exitCodeReason: 
-- FAIL: TestCipherDecrypt
