=== RUN  TestMarshal
Exception: Cannot read properties of null (reading 'value')
Called from .stdgo__$internal_encoding_json_Json_$marshal_marshal (/home/runner/work/go2hx/go2hx/golibs/std_json.js line 26336 column 25)
Called from module at stdgo__$internal_testing_InternalTest.stdgo__$internal_encoding_json_Json_$testmarshal_testMarshal [as f] (/home/runner/work/go2hx/go2hx/golibs/std_json.js:26191:16)
Called from stdgo__$internal_testing_M_$static_$extension.run (/home/runner/work/go2hx/go2hx/golibs/std_json.js line 144626 column 9)
Called from ._$internal_encoding_jsondottest_Jsondottest_main (/home/runner/work/go2hx/go2hx/golibs/std_json.js line 123302 column 59)
Called from module at /home/runner/work/go2hx/go2hx/golibs/std_json.js:161413:1
Called from module at Object.<anonymous> (/home/runner/work/go2hx/go2hx/golibs/std_json.js:161414:3)
Called from Module._compile (node:internal/modules/cjs/loader line 1734 column 14)
Called from Object..js (node:internal/modules/cjs/loader line 1899 column 10)

-- FAIL: TestMarshal

=== RUN  TestMarshalBadUTF8
Exception: Cannot read properties of null (reading 'value')
Called from .stdgo__$internal_encoding_json_Json_$marshal_marshal (/home/runner/work/go2hx/go2hx/golibs/std_json.js line 26336 column 25)
Called from module at stdgo__$internal_testing_InternalTest.stdgo__$internal_encoding_json_Json_$testmarshalbadutf8_testMarshalBadUTF8 [as f] (/home/runner/work/go2hx/go2hx/golibs/std_json.js:57996:17)
Called from stdgo__$internal_testing_M_$static_$extension.run (/home/runner/work/go2hx/go2hx/golibs/std_json.js line 144626 column 9)
Called from ._$internal_encoding_jsondottest_Jsondottest_main (/home/runner/work/go2hx/go2hx/golibs/std_json.js line 123302 column 59)
Called from module at /home/runner/work/go2hx/go2hx/golibs/std_json.js:161413:1
Called from module at Object.<anonymous> (/home/runner/work/go2hx/go2hx/golibs/std_json.js:161414:3)
Called from Module._compile (node:internal/modules/cjs/loader line 1734 column 14)
Called from Object..js (node:internal/modules/cjs/loader line 1899 column 10)

-- FAIL: TestMarshalBadUTF8

=== RUN  TestMarshalNumberZeroVal
Exception: Cannot read properties of null (reading 'value')
Called from .stdgo__$internal_encoding_json_Json_$marshal_marshal (/home/runner/work/go2hx/go2hx/golibs/std_json.js line 26336 column 25)
Called from module at stdgo__$internal_testing_InternalTest.stdgo__$internal_encoding_json_Json_$testmarshalnumberzeroval_testMarshalNumberZeroVal [as f] (/home/runner/work/go2hx/go2hx/golibs/std_json.js:58008:16)
Called from stdgo__$internal_testing_M_$static_$extension.run (/home/runner/work/go2hx/go2hx/golibs/std_json.js line 144626 column 9)
Called from ._$internal_encoding_jsondottest_Jsondottest_main (/home/runner/work/go2hx/go2hx/golibs/std_json.js line 123302 column 59)
Called from module at /home/runner/work/go2hx/go2hx/golibs/std_json.js:161413:1
Called from module at Object.<anonymous> (/home/runner/work/go2hx/go2hx/golibs/std_json.js:161414:3)
Called from Module._compile (node:internal/modules/cjs/loader line 1734 column 14)
Called from Object..js (node:internal/modules/cjs/loader line 1899 column 10)

-- FAIL: TestMarshalNumberZeroVal

=== RUN  TestMarshalEmbeds
Exception: Cannot read properties of null (reading 'value')
Called from .stdgo__$internal_encoding_json_Json_$marshal_marshal (/home/runner/work/go2hx/go2hx/golibs/std_json.js line 26336 column 25)
Called from module at stdgo__$internal_testing_InternalTest.stdgo__$internal_encoding_json_Json_$testmarshalembeds_testMarshalEmbeds [as f] (/home/runner/work/go2hx/go2hx/golibs/std_json.js:58032:16)
Called from stdgo__$internal_testing_M_$static_$extension.run (/home/runner/work/go2hx/go2hx/golibs/std_json.js line 144626 column 9)
Called from ._$internal_encoding_jsondottest_Jsondottest_main (/home/runner/work/go2hx/go2hx/golibs/std_json.js line 123302 column 59)
Called from module at /home/runner/work/go2hx/go2hx/golibs/std_json.js:161413:1
Called from module at Object.<anonymous> (/home/runner/work/go2hx/go2hx/golibs/std_json.js:161414:3)
Called from Module._compile (node:internal/modules/cjs/loader line 1734 column 14)
Called from Object..js (node:internal/modules/cjs/loader line 1899 column 10)

-- FAIL: TestMarshalEmbeds

=== RUN  TestUnmarshal
./stdgo/_internal/reflect/Reflect_value_static_extension.hx:493: hasSet: false
./stdgo/_internal/reflect/Reflect_value_static_extension.hx:493: hasSet: false
./stdgo/_internal/reflect/Reflect_value_static_extension.hx:493: hasSet: false
./stdgo/_internal/reflect/Reflect_value_static_extension.hx:493: hasSet: false
./stdgo/_internal/reflect/Reflect_value_static_extension.hx:493: hasSet: false
./stdgo/_internal/reflect/Reflect_value_static_extension.hx:493: hasSet: false
Exception: reflect.NumMethod not implemented for bool
Called from stdgo__$internal_internal_reflect__$Type_$static_$extension.numMethod (/home/runner/work/go2hx/go2hx/golibs/std_json.js line 27431 column 24)
Called from stdgo__$internal_internal_reflect__$Type_$asInterface.numMethod (/home/runner/work/go2hx/go2hx/golibs/std_json.js line 27607 column 70)
Called from stdgo__$internal_internal_reflect__$Type_$static_$extension.numMethod (/home/runner/work/go2hx/go2hx/golibs/std_json.js line 27427 column 78)
Called from stdgo__$internal_internal_reflect__$Type_$asInterface.numMethod (/home/runner/work/go2hx/go2hx/golibs/std_json.js line 27607 column 70)
Called from .stdgo__$internal_encoding_json_Json_$_$indirect__indirect (/home/runner/work/go2hx/go2hx/golibs/std_json.js line 66858 column 82)
Called from stdgo__$internal_encoding_json_T_$decodeState_$static_$extension._literalStore (/home/runner/work/go2hx/go2hx/golibs/std_json.js line 64662 column 16)
Called from stdgo__$internal_encoding_json_T_$decodeState_$static_$extension._value (/home/runner/work/go2hx/go2hx/golibs/std_json.js line 65968 column 81)
Called from stdgo__$internal_encoding_json_T_$decodeState_$static_$extension._unmarshal (/home/runner/work/go2hx/go2hx/golibs/std_json.js line 66772 column 78)

-- FAIL: TestUnmarshal

=== RUN  TestUnmarshalMarshal
Exception: Cannot read properties of null (reading 'value')
Called from module TypeError: Cannot read properties of null (reading 'value')
Called from stdgo__$internal_unsafe_UnsafePointer.__toRef__ (/home/runner/work/go2hx/go2hx/golibs/std_json.js line 32922 column 15)
Called from stdgo__$internal_sync_atomic_$_Pointer_$_$static_$extension.load (/home/runner/work/go2hx/go2hx/golibs/std_json.js line 32913 column 52)
Called from .stdgo__$internal_math_rand_Rand_$_$globalrand__globalRand (/home/runner/work/go2hx/go2hx/golibs/std_json.js line 70464 column 71)
Called from .stdgo__$internal_math_rand_Rand_$normfloat64_normFloat64 (/home/runner/work/go2hx/go2hx/golibs/std_json.js line 69795 column 72)
Called from .stdgo__$internal_encoding_json_Json_$_$genarray__genArray (/home/runner/work/go2hx/go2hx/golibs/std_json.js line 69764 column 47)
Called from .stdgo__$internal_encoding_json_Json_$_$genvalue__genValue (/home/runner/work/go2hx/go2hx/golibs/std_json.js line 69739 column 38)
Called from .stdgo__$internal_encoding_json_Json_$_$initbig__initBig (/home/runner/work/go2hx/go2hx/golibs/std_json.js line 69724 column 69)
Called from module at stdgo__$internal_testing_InternalTest.stdgo__$internal_encoding_json_Json_$testunmarshalmarshal_testUnmarshalMarshal [as f] (/home/runner/work/go2hx/go2hx/golibs/std_json.js:69699:2)
Called from stdgo__$internal_testing_M_$static_$extension.run (/home/runner/work/go2hx/go2hx/golibs/std_json.js line 144626 column 9)
Called from ._$internal_encoding_jsondottest_Jsondottest_main (/home/runner/work/go2hx/go2hx/golibs/std_json.js line 123302 column 59)

-- FAIL: TestUnmarshalMarshal

=== RUN  TestNumberAccessors

-- PASS: TestNumberAccessors

=== RUN  TestLargeByteSlice
Exception: Cannot read properties of null (reading 'value')
Called from .stdgo__$internal_encoding_json_Json_$marshal_marshal (/home/runner/work/go2hx/go2hx/golibs/std_json.js line 26336 column 25)
Called from module at stdgo__$internal_testing_InternalTest.stdgo__$internal_encoding_json_Json_$testlargebyteslice_testLargeByteSlice [as f] (/home/runner/work/go2hx/go2hx/golibs/std_json.js:71393:16)
Called from stdgo__$internal_testing_M_$static_$extension.run (/home/runner/work/go2hx/go2hx/golibs/std_json.js line 144626 column 9)
Called from ._$internal_encoding_jsondottest_Jsondottest_main (/home/runner/work/go2hx/go2hx/golibs/std_json.js line 123302 column 59)
Called from module at /home/runner/work/go2hx/go2hx/golibs/std_json.js:161413:1
Called from module at Object.<anonymous> (/home/runner/work/go2hx/go2hx/golibs/std_json.js:161414:3)
Called from Module._compile (node:internal/modules/cjs/loader line 1734 column 14)
Called from Object..js (node:internal/modules/cjs/loader line 1899 column 10)

-- FAIL: TestLargeByteSlice

=== RUN  TestUnmarshalInterface
Exception: Cannot read properties of null (reading 'value')
Called from module TypeError: Cannot read properties of null (reading 'value')
Called from stdgo__$internal_unsafe_UnsafePointer.__toRef__ (/home/runner/work/go2hx/go2hx/golibs/std_json.js line 32922 column 15)
Called from stdgo__$internal_sync_atomic_$_Pointer_$_$static_$extension.load (/home/runner/work/go2hx/go2hx/golibs/std_json.js line 32913 column 52)
Called from stdgo__$internal_sync_Map_$_$static_$extension._loadReadOnly (/home/runner/work/go2hx/go2hx/golibs/std_json.js line 32862 column 72)
Called from stdgo__$internal_sync_Map_$_$static_$extension.load (/home/runner/work/go2hx/go2hx/golibs/std_json.js line 32765 column 59)
Called from .stdgo__$internal_encoding_json_Json_$_$cachedtypefields__cachedTypeFields (/home/runner/work/go2hx/go2hx/golibs/std_json.js line 53051 column 63)
Called from stdgo__$internal_encoding_json_T_$decodeState_$static_$extension._object (/home/runner/work/go2hx/go2hx/golibs/std_json.js line 65185 column 13)
Called from stdgo__$internal_encoding_json_T_$decodeState_$static_$extension._value (/home/runner/work/go2hx/go2hx/golibs/std_json.js line 65949 column 80)
Called from stdgo__$internal_encoding_json_T_$decodeState_$static_$extension._unmarshal (/home/runner/work/go2hx/go2hx/golibs/std_json.js line 66772 column 78)
Called from .stdgo__$internal_encoding_json_Json_$unmarshal_unmarshal (/home/runner/work/go2hx/go2hx/golibs/std_json.js line 71252 column 74)
Called from module at stdgo__$internal_testing_InternalTest.stdgo__$internal_encoding_json_Json_$testunmarshalinterface_testUnmarshalInterface [as f] (/home/runner/work/go2hx/go2hx/golibs/std_json.js:71434:13)

-- FAIL: TestUnmarshalInterface

=== RUN  TestUnmarshalPtrPtr
./stdgo/_internal/reflect/Reflect_value_static_extension.hx:493: hasSet: false
./stdgo/_internal/reflect/Reflect_value_static_extension.hx:493: hasSet: false
Exception: Cannot read properties of null (reading 'value')
Called from module TypeError: Cannot read properties of null (reading 'value')
Called from stdgo__$internal_unsafe_UnsafePointer.__toRef__ (/home/runner/work/go2hx/go2hx/golibs/std_json.js line 32922 column 15)
Called from stdgo__$internal_sync_atomic_$_Pointer_$_$static_$extension.load (/home/runner/work/go2hx/go2hx/golibs/std_json.js line 32913 column 52)
Called from stdgo__$internal_sync_Map_$_$static_$extension._loadReadOnly (/home/runner/work/go2hx/go2hx/golibs/std_json.js line 32862 column 72)
Called from stdgo__$internal_sync_Map_$_$static_$extension.load (/home/runner/work/go2hx/go2hx/golibs/std_json.js line 32765 column 59)
Called from .stdgo__$internal_encoding_json_Json_$_$cachedtypefields__cachedTypeFields (/home/runner/work/go2hx/go2hx/golibs/std_json.js line 53051 column 63)
Called from stdgo__$internal_encoding_json_T_$decodeState_$static_$extension._object (/home/runner/work/go2hx/go2hx/golibs/std_json.js line 65185 column 13)
Called from stdgo__$internal_encoding_json_T_$decodeState_$static_$extension._value (/home/runner/work/go2hx/go2hx/golibs/std_json.js line 65949 column 80)
Called from stdgo__$internal_encoding_json_T_$decodeState_$static_$extension._unmarshal (/home/runner/work/go2hx/go2hx/golibs/std_json.js line 66772 column 78)
Called from .stdgo__$internal_encoding_json_Json_$unmarshal_unmarshal (/home/runner/work/go2hx/go2hx/golibs/std_json.js line 71252 column 74)
Called from module at stdgo__$internal_testing_InternalTest.stdgo__$internal_encoding_json_Json_$testunmarshalptrptr_testUnmarshalPtrPtr [as f] (/home/runner/work/go2hx/go2hx/golibs/std_json.js:71476:13)

-- FAIL: TestUnmarshalPtrPtr

=== RUN  TestEscape
Exception: Cannot read properties of null (reading 'value')
Called from .stdgo__$internal_encoding_json_Json_$marshal_marshal (/home/runner/work/go2hx/go2hx/golibs/std_json.js line 26336 column 25)
Called from module at stdgo__$internal_testing_InternalTest.stdgo__$internal_encoding_json_Json_$testescape_testEscape [as f] (/home/runner/work/go2hx/go2hx/golibs/std_json.js:71494:16)
Called from stdgo__$internal_testing_M_$static_$extension.run (/home/runner/work/go2hx/go2hx/golibs/std_json.js line 144626 column 9)
Called from ._$internal_encoding_jsondottest_Jsondottest_main (/home/runner/work/go2hx/go2hx/golibs/std_json.js line 123302 column 59)
Called from module at /home/runner/work/go2hx/go2hx/golibs/std_json.js:161413:1
Called from module at Object.<anonymous> (/home/runner/work/go2hx/go2hx/golibs/std_json.js:161414:3)
Called from Module._compile (node:internal/modules/cjs/loader line 1734 column 14)
Called from Object..js (node:internal/modules/cjs/loader line 1899 column 10)

-- FAIL: TestEscape

=== RUN  TestErrorMessageFromMisusedString
Exception: Cannot read properties of null (reading 'value')
Called from module TypeError: Cannot read properties of null (reading 'value')
Called from stdgo__$internal_unsafe_UnsafePointer.__toRef__ (/home/runner/work/go2hx/go2hx/golibs/std_json.js line 32922 column 15)
Called from stdgo__$internal_sync_atomic_$_Pointer_$_$static_$extension.load (/home/runner/work/go2hx/go2hx/golibs/std_json.js line 32913 column 52)
Called from stdgo__$internal_sync_Map_$_$static_$extension._loadReadOnly (/home/runner/work/go2hx/go2hx/golibs/std_json.js line 32862 column 72)
Called from stdgo__$internal_sync_Map_$_$static_$extension.load (/home/runner/work/go2hx/go2hx/golibs/std_json.js line 32765 column 59)
Called from .stdgo__$internal_encoding_json_Json_$_$cachedtypefields__cachedTypeFields (/home/runner/work/go2hx/go2hx/golibs/std_json.js line 53051 column 63)
Called from stdgo__$internal_encoding_json_T_$decodeState_$static_$extension._object (/home/runner/work/go2hx/go2hx/golibs/std_json.js line 65185 column 13)
Called from stdgo__$internal_encoding_json_T_$decodeState_$static_$extension._value (/home/runner/work/go2hx/go2hx/golibs/std_json.js line 65949 column 80)
Called from stdgo__$internal_encoding_json_T_$decodeState_$static_$extension._unmarshal (/home/runner/work/go2hx/go2hx/golibs/std_json.js line 66772 column 78)
Called from stdgo__$internal_encoding_json_Decoder_$static_$extension.decode (/home/runner/work/go2hx/go2hx/golibs/std_json.js line 64392 column 74)
Called from module at stdgo__$internal_testing_InternalTest.stdgo__$internal_encoding_json_Json_$testerrormessagefrommisusedstring_testErrorMessageFromMisusedString [as f] (/home/runner/work/go2hx/go2hx/golibs/std_json.js:71521:72)

-- FAIL: TestErrorMessageFromMisusedString

=== RUN  TestRefUnmarshal
Exception: Cannot read properties of null (reading 'value')
Called from module TypeError: Cannot read properties of null (reading 'value')
Called from stdgo__$internal_unsafe_UnsafePointer.__toRef__ (/home/runner/work/go2hx/go2hx/golibs/std_json.js line 32922 column 15)
Called from stdgo__$internal_sync_atomic_$_Pointer_$_$static_$extension.load (/home/runner/work/go2hx/go2hx/golibs/std_json.js line 32913 column 52)
Called from stdgo__$internal_sync_Map_$_$static_$extension._loadReadOnly (/home/runner/work/go2hx/go2hx/golibs/std_json.js line 32862 column 72)
Called from stdgo__$internal_sync_Map_$_$static_$extension.load (/home/runner/work/go2hx/go2hx/golibs/std_json.js line 32765 column 59)
Called from .stdgo__$internal_encoding_json_Json_$_$cachedtypefields__cachedTypeFields (/home/runner/work/go2hx/go2hx/golibs/std_json.js line 53051 column 63)
Called from stdgo__$internal_encoding_json_T_$decodeState_$static_$extension._object (/home/runner/work/go2hx/go2hx/golibs/std_json.js line 65185 column 13)
Called from stdgo__$internal_encoding_json_T_$decodeState_$static_$extension._value (/home/runner/work/go2hx/go2hx/golibs/std_json.js line 65949 column 80)
Called from stdgo__$internal_encoding_json_T_$decodeState_$static_$extension._unmarshal (/home/runner/work/go2hx/go2hx/golibs/std_json.js line 66772 column 78)
Called from .stdgo__$internal_encoding_json_Json_$unmarshal_unmarshal (/home/runner/work/go2hx/go2hx/golibs/std_json.js line 71252 column 74)
Called from module at stdgo__$internal_testing_InternalTest.stdgo__$internal_encoding_json_Json_$testrefunmarshal_testRefUnmarshal [as f] (/home/runner/work/go2hx/go2hx/golibs/std_json.js:71728:14)

-- FAIL: TestRefUnmarshal

=== RUN  TestEmptyString
Exception: Cannot read properties of null (reading 'value')
Called from module TypeError: Cannot read properties of null (reading 'value')
Called from stdgo__$internal_unsafe_UnsafePointer.__toRef__ (/home/runner/work/go2hx/go2hx/golibs/std_json.js line 32922 column 15)
Called from stdgo__$internal_sync_atomic_$_Pointer_$_$static_$extension.load (/home/runner/work/go2hx/go2hx/golibs/std_json.js line 32913 column 52)
Called from stdgo__$internal_sync_Map_$_$static_$extension._loadReadOnly (/home/runner/work/go2hx/go2hx/golibs/std_json.js line 32862 column 72)
Called from stdgo__$internal_sync_Map_$_$static_$extension.load (/home/runner/work/go2hx/go2hx/golibs/std_json.js line 32765 column 59)
Called from .stdgo__$internal_encoding_json_Json_$_$cachedtypefields__cachedTypeFields (/home/runner/work/go2hx/go2hx/golibs/std_json.js line 53051 column 63)
Called from stdgo__$internal_encoding_json_T_$decodeState_$static_$extension._object (/home/runner/work/go2hx/go2hx/golibs/std_json.js line 65185 column 13)
Called from stdgo__$internal_encoding_json_T_$decodeState_$static_$extension._value (/home/runner/work/go2hx/go2hx/golibs/std_json.js line 65949 column 80)
Called from stdgo__$internal_encoding_json_T_$decodeState_$static_$extension._unmarshal (/home/runner/work/go2hx/go2hx/golibs/std_json.js line 66772 column 78)
Called from stdgo__$internal_encoding_json_Decoder_$static_$extension.decode (/home/runner/work/go2hx/go2hx/golibs/std_json.js line 64392 column 74)
Called from module at stdgo__$internal_testing_InternalTest.stdgo__$internal_encoding_json_Json_$testemptystring_testEmptyString [as f] (/home/runner/work/go2hx/go2hx/golibs/std_json.js:71838:71)

-- FAIL: TestEmptyString

=== RUN  TestNullString
Exception: Cannot read properties of null (reading 'value')
Called from module TypeError: Cannot read properties of null (reading 'value')
Called from stdgo__$internal_unsafe_UnsafePointer.__toRef__ (/home/runner/work/go2hx/go2hx/golibs/std_json.js line 32922 column 15)
Called from stdgo__$internal_sync_atomic_$_Pointer_$_$static_$extension.load (/home/runner/work/go2hx/go2hx/golibs/std_json.js line 32913 column 52)
Called from stdgo__$internal_sync_Map_$_$static_$extension._loadReadOnly (/home/runner/work/go2hx/go2hx/golibs/std_json.js line 32862 column 72)
Called from stdgo__$internal_sync_Map_$_$static_$extension.load (/home/runner/work/go2hx/go2hx/golibs/std_json.js line 32765 column 59)
Called from .stdgo__$internal_encoding_json_Json_$_$cachedtypefields__cachedTypeFields (/home/runner/work/go2hx/go2hx/golibs/std_json.js line 53051 column 63)
Called from stdgo__$internal_encoding_json_T_$decodeState_$static_$extension._object (/home/runner/work/go2hx/go2hx/golibs/std_json.js line 65185 column 13)
Called from stdgo__$internal_encoding_json_T_$decodeState_$static_$extension._value (/home/runner/work/go2hx/go2hx/golibs/std_json.js line 65949 column 80)
Called from stdgo__$internal_encoding_json_T_$decodeState_$static_$extension._unmarshal (/home/runner/work/go2hx/go2hx/golibs/std_json.js line 66772 column 78)
Called from .stdgo__$internal_encoding_json_Json_$unmarshal_unmarshal (/home/runner/work/go2hx/go2hx/golibs/std_json.js line 71252 column 74)
Called from module at stdgo__$internal_testing_InternalTest.stdgo__$internal_encoding_json_Json_$testnullstring_testNullString [as f] (/home/runner/work/go2hx/go2hx/golibs/std_json.js:71913:13)

-- FAIL: TestNullString

=== RUN  TestInterfaceSet
Exception: Cannot read properties of null (reading 'value')
Called from module TypeError: Cannot read properties of null (reading 'value')
Called from stdgo__$internal_unsafe_UnsafePointer.__toRef__ (/home/runner/work/go2hx/go2hx/golibs/std_json.js line 32922 column 15)
Called from stdgo__$internal_sync_atomic_$_Pointer_$_$static_$extension.load (/home/runner/work/go2hx/go2hx/golibs/std_json.js line 32913 column 52)
Called from stdgo__$internal_sync_Map_$_$static_$extension._loadReadOnly (/home/runner/work/go2hx/go2hx/golibs/std_json.js line 32862 column 72)
Called from stdgo__$internal_sync_Map_$_$static_$extension.load (/home/runner/work/go2hx/go2hx/golibs/std_json.js line 32765 column 59)
Called from .stdgo__$internal_encoding_json_Json_$_$cachedtypefields__cachedTypeFields (/home/runner/work/go2hx/go2hx/golibs/std_json.js line 53051 column 63)
Called from stdgo__$internal_encoding_json_T_$decodeState_$static_$extension._object (/home/runner/work/go2hx/go2hx/golibs/std_json.js line 65185 column 13)
Called from stdgo__$internal_encoding_json_T_$decodeState_$static_$extension._value (/home/runner/work/go2hx/go2hx/golibs/std_json.js line 65949 column 80)
Called from stdgo__$internal_encoding_json_T_$decodeState_$static_$extension._unmarshal (/home/runner/work/go2hx/go2hx/golibs/std_json.js line 66772 column 78)
Called from .stdgo__$internal_encoding_json_Json_$unmarshal_unmarshal (/home/runner/work/go2hx/go2hx/golibs/std_json.js line 71252 column 74)
Called from module at stdgo__$internal_testing_InternalTest.stdgo__$internal_encoding_json_Json_$testinterfaceset_testInterfaceSet [as f] (/home/runner/work/go2hx/go2hx/golibs/std_json.js:72007:15)

-- FAIL: TestInterfaceSet

=== RUN  TestUnmarshalNulls
Exception: generic function is not supported
Called from .stdgo__$internal_time_Time_$_$isdigit__isDigit (/home/runner/work/go2hx/go2hx/golibs/std_json.js line 72791 column 23)
Called from .stdgo__$internal_time_Time_$_$nextstdchunk__nextStdChunk (/home/runner/work/go2hx/go2hx/golibs/std_json.js line 72754 column 9)
Called from stdgo__$internal_time_Time_$static_$extension._appendFormat (/home/runner/work/go2hx/go2hx/golibs/std_json.js line 62131 column 17)
Called from stdgo__$internal_time_Time_$static_$extension.appendFormat (/home/runner/work/go2hx/go2hx/golibs/std_json.js line 62358 column 56)
Called from stdgo__$internal_time_Time_$static_$extension.format (/home/runner/work/go2hx/go2hx/golibs/std_json.js line 62405 column 53)
Called from stdgo__$internal_time_Time_$static_$extension.string (/home/runner/work/go2hx/go2hx/golibs/std_json.js line 62496 column 58)
Called from module at stdgo__$internal_testing_InternalTest.stdgo__$internal_encoding_json_Json_$testunmarshalnulls_testUnmarshalNulls [as f] (/home/runner/work/go2hx/go2hx/golibs/std_json.js:72121:58)
Called from stdgo__$internal_testing_M_$static_$extension.run (/home/runner/work/go2hx/go2hx/golibs/std_json.js line 144626 column 9)

-- FAIL: TestUnmarshalNulls

=== RUN  TestStringKind
Exception: Cannot read properties of null (reading 'value')
Called from .stdgo__$internal_encoding_json_Json_$marshal_marshal (/home/runner/work/go2hx/go2hx/golibs/std_json.js line 26336 column 25)
Called from module at stdgo__$internal_testing_InternalTest.stdgo__$internal_encoding_json_Json_$teststringkind_testStringKind [as f] (/home/runner/work/go2hx/go2hx/golibs/std_json.js:80308:16)
Called from stdgo__$internal_testing_M_$static_$extension.run (/home/runner/work/go2hx/go2hx/golibs/std_json.js line 144626 column 9)
Called from ._$internal_encoding_jsondottest_Jsondottest_main (/home/runner/work/go2hx/go2hx/golibs/std_json.js line 123302 column 59)
Called from module at /home/runner/work/go2hx/go2hx/golibs/std_json.js:161413:1
Called from module at Object.<anonymous> (/home/runner/work/go2hx/go2hx/golibs/std_json.js:161414:3)
Called from Module._compile (node:internal/modules/cjs/loader line 1734 column 14)
Called from Object..js (node:internal/modules/cjs/loader line 1899 column 10)

-- FAIL: TestStringKind

=== RUN  TestByteKind
Exception: Cannot read properties of null (reading 'value')
Called from .stdgo__$internal_encoding_json_Json_$marshal_marshal (/home/runner/work/go2hx/go2hx/golibs/std_json.js line 26336 column 25)
Called from module at stdgo__$internal_testing_InternalTest.stdgo__$internal_encoding_json_Json_$testbytekind_testByteKind [as f] (/home/runner/work/go2hx/go2hx/golibs/std_json.js:80342:16)
Called from stdgo__$internal_testing_M_$static_$extension.run (/home/runner/work/go2hx/go2hx/golibs/std_json.js line 144626 column 9)
Called from ._$internal_encoding_jsondottest_Jsondottest_main (/home/runner/work/go2hx/go2hx/golibs/std_json.js line 123302 column 59)
Called from module at /home/runner/work/go2hx/go2hx/golibs/std_json.js:161413:1
Called from module at Object.<anonymous> (/home/runner/work/go2hx/go2hx/golibs/std_json.js:161414:3)
Called from Module._compile (node:internal/modules/cjs/loader line 1734 column 14)
Called from Object..js (node:internal/modules/cjs/loader line 1899 column 10)

-- FAIL: TestByteKind

=== RUN  TestSliceOfCustomByte
Exception: Cannot read properties of null (reading 'value')
Called from .stdgo__$internal_encoding_json_Json_$marshal_marshal (/home/runner/work/go2hx/go2hx/golibs/std_json.js line 26336 column 25)
Called from module at stdgo__$internal_testing_InternalTest.stdgo__$internal_encoding_json_Json_$testsliceofcustombyte_testSliceOfCustomByte [as f] (/home/runner/work/go2hx/go2hx/golibs/std_json.js:80361:16)
Called from stdgo__$internal_testing_M_$static_$extension.run (/home/runner/work/go2hx/go2hx/golibs/std_json.js line 144626 column 9)
Called from ._$internal_encoding_jsondottest_Jsondottest_main (/home/runner/work/go2hx/go2hx/golibs/std_json.js line 123302 column 59)
Called from module at /home/runner/work/go2hx/go2hx/golibs/std_json.js:161413:1
Called from module at Object.<anonymous> (/home/runner/work/go2hx/go2hx/golibs/std_json.js:161414:3)
Called from Module._compile (node:internal/modules/cjs/loader line 1734 column 14)
Called from Object..js (node:internal/modules/cjs/loader line 1899 column 10)

-- FAIL: TestSliceOfCustomByte

=== RUN  TestUnmarshalTypeError
./stdgo/_internal/reflect/Reflect_value_static_extension.hx:493: hasSet: false
./stdgo/_internal/reflect/Reflect_value_static_extension.hx:493: hasSet: false
Exception: reflect.NumMethod not implemented for string
Called from stdgo__$internal_internal_reflect__$Type_$static_$extension.numMethod (/home/runner/work/go2hx/go2hx/golibs/std_json.js line 27431 column 24)
Called from stdgo__$internal_internal_reflect__$Type_$asInterface.numMethod (/home/runner/work/go2hx/go2hx/golibs/std_json.js line 27607 column 70)
Called from stdgo__$internal_internal_reflect__$Type_$static_$extension.numMethod (/home/runner/work/go2hx/go2hx/golibs/std_json.js line 27427 column 78)
Called from stdgo__$internal_internal_reflect__$Type_$asInterface.numMethod (/home/runner/work/go2hx/go2hx/golibs/std_json.js line 27607 column 70)
Called from .stdgo__$internal_encoding_json_Json_$_$indirect__indirect (/home/runner/work/go2hx/go2hx/golibs/std_json.js line 66858 column 82)
Called from stdgo__$internal_encoding_json_T_$decodeState_$static_$extension._object (/home/runner/work/go2hx/go2hx/golibs/std_json.js line 65094 column 16)
Called from stdgo__$internal_encoding_json_T_$decodeState_$static_$extension._value (/home/runner/work/go2hx/go2hx/golibs/std_json.js line 65949 column 80)
Called from stdgo__$internal_encoding_json_T_$decodeState_$static_$extension._unmarshal (/home/runner/work/go2hx/go2hx/golibs/std_json.js line 66772 column 78)

-- FAIL: TestUnmarshalTypeError

=== RUN  TestUnmarshalSyntax

-- PASS: TestUnmarshalSyntax

=== RUN  TestUnmarshalUnexported
Exception: Cannot read properties of null (reading 'value')
Called from module TypeError: Cannot read properties of null (reading 'value')
Called from stdgo__$internal_unsafe_UnsafePointer.__toRef__ (/home/runner/work/go2hx/go2hx/golibs/std_json.js line 32922 column 15)
Called from stdgo__$internal_sync_atomic_$_Pointer_$_$static_$extension.load (/home/runner/work/go2hx/go2hx/golibs/std_json.js line 32913 column 52)
Called from stdgo__$internal_sync_Map_$_$static_$extension._loadReadOnly (/home/runner/work/go2hx/go2hx/golibs/std_json.js line 32862 column 72)
Called from stdgo__$internal_sync_Map_$_$static_$extension.load (/home/runner/work/go2hx/go2hx/golibs/std_json.js line 32765 column 59)
Called from .stdgo__$internal_encoding_json_Json_$_$cachedtypefields__cachedTypeFields (/home/runner/work/go2hx/go2hx/golibs/std_json.js line 53051 column 63)
Called from stdgo__$internal_encoding_json_T_$decodeState_$static_$extension._object (/home/runner/work/go2hx/go2hx/golibs/std_json.js line 65185 column 13)
Called from stdgo__$internal_encoding_json_T_$decodeState_$static_$extension._value (/home/runner/work/go2hx/go2hx/golibs/std_json.js line 65949 column 80)
Called from stdgo__$internal_encoding_json_T_$decodeState_$static_$extension._unmarshal (/home/runner/work/go2hx/go2hx/golibs/std_json.js line 66772 column 78)
Called from .stdgo__$internal_encoding_json_Json_$unmarshal_unmarshal (/home/runner/work/go2hx/go2hx/golibs/std_json.js line 71252 column 74)
Called from module at stdgo__$internal_testing_InternalTest.stdgo__$internal_encoding_json_Json_$testunmarshalunexported_testUnmarshalUnexported [as f] (/home/runner/work/go2hx/go2hx/golibs/std_json.js:80567:13)

-- FAIL: TestUnmarshalUnexported

=== RUN  TestUnmarshalJSONLiteralError
expected error; got time <invalid reflect.Value>Exception: __fail__
Called from stdgo__$internal_testing_T_$common_$static_$extension.failNow (/home/runner/work/go2hx/go2hx/golibs/std_json.js line 145375 column 23)
Called from stdgo__$internal_testing_T_$common_$static_$extension.fatalf (/home/runner/work/go2hx/go2hx/golibs/std_json.js line 145304 column 56)
Called from module at /home/runner/work/go2hx/go2hx/golibs/std_json.js:144858:58
Called from module at stdgo__$internal_testing_InternalTest.stdgo__$internal_encoding_json_Json_$testunmarshaljsonliteralerror_testUnmarshalJSONLiteralError [as f] (/home/runner/work/go2hx/go2hx/golibs/std_json.js:80748:3)
Called from stdgo__$internal_testing_M_$static_$extension.run (/home/runner/work/go2hx/go2hx/golibs/std_json.js line 144626 column 9)
Called from ._$internal_encoding_jsondottest_Jsondottest_main (/home/runner/work/go2hx/go2hx/golibs/std_json.js line 123302 column 59)
Called from module at /home/runner/work/go2hx/go2hx/golibs/std_json.js:161413:1
Called from module at Object.<anonymous> (/home/runner/work/go2hx/go2hx/golibs/std_json.js:161414:3)

-- FAIL: TestUnmarshalJSONLiteralError

=== RUN  TestSkipArrayObjects
Exception: reflect.NumMethod not implemented for [0]interface {}
Called from stdgo__$internal_internal_reflect__$Type_$static_$extension.numMethod (/home/runner/work/go2hx/go2hx/golibs/std_json.js line 27431 column 24)
Called from stdgo__$internal_internal_reflect__$Type_$asInterface.numMethod (/home/runner/work/go2hx/go2hx/golibs/std_json.js line 27607 column 70)
Called from stdgo__$internal_internal_reflect__$Type_$static_$extension.numMethod (/home/runner/work/go2hx/go2hx/golibs/std_json.js line 27429 column 78)
Called from stdgo__$internal_internal_reflect__$Type_$asInterface.numMethod (/home/runner/work/go2hx/go2hx/golibs/std_json.js line 27607 column 70)
Called from .stdgo__$internal_encoding_json_Json_$_$indirect__indirect (/home/runner/work/go2hx/go2hx/golibs/std_json.js line 66858 column 82)
Called from stdgo__$internal_encoding_json_T_$decodeState_$static_$extension._array (/home/runner/work/go2hx/go2hx/golibs/std_json.js line 65681 column 16)
Called from stdgo__$internal_encoding_json_T_$decodeState_$static_$extension._value (/home/runner/work/go2hx/go2hx/golibs/std_json.js line 65939 column 80)
Called from stdgo__$internal_encoding_json_T_$decodeState_$static_$extension._unmarshal (/home/runner/work/go2hx/go2hx/golibs/std_json.js line 66772 column 78)

-- FAIL: TestSkipArrayObjects

=== RUN  TestPrefilled
Exception: Cannot read properties of null (reading 'value')
Called from module TypeError: Cannot read properties of null (reading 'value')
Called from stdgo__$internal_unsafe_UnsafePointer.__toRef__ (/home/runner/work/go2hx/go2hx/golibs/std_json.js line 32922 column 15)
Called from stdgo__$internal_sync_atomic_$_Pointer_$_$static_$extension.load (/home/runner/work/go2hx/go2hx/golibs/std_json.js line 32913 column 52)
Called from stdgo__$internal_sync_Map_$_$static_$extension._loadReadOnly (/home/runner/work/go2hx/go2hx/golibs/std_json.js line 32862 column 72)
Called from stdgo__$internal_sync_Map_$_$static_$extension.load (/home/runner/work/go2hx/go2hx/golibs/std_json.js line 32765 column 59)
Called from .stdgo__$internal_encoding_json_Json_$_$cachedtypefields__cachedTypeFields (/home/runner/work/go2hx/go2hx/golibs/std_json.js line 53051 column 63)
Called from stdgo__$internal_encoding_json_T_$decodeState_$static_$extension._object (/home/runner/work/go2hx/go2hx/golibs/std_json.js line 65185 column 13)
Called from stdgo__$internal_encoding_json_T_$decodeState_$static_$extension._value (/home/runner/work/go2hx/go2hx/golibs/std_json.js line 65949 column 80)
Called from stdgo__$internal_encoding_json_T_$decodeState_$static_$extension._unmarshal (/home/runner/work/go2hx/go2hx/golibs/std_json.js line 66772 column 78)
Called from .stdgo__$internal_encoding_json_Json_$unmarshal_unmarshal (/home/runner/work/go2hx/go2hx/golibs/std_json.js line 71252 column 74)
Called from module at stdgo__$internal_testing_InternalTest.stdgo__$internal_encoding_json_Json_$testprefilled_testPrefilled [as f] (/home/runner/work/go2hx/go2hx/golibs/std_json.js:81156:14)

-- FAIL: TestPrefilled

=== RUN  TestInvalidUnmarshal
Exception: Cannot read properties of null (reading 'string')
Called from module TypeError: Cannot read properties of null (reading 'string')
Called from stdgo__$internal_encoding_json_InvalidUnmarshalError_$static_$extension.error (/home/runner/work/go2hx/go2hx/golibs/std_json.js line 125564 column 57)
Called from stdgo__$internal_encoding_json_InvalidUnmarshalError_$asInterface.error (/home/runner/work/go2hx/go2hx/golibs/std_json.js line 66810 column 82)
Called from module at stdgo__$internal_testing_InternalTest.stdgo__$internal_encoding_json_Json_$testinvalidunmarshal_testInvalidUnmarshal [as f] (/home/runner/work/go2hx/go2hx/golibs/std_json.js:81214:18)
Called from stdgo__$internal_testing_M_$static_$extension.run (/home/runner/work/go2hx/go2hx/golibs/std_json.js line 144626 column 9)
Called from ._$internal_encoding_jsondottest_Jsondottest_main (/home/runner/work/go2hx/go2hx/golibs/std_json.js line 123302 column 59)
Called from module at /home/runner/work/go2hx/go2hx/golibs/std_json.js:161413:1
Called from module at Object.<anonymous> (/home/runner/work/go2hx/go2hx/golibs/std_json.js:161414:3)
Called from Module._compile (node:internal/modules/cjs/loader line 1734 column 14)
Called from Object..js (node:internal/modules/cjs/loader line 1899 column 10)
Called from Module.load (node:internal/modules/cjs/loader line 1469 column 32)

-- FAIL: TestInvalidUnmarshal

=== RUN  TestInvalidUnmarshalText
Exception: Cannot read properties of null (reading 'string')
Called from module TypeError: Cannot read properties of null (reading 'string')
Called from stdgo__$internal_encoding_json_InvalidUnmarshalError_$static_$extension.error (/home/runner/work/go2hx/go2hx/golibs/std_json.js line 125564 column 57)
Called from stdgo__$internal_encoding_json_InvalidUnmarshalError_$asInterface.error (/home/runner/work/go2hx/go2hx/golibs/std_json.js line 66810 column 82)
Called from module at stdgo__$internal_testing_InternalTest.stdgo__$internal_encoding_json_Json_$testinvalidunmarshaltext_testInvalidUnmarshalText [as f] (/home/runner/work/go2hx/go2hx/golibs/std_json.js:81233:18)
Called from stdgo__$internal_testing_M_$static_$extension.run (/home/runner/work/go2hx/go2hx/golibs/std_json.js line 144626 column 9)
Called from ._$internal_encoding_jsondottest_Jsondottest_main (/home/runner/work/go2hx/go2hx/golibs/std_json.js line 123302 column 59)
Called from module at /home/runner/work/go2hx/go2hx/golibs/std_json.js:161413:1
Called from module at Object.<anonymous> (/home/runner/work/go2hx/go2hx/golibs/std_json.js:161414:3)
Called from Module._compile (node:internal/modules/cjs/loader line 1734 column 14)
Called from Object..js (node:internal/modules/cjs/loader line 1899 column 10)
Called from Module.load (node:internal/modules/cjs/loader line 1469 column 32)

-- FAIL: TestInvalidUnmarshalText

=== RUN  TestInvalidStringOption
Exception: Cannot read properties of null (reading 'value')
Called from .stdgo__$internal_encoding_json_Json_$marshal_marshal (/home/runner/work/go2hx/go2hx/golibs/std_json.js line 26336 column 25)
Called from module at stdgo__$internal_testing_InternalTest.stdgo__$internal_encoding_json_Json_$testinvalidstringoption_testInvalidStringOption [as f] (/home/runner/work/go2hx/go2hx/golibs/std_json.js:81418:16)
Called from stdgo__$internal_testing_M_$static_$extension.run (/home/runner/work/go2hx/go2hx/golibs/std_json.js line 144626 column 9)
Called from ._$internal_encoding_jsondottest_Jsondottest_main (/home/runner/work/go2hx/go2hx/golibs/std_json.js line 123302 column 59)
Called from module at /home/runner/work/go2hx/go2hx/golibs/std_json.js:161413:1
Called from module at Object.<anonymous> (/home/runner/work/go2hx/go2hx/golibs/std_json.js:161414:3)
Called from Module._compile (node:internal/modules/cjs/loader line 1734 column 14)
Called from Object..js (node:internal/modules/cjs/loader line 1899 column 10)

-- FAIL: TestInvalidStringOption

=== RUN  TestUnmarshalEmbeddedUnexported
Exception: Cannot read properties of null (reading 'value')
Called from module TypeError: Cannot read properties of null (reading 'value')
Called from stdgo__$internal_unsafe_UnsafePointer.__toRef__ (/home/runner/work/go2hx/go2hx/golibs/std_json.js line 32922 column 15)
Called from stdgo__$internal_sync_atomic_$_Pointer_$_$static_$extension.load (/home/runner/work/go2hx/go2hx/golibs/std_json.js line 32913 column 52)
Called from stdgo__$internal_sync_Map_$_$static_$extension._loadReadOnly (/home/runner/work/go2hx/go2hx/golibs/std_json.js line 32862 column 72)
Called from stdgo__$internal_sync_Map_$_$static_$extension.load (/home/runner/work/go2hx/go2hx/golibs/std_json.js line 32765 column 59)
Called from .stdgo__$internal_encoding_json_Json_$_$cachedtypefields__cachedTypeFields (/home/runner/work/go2hx/go2hx/golibs/std_json.js line 53051 column 63)
Called from stdgo__$internal_encoding_json_T_$decodeState_$static_$extension._object (/home/runner/work/go2hx/go2hx/golibs/std_json.js line 65185 column 13)
Called from stdgo__$internal_encoding_json_T_$decodeState_$static_$extension._value (/home/runner/work/go2hx/go2hx/golibs/std_json.js line 65949 column 80)
Called from stdgo__$internal_encoding_json_T_$decodeState_$static_$extension._unmarshal (/home/runner/work/go2hx/go2hx/golibs/std_json.js line 66772 column 78)
Called from .stdgo__$internal_encoding_json_Json_$unmarshal_unmarshal (/home/runner/work/go2hx/go2hx/golibs/std_json.js line 71252 column 74)
Called from module at stdgo__$internal_testing_InternalTest.stdgo__$internal_encoding_json_Json_$testunmarshalembeddedunexported_testUnmarshalEmbeddedUnexported [as f] (/home/runner/work/go2hx/go2hx/golibs/std_json.js:81907:14)

-- FAIL: TestUnmarshalEmbeddedUnexported

=== RUN  TestUnmarshalErrorAfterMultipleJSON
Exception: Cannot read properties of undefined (reading 'length')
Called from module TypeError: Cannot read properties of undefined (reading 'length')
Called from StringTools.endsWith (/home/runner/work/go2hx/go2hx/golibs/std_json.js line 132 column 15)
Called from stdgo__$internal_reflect_Value_$static_$extension.set (/home/runner/work/go2hx/go2hx/golibs/std_json.js line 31099 column 18)
Called from stdgo__$internal_encoding_json_T_$decodeState_$static_$extension._literalStore (/home/runner/work/go2hx/go2hx/golibs/std_json.js line 64934 column 56)
Called from stdgo__$internal_encoding_json_T_$decodeState_$static_$extension._value (/home/runner/work/go2hx/go2hx/golibs/std_json.js line 65968 column 81)
Called from stdgo__$internal_encoding_json_T_$decodeState_$static_$extension._unmarshal (/home/runner/work/go2hx/go2hx/golibs/std_json.js line 66772 column 78)
Called from stdgo__$internal_encoding_json_Decoder_$static_$extension.decode (/home/runner/work/go2hx/go2hx/golibs/std_json.js line 64392 column 74)
Called from module at stdgo__$internal_testing_InternalTest.stdgo__$internal_encoding_json_Json_$testunmarshalerroraftermultiplejson_testUnmarshalErrorAfterMultipleJSON [as f] (/home/runner/work/go2hx/go2hx/golibs/std_json.js:82340:69)
Called from stdgo__$internal_testing_M_$static_$extension.run (/home/runner/work/go2hx/go2hx/golibs/std_json.js line 144626 column 9)
Called from ._$internal_encoding_jsondottest_Jsondottest_main (/home/runner/work/go2hx/go2hx/golibs/std_json.js line 123302 column 59)
Called from module at /home/runner/work/go2hx/go2hx/golibs/std_json.js:161413:1

-- FAIL: TestUnmarshalErrorAfterMultipleJSON

=== RUN  TestUnmarshalPanic

-- PASS: TestUnmarshalPanic

=== RUN  TestUnmarshalRecursivePointer

-- PASS: TestUnmarshalRecursivePointer

=== RUN  TestUnmarshalMapWithTextUnmarshalerStringKey
Unmarshal unexpected error: <invalid reflect.Value>Exception: __fail__
Called from stdgo__$internal_testing_T_$common_$static_$extension.failNow (/home/runner/work/go2hx/go2hx/golibs/std_json.js line 145375 column 23)
Called from stdgo__$internal_testing_T_$common_$static_$extension.fatalf (/home/runner/work/go2hx/go2hx/golibs/std_json.js line 145304 column 56)
Called from module at /home/runner/work/go2hx/go2hx/golibs/std_json.js:144858:58
Called from module at stdgo__$internal_testing_InternalTest.stdgo__$internal_encoding_json_Json_$testunmarshalmapwithtextunmarshalerstringkey_testUnmarshalMapWithTextUnmarshalerStringKey [as f] (/home/runner/work/go2hx/go2hx/golibs/std_json.js:82525:20)
Called from stdgo__$internal_testing_M_$static_$extension.run (/home/runner/work/go2hx/go2hx/golibs/std_json.js line 144626 column 9)
Called from ._$internal_encoding_jsondottest_Jsondottest_main (/home/runner/work/go2hx/go2hx/golibs/std_json.js line 123302 column 59)
Called from module at /home/runner/work/go2hx/go2hx/golibs/std_json.js:161413:1
Called from module at Object.<anonymous> (/home/runner/work/go2hx/go2hx/golibs/std_json.js:161414:3)

-- FAIL: TestUnmarshalMapWithTextUnmarshalerStringKey

=== RUN  TestUnmarshalRescanLiteralMangledUnquote
Unmarshal unexpected error: <invalid reflect.Value>Exception: __fail__
Called from stdgo__$internal_testing_T_$common_$static_$extension.failNow (/home/runner/work/go2hx/go2hx/golibs/std_json.js line 145375 column 23)
Called from stdgo__$internal_testing_T_$common_$static_$extension.fatalf (/home/runner/work/go2hx/go2hx/golibs/std_json.js line 145304 column 56)
Called from module at /home/runner/work/go2hx/go2hx/golibs/std_json.js:144858:58
Called from module at stdgo__$internal_testing_InternalTest.stdgo__$internal_encoding_json_Json_$testunmarshalrescanliteralmangledunquote_testUnmarshalRescanLiteralMangledUnquote [as f] (/home/runner/work/go2hx/go2hx/golibs/std_json.js:82554:20)
Called from stdgo__$internal_testing_M_$static_$extension.run (/home/runner/work/go2hx/go2hx/golibs/std_json.js line 144626 column 9)
Called from ._$internal_encoding_jsondottest_Jsondottest_main (/home/runner/work/go2hx/go2hx/golibs/std_json.js line 123302 column 59)
Called from module at /home/runner/work/go2hx/go2hx/golibs/std_json.js:161413:1
Called from module at Object.<anonymous> (/home/runner/work/go2hx/go2hx/golibs/std_json.js:161414:3)

-- FAIL: TestUnmarshalRescanLiteralMangledUnquote

=== RUN  TestUnmarshalMaxDepth
- SUBRUN  unstructured-ArrayUnderMaxNestingDepth
- SUBRUN  typed named field-ArrayUnderMaxNestingDepth
Exception: Cannot read properties of null (reading 'value')
Called from module TypeError: Cannot read properties of null (reading 'value')
Called from stdgo__$internal_unsafe_UnsafePointer.__toRef__ (/home/runner/work/go2hx/go2hx/golibs/std_json.js line 32922 column 15)
Called from stdgo__$internal_sync_atomic_$_Pointer_$_$static_$extension.load (/home/runner/work/go2hx/go2hx/golibs/std_json.js line 32913 column 52)
Called from stdgo__$internal_sync_Map_$_$static_$extension._loadReadOnly (/home/runner/work/go2hx/go2hx/golibs/std_json.js line 32862 column 72)
Called from stdgo__$internal_sync_Map_$_$static_$extension.load (/home/runner/work/go2hx/go2hx/golibs/std_json.js line 32765 column 59)
Called from .stdgo__$internal_encoding_json_Json_$_$cachedtypefields__cachedTypeFields (/home/runner/work/go2hx/go2hx/golibs/std_json.js line 53051 column 63)
Called from stdgo__$internal_encoding_json_T_$decodeState_$static_$extension._object (/home/runner/work/go2hx/go2hx/golibs/std_json.js line 65185 column 13)
Called from stdgo__$internal_encoding_json_T_$decodeState_$static_$extension._value (/home/runner/work/go2hx/go2hx/golibs/std_json.js line 65949 column 80)
Called from stdgo__$internal_encoding_json_T_$decodeState_$static_$extension._unmarshal (/home/runner/work/go2hx/go2hx/golibs/std_json.js line 66772 column 78)
Called from .stdgo__$internal_encoding_json_Json_$unmarshal_unmarshal (/home/runner/work/go2hx/go2hx/golibs/std_json.js line 71252 column 74)
Called from module at /home/runner/work/go2hx/go2hx/golibs/std_json.js:82894:17

-- FAIL: TestUnmarshalMaxDepth

=== RUN  TestOmitEmpty
Exception: Cannot read properties of null (reading 'value')
Called from .stdgo__$internal_encoding_json_Json_$marshal_marshal (/home/runner/work/go2hx/go2hx/golibs/std_json.js line 26336 column 25)
Called from .stdgo__$internal_encoding_json_Json_$marshalindent_marshalIndent (/home/runner/work/go2hx/go2hx/golibs/std_json.js line 83329 column 16)
Called from module at stdgo__$internal_testing_InternalTest.stdgo__$internal_encoding_json_Json_$testomitempty_testOmitEmpty [as f] (/home/runner/work/go2hx/go2hx/golibs/std_json.js:83235:17)
Called from stdgo__$internal_testing_M_$static_$extension.run (/home/runner/work/go2hx/go2hx/golibs/std_json.js line 144626 column 9)
Called from ._$internal_encoding_jsondottest_Jsondottest_main (/home/runner/work/go2hx/go2hx/golibs/std_json.js line 123302 column 59)
Called from module at /home/runner/work/go2hx/go2hx/golibs/std_json.js:161413:1
Called from module at Object.<anonymous> (/home/runner/work/go2hx/go2hx/golibs/std_json.js:161414:3)
Called from Module._compile (node:internal/modules/cjs/loader line 1734 column 14)

-- FAIL: TestOmitEmpty

=== RUN  TestRoundtripStringTag
- SUBRUN  AllTypes
Exception: Cannot read properties of null (reading 'value')
Called from .stdgo__$internal_encoding_json_Json_$marshal_marshal (/home/runner/work/go2hx/go2hx/golibs/std_json.js line 26336 column 25)
Called from .stdgo__$internal_encoding_json_Json_$marshalindent_marshalIndent (/home/runner/work/go2hx/go2hx/golibs/std_json.js line 83329 column 16)
Called from module at /home/runner/work/go2hx/go2hx/golibs/std_json.js:83570:20
Called from stdgo__$internal_testing_T_$_$static_$extension.run (/home/runner/work/go2hx/go2hx/golibs/std_json.js line 83017 column 2)
Called from module at stdgo__$internal_testing_InternalTest.stdgo__$internal_encoding_json_Json_$testroundtripstringtag_testRoundtripStringTag [as f] (/home/runner/work/go2hx/go2hx/golibs/std_json.js:83552:51)
Called from stdgo__$internal_testing_M_$static_$extension.run (/home/runner/work/go2hx/go2hx/golibs/std_json.js line 144626 column 9)
Called from ._$internal_encoding_jsondottest_Jsondottest_main (/home/runner/work/go2hx/go2hx/golibs/std_json.js line 123302 column 59)
Called from module at /home/runner/work/go2hx/go2hx/golibs/std_json.js:161413:1

-- FAIL: TestRoundtripStringTag

=== RUN  TestEncodeRenamedByteSlice
Exception: Cannot read properties of null (reading 'value')
Called from .stdgo__$internal_encoding_json_Json_$marshal_marshal (/home/runner/work/go2hx/go2hx/golibs/std_json.js line 26336 column 25)
Called from module at stdgo__$internal_testing_InternalTest.stdgo__$internal_encoding_json_Json_$testencoderenamedbyteslice_testEncodeRenamedByteSlice [as f] (/home/runner/work/go2hx/go2hx/golibs/std_json.js:83762:16)
Called from stdgo__$internal_testing_M_$static_$extension.run (/home/runner/work/go2hx/go2hx/golibs/std_json.js line 144626 column 9)
Called from ._$internal_encoding_jsondottest_Jsondottest_main (/home/runner/work/go2hx/go2hx/golibs/std_json.js line 123302 column 59)
Called from module at /home/runner/work/go2hx/go2hx/golibs/std_json.js:161413:1
Called from module at Object.<anonymous> (/home/runner/work/go2hx/go2hx/golibs/std_json.js:161414:3)
Called from Module._compile (node:internal/modules/cjs/loader line 1734 column 14)
Called from Object..js (node:internal/modules/cjs/loader line 1899 column 10)

-- FAIL: TestEncodeRenamedByteSlice

=== RUN  TestSamePointerNoCycle
Exception: Cannot read properties of null (reading 'value')
Called from .stdgo__$internal_encoding_json_Json_$marshal_marshal (/home/runner/work/go2hx/go2hx/golibs/std_json.js line 26336 column 25)
Called from module at stdgo__$internal_testing_InternalTest.stdgo__$internal_encoding_json_Json_$testsamepointernocycle_testSamePointerNoCycle [as f] (/home/runner/work/go2hx/go2hx/golibs/std_json.js:83792:16)
Called from stdgo__$internal_testing_M_$static_$extension.run (/home/runner/work/go2hx/go2hx/golibs/std_json.js line 144626 column 9)
Called from ._$internal_encoding_jsondottest_Jsondottest_main (/home/runner/work/go2hx/go2hx/golibs/std_json.js line 123302 column 59)
Called from module at /home/runner/work/go2hx/go2hx/golibs/std_json.js:161413:1
Called from module at Object.<anonymous> (/home/runner/work/go2hx/go2hx/golibs/std_json.js:161414:3)
Called from Module._compile (node:internal/modules/cjs/loader line 1734 column 14)
Called from Object..js (node:internal/modules/cjs/loader line 1899 column 10)

-- FAIL: TestSamePointerNoCycle

=== RUN  TestSliceNoCycle
Exception: Cannot read properties of null (reading 'value')
Called from .stdgo__$internal_encoding_json_Json_$marshal_marshal (/home/runner/work/go2hx/go2hx/golibs/std_json.js line 26336 column 25)
Called from module at stdgo__$internal_testing_InternalTest.stdgo__$internal_encoding_json_Json_$testslicenocycle_testSliceNoCycle [as f] (/home/runner/work/go2hx/go2hx/golibs/std_json.js:83845:16)
Called from stdgo__$internal_testing_M_$static_$extension.run (/home/runner/work/go2hx/go2hx/golibs/std_json.js line 144626 column 9)
Called from ._$internal_encoding_jsondottest_Jsondottest_main (/home/runner/work/go2hx/go2hx/golibs/std_json.js line 123302 column 59)
Called from module at /home/runner/work/go2hx/go2hx/golibs/std_json.js:161413:1
Called from module at Object.<anonymous> (/home/runner/work/go2hx/go2hx/golibs/std_json.js:161414:3)
Called from Module._compile (node:internal/modules/cjs/loader line 1734 column 14)
Called from Object..js (node:internal/modules/cjs/loader line 1899 column 10)

-- FAIL: TestSliceNoCycle

=== RUN  TestUnsupportedValues
Exception: Cannot read properties of null (reading 'value')
Called from .stdgo__$internal_encoding_json_Json_$marshal_marshal (/home/runner/work/go2hx/go2hx/golibs/std_json.js line 26336 column 25)
Called from module at stdgo__$internal_testing_InternalTest.stdgo__$internal_encoding_json_Json_$testunsupportedvalues_testUnsupportedValues [as f] (/home/runner/work/go2hx/go2hx/golibs/std_json.js:83860:17)
Called from stdgo__$internal_testing_M_$static_$extension.run (/home/runner/work/go2hx/go2hx/golibs/std_json.js line 144626 column 9)
Called from ._$internal_encoding_jsondottest_Jsondottest_main (/home/runner/work/go2hx/go2hx/golibs/std_json.js line 123302 column 59)
Called from module at /home/runner/work/go2hx/go2hx/golibs/std_json.js:161413:1
Called from module at Object.<anonymous> (/home/runner/work/go2hx/go2hx/golibs/std_json.js:161414:3)
Called from Module._compile (node:internal/modules/cjs/loader line 1734 column 14)
Called from Object..js (node:internal/modules/cjs/loader line 1899 column 10)

-- FAIL: TestUnsupportedValues

=== RUN  TestMarshalTextFloatMap
Exception: Cannot read properties of null (reading 'value')
Called from .stdgo__$internal_encoding_json_Json_$marshal_marshal (/home/runner/work/go2hx/go2hx/golibs/std_json.js line 26336 column 25)
Called from module at stdgo__$internal_testing_InternalTest.stdgo__$internal_encoding_json_Json_$testmarshaltextfloatmap_testMarshalTextFloatMap [as f] (/home/runner/work/go2hx/go2hx/golibs/std_json.js:84010:16)
Called from stdgo__$internal_testing_M_$static_$extension.run (/home/runner/work/go2hx/go2hx/golibs/std_json.js line 144626 column 9)
Called from ._$internal_encoding_jsondottest_Jsondottest_main (/home/runner/work/go2hx/go2hx/golibs/std_json.js line 123302 column 59)
Called from module at /home/runner/work/go2hx/go2hx/golibs/std_json.js:161413:1
Called from module at Object.<anonymous> (/home/runner/work/go2hx/go2hx/golibs/std_json.js:161414:3)
Called from Module._compile (node:internal/modules/cjs/loader line 1734 column 14)
Called from Object..js (node:internal/modules/cjs/loader line 1899 column 10)

-- FAIL: TestMarshalTextFloatMap

=== RUN  TestRefValMarshal
Exception: Cannot read properties of null (reading 'value')
Called from .stdgo__$internal_encoding_json_Json_$marshal_marshal (/home/runner/work/go2hx/go2hx/golibs/std_json.js line 26336 column 25)
Called from module at stdgo__$internal_testing_InternalTest.stdgo__$internal_encoding_json_Json_$testrefvalmarshal_testRefValMarshal [as f] (/home/runner/work/go2hx/go2hx/golibs/std_json.js:84158:17)
Called from stdgo__$internal_testing_M_$static_$extension.run (/home/runner/work/go2hx/go2hx/golibs/std_json.js line 144626 column 9)
Called from ._$internal_encoding_jsondottest_Jsondottest_main (/home/runner/work/go2hx/go2hx/golibs/std_json.js line 123302 column 59)
Called from module at /home/runner/work/go2hx/go2hx/golibs/std_json.js:161413:1
Called from module at Object.<anonymous> (/home/runner/work/go2hx/go2hx/golibs/std_json.js:161414:3)
Called from Module._compile (node:internal/modules/cjs/loader line 1734 column 14)
Called from Object..js (node:internal/modules/cjs/loader line 1899 column 10)

-- FAIL: TestRefValMarshal

=== RUN  TestMarshalerEscaping
Exception: Cannot read properties of null (reading 'value')
Called from .stdgo__$internal_encoding_json_Json_$marshal_marshal (/home/runner/work/go2hx/go2hx/golibs/std_json.js line 26336 column 25)
Called from module at stdgo__$internal_testing_InternalTest.stdgo__$internal_encoding_json_Json_$testmarshalerescaping_testMarshalerEscaping [as f] (/home/runner/work/go2hx/go2hx/golibs/std_json.js:84216:16)
Called from stdgo__$internal_testing_M_$static_$extension.run (/home/runner/work/go2hx/go2hx/golibs/std_json.js line 144626 column 9)
Called from ._$internal_encoding_jsondottest_Jsondottest_main (/home/runner/work/go2hx/go2hx/golibs/std_json.js line 123302 column 59)
Called from module at /home/runner/work/go2hx/go2hx/golibs/std_json.js:161413:1
Called from module at Object.<anonymous> (/home/runner/work/go2hx/go2hx/golibs/std_json.js:161414:3)
Called from Module._compile (node:internal/modules/cjs/loader line 1734 column 14)
Called from Object..js (node:internal/modules/cjs/loader line 1899 column 10)

-- FAIL: TestMarshalerEscaping

=== RUN  TestAnonymousFields
- SUBRUN  AmbiguousField
Exception: Cannot read properties of null (reading 'value')
Called from .stdgo__$internal_encoding_json_Json_$marshal_marshal (/home/runner/work/go2hx/go2hx/golibs/std_json.js line 26336 column 25)
Called from module at /home/runner/work/go2hx/go2hx/golibs/std_json.js:84481:19
Called from stdgo__$internal_testing_T_$_$static_$extension.run (/home/runner/work/go2hx/go2hx/golibs/std_json.js line 83017 column 2)
Called from module at stdgo__$internal_testing_InternalTest.stdgo__$internal_encoding_json_Json_$testanonymousfields_testAnonymousFields [as f] (/home/runner/work/go2hx/go2hx/golibs/std_json.js:84479:51)
Called from stdgo__$internal_testing_M_$static_$extension.run (/home/runner/work/go2hx/go2hx/golibs/std_json.js line 144626 column 9)
Called from ._$internal_encoding_jsondottest_Jsondottest_main (/home/runner/work/go2hx/go2hx/golibs/std_json.js line 123302 column 59)
Called from module at /home/runner/work/go2hx/go2hx/golibs/std_json.js:161413:1
Called from module at Object.<anonymous> (/home/runner/work/go2hx/go2hx/golibs/std_json.js:161414:3)

-- FAIL: TestAnonymousFields

=== RUN  TestNilMarshal
Exception: Cannot read properties of null (reading 'value')
Called from .stdgo__$internal_encoding_json_Json_$marshal_marshal (/home/runner/work/go2hx/go2hx/golibs/std_json.js line 26336 column 25)
Called from module at stdgo__$internal_testing_InternalTest.stdgo__$internal_encoding_json_Json_$testnilmarshal_testNilMarshal [as f] (/home/runner/work/go2hx/go2hx/golibs/std_json.js:85210:17)
Called from stdgo__$internal_testing_M_$static_$extension.run (/home/runner/work/go2hx/go2hx/golibs/std_json.js line 144626 column 9)
Called from ._$internal_encoding_jsondottest_Jsondottest_main (/home/runner/work/go2hx/go2hx/golibs/std_json.js line 123302 column 59)
Called from module at /home/runner/work/go2hx/go2hx/golibs/std_json.js:161413:1
Called from module at Object.<anonymous> (/home/runner/work/go2hx/go2hx/golibs/std_json.js:161414:3)
Called from Module._compile (node:internal/modules/cjs/loader line 1734 column 14)
Called from Object..js (node:internal/modules/cjs/loader line 1899 column 10)

-- FAIL: TestNilMarshal

=== RUN  TestEmbeddedBug
Exception: Cannot read properties of null (reading 'value')
Called from .stdgo__$internal_encoding_json_Json_$marshal_marshal (/home/runner/work/go2hx/go2hx/golibs/std_json.js line 26336 column 25)
Called from module at stdgo__$internal_testing_InternalTest.stdgo__$internal_encoding_json_Json_$testembeddedbug_testEmbeddedBug [as f] (/home/runner/work/go2hx/go2hx/golibs/std_json.js:85301:16)
Called from stdgo__$internal_testing_M_$static_$extension.run (/home/runner/work/go2hx/go2hx/golibs/std_json.js line 144626 column 9)
Called from ._$internal_encoding_jsondottest_Jsondottest_main (/home/runner/work/go2hx/go2hx/golibs/std_json.js line 123302 column 59)
Called from module at /home/runner/work/go2hx/go2hx/golibs/std_json.js:161413:1
Called from module at Object.<anonymous> (/home/runner/work/go2hx/go2hx/golibs/std_json.js:161414:3)
Called from Module._compile (node:internal/modules/cjs/loader line 1734 column 14)
Called from Object..js (node:internal/modules/cjs/loader line 1899 column 10)

-- FAIL: TestEmbeddedBug

=== RUN  TestTaggedFieldDominates
Exception: Cannot read properties of null (reading 'value')
Called from .stdgo__$internal_encoding_json_Json_$marshal_marshal (/home/runner/work/go2hx/go2hx/golibs/std_json.js line 26336 column 25)
Called from module at stdgo__$internal_testing_InternalTest.stdgo__$internal_encoding_json_Json_$testtaggedfielddominates_testTaggedFieldDominates [as f] (/home/runner/work/go2hx/go2hx/golibs/std_json.js:85436:16)
Called from stdgo__$internal_testing_M_$static_$extension.run (/home/runner/work/go2hx/go2hx/golibs/std_json.js line 144626 column 9)
Called from ._$internal_encoding_jsondottest_Jsondottest_main (/home/runner/work/go2hx/go2hx/golibs/std_json.js line 123302 column 59)
Called from module at /home/runner/work/go2hx/go2hx/golibs/std_json.js:161413:1
Called from module at Object.<anonymous> (/home/runner/work/go2hx/go2hx/golibs/std_json.js:161414:3)
Called from Module._compile (node:internal/modules/cjs/loader line 1734 column 14)
Called from Object..js (node:internal/modules/cjs/loader line 1899 column 10)

-- FAIL: TestTaggedFieldDominates

=== RUN  TestDuplicatedFieldDisappears
Exception: Cannot read properties of null (reading 'value')
Called from .stdgo__$internal_encoding_json_Json_$marshal_marshal (/home/runner/work/go2hx/go2hx/golibs/std_json.js line 26336 column 25)
Called from module at stdgo__$internal_testing_InternalTest.stdgo__$internal_encoding_json_Json_$testduplicatedfielddisappears_testDuplicatedFieldDisappears [as f] (/home/runner/work/go2hx/go2hx/golibs/std_json.js:85511:16)
Called from stdgo__$internal_testing_M_$static_$extension.run (/home/runner/work/go2hx/go2hx/golibs/std_json.js line 144626 column 9)
Called from ._$internal_encoding_jsondottest_Jsondottest_main (/home/runner/work/go2hx/go2hx/golibs/std_json.js line 123302 column 59)
Called from module at /home/runner/work/go2hx/go2hx/golibs/std_json.js:161413:1
Called from module at Object.<anonymous> (/home/runner/work/go2hx/go2hx/golibs/std_json.js:161414:3)
Called from Module._compile (node:internal/modules/cjs/loader line 1734 column 14)
Called from Object..js (node:internal/modules/cjs/loader line 1899 column 10)

-- FAIL: TestDuplicatedFieldDisappears

=== RUN  TestIssue10281
Exception: Cannot read properties of null (reading 'value')
Called from .stdgo__$internal_encoding_json_Json_$marshal_marshal (/home/runner/work/go2hx/go2hx/golibs/std_json.js line 26336 column 25)
Called from module at stdgo__$internal_testing_InternalTest.stdgo__$internal_encoding_json_Json_$testissue10281_testIssue10281 [as f] (/home/runner/work/go2hx/go2hx/golibs/std_json.js:85592:16)
Called from stdgo__$internal_testing_M_$static_$extension.run (/home/runner/work/go2hx/go2hx/golibs/std_json.js line 144626 column 9)
Called from ._$internal_encoding_jsondottest_Jsondottest_main (/home/runner/work/go2hx/go2hx/golibs/std_json.js line 123302 column 59)
Called from module at /home/runner/work/go2hx/go2hx/golibs/std_json.js:161413:1
Called from module at Object.<anonymous> (/home/runner/work/go2hx/go2hx/golibs/std_json.js:161414:3)
Called from Module._compile (node:internal/modules/cjs/loader line 1734 column 14)
Called from Object..js (node:internal/modules/cjs/loader line 1899 column 10)

-- FAIL: TestIssue10281

=== RUN  TestMarshalErrorAndReuseEncodeState
Exception: :runtime.debug.setGCPercent is not yet implemented
Called from module at stdgo__$internal_testing_InternalTest.stdgo__$internal_encoding_json_Json_$testmarshalerrorandreuseencodestate_testMarshalErrorAndReuseEncodeState [as f] (/home/runner/work/go2hx/go2hx/golibs/std_json.js:85817:25)
Called from stdgo__$internal_testing_M_$static_$extension.run (/home/runner/work/go2hx/go2hx/golibs/std_json.js line 144626 column 9)
Called from ._$internal_encoding_jsondottest_Jsondottest_main (/home/runner/work/go2hx/go2hx/golibs/std_json.js line 123302 column 59)
Called from module at /home/runner/work/go2hx/go2hx/golibs/std_json.js:161413:1
Called from module at Object.<anonymous> (/home/runner/work/go2hx/go2hx/golibs/std_json.js:161414:3)
Called from Module._compile (node:internal/modules/cjs/loader line 1734 column 14)
Called from Object..js (node:internal/modules/cjs/loader line 1899 column 10)
Called from Module.load (node:internal/modules/cjs/loader line 1469 column 32)

-- FAIL: TestMarshalErrorAndReuseEncodeState

=== RUN  TestHTMLEscape

-- PASS: TestHTMLEscape

=== RUN  TestEncodePointerString
Exception: Cannot read properties of null (reading 'value')
Called from .stdgo__$internal_encoding_json_Json_$marshal_marshal (/home/runner/work/go2hx/go2hx/golibs/std_json.js line 26336 column 25)
Called from module at stdgo__$internal_testing_InternalTest.stdgo__$internal_encoding_json_Json_$testencodepointerstring_testEncodePointerString [as f] (/home/runner/work/go2hx/go2hx/golibs/std_json.js:85927:17)
Called from stdgo__$internal_testing_M_$static_$extension.run (/home/runner/work/go2hx/go2hx/golibs/std_json.js line 144626 column 9)
Called from ._$internal_encoding_jsondottest_Jsondottest_main (/home/runner/work/go2hx/go2hx/golibs/std_json.js line 123302 column 59)
Called from module at /home/runner/work/go2hx/go2hx/golibs/std_json.js:161413:1
Called from module at Object.<anonymous> (/home/runner/work/go2hx/go2hx/golibs/std_json.js:161414:3)
Called from Module._compile (node:internal/modules/cjs/loader line 1734 column 14)
Called from Object..js (node:internal/modules/cjs/loader line 1899 column 10)

-- FAIL: TestEncodePointerString

=== RUN  TestEncodeString
Exception: Cannot read properties of null (reading 'value')
Called from .stdgo__$internal_encoding_json_Json_$marshal_marshal (/home/runner/work/go2hx/go2hx/golibs/std_json.js line 26336 column 25)
Called from module at stdgo__$internal_testing_InternalTest.stdgo__$internal_encoding_json_Json_$testencodestring_testEncodeString [as f] (/home/runner/work/go2hx/go2hx/golibs/std_json.js:86009:17)
Called from stdgo__$internal_testing_M_$static_$extension.run (/home/runner/work/go2hx/go2hx/golibs/std_json.js line 144626 column 9)
Called from ._$internal_encoding_jsondottest_Jsondottest_main (/home/runner/work/go2hx/go2hx/golibs/std_json.js line 123302 column 59)
Called from module at /home/runner/work/go2hx/go2hx/golibs/std_json.js:161413:1
Called from module at Object.<anonymous> (/home/runner/work/go2hx/go2hx/golibs/std_json.js:161414:3)
Called from Module._compile (node:internal/modules/cjs/loader line 1734 column 14)
Called from Object..js (node:internal/modules/cjs/loader line 1899 column 10)

-- FAIL: TestEncodeString

=== RUN  TestEncodeBytekind
Exception: Cannot read properties of null (reading 'value')
Called from .stdgo__$internal_encoding_json_Json_$marshal_marshal (/home/runner/work/go2hx/go2hx/golibs/std_json.js line 26336 column 25)
Called from module at stdgo__$internal_testing_InternalTest.stdgo__$internal_encoding_json_Json_$testencodebytekind_testEncodeBytekind [as f] (/home/runner/work/go2hx/go2hx/golibs/std_json.js:86104:17)
Called from stdgo__$internal_testing_M_$static_$extension.run (/home/runner/work/go2hx/go2hx/golibs/std_json.js line 144626 column 9)
Called from ._$internal_encoding_jsondottest_Jsondottest_main (/home/runner/work/go2hx/go2hx/golibs/std_json.js line 123302 column 59)
Called from module at /home/runner/work/go2hx/go2hx/golibs/std_json.js:161413:1
Called from module at Object.<anonymous> (/home/runner/work/go2hx/go2hx/golibs/std_json.js:161414:3)
Called from Module._compile (node:internal/modules/cjs/loader line 1734 column 14)
Called from Object..js (node:internal/modules/cjs/loader line 1899 column 10)

-- FAIL: TestEncodeBytekind

=== RUN  TestTextMarshalerMapKeysAreSorted
Exception: Cannot read properties of null (reading 'value')
Called from .stdgo__$internal_encoding_json_Json_$marshal_marshal (/home/runner/work/go2hx/go2hx/golibs/std_json.js line 26336 column 25)
Called from module at stdgo__$internal_testing_InternalTest.stdgo__$internal_encoding_json_Json_$testtextmarshalermapkeysaresorted_testTextMarshalerMapKeysAreSorted [as f] (/home/runner/work/go2hx/go2hx/golibs/std_json.js:86198:16)
Called from stdgo__$internal_testing_M_$static_$extension.run (/home/runner/work/go2hx/go2hx/golibs/std_json.js line 144626 column 9)
Called from ._$internal_encoding_jsondottest_Jsondottest_main (/home/runner/work/go2hx/go2hx/golibs/std_json.js line 123302 column 59)
Called from module at /home/runner/work/go2hx/go2hx/golibs/std_json.js:161413:1
Called from module at Object.<anonymous> (/home/runner/work/go2hx/go2hx/golibs/std_json.js:161414:3)
Called from Module._compile (node:internal/modules/cjs/loader line 1734 column 14)
Called from Object..js (node:internal/modules/cjs/loader line 1899 column 10)

-- FAIL: TestTextMarshalerMapKeysAreSorted

=== RUN  TestNilMarshalerTextMapKey
Exception: Cannot read properties of null (reading 'value')
Called from .stdgo__$internal_encoding_json_Json_$marshal_marshal (/home/runner/work/go2hx/go2hx/golibs/std_json.js line 26336 column 25)
Called from module at stdgo__$internal_testing_InternalTest.stdgo__$internal_encoding_json_Json_$testnilmarshalertextmapkey_testNilMarshalerTextMapKey [as f] (/home/runner/work/go2hx/go2hx/golibs/std_json.js:86218:16)
Called from stdgo__$internal_testing_M_$static_$extension.run (/home/runner/work/go2hx/go2hx/golibs/std_json.js line 144626 column 9)
Called from ._$internal_encoding_jsondottest_Jsondottest_main (/home/runner/work/go2hx/go2hx/golibs/std_json.js line 123302 column 59)
Called from module at /home/runner/work/go2hx/go2hx/golibs/std_json.js:161413:1
Called from module at Object.<anonymous> (/home/runner/work/go2hx/go2hx/golibs/std_json.js:161414:3)
Called from Module._compile (node:internal/modules/cjs/loader line 1734 column 14)
Called from Object..js (node:internal/modules/cjs/loader line 1899 column 10)

-- FAIL: TestNilMarshalerTextMapKey

=== RUN  TestMarshalFloat
Exception: Cannot read properties of null (reading 'value')
Called from .stdgo__$internal_encoding_json_Json_$marshal_marshal (/home/runner/work/go2hx/go2hx/golibs/std_json.js line 26336 column 25)
Called from ._test (/home/runner/work/go2hx/go2hx/golibs/std_json.js line 86276 column 17)
Called from module at stdgo__$internal_testing_InternalTest.stdgo__$internal_encoding_json_Json_$testmarshalfloat_testMarshalFloat [as f] (/home/runner/work/go2hx/go2hx/golibs/std_json.js:86369:6)
Called from stdgo__$internal_testing_M_$static_$extension.run (/home/runner/work/go2hx/go2hx/golibs/std_json.js line 144626 column 9)
Called from ._$internal_encoding_jsondottest_Jsondottest_main (/home/runner/work/go2hx/go2hx/golibs/std_json.js line 123302 column 59)
Called from module at /home/runner/work/go2hx/go2hx/golibs/std_json.js:161413:1
Called from module at Object.<anonymous> (/home/runner/work/go2hx/go2hx/golibs/std_json.js:161414:3)
Called from Module._compile (node:internal/modules/cjs/loader line 1734 column 14)

-- FAIL: TestMarshalFloat

=== RUN  TestMarshalRawMessageValue
Exception: Cannot read properties of null (reading 'value')
Called from .stdgo__$internal_encoding_json_Json_$marshal_marshal (/home/runner/work/go2hx/go2hx/golibs/std_json.js line 26336 column 25)
Called from module at stdgo__$internal_testing_InternalTest.stdgo__$internal_encoding_json_Json_$testmarshalrawmessagevalue_testMarshalRawMessageValue [as f] (/home/runner/work/go2hx/go2hx/golibs/std_json.js:107884:17)
Called from stdgo__$internal_testing_M_$static_$extension.run (/home/runner/work/go2hx/go2hx/golibs/std_json.js line 144626 column 9)
Called from ._$internal_encoding_jsondottest_Jsondottest_main (/home/runner/work/go2hx/go2hx/golibs/std_json.js line 123302 column 59)
Called from module at /home/runner/work/go2hx/go2hx/golibs/std_json.js:161413:1
Called from module at Object.<anonymous> (/home/runner/work/go2hx/go2hx/golibs/std_json.js:161414:3)
Called from Module._compile (node:internal/modules/cjs/loader line 1734 column 14)
Called from Object..js (node:internal/modules/cjs/loader line 1899 column 10)

-- FAIL: TestMarshalRawMessageValue

=== RUN  TestMarshalPanic
Exception: Cannot read properties of null (reading 'value')
Called from module at stdgo__$internal_testing_InternalTest.stdgo__$internal_encoding_json_Json_$testmarshalpanic_testMarshalPanic [as f] (/home/runner/work/go2hx/go2hx/golibs/std_json.js:108121:25)
Called from stdgo__$internal_testing_M_$static_$extension.run (/home/runner/work/go2hx/go2hx/golibs/std_json.js line 144626 column 9)
Called from ._$internal_encoding_jsondottest_Jsondottest_main (/home/runner/work/go2hx/go2hx/golibs/std_json.js line 123302 column 59)
Called from module at /home/runner/work/go2hx/go2hx/golibs/std_json.js:161413:1
Called from module at Object.<anonymous> (/home/runner/work/go2hx/go2hx/golibs/std_json.js:161414:3)
Called from Module._compile (node:internal/modules/cjs/loader line 1734 column 14)
Called from Object..js (node:internal/modules/cjs/loader line 1899 column 10)
Called from Module.load (node:internal/modules/cjs/loader line 1469 column 32)

-- FAIL: TestMarshalPanic

=== RUN  TestMarshalUncommonFieldNames
Exception: Cannot read properties of null (reading 'value')
Called from .stdgo__$internal_encoding_json_Json_$marshal_marshal (/home/runner/work/go2hx/go2hx/golibs/std_json.js line 26336 column 25)
Called from module at stdgo__$internal_testing_InternalTest.stdgo__$internal_encoding_json_Json_$testmarshaluncommonfieldnames_testMarshalUncommonFieldNames [as f] (/home/runner/work/go2hx/go2hx/golibs/std_json.js:108156:16)
Called from stdgo__$internal_testing_M_$static_$extension.run (/home/runner/work/go2hx/go2hx/golibs/std_json.js line 144626 column 9)
Called from ._$internal_encoding_jsondottest_Jsondottest_main (/home/runner/work/go2hx/go2hx/golibs/std_json.js line 123302 column 59)
Called from module at /home/runner/work/go2hx/go2hx/golibs/std_json.js:161413:1
Called from module at Object.<anonymous> (/home/runner/work/go2hx/go2hx/golibs/std_json.js:161414:3)
Called from Module._compile (node:internal/modules/cjs/loader line 1734 column 14)
Called from Object..js (node:internal/modules/cjs/loader line 1899 column 10)

-- FAIL: TestMarshalUncommonFieldNames

=== RUN  TestMarshalerError

-- PASS: TestMarshalerError

=== RUN  TestNumberIsValid
./stdgo/_internal/reflect/Reflect_value_static_extension.hx:493: hasSet: false
./stdgo/_internal/reflect/Reflect_value_static_extension.hx:493: hasSet: false
Exception: reflect.NumMethod not implemented for float64
Called from stdgo__$internal_internal_reflect__$Type_$static_$extension.numMethod (/home/runner/work/go2hx/go2hx/golibs/std_json.js line 27431 column 24)
Called from stdgo__$internal_internal_reflect__$Type_$asInterface.numMethod (/home/runner/work/go2hx/go2hx/golibs/std_json.js line 27607 column 70)
Called from stdgo__$internal_internal_reflect__$Type_$static_$extension.numMethod (/home/runner/work/go2hx/go2hx/golibs/std_json.js line 27427 column 78)
Called from stdgo__$internal_internal_reflect__$Type_$asInterface.numMethod (/home/runner/work/go2hx/go2hx/golibs/std_json.js line 27607 column 70)
Called from .stdgo__$internal_encoding_json_Json_$_$indirect__indirect (/home/runner/work/go2hx/go2hx/golibs/std_json.js line 66858 column 82)
Called from stdgo__$internal_encoding_json_T_$decodeState_$static_$extension._literalStore (/home/runner/work/go2hx/go2hx/golibs/std_json.js line 64662 column 16)
Called from stdgo__$internal_encoding_json_T_$decodeState_$static_$extension._value (/home/runner/work/go2hx/go2hx/golibs/std_json.js line 65968 column 81)
Called from stdgo__$internal_encoding_json_T_$decodeState_$static_$extension._unmarshal (/home/runner/work/go2hx/go2hx/golibs/std_json.js line 66772 column 78)

-- FAIL: TestNumberIsValid

=== RUN  TestValid

-- PASS: TestValid

=== RUN  TestCompact

-- PASS: TestCompact

=== RUN  TestCompactSeparators

-- PASS: TestCompactSeparators

=== RUN  TestIndent

-- PASS: TestIndent

=== RUN  TestCompactBig
Exception: Cannot read properties of null (reading 'value')
Called from module TypeError: Cannot read properties of null (reading 'value')
Called from stdgo__$internal_unsafe_UnsafePointer.__toRef__ (/home/runner/work/go2hx/go2hx/golibs/std_json.js line 32922 column 15)
Called from stdgo__$internal_sync_atomic_$_Pointer_$_$static_$extension.load (/home/runner/work/go2hx/go2hx/golibs/std_json.js line 32913 column 52)
Called from .stdgo__$internal_math_rand_Rand_$_$globalrand__globalRand (/home/runner/work/go2hx/go2hx/golibs/std_json.js line 70464 column 71)
Called from .stdgo__$internal_math_rand_Rand_$normfloat64_normFloat64 (/home/runner/work/go2hx/go2hx/golibs/std_json.js line 69795 column 72)
Called from .stdgo__$internal_encoding_json_Json_$_$genarray__genArray (/home/runner/work/go2hx/go2hx/golibs/std_json.js line 69764 column 47)
Called from .stdgo__$internal_encoding_json_Json_$_$genvalue__genValue (/home/runner/work/go2hx/go2hx/golibs/std_json.js line 69739 column 38)
Called from .stdgo__$internal_encoding_json_Json_$_$initbig__initBig (/home/runner/work/go2hx/go2hx/golibs/std_json.js line 69724 column 69)
Called from module at stdgo__$internal_testing_InternalTest.stdgo__$internal_encoding_json_Json_$testcompactbig_testCompactBig [as f] (/home/runner/work/go2hx/go2hx/golibs/std_json.js:108596:2)
Called from stdgo__$internal_testing_M_$static_$extension.run (/home/runner/work/go2hx/go2hx/golibs/std_json.js line 144626 column 9)
Called from ._$internal_encoding_jsondottest_Jsondottest_main (/home/runner/work/go2hx/go2hx/golibs/std_json.js line 123302 column 59)

-- FAIL: TestCompactBig

=== RUN  TestIndentBig
Exception: Cannot read properties of null (reading 'value')
Called from module TypeError: Cannot read properties of null (reading 'value')
Called from stdgo__$internal_unsafe_UnsafePointer.__toRef__ (/home/runner/work/go2hx/go2hx/golibs/std_json.js line 32922 column 15)
Called from stdgo__$internal_sync_atomic_$_Pointer_$_$static_$extension.load (/home/runner/work/go2hx/go2hx/golibs/std_json.js line 32913 column 52)
Called from .stdgo__$internal_math_rand_Rand_$_$globalrand__globalRand (/home/runner/work/go2hx/go2hx/golibs/std_json.js line 70464 column 71)
Called from .stdgo__$internal_math_rand_Rand_$normfloat64_normFloat64 (/home/runner/work/go2hx/go2hx/golibs/std_json.js line 69795 column 72)
Called from .stdgo__$internal_encoding_json_Json_$_$genmap__genMap (/home/runner/work/go2hx/go2hx/golibs/std_json.js line 71191 column 47)
Called from .stdgo__$internal_encoding_json_Json_$_$genvalue__genValue (/home/runner/work/go2hx/go2hx/golibs/std_json.js line 69743 column 38)
Called from .stdgo__$internal_encoding_json_Json_$_$initbig__initBig (/home/runner/work/go2hx/go2hx/golibs/std_json.js line 69724 column 69)
Called from module at stdgo__$internal_testing_InternalTest.stdgo__$internal_encoding_json_Json_$testindentbig_testIndentBig [as f] (/home/runner/work/go2hx/go2hx/golibs/std_json.js:108611:2)
Called from stdgo__$internal_testing_M_$static_$extension.run (/home/runner/work/go2hx/go2hx/golibs/std_json.js line 144626 column 9)
Called from ._$internal_encoding_jsondottest_Jsondottest_main (/home/runner/work/go2hx/go2hx/golibs/std_json.js line 123302 column 59)

-- FAIL: TestIndentBig

=== RUN  TestIndentErrors

-- PASS: TestIndentErrors

=== RUN  TestEncoder
Exception: Cannot read properties of null (reading 'value')
Called from stdgo__$internal_encoding_json_Encoder_$static_$extension.encode (/home/runner/work/go2hx/go2hx/golibs/std_json.js line 109063 column 25)
Called from module at stdgo__$internal_testing_InternalTest.stdgo__$internal_encoding_json_Json_$testencoder_testEncoder [as f] (/home/runner/work/go2hx/go2hx/golibs/std_json.js:108703:73)
Called from stdgo__$internal_testing_M_$static_$extension.run (/home/runner/work/go2hx/go2hx/golibs/std_json.js line 144626 column 9)
Called from ._$internal_encoding_jsondottest_Jsondottest_main (/home/runner/work/go2hx/go2hx/golibs/std_json.js line 123302 column 59)
Called from module at /home/runner/work/go2hx/go2hx/golibs/std_json.js:161413:1
Called from module at Object.<anonymous> (/home/runner/work/go2hx/go2hx/golibs/std_json.js:161414:3)
Called from Module._compile (node:internal/modules/cjs/loader line 1734 column 14)
Called from Object..js (node:internal/modules/cjs/loader line 1899 column 10)

-- FAIL: TestEncoder

=== RUN  TestEncoderErrorAndReuseEncodeState
Exception: :runtime.debug.setGCPercent is not yet implemented
Called from module at stdgo__$internal_testing_InternalTest.stdgo__$internal_encoding_json_Json_$testencodererrorandreuseencodestate_testEncoderErrorAndReuseEncodeState [as f] (/home/runner/work/go2hx/go2hx/golibs/std_json.js:109279:25)
Called from stdgo__$internal_testing_M_$static_$extension.run (/home/runner/work/go2hx/go2hx/golibs/std_json.js line 144626 column 9)
Called from ._$internal_encoding_jsondottest_Jsondottest_main (/home/runner/work/go2hx/go2hx/golibs/std_json.js line 123302 column 59)
Called from module at /home/runner/work/go2hx/go2hx/golibs/std_json.js:161413:1
Called from module at Object.<anonymous> (/home/runner/work/go2hx/go2hx/golibs/std_json.js:161414:3)
Called from Module._compile (node:internal/modules/cjs/loader line 1734 column 14)
Called from Object..js (node:internal/modules/cjs/loader line 1899 column 10)
Called from Module.load (node:internal/modules/cjs/loader line 1469 column 32)

-- FAIL: TestEncoderErrorAndReuseEncodeState

=== RUN  TestEncoderIndent
Exception: Cannot read properties of null (reading 'value')
Called from stdgo__$internal_encoding_json_Encoder_$static_$extension.encode (/home/runner/work/go2hx/go2hx/golibs/std_json.js line 109063 column 25)
Called from module at stdgo__$internal_testing_InternalTest.stdgo__$internal_encoding_json_Json_$testencoderindent_testEncoderIndent [as f] (/home/runner/work/go2hx/go2hx/golibs/std_json.js:109460:61)
Called from stdgo__$internal_testing_M_$static_$extension.run (/home/runner/work/go2hx/go2hx/golibs/std_json.js line 144626 column 9)
Called from ._$internal_encoding_jsondottest_Jsondottest_main (/home/runner/work/go2hx/go2hx/golibs/std_json.js line 123302 column 59)
Called from module at /home/runner/work/go2hx/go2hx/golibs/std_json.js:161413:1
Called from module at Object.<anonymous> (/home/runner/work/go2hx/go2hx/golibs/std_json.js:161414:3)
Called from Module._compile (node:internal/modules/cjs/loader line 1734 column 14)
Called from Object..js (node:internal/modules/cjs/loader line 1899 column 10)

-- FAIL: TestEncoderIndent

=== RUN  TestEncoderSetEscapeHTML
Exception: Cannot read properties of null (reading 'value')
Called from stdgo__$internal_encoding_json_Encoder_$static_$extension.encode (/home/runner/work/go2hx/go2hx/golibs/std_json.js line 109063 column 25)
Called from module at stdgo__$internal_testing_InternalTest.stdgo__$internal_encoding_json_Json_$testencodersetescapehtml_testEncoderSetEscapeHTML [as f] (/home/runner/work/go2hx/go2hx/golibs/std_json.js:109581:72)
Called from stdgo__$internal_testing_M_$static_$extension.run (/home/runner/work/go2hx/go2hx/golibs/std_json.js line 144626 column 9)
Called from ._$internal_encoding_jsondottest_Jsondottest_main (/home/runner/work/go2hx/go2hx/golibs/std_json.js line 123302 column 59)
Called from module at /home/runner/work/go2hx/go2hx/golibs/std_json.js:161413:1
Called from module at Object.<anonymous> (/home/runner/work/go2hx/go2hx/golibs/std_json.js:161414:3)
Called from Module._compile (node:internal/modules/cjs/loader line 1734 column 14)
Called from Object..js (node:internal/modules/cjs/loader line 1899 column 10)

-- FAIL: TestEncoderSetEscapeHTML

=== RUN  TestDecoder
Exception: Cannot read properties of undefined (reading 'length')
Called from module TypeError: Cannot read properties of undefined (reading 'length')
Called from StringTools.endsWith (/home/runner/work/go2hx/go2hx/golibs/std_json.js line 132 column 15)
Called from stdgo__$internal_reflect_Value_$static_$extension.set (/home/runner/work/go2hx/go2hx/golibs/std_json.js line 31099 column 18)
Called from stdgo__$internal_encoding_json_T_$decodeState_$static_$extension._literalStore (/home/runner/work/go2hx/go2hx/golibs/std_json.js line 64934 column 56)
Called from stdgo__$internal_encoding_json_T_$decodeState_$static_$extension._value (/home/runner/work/go2hx/go2hx/golibs/std_json.js line 65968 column 81)
Called from stdgo__$internal_encoding_json_T_$decodeState_$static_$extension._unmarshal (/home/runner/work/go2hx/go2hx/golibs/std_json.js line 66772 column 78)
Called from stdgo__$internal_encoding_json_Decoder_$static_$extension.decode (/home/runner/work/go2hx/go2hx/golibs/std_json.js line 64392 column 74)
Called from module at stdgo__$internal_testing_InternalTest.stdgo__$internal_encoding_json_Json_$testdecoder_testDecoder [as f] (/home/runner/work/go2hx/go2hx/golibs/std_json.js:109838:73)
Called from stdgo__$internal_testing_M_$static_$extension.run (/home/runner/work/go2hx/go2hx/golibs/std_json.js line 144626 column 9)
Called from ._$internal_encoding_jsondottest_Jsondottest_main (/home/runner/work/go2hx/go2hx/golibs/std_json.js line 123302 column 59)
Called from module at /home/runner/work/go2hx/go2hx/golibs/std_json.js:161413:1

-- FAIL: TestDecoder

=== RUN  TestDecoderBuffered
Exception: Cannot read properties of null (reading 'value')
Called from module TypeError: Cannot read properties of null (reading 'value')
Called from stdgo__$internal_unsafe_UnsafePointer.__toRef__ (/home/runner/work/go2hx/go2hx/golibs/std_json.js line 32922 column 15)
Called from stdgo__$internal_sync_atomic_$_Pointer_$_$static_$extension.load (/home/runner/work/go2hx/go2hx/golibs/std_json.js line 32913 column 52)
Called from stdgo__$internal_sync_Map_$_$static_$extension._loadReadOnly (/home/runner/work/go2hx/go2hx/golibs/std_json.js line 32862 column 72)
Called from stdgo__$internal_sync_Map_$_$static_$extension.load (/home/runner/work/go2hx/go2hx/golibs/std_json.js line 32765 column 59)
Called from .stdgo__$internal_encoding_json_Json_$_$cachedtypefields__cachedTypeFields (/home/runner/work/go2hx/go2hx/golibs/std_json.js line 53051 column 63)
Called from stdgo__$internal_encoding_json_T_$decodeState_$static_$extension._object (/home/runner/work/go2hx/go2hx/golibs/std_json.js line 65185 column 13)
Called from stdgo__$internal_encoding_json_T_$decodeState_$static_$extension._value (/home/runner/work/go2hx/go2hx/golibs/std_json.js line 65949 column 80)
Called from stdgo__$internal_encoding_json_T_$decodeState_$static_$extension._unmarshal (/home/runner/work/go2hx/go2hx/golibs/std_json.js line 66772 column 78)
Called from stdgo__$internal_encoding_json_Decoder_$static_$extension.decode (/home/runner/work/go2hx/go2hx/golibs/std_json.js line 64392 column 74)
Called from module at stdgo__$internal_testing_InternalTest.stdgo__$internal_encoding_json_Json_$testdecoderbuffered_testDecoderBuffered [as f] (/home/runner/work/go2hx/go2hx/golibs/std_json.js:109894:72)

-- FAIL: TestDecoderBuffered

=== RUN  TestRawMessage
Exception: Cannot read properties of null (reading 'value')
Called from module TypeError: Cannot read properties of null (reading 'value')
Called from stdgo__$internal_unsafe_UnsafePointer.__toRef__ (/home/runner/work/go2hx/go2hx/golibs/std_json.js line 32922 column 15)
Called from stdgo__$internal_sync_atomic_$_Pointer_$_$static_$extension.load (/home/runner/work/go2hx/go2hx/golibs/std_json.js line 32913 column 52)
Called from stdgo__$internal_sync_Map_$_$static_$extension._loadReadOnly (/home/runner/work/go2hx/go2hx/golibs/std_json.js line 32862 column 72)
Called from stdgo__$internal_sync_Map_$_$static_$extension.load (/home/runner/work/go2hx/go2hx/golibs/std_json.js line 32765 column 59)
Called from .stdgo__$internal_encoding_json_Json_$_$cachedtypefields__cachedTypeFields (/home/runner/work/go2hx/go2hx/golibs/std_json.js line 53051 column 63)
Called from stdgo__$internal_encoding_json_T_$decodeState_$static_$extension._object (/home/runner/work/go2hx/go2hx/golibs/std_json.js line 65185 column 13)
Called from stdgo__$internal_encoding_json_T_$decodeState_$static_$extension._value (/home/runner/work/go2hx/go2hx/golibs/std_json.js line 65949 column 80)
Called from stdgo__$internal_encoding_json_T_$decodeState_$static_$extension._unmarshal (/home/runner/work/go2hx/go2hx/golibs/std_json.js line 66772 column 78)
Called from .stdgo__$internal_encoding_json_Json_$unmarshal_unmarshal (/home/runner/work/go2hx/go2hx/golibs/std_json.js line 71252 column 74)
Called from module at stdgo__$internal_testing_InternalTest.stdgo__$internal_encoding_json_Json_$testrawmessage_testRawMessage [as f] (/home/runner/work/go2hx/go2hx/golibs/std_json.js:109976:14)

-- FAIL: TestRawMessage

=== RUN  TestNullRawMessage
Exception: Cannot read properties of null (reading 'value')
Called from module TypeError: Cannot read properties of null (reading 'value')
Called from stdgo__$internal_unsafe_UnsafePointer.__toRef__ (/home/runner/work/go2hx/go2hx/golibs/std_json.js line 32922 column 15)
Called from stdgo__$internal_sync_atomic_$_Pointer_$_$static_$extension.load (/home/runner/work/go2hx/go2hx/golibs/std_json.js line 32913 column 52)
Called from stdgo__$internal_sync_Map_$_$static_$extension._loadReadOnly (/home/runner/work/go2hx/go2hx/golibs/std_json.js line 32862 column 72)
Called from stdgo__$internal_sync_Map_$_$static_$extension.load (/home/runner/work/go2hx/go2hx/golibs/std_json.js line 32765 column 59)
Called from .stdgo__$internal_encoding_json_Json_$_$cachedtypefields__cachedTypeFields (/home/runner/work/go2hx/go2hx/golibs/std_json.js line 53051 column 63)
Called from stdgo__$internal_encoding_json_T_$decodeState_$static_$extension._object (/home/runner/work/go2hx/go2hx/golibs/std_json.js line 65185 column 13)
Called from stdgo__$internal_encoding_json_T_$decodeState_$static_$extension._value (/home/runner/work/go2hx/go2hx/golibs/std_json.js line 65949 column 80)
Called from stdgo__$internal_encoding_json_T_$decodeState_$static_$extension._unmarshal (/home/runner/work/go2hx/go2hx/golibs/std_json.js line 66772 column 78)
Called from .stdgo__$internal_encoding_json_Json_$unmarshal_unmarshal (/home/runner/work/go2hx/go2hx/golibs/std_json.js line 71252 column 74)
Called from module at stdgo__$internal_testing_InternalTest.stdgo__$internal_encoding_json_Json_$testnullrawmessage_testNullRawMessage [as f] (/home/runner/work/go2hx/go2hx/golibs/std_json.js:110074:14)

-- FAIL: TestNullRawMessage

=== RUN  TestBlocking
Exception: :net.pipe is not yet implemented
Called from .stdgo__$internal_net_Net_$pipe_pipe (/home/runner/work/go2hx/go2hx/golibs/std_json.js line 110197 column 23)
Called from module at stdgo__$internal_testing_InternalTest.stdgo__$internal_encoding_json_Json_$testblocking_testBlocking [as f] (/home/runner/work/go2hx/go2hx/golibs/std_json.js:110174:17)
Called from stdgo__$internal_testing_M_$static_$extension.run (/home/runner/work/go2hx/go2hx/golibs/std_json.js line 144626 column 9)
Called from ._$internal_encoding_jsondottest_Jsondottest_main (/home/runner/work/go2hx/go2hx/golibs/std_json.js line 123302 column 59)
Called from module at /home/runner/work/go2hx/go2hx/golibs/std_json.js:161413:1
Called from module at Object.<anonymous> (/home/runner/work/go2hx/go2hx/golibs/std_json.js:161414:3)
Called from Module._compile (node:internal/modules/cjs/loader line 1734 column 14)
Called from Object..js (node:internal/modules/cjs/loader line 1899 column 10)

-- FAIL: TestBlocking

=== RUN  TestDecodeInStream
Exception: Cannot read properties of undefined (reading 'length')
Called from module TypeError: Cannot read properties of undefined (reading 'length')
Called from StringTools.endsWith (/home/runner/work/go2hx/go2hx/golibs/std_json.js line 132 column 15)
Called from stdgo__$internal_reflect_Value_$static_$extension.set (/home/runner/work/go2hx/go2hx/golibs/std_json.js line 31099 column 18)
Called from stdgo__$internal_encoding_json_T_$decodeState_$static_$extension._literalStore (/home/runner/work/go2hx/go2hx/golibs/std_json.js line 64934 column 56)
Called from stdgo__$internal_encoding_json_T_$decodeState_$static_$extension._value (/home/runner/work/go2hx/go2hx/golibs/std_json.js line 65968 column 81)
Called from stdgo__$internal_encoding_json_T_$decodeState_$static_$extension._unmarshal (/home/runner/work/go2hx/go2hx/golibs/std_json.js line 66772 column 78)
Called from stdgo__$internal_encoding_json_Decoder_$static_$extension.decode (/home/runner/work/go2hx/go2hx/golibs/std_json.js line 64392 column 74)
Called from stdgo__$internal_encoding_json_Decoder_$static_$extension.token (/home/runner/work/go2hx/go2hx/golibs/std_json.js line 63582 column 75)
Called from module at stdgo__$internal_testing_InternalTest.stdgo__$internal_encoding_json_Json_$testdecodeinstream_testDecodeInStream [as f] (/home/runner/work/go2hx/go2hx/golibs/std_json.js:110303:78)
Called from stdgo__$internal_testing_M_$static_$extension.run (/home/runner/work/go2hx/go2hx/golibs/std_json.js line 144626 column 9)
Called from ._$internal_encoding_jsondottest_Jsondottest_main (/home/runner/work/go2hx/go2hx/golibs/std_json.js line 123302 column 59)

-- FAIL: TestDecodeInStream

=== RUN  TestHTTPDecoding
-- SKIP: testHTTPDecoding

-- PASS: TestHTTPDecoding

=== RUN  TestStructTagObjectKey
Exception: Cannot read properties of null (reading 'value')
Called from .stdgo__$internal_encoding_json_Json_$marshal_marshal (/home/runner/work/go2hx/go2hx/golibs/std_json.js line 26336 column 25)
Called from module at stdgo__$internal_testing_InternalTest.stdgo__$internal_encoding_json_Json_$teststructtagobjectkey_testStructTagObjectKey [as f] (/home/runner/work/go2hx/go2hx/golibs/std_json.js:110468:17)
Called from stdgo__$internal_testing_M_$static_$extension.run (/home/runner/work/go2hx/go2hx/golibs/std_json.js line 144626 column 9)
Called from ._$internal_encoding_jsondottest_Jsondottest_main (/home/runner/work/go2hx/go2hx/golibs/std_json.js line 123302 column 59)
Called from module at /home/runner/work/go2hx/go2hx/golibs/std_json.js:161413:1
Called from module at Object.<anonymous> (/home/runner/work/go2hx/go2hx/golibs/std_json.js:161414:3)
Called from Module._compile (node:internal/modules/cjs/loader line 1734 column 14)
Called from Object..js (node:internal/modules/cjs/loader line 1899 column 10)

-- FAIL: TestStructTagObjectKey

=== RUN  TestTagParsing

-- PASS: TestTagParsing

./stdgo/_internal/testing/Testing_m_static_extension.hx:92: exitCode: 1 exitCodeReason: 
-- FAIL: TestStructTagObjectKey
