=== RUN  TestLittleEndianRead
Exception: Map_:sync.load is not yet implemented
Called from stdgo__$internal_sync_Map_$_$static_$extension.load (/home/runner/work/go2hx/go2hx/golibs/std_binary.js line 21885 column 23)
Called from .stdgo__$internal_encoding_binary_Binary_$_$datasize__dataSize (/home/runner/work/go2hx/go2hx/golibs/std_binary.js line 21682 column 64)
Called from .stdgo__$internal_encoding_binary_Binary_$read_read (/home/runner/work/go2hx/go2hx/golibs/std_binary.js line 13587 column 11)
Called from .stdgo__$internal_encoding_binary_Binary_$_$testread__testRead (/home/runner/work/go2hx/go2hx/golibs/std_binary.js line 12579 column 14)
Called from module at stdgo__$internal_testing_InternalTest.stdgo__$internal_encoding_binary_Binary_$testlittleendianread_testLittleEndianRead [as f] (/home/runner/work/go2hx/go2hx/golibs/std_binary.js:12544:2)
Called from stdgo__$internal_testing_M_$static_$extension.run (/home/runner/work/go2hx/go2hx/golibs/std_binary.js line 52541 column 9)
Called from ._$internal_encoding_binarydottest_Binarydottest_main (/home/runner/work/go2hx/go2hx/golibs/std_binary.js line 45662 column 59)
Called from module at /home/runner/work/go2hx/go2hx/golibs/std_binary.js:59767:1

-- FAIL: TestLittleEndianRead

=== RUN  TestLittleEndianWrite
Exception: Map_:sync.load is not yet implemented
Called from stdgo__$internal_sync_Map_$_$static_$extension.load (/home/runner/work/go2hx/go2hx/golibs/std_binary.js line 21885 column 23)
Called from .stdgo__$internal_encoding_binary_Binary_$_$datasize__dataSize (/home/runner/work/go2hx/go2hx/golibs/std_binary.js line 21682 column 64)
Called from .stdgo__$internal_encoding_binary_Binary_$write_write (/home/runner/work/go2hx/go2hx/golibs/std_binary.js line 23874 column 14)
Called from .stdgo__$internal_encoding_binary_Binary_$_$testwrite__testWrite (/home/runner/work/go2hx/go2hx/golibs/std_binary.js line 22611 column 13)
Called from module at stdgo__$internal_testing_InternalTest.stdgo__$internal_encoding_binary_Binary_$testlittleendianwrite_testLittleEndianWrite [as f] (/home/runner/work/go2hx/go2hx/golibs/std_binary.js:22595:2)
Called from stdgo__$internal_testing_M_$static_$extension.run (/home/runner/work/go2hx/go2hx/golibs/std_binary.js line 52541 column 9)
Called from ._$internal_encoding_binarydottest_Binarydottest_main (/home/runner/work/go2hx/go2hx/golibs/std_binary.js line 45662 column 59)
Called from module at /home/runner/work/go2hx/go2hx/golibs/std_binary.js:59767:1

-- FAIL: TestLittleEndianWrite

=== RUN  TestLittleEndianPtrWrite
<invalid reflect.Value> %!v(MISSING): %!v(MISSING)

-- FAIL: TestLittleEndianPtrWrite

=== RUN  TestBigEndianRead
Exception: Map_:sync.load is not yet implemented
Called from stdgo__$internal_sync_Map_$_$static_$extension.load (/home/runner/work/go2hx/go2hx/golibs/std_binary.js line 21885 column 23)
Called from .stdgo__$internal_encoding_binary_Binary_$_$datasize__dataSize (/home/runner/work/go2hx/go2hx/golibs/std_binary.js line 21682 column 64)
Called from .stdgo__$internal_encoding_binary_Binary_$read_read (/home/runner/work/go2hx/go2hx/golibs/std_binary.js line 13587 column 11)
Called from .stdgo__$internal_encoding_binary_Binary_$_$testread__testRead (/home/runner/work/go2hx/go2hx/golibs/std_binary.js line 12579 column 14)
Called from module at stdgo__$internal_testing_InternalTest.stdgo__$internal_encoding_binary_Binary_$testbigendianread_testBigEndianRead [as f] (/home/runner/work/go2hx/go2hx/golibs/std_binary.js:25585:2)
Called from stdgo__$internal_testing_M_$static_$extension.run (/home/runner/work/go2hx/go2hx/golibs/std_binary.js line 52541 column 9)
Called from ._$internal_encoding_binarydottest_Binarydottest_main (/home/runner/work/go2hx/go2hx/golibs/std_binary.js line 45662 column 59)
Called from module at /home/runner/work/go2hx/go2hx/golibs/std_binary.js:59767:1

-- FAIL: TestBigEndianRead

=== RUN  TestBigEndianWrite
Exception: Map_:sync.load is not yet implemented
Called from stdgo__$internal_sync_Map_$_$static_$extension.load (/home/runner/work/go2hx/go2hx/golibs/std_binary.js line 21885 column 23)
Called from .stdgo__$internal_encoding_binary_Binary_$_$datasize__dataSize (/home/runner/work/go2hx/go2hx/golibs/std_binary.js line 21682 column 64)
Called from .stdgo__$internal_encoding_binary_Binary_$write_write (/home/runner/work/go2hx/go2hx/golibs/std_binary.js line 23874 column 14)
Called from .stdgo__$internal_encoding_binary_Binary_$_$testwrite__testWrite (/home/runner/work/go2hx/go2hx/golibs/std_binary.js line 22611 column 13)
Called from module at stdgo__$internal_testing_InternalTest.stdgo__$internal_encoding_binary_Binary_$testbigendianwrite_testBigEndianWrite [as f] (/home/runner/work/go2hx/go2hx/golibs/std_binary.js:25664:2)
Called from stdgo__$internal_testing_M_$static_$extension.run (/home/runner/work/go2hx/go2hx/golibs/std_binary.js line 52541 column 9)
Called from ._$internal_encoding_binarydottest_Binarydottest_main (/home/runner/work/go2hx/go2hx/golibs/std_binary.js line 45662 column 59)
Called from module at /home/runner/work/go2hx/go2hx/golibs/std_binary.js:59767:1

-- FAIL: TestBigEndianWrite

=== RUN  TestBigEndianPtrWrite
<invalid reflect.Value> %!v(MISSING): %!v(MISSING)

-- FAIL: TestBigEndianPtrWrite

=== RUN  TestReadSlice

-- PASS: TestReadSlice

=== RUN  TestWriteSlice

-- PASS: TestWriteSlice

=== RUN  TestReadBool

-- PASS: TestReadBool

=== RUN  TestReadBoolSlice

-- PASS: TestReadBoolSlice

=== RUN  TestSliceRoundTrip
<invalid reflect.Value>
Exception: __fail__
Called from stdgo__$internal_testing_T_$common_$static_$extension.failNow (/home/runner/work/go2hx/go2hx/golibs/std_binary.js line 53281 column 23)
Called from stdgo__$internal_testing_T_$common_$static_$extension.fatal (/home/runner/work/go2hx/go2hx/golibs/std_binary.js line 53232 column 56)
Called from module at /home/runner/work/go2hx/go2hx/golibs/std_binary.js:52770:58
Called from module at stdgo__$internal_testing_InternalTest.stdgo__$internal_encoding_binary_Binary_$testsliceroundtrip_testSliceRoundTrip [as f] (/home/runner/work/go2hx/go2hx/golibs/std_binary.js:25968:21)
Called from stdgo__$internal_testing_M_$static_$extension.run (/home/runner/work/go2hx/go2hx/golibs/std_binary.js line 52541 column 9)
Called from ._$internal_encoding_binarydottest_Binarydottest_main (/home/runner/work/go2hx/go2hx/golibs/std_binary.js line 45662 column 59)
Called from module at /home/runner/work/go2hx/go2hx/golibs/std_binary.js:59767:1
Called from module at Object.<anonymous> (/home/runner/work/go2hx/go2hx/golibs/std_binary.js:59768:3)

-- FAIL: TestSliceRoundTrip

=== RUN  TestWriteT
Exception: Map_:sync.load is not yet implemented
Called from stdgo__$internal_sync_Map_$_$static_$extension.load (/home/runner/work/go2hx/go2hx/golibs/std_binary.js line 21885 column 23)
Called from .stdgo__$internal_encoding_binary_Binary_$_$datasize__dataSize (/home/runner/work/go2hx/go2hx/golibs/std_binary.js line 21682 column 64)
Called from .stdgo__$internal_encoding_binary_Binary_$write_write (/home/runner/work/go2hx/go2hx/golibs/std_binary.js line 23874 column 14)
Called from module at stdgo__$internal_testing_InternalTest.stdgo__$internal_encoding_binary_Binary_$testwritet_testWriteT [as f] (/home/runner/work/go2hx/go2hx/golibs/std_binary.js:26243:13)
Called from stdgo__$internal_testing_M_$static_$extension.run (/home/runner/work/go2hx/go2hx/golibs/std_binary.js line 52541 column 9)
Called from ._$internal_encoding_binarydottest_Binarydottest_main (/home/runner/work/go2hx/go2hx/golibs/std_binary.js line 45662 column 59)
Called from module at /home/runner/work/go2hx/go2hx/golibs/std_binary.js:59767:1
Called from module at Object.<anonymous> (/home/runner/work/go2hx/go2hx/golibs/std_binary.js:59768:3)

-- FAIL: TestWriteT

=== RUN  TestBlankFields
<invalid reflect.Value>
Exception: Map_:sync.load is not yet implemented
Called from stdgo__$internal_sync_Map_$_$static_$extension.load (/home/runner/work/go2hx/go2hx/golibs/std_binary.js line 21885 column 23)
Called from .stdgo__$internal_encoding_binary_Binary_$_$datasize__dataSize (/home/runner/work/go2hx/go2hx/golibs/std_binary.js line 21682 column 64)
Called from .stdgo__$internal_encoding_binary_Binary_$read_read (/home/runner/work/go2hx/go2hx/golibs/std_binary.js line 13587 column 11)
Called from module at stdgo__$internal_testing_InternalTest.stdgo__$internal_encoding_binary_Binary_$testblankfields_testBlankFields [as f] (/home/runner/work/go2hx/go2hx/golibs/std_binary.js:26589:14)
Called from stdgo__$internal_testing_M_$static_$extension.run (/home/runner/work/go2hx/go2hx/golibs/std_binary.js line 52541 column 9)
Called from ._$internal_encoding_binarydottest_Binarydottest_main (/home/runner/work/go2hx/go2hx/golibs/std_binary.js line 45662 column 59)
Called from module at /home/runner/work/go2hx/go2hx/golibs/std_binary.js:59767:1
Called from module at Object.<anonymous> (/home/runner/work/go2hx/go2hx/golibs/std_binary.js:59768:3)

-- FAIL: TestBlankFields

=== RUN  TestSizeStructCache
Exception: Cannot read properties of undefined (reading '_common')
Called from module TypeError: Cannot read properties of undefined (reading '_common')
Called from stdgo__$internal_internal_reflect__$Type_$static_$extension.string (/home/runner/work/go2hx/go2hx/golibs/std_binary.js line 15097 column 13)
Called from stdgo__$internal_internal_reflect__$Type_$asInterface.string (/home/runner/work/go2hx/go2hx/golibs/std_binary.js line 15557 column 70)
Called from stdgo__$internal_fmt_T_$pp_$static_$extension._printArg (/home/runner/work/go2hx/go2hx/golibs/std_binary.js line 32045 column 68)
Called from stdgo__$internal_fmt_T_$pp_$static_$extension._doPrintf (/home/runner/work/go2hx/go2hx/golibs/std_binary.js line 31130 column 110)
Called from .stdgo__$internal_fmt_Fmt_$fprintf_fprintf (/home/runner/work/go2hx/go2hx/golibs/std_binary.js line 45572 column 48)
Called from .stdgo__$internal_fmt_Fmt_$printf_printf (/home/runner/work/go2hx/go2hx/golibs/std_binary.js line 45556 column 51)
Called from stdgo__$internal_testing_T_$common_$static_$extension.fatalf (/home/runner/work/go2hx/go2hx/golibs/std_binary.js line 53217 column 42)
Called from module at /home/runner/work/go2hx/go2hx/golibs/std_binary.js:52779:58
Called from module at stdgo__$internal_testing_InternalTest.stdgo__$internal_encoding_binary_Binary_$testsizestructcache_testSizeStructCache [as f] (/home/runner/work/go2hx/go2hx/golibs/std_binary.js:26945:22)
Called from stdgo__$internal_testing_M_$static_$extension.run (/home/runner/work/go2hx/go2hx/golibs/std_binary.js line 52541 column 9)

-- FAIL: TestSizeStructCache

=== RUN  TestSizeInvalid

-- PASS: TestSizeInvalid

=== RUN  TestUnexportedRead
<invalid reflect.Value>
Exception: __fail__
Called from module at stdgo__$internal_testing_InternalTest.stdgo__$internal_encoding_binary_Binary_$testunexportedread_testUnexportedRead [as f] (/home/runner/work/go2hx/go2hx/golibs/std_binary.js:27240:25)
Called from stdgo__$internal_testing_M_$static_$extension.run (/home/runner/work/go2hx/go2hx/golibs/std_binary.js line 52541 column 9)
Called from ._$internal_encoding_binarydottest_Binarydottest_main (/home/runner/work/go2hx/go2hx/golibs/std_binary.js line 45662 column 59)
Called from module at /home/runner/work/go2hx/go2hx/golibs/std_binary.js:59767:1
Called from module at Object.<anonymous> (/home/runner/work/go2hx/go2hx/golibs/std_binary.js:59768:3)
Called from Module._compile (node:internal/modules/cjs/loader line 1734 column 14)
Called from Object..js (node:internal/modules/cjs/loader line 1899 column 10)
Called from Module.load (node:internal/modules/cjs/loader line 1469 column 32)

-- FAIL: TestUnexportedRead

=== RUN  TestReadErrorMsg
Exception: Cannot read properties of undefined (reading '_common')
Called from module TypeError: Cannot read properties of undefined (reading '_common')
Called from stdgo__$internal_internal_reflect__$Type_$static_$extension.string (/home/runner/work/go2hx/go2hx/golibs/std_binary.js line 15097 column 13)
Called from stdgo__$internal_internal_reflect__$Type_$asInterface.string (/home/runner/work/go2hx/go2hx/golibs/std_binary.js line 15557 column 70)
Called from stdgo__$internal_fmt_T_$pp_$static_$extension._printArg (/home/runner/work/go2hx/go2hx/golibs/std_binary.js line 32045 column 68)
Called from stdgo__$internal_fmt_T_$pp_$static_$extension._doPrintf (/home/runner/work/go2hx/go2hx/golibs/std_binary.js line 31130 column 110)
Called from .stdgo__$internal_fmt_Fmt_$fprintf_fprintf (/home/runner/work/go2hx/go2hx/golibs/std_binary.js line 45572 column 48)
Called from .stdgo__$internal_fmt_Fmt_$printf_printf (/home/runner/work/go2hx/go2hx/golibs/std_binary.js line 45556 column 51)
Called from stdgo__$internal_testing_T_$common_$static_$extension.errorf (/home/runner/work/go2hx/go2hx/golibs/std_binary.js line 53246 column 42)
Called from module at /home/runner/work/go2hx/go2hx/golibs/std_binary.js:52743:58
Called from ._read (/home/runner/work/go2hx/go2hx/golibs/std_binary.js line 27429 column 21)
Called from module at stdgo__$internal_testing_InternalTest.stdgo__$internal_encoding_binary_Binary_$testreaderrormsg_testReadErrorMsg [as f] (/home/runner/work/go2hx/go2hx/golibs/std_binary.js:27432:2)

-- FAIL: TestReadErrorMsg

=== RUN  TestReadTruncated
Exception: Map_:sync.load is not yet implemented
Called from stdgo__$internal_sync_Map_$_$static_$extension.load (/home/runner/work/go2hx/go2hx/golibs/std_binary.js line 21885 column 23)
Called from .stdgo__$internal_encoding_binary_Binary_$_$datasize__dataSize (/home/runner/work/go2hx/go2hx/golibs/std_binary.js line 21682 column 64)
Called from .stdgo__$internal_encoding_binary_Binary_$read_read (/home/runner/work/go2hx/go2hx/golibs/std_binary.js line 13587 column 11)
Called from module at stdgo__$internal_testing_InternalTest.stdgo__$internal_encoding_binary_Binary_$testreadtruncated_testReadTruncated [as f] (/home/runner/work/go2hx/go2hx/golibs/std_binary.js:27576:15)
Called from stdgo__$internal_testing_M_$static_$extension.run (/home/runner/work/go2hx/go2hx/golibs/std_binary.js line 52541 column 9)
Called from ._$internal_encoding_binarydottest_Binarydottest_main (/home/runner/work/go2hx/go2hx/golibs/std_binary.js line 45662 column 59)
Called from module at /home/runner/work/go2hx/go2hx/golibs/std_binary.js:59767:1
Called from module at Object.<anonymous> (/home/runner/work/go2hx/go2hx/golibs/std_binary.js:59768:3)

-- FAIL: TestReadTruncated

=== RUN  TestByteOrder

-- PASS: TestByteOrder

=== RUN  TestEarlyBoundsChecks

-- PASS: TestEarlyBoundsChecks

=== RUN  TestReadInvalidDestination
Exception: _data1.set is not a function
Called from module TypeError: _data1.set is not a function
Called from .stdgo__$internal_encoding_binary_Binary_$read_read (/home/runner/work/go2hx/go2hx/golibs/std_binary.js line 12754 column 13)
Called from .stdgo__$internal_encoding_binary_Binary_$_$testreadinvaliddestination__testReadInvalidDestination (/home/runner/work/go2hx/go2hx/golibs/std_binary.js line 28153 column 15)
Called from module at stdgo__$internal_testing_InternalTest.stdgo__$internal_encoding_binary_Binary_$testreadinvaliddestination_testReadInvalidDestination [as f] (/home/runner/work/go2hx/go2hx/golibs/std_binary.js:28131:2)
Called from stdgo__$internal_testing_M_$static_$extension.run (/home/runner/work/go2hx/go2hx/golibs/std_binary.js line 52541 column 9)
Called from ._$internal_encoding_binarydottest_Binarydottest_main (/home/runner/work/go2hx/go2hx/golibs/std_binary.js line 45662 column 59)
Called from module at /home/runner/work/go2hx/go2hx/golibs/std_binary.js:59767:1
Called from module at Object.<anonymous> (/home/runner/work/go2hx/go2hx/golibs/std_binary.js:59768:3)
Called from Module._compile (node:internal/modules/cjs/loader line 1734 column 14)
Called from Object..js (node:internal/modules/cjs/loader line 1899 column 10)
Called from Module.load (node:internal/modules/cjs/loader line 1469 column 32)

-- FAIL: TestReadInvalidDestination

=== RUN  TestNoFixedSize
got <invalid reflect.Value>, want %!q(MISSING)Exception: __fail__
Called from stdgo__$internal_testing_T_$common_$static_$extension.failNow (/home/runner/work/go2hx/go2hx/golibs/std_binary.js line 53281 column 23)
Called from stdgo__$internal_testing_T_$common_$static_$extension.fatalf (/home/runner/work/go2hx/go2hx/golibs/std_binary.js line 53218 column 56)
Called from module at /home/runner/work/go2hx/go2hx/golibs/std_binary.js:52779:58
Called from module at stdgo__$internal_testing_InternalTest.stdgo__$internal_encoding_binary_Binary_$testnofixedsize_testNoFixedSize [as f] (/home/runner/work/go2hx/go2hx/golibs/std_binary.js:40436:20)
Called from stdgo__$internal_testing_M_$static_$extension.run (/home/runner/work/go2hx/go2hx/golibs/std_binary.js line 52541 column 9)
Called from ._$internal_encoding_binarydottest_Binarydottest_main (/home/runner/work/go2hx/go2hx/golibs/std_binary.js line 45662 column 59)
Called from module at /home/runner/work/go2hx/go2hx/golibs/std_binary.js:59767:1
Called from module at Object.<anonymous> (/home/runner/work/go2hx/go2hx/golibs/std_binary.js:59768:3)

-- FAIL: TestNoFixedSize

=== RUN  TestNativeEndian
golibs/stdgo/_internal/unsafe/Unsafe.hx:51: unimplemented unsafe conversion: pointerType({
		get : <function>
	}) -> invalidType
Exception: array out of bounds, index: 3 length: 0
Called from stdgo_Slice.__boundsCheck__ (/home/runner/work/go2hx/go2hx/golibs/std_binary.js line 18107 column 24)
Called from stdgo_Slice.__get__ (/home/runner/work/go2hx/go2hx/golibs/std_binary.js line 18111 column 14)
Called from stdgo__$internal_encoding_binary_T_$littleEndian_$static_$extension.uint32 (/home/runner/work/go2hx/go2hx/golibs/std_binary.js line 27987 column 14)
Called from module at /home/runner/work/go2hx/go2hx/golibs/std_binary.js:40678:79
Called from module at stdgo__$internal_testing_InternalTest.stdgo__$internal_encoding_binary_Binary_$testnativeendian_testNativeEndian [as f] (/home/runner/work/go2hx/go2hx/golibs/std_binary.js:40499:92)
Called from stdgo__$internal_testing_M_$static_$extension.run (/home/runner/work/go2hx/go2hx/golibs/std_binary.js line 52541 column 9)
Called from ._$internal_encoding_binarydottest_Binarydottest_main (/home/runner/work/go2hx/go2hx/golibs/std_binary.js line 45662 column 59)
Called from module at /home/runner/work/go2hx/go2hx/golibs/std_binary.js:59767:1

-- FAIL: TestNativeEndian

=== RUN  TestConstants

-- PASS: TestConstants

=== RUN  TestVarint

-- PASS: TestVarint

=== RUN  TestUvarint

-- PASS: TestUvarint

=== RUN  TestBufferTooSmall

-- PASS: TestBufferTooSmall

=== RUN  TestBufferTooBigWithOverflow
- SUBRUN  invalid: 1000 bytes
- SUBRUN  valid: math.MaxUint64-40
- SUBRUN  invalid: with more than MaxVarintLen64 bytes
- SUBRUN  invalid: 10th byte

-- PASS: TestBufferTooBigWithOverflow

=== RUN  TestOverflow

-- PASS: TestOverflow

=== RUN  TestNonCanonicalZero

-- PASS: TestNonCanonicalZero

golibs/stdgo/_internal/testing/Testing_m_static_extension.hx:91: exitCode: 1 exitCodeReason: 
-- FAIL: TestNativeEndian
