=== RUN  TestErrorf

-- PASS: TestErrorf

=== RUN  TestFmtInterface

-- PASS: TestFmtInterface

=== RUN  TestSprintf
Sprintf(<invalid reflect.Value>, %!v(MISSING)) = %!q(MISSING) want %!q(MISSING)
./stdgo/_internal/reflect/Reflect_value_static_extension.hx:493: hasSet: false
./stdgo/_internal/reflect/Reflect_value_static_extension.hx:493: hasSet: false
Sprintf(<invalid reflect.Value>, %!v(MISSING)) = %!q(MISSING) want %!q(MISSING)
Sprintf(<invalid reflect.Value>, %!v(MISSING)) = %!q(MISSING) want %!q(MISSING)
Sprintf(<invalid reflect.Value>, %!v(MISSING)) = %!q(MISSING) want %!q(MISSING)
Sprintf(<invalid reflect.Value>, %!v(MISSING)) = %!q(MISSING) want %!q(MISSING)
Sprintf(<invalid reflect.Value>, %!v(MISSING)) = %!q(MISSING) want %!q(MISSING)
Sprintf(<invalid reflect.Value>, %!v(MISSING)) = %!q(MISSING) want %!q(MISSING)
Sprintf(<invalid reflect.Value>, %!v(MISSING)) = %!q(MISSING) want %!q(MISSING)
Sprintf(<invalid reflect.Value>, %!v(MISSING)) = %!q(MISSING) want %!q(MISSING)
Sprintf(<invalid reflect.Value>, %!v(MISSING)) = %!q(MISSING) want %!q(MISSING)
./stdgo/_internal/reflect/Reflect_value_static_extension.hx:493: hasSet: false
./stdgo/_internal/reflect/Reflect_value_static_extension.hx:493: hasSet: false
./stdgo/_internal/reflect/Reflect_value_static_extension.hx:493: hasSet: false
./stdgo/_internal/reflect/Reflect_value_static_extension.hx:493: hasSet: false
./stdgo/_internal/reflect/Reflect_value_static_extension.hx:493: hasSet: false
./stdgo/_internal/reflect/Reflect_value_static_extension.hx:493: hasSet: false
./stdgo/_internal/reflect/Reflect_value_static_extension.hx:493: hasSet: false
./stdgo/_internal/reflect/Reflect_value_static_extension.hx:493: hasSet: false
./stdgo/_internal/reflect/Reflect_value_static_extension.hx:493: hasSet: false
./stdgo/_internal/reflect/Reflect_value_static_extension.hx:493: hasSet: false
./stdgo/_internal/reflect/Reflect_value_static_extension.hx:493: hasSet: false
./stdgo/_internal/reflect/Reflect_value_static_extension.hx:493: hasSet: false
./stdgo/_internal/reflect/Reflect_value_static_extension.hx:493: hasSet: false
./stdgo/_internal/reflect/Reflect_value_static_extension.hx:493: hasSet: false
./stdgo/_internal/reflect/Reflect_value_static_extension.hx:493: hasSet: false
./stdgo/_internal/reflect/Reflect_value_static_extension.hx:493: hasSet: false
./stdgo/_internal/reflect/Reflect_value_static_extension.hx:493: hasSet: false
./stdgo/_internal/reflect/Reflect_value_static_extension.hx:493: hasSet: false
./stdgo/_internal/reflect/Reflect_value_static_extension.hx:493: hasSet: false
./stdgo/_internal/reflect/Reflect_value_static_extension.hx:493: hasSet: false
Sprintf(<invalid reflect.Value>, %!v(MISSING)) = %!q(MISSING) want %!q(MISSING)
Sprintf(<invalid reflect.Value>, %!v(MISSING)) = %!q(MISSING) want %!q(MISSING)
./stdgo/_internal/reflect/Reflect_value_static_extension.hx:493: hasSet: false
./stdgo/_internal/reflect/Reflect_value_static_extension.hx:493: hasSet: false
./stdgo/_internal/reflect/Reflect_value_static_extension.hx:493: hasSet: false
./stdgo/_internal/reflect/Reflect_value_static_extension.hx:493: hasSet: false
Sprintf(<invalid reflect.Value>, %!v(MISSING)) = %!q(MISSING) want %!q(MISSING)
Sprintf(<invalid reflect.Value>, %!v(MISSING)) = %!q(MISSING) want %!q(MISSING)
Sprintf(<invalid reflect.Value>, %!v(MISSING)) = %!q(MISSING) want %!q(MISSING)

-- FAIL: TestSprintf

=== RUN  TestComplexFormatting

-- PASS: TestComplexFormatting

=== RUN  TestReorder

-- PASS: TestReorder

=== RUN  TestCountMallocs
<invalid reflect.Value>
Exception: __skip__
Called from stdgo__$internal_testing_T_$common_$static_$extension.skipNow (/home/runner/work/go2hx/go2hx/golibs/std_fmt.js line 88509 column 23)
Called from stdgo__$internal_testing_T_$common_$static_$extension.skip (/home/runner/work/go2hx/go2hx/golibs/std_fmt.js line 88539 column 56)
Called from module at /home/runner/work/go2hx/go2hx/golibs/std_fmt.js:87949:58
Called from module at stdgo__$internal_testing_InternalTest._$internal_fmt_$test_Fmt_$test_$testcountmallocs_testCountMallocs [as f] (/home/runner/work/go2hx/go2hx/golibs/std_fmt.js:45091:18)
Called from stdgo__$internal_testing_M_$static_$extension.run (/home/runner/work/go2hx/go2hx/golibs/std_fmt.js line 87678 column 9)
Called from ._$internal_fmtdottest_Fmtdottest_main (/home/runner/work/go2hx/go2hx/golibs/std_fmt.js line 77879 column 59)
Called from module at /home/runner/work/go2hx/go2hx/golibs/std_fmt.js:107997:1
Called from module at Object.<anonymous> (/home/runner/work/go2hx/go2hx/golibs/std_fmt.js:107998:3)

-- SKIP: TestCountMallocs

-- PASS: TestCountMallocs

=== RUN  TestFlagParser

-- PASS: TestFlagParser

=== RUN  TestStructPrinter
Sprintf(<invalid reflect.Value>, s) = %!q(MISSING), want %!q(MISSING)
Sprintf(<invalid reflect.Value>, &s) = %!q(MISSING), want %!q(MISSING)

-- FAIL: TestStructPrinter

=== RUN  TestSlicePrinter

-- PASS: TestSlicePrinter

=== RUN  TestMapPrinter

-- PASS: TestMapPrinter

=== RUN  TestEmptyMap

-- PASS: TestEmptyMap

=== RUN  TestBlank

-- PASS: TestBlank

=== RUN  TestBlankln

-- PASS: TestBlankln

=== RUN  TestFormatterPrintln

-- PASS: TestFormatterPrintln

=== RUN  TestWidthAndPrecision

-- PASS: TestWidthAndPrecision

=== RUN  TestPanics
-- SKIP: testPanics

-- PASS: TestPanics

=== RUN  TestBadVerbRecursion
./stdgo/_internal/reflect/Reflect_value_static_extension.hx:493: hasSet: false

-- PASS: TestBadVerbRecursion

=== RUN  TestIsSpace

-- PASS: TestIsSpace

=== RUN  TestNilDoesNotBecomeTyped
expected:
	<invalid reflect.Value>
got:
	%!q(MISSING)

-- FAIL: TestNilDoesNotBecomeTyped

=== RUN  TestFormatterFlags
Sprintf(<invalid reflect.Value>, %!T(MISSING)) = %!q(MISSING), want %!q(MISSING)

-- FAIL: TestFormatterFlags

=== RUN  TestParsenum

-- PASS: TestParsenum

=== RUN  TestAppendf
Exception: Cannot read properties of undefined (reading '_common')
Called from module TypeError: Cannot read properties of undefined (reading '_common')
Called from stdgo__$internal_internal_reflect__$Type_$static_$extension.string (/home/runner/work/go2hx/go2hx/golibs/std_fmt.js line 19625 column 13)
Called from stdgo__$internal_internal_reflect__$Type_$asInterface.string (/home/runner/work/go2hx/go2hx/golibs/std_fmt.js line 20043 column 70)
Called from stdgo__$internal_fmt_T_$pp_$static_$extension._doPrintf (/home/runner/work/go2hx/go2hx/golibs/std_fmt.js line 24472 column 141)
Called from .stdgo__$internal_fmt_Fmt_$fprintf_fprintf (/home/runner/work/go2hx/go2hx/golibs/std_fmt.js line 41091 column 48)
Called from .stdgo__$internal_fmt_Fmt_$printf_printf (/home/runner/work/go2hx/go2hx/golibs/std_fmt.js line 77511 column 51)
Called from stdgo__$internal_testing_T_$common_$static_$extension.fatalf (/home/runner/work/go2hx/go2hx/golibs/std_fmt.js line 88553 column 42)
Called from module at /home/runner/work/go2hx/go2hx/golibs/std_fmt.js:87910:58
Called from module at stdgo__$internal_testing_InternalTest._$internal_fmt_$test_Fmt_$test_$testappendf_testAppendf [as f] (/home/runner/work/go2hx/go2hx/golibs/std_fmt.js:44790:20)
Called from stdgo__$internal_testing_M_$static_$extension.run (/home/runner/work/go2hx/go2hx/golibs/std_fmt.js line 87678 column 9)
Called from ._$internal_fmtdottest_Fmtdottest_main (/home/runner/work/go2hx/go2hx/golibs/std_fmt.js line 77879 column 59)

-- FAIL: TestAppendf

=== RUN  TestAppend
Exception: Cannot read properties of undefined (reading '_common')
Called from module TypeError: Cannot read properties of undefined (reading '_common')
Called from stdgo__$internal_internal_reflect__$Type_$static_$extension.string (/home/runner/work/go2hx/go2hx/golibs/std_fmt.js line 19625 column 13)
Called from stdgo__$internal_internal_reflect__$Type_$asInterface.string (/home/runner/work/go2hx/go2hx/golibs/std_fmt.js line 20043 column 70)
Called from stdgo__$internal_fmt_T_$pp_$static_$extension._doPrintf (/home/runner/work/go2hx/go2hx/golibs/std_fmt.js line 24472 column 141)
Called from .stdgo__$internal_fmt_Fmt_$fprintf_fprintf (/home/runner/work/go2hx/go2hx/golibs/std_fmt.js line 41091 column 48)
Called from .stdgo__$internal_fmt_Fmt_$printf_printf (/home/runner/work/go2hx/go2hx/golibs/std_fmt.js line 77511 column 51)
Called from stdgo__$internal_testing_T_$common_$static_$extension.fatalf (/home/runner/work/go2hx/go2hx/golibs/std_fmt.js line 88553 column 42)
Called from module at /home/runner/work/go2hx/go2hx/golibs/std_fmt.js:87910:58
Called from module at stdgo__$internal_testing_InternalTest._$internal_fmt_$test_Fmt_$test_$testappend_testAppend [as f] (/home/runner/work/go2hx/go2hx/golibs/std_fmt.js:44691:20)
Called from stdgo__$internal_testing_M_$static_$extension.run (/home/runner/work/go2hx/go2hx/golibs/std_fmt.js line 87678 column 9)
Called from ._$internal_fmtdottest_Fmtdottest_main (/home/runner/work/go2hx/go2hx/golibs/std_fmt.js line 77879 column 59)

-- FAIL: TestAppend

=== RUN  TestAppendln
Exception: Cannot read properties of undefined (reading '_common')
Called from module TypeError: Cannot read properties of undefined (reading '_common')
Called from stdgo__$internal_internal_reflect__$Type_$static_$extension.string (/home/runner/work/go2hx/go2hx/golibs/std_fmt.js line 19625 column 13)
Called from stdgo__$internal_internal_reflect__$Type_$asInterface.string (/home/runner/work/go2hx/go2hx/golibs/std_fmt.js line 20043 column 70)
Called from stdgo__$internal_fmt_T_$pp_$static_$extension._doPrintf (/home/runner/work/go2hx/go2hx/golibs/std_fmt.js line 24472 column 141)
Called from .stdgo__$internal_fmt_Fmt_$fprintf_fprintf (/home/runner/work/go2hx/go2hx/golibs/std_fmt.js line 41091 column 48)
Called from .stdgo__$internal_fmt_Fmt_$printf_printf (/home/runner/work/go2hx/go2hx/golibs/std_fmt.js line 77511 column 51)
Called from stdgo__$internal_testing_T_$common_$static_$extension.fatalf (/home/runner/work/go2hx/go2hx/golibs/std_fmt.js line 88553 column 42)
Called from module at /home/runner/work/go2hx/go2hx/golibs/std_fmt.js:87910:58
Called from module at stdgo__$internal_testing_InternalTest._$internal_fmt_$test_Fmt_$test_$testappendln_testAppendln [as f] (/home/runner/work/go2hx/go2hx/golibs/std_fmt.js:44889:20)
Called from stdgo__$internal_testing_M_$static_$extension.run (/home/runner/work/go2hx/go2hx/golibs/std_fmt.js line 87678 column 9)
Called from ._$internal_fmtdottest_Fmtdottest_main (/home/runner/work/go2hx/go2hx/golibs/std_fmt.js line 77879 column 59)

-- FAIL: TestAppendln

=== RUN  TestScan
-- SKIP: testScan
 skip targets: js

-- PASS: TestScan

=== RUN  TestScanln
-- SKIP: testScanln
 skip targets: js

-- PASS: TestScanln

=== RUN  TestScanf
Exception: array out of bounds, index: 0 length: 0
Called from stdgo__$internal_fmt_T_$ss_$static_$extension._doScanf (/home/runner/work/go2hx/go2hx/golibs/std_fmt.js line 50167 column 25)
Called from .stdgo__$internal_fmt_Fmt_$fscanf_fscanf (/home/runner/work/go2hx/go2hx/golibs/std_fmt.js line 49501 column 62)
Called from .stdgo__$internal_fmt_Fmt_$sscanf_sscanf (/home/runner/work/go2hx/go2hx/golibs/std_fmt.js line 49437 column 49)
Called from module at stdgo__$internal_testing_InternalTest._$internal_fmt_$test_Fmt_$test_$testscanf_testScanf [as f] (/home/runner/work/go2hx/go2hx/golibs/std_fmt.js:46462:18)
Called from stdgo__$internal_testing_M_$static_$extension.run (/home/runner/work/go2hx/go2hx/golibs/std_fmt.js line 87678 column 9)
Called from ._$internal_fmtdottest_Fmtdottest_main (/home/runner/work/go2hx/go2hx/golibs/std_fmt.js line 77879 column 59)
Called from module at /home/runner/work/go2hx/go2hx/golibs/std_fmt.js:107997:1
Called from module at Object.<anonymous> (/home/runner/work/go2hx/go2hx/golibs/std_fmt.js:107998:3)

-- FAIL: TestScanf

=== RUN  TestScanOverflow
expected overflow scanning <invalid reflect.Value>
expected overflow scanning <invalid reflect.Value>
expected overflow scanning <invalid reflect.Value>
expected overflow scanning <invalid reflect.Value>
expected overflow scanning <invalid reflect.Value>
expected overflow scanning <invalid reflect.Value>
expected overflow scanning <invalid reflect.Value>
expected overflow scanning <invalid reflect.Value>
expected overflow scanning <invalid reflect.Value>
expected overflow scanning <invalid reflect.Value>
expected overflow scanning <invalid reflect.Value>

-- FAIL: TestScanOverflow

=== RUN  TestNaN

-- PASS: TestNaN

=== RUN  TestInf

-- PASS: TestInf

=== RUN  TestScanfMulti
-- SKIP: testScanfMulti
 skip targets: js

-- PASS: TestScanfMulti

=== RUN  TestScanMultiple
Sscan expected error; got none: <invalid reflect.Value>

-- FAIL: TestScanMultiple

=== RUN  TestScanEmpty
<invalid reflect.Value>
<invalid reflect.Value>

-- FAIL: TestScanEmpty

=== RUN  TestScanNotPointer
Exception: _v.set is not a function
Called from stdgo__$internal_fmt_T_$ss_$static_$extension._doScan (/home/runner/work/go2hx/go2hx/golibs/std_fmt.js line 50340 column 25)
Called from .stdgo__$internal_fmt_Fmt_$fscan_fscan (/home/runner/work/go2hx/go2hx/golibs/std_fmt.js line 68763 column 62)
Called from module at stdgo__$internal_testing_InternalTest._$internal_fmt_$test_Fmt_$test_$testscannotpointer_testScanNotPointer [as f] (/home/runner/work/go2hx/go2hx/golibs/std_fmt.js:46797:16)
Called from stdgo__$internal_testing_M_$static_$extension.run (/home/runner/work/go2hx/go2hx/golibs/std_fmt.js line 87678 column 9)
Called from ._$internal_fmtdottest_Fmtdottest_main (/home/runner/work/go2hx/go2hx/golibs/std_fmt.js line 77879 column 59)
Called from module at /home/runner/work/go2hx/go2hx/golibs/std_fmt.js:107997:1
Called from module at Object.<anonymous> (/home/runner/work/go2hx/go2hx/golibs/std_fmt.js:107998:3)
Called from Module._compile (node:internal/modules/cjs/loader line 1734 column 14)

-- FAIL: TestScanNotPointer

=== RUN  TestScanlnNoNewline
<invalid reflect.Value>

-- FAIL: TestScanlnNoNewline

=== RUN  TestScanlnWithMiddleNewline
<invalid reflect.Value>

-- FAIL: TestScanlnWithMiddleNewline

=== RUN  TestEOF
<invalid reflect.Value>

-- FAIL: TestEOF

=== RUN  TestEOFAtEndOfInput
Sscanf expected EOF; got <invalid reflect.Value>
Sscan expected EOF; got <invalid reflect.Value>
Sscan expected EOF; got <invalid reflect.Value>

-- FAIL: TestEOFAtEndOfInput

=== RUN  TestEOFAllTypes
#<invalid reflect.Value>: %!s(MISSING) %!T(MISSING) not eof on empty string: %!s(MISSING)
#<invalid reflect.Value>: %!s(MISSING) %!T(MISSING) not eof on trailing blanks: %!s(MISSING)
#<invalid reflect.Value>: %!s(MISSING) %!T(MISSING) not eof on empty string: %!s(MISSING)
#<invalid reflect.Value>: %!s(MISSING) %!T(MISSING) not eof on trailing blanks: %!s(MISSING)
#<invalid reflect.Value>: %!s(MISSING) %!T(MISSING) not eof on empty string: %!s(MISSING)
#<invalid reflect.Value>: %!s(MISSING) %!T(MISSING) not eof on trailing blanks: %!s(MISSING)
#<invalid reflect.Value>: %!s(MISSING) %!T(MISSING) not eof on empty string: %!s(MISSING)
#<invalid reflect.Value>: %!s(MISSING) %!T(MISSING) not eof on trailing blanks: %!s(MISSING)
#<invalid reflect.Value>: %!s(MISSING) %!T(MISSING) not eof on empty string: %!s(MISSING)
#<invalid reflect.Value>: %!s(MISSING) %!T(MISSING) not eof on trailing blanks: %!s(MISSING)
#<invalid reflect.Value>: %!s(MISSING) %!T(MISSING) not eof on empty string: %!s(MISSING)
#<invalid reflect.Value>: %!s(MISSING) %!T(MISSING) not eof on trailing blanks: %!s(MISSING)
#<invalid reflect.Value>: %!s(MISSING) %!T(MISSING) not eof on empty string: %!s(MISSING)
#<invalid reflect.Value>: %!s(MISSING) %!T(MISSING) not eof on trailing blanks: %!s(MISSING)
#<invalid reflect.Value>: %!s(MISSING) %!T(MISSING) not eof on empty string: %!s(MISSING)
#<invalid reflect.Value>: %!s(MISSING) %!T(MISSING) not eof on trailing blanks: %!s(MISSING)
#<invalid reflect.Value>: %!s(MISSING) %!T(MISSING) not eof on empty string: %!s(MISSING)
#<invalid reflect.Value>: %!s(MISSING) %!T(MISSING) not eof on trailing blanks: %!s(MISSING)
#<invalid reflect.Value>: %!s(MISSING) %!T(MISSING) not eof on empty string: %!s(MISSING)
#<invalid reflect.Value>: %!s(MISSING) %!T(MISSING) not eof on trailing blanks: %!s(MISSING)
#<invalid reflect.Value>: %!s(MISSING) %!T(MISSING) not eof on empty string: %!s(MISSING)
#<invalid reflect.Value>: %!s(MISSING) %!T(MISSING) not eof on trailing blanks: %!s(MISSING)
#<invalid reflect.Value>: %!s(MISSING) %!T(MISSING) not eof on empty string: %!s(MISSING)
#<invalid reflect.Value>: %!s(MISSING) %!T(MISSING) not eof on trailing blanks: %!s(MISSING)
#<invalid reflect.Value>: %!s(MISSING) %!T(MISSING) not eof on empty string: %!s(MISSING)
#<invalid reflect.Value>: %!s(MISSING) %!T(MISSING) not eof on trailing blanks: %!s(MISSING)
#<invalid reflect.Value>: %!s(MISSING) %!T(MISSING) not eof on empty string: %!s(MISSING)
#<invalid reflect.Value>: %!s(MISSING) %!T(MISSING) not eof on trailing blanks: %!s(MISSING)
#<invalid reflect.Value>: %!s(MISSING) %!T(MISSING) not eof on empty string: %!s(MISSING)
#<invalid reflect.Value>: %!s(MISSING) %!T(MISSING) not eof on trailing blanks: %!s(MISSING)
#<invalid reflect.Value>: %!s(MISSING) %!T(MISSING) not eof on empty string: %!s(MISSING)
#<invalid reflect.Value>: %!s(MISSING) %!T(MISSING) not eof on trailing blanks: %!s(MISSING)
#<invalid reflect.Value>: %!s(MISSING) %!T(MISSING) not eof on empty string: %!s(MISSING)
#<invalid reflect.Value>: %!s(MISSING) %!T(MISSING) not eof on trailing blanks: %!s(MISSING)

-- FAIL: TestEOFAllTypes

=== RUN  TestUnreadRuneWithBufio

-- PASS: TestUnreadRuneWithBufio

=== RUN  TestMultiLine
<invalid reflect.Value>

-- FAIL: TestMultiLine

=== RUN  TestLineByLineFscanf

-- PASS: TestLineByLineFscanf

=== RUN  TestScanStateCount

-- PASS: TestScanStateCount

=== RUN  TestScanInts
bad scan: expected <invalid reflect.Value> got %!d(MISSING)Exception: __fail__
Called from stdgo__$internal_testing_T_$common_$static_$extension.failNow (/home/runner/work/go2hx/go2hx/golibs/std_fmt.js line 88625 column 23)
Called from stdgo__$internal_testing_T_$common_$static_$extension.fatalf (/home/runner/work/go2hx/go2hx/golibs/std_fmt.js line 88554 column 56)
Called from module at /home/runner/work/go2hx/go2hx/golibs/std_fmt.js:87910:58
Called from ._$internal_fmt_$test_Fmt_$test_$_$testscanints__testScanInts (/home/runner/work/go2hx/go2hx/golibs/std_fmt.js line 42012 column 4)
Called from module at stdgo__$internal_testing_InternalTest._$internal_fmt_$test_Fmt_$test_$testscanints_testScanInts [as f] (/home/runner/work/go2hx/go2hx/golibs/std_fmt.js:46560:2)
Called from stdgo__$internal_testing_M_$static_$extension.run (/home/runner/work/go2hx/go2hx/golibs/std_fmt.js line 87678 column 9)
Called from ._$internal_fmtdottest_Fmtdottest_main (/home/runner/work/go2hx/go2hx/golibs/std_fmt.js line 77879 column 59)
Called from module at /home/runner/work/go2hx/go2hx/golibs/std_fmt.js:107997:1

-- FAIL: TestScanInts

=== RUN  TestHexBytes
<invalid reflect.Value>: bad length %!d(MISSING)
<invalid reflect.Value>: bad length %!d(MISSING)
<invalid reflect.Value>: bad length %!d(MISSING)
<invalid reflect.Value>: bad length %!d(MISSING)
<invalid reflect.Value>: bad length %!d(MISSING)
<invalid reflect.Value>: bad length %!d(MISSING)
odd count: got count, err = <invalid reflect.Value>, %!v(MISSING); expected 0, error

-- FAIL: TestHexBytes

=== RUN  TestScanNewlinesAreSpaces

-- PASS: TestScanNewlinesAreSpaces

=== RUN  TestScanlnNewlinesTerminate
<invalid reflect.Value>: expected error; got none
<invalid reflect.Value>: expected error; got none

-- FAIL: TestScanlnNewlinesTerminate

=== RUN  TestScanfNewlineMatchFormat
<invalid reflect.Value>: expected error; got none
<invalid reflect.Value>: expected error; got none
<invalid reflect.Value>: expected error; got none
<invalid reflect.Value>: expected error; got none
<invalid reflect.Value>: expected error; got none
<invalid reflect.Value>: expected error; got none
<invalid reflect.Value>: expected error; got none
<invalid reflect.Value>: expected error; got none
<invalid reflect.Value>: expected error; got none

-- FAIL: TestScanfNewlineMatchFormat

=== RUN  TestHexByte
expected 0123 got <invalid reflect.Value>Exception: __fail__
Called from stdgo__$internal_testing_T_$common_$static_$extension.failNow (/home/runner/work/go2hx/go2hx/golibs/std_fmt.js line 88625 column 23)
Called from stdgo__$internal_testing_T_$common_$static_$extension.fatalf (/home/runner/work/go2hx/go2hx/golibs/std_fmt.js line 88554 column 56)
Called from module at /home/runner/work/go2hx/go2hx/golibs/std_fmt.js:87910:58
Called from module at stdgo__$internal_testing_InternalTest._$internal_fmt_$test_Fmt_$test_$testhexbyte_testHexByte [as f] (/home/runner/work/go2hx/go2hx/golibs/std_fmt.js:45976:3)
Called from stdgo__$internal_testing_M_$static_$extension.run (/home/runner/work/go2hx/go2hx/golibs/std_fmt.js line 87678 column 9)
Called from ._$internal_fmtdottest_Fmtdottest_main (/home/runner/work/go2hx/go2hx/golibs/std_fmt.js line 77879 column 59)
Called from module at /home/runner/work/go2hx/go2hx/golibs/std_fmt.js:107997:1
Called from module at Object.<anonymous> (/home/runner/work/go2hx/go2hx/golibs/std_fmt.js:107998:3)

-- FAIL: TestHexByte

=== RUN  TestFormatString

-- PASS: TestFormatString

=== RUN  TestStringer

-- PASS: TestStringer

./stdgo/_internal/testing/Testing_m_static_extension.hx:92: exitCode: 1 exitCodeReason: 
-- FAIL: TestHexByte
