=== RUN  TestErrorf

-- PASS: TestErrorf

=== RUN  TestFmtInterface

-- PASS: TestFmtInterface

=== RUN  TestSprintf
Sprintf("%#v", {1 2 a [1 2]}) = "_internal.fmt_test.A{i:1, j:0x2, s:\"a\", x:[]int{1, 2}}" want "fmt_test.A{i:1, j:0x2, s:\"a\", x:[]int{1, 2}}"
golibs/go/_internal/reflect/Reflect_value_static_extension.hx:476: hasSet: false
golibs/go/_internal/reflect/Reflect_value_static_extension.hx:476: hasSet: false
Sprintf("%#v", 0x1) = "(func(*.testing.))(0xPTR)" want "(func(*testing.T))(0xPTR)"
Sprintf("%#v", map[a:{<1> 2}]) = "map[string]_internal.fmt_test.B{\"a\":_internal.fmt_test.B{I:1, j:2}}" want "map[string]fmt_test.B{\"a\":fmt_test.B{I:1, j:2}}"
Sprintf("%#v", {<nil>}) = "_internal.fmt_test.SI{I:interface {}(nil)}" want "fmt_test.SI{I:interface {}(nil)}"
Sprintf("%#v", [1 2 3 4 5]) = "[5]_internal.fmt_test.renamedUint8{0x1, 0x2, 0x3, 0x4, 0x5}" want "[5]fmt_test.renamedUint8{0x1, 0x2, 0x3, 0x4, 0x5}"
Sprintf("%#v", [1 2 3 4 5]) = "[]_internal.fmt_test.renamedUint8{0x1, 0x2, 0x3, 0x4, 0x5}" want "[]fmt_test.renamedUint8{0x1, 0x2, 0x3, 0x4, 0x5}"
Sprintf("%d", true) = "%!d(_internal.fmt_test.renamedBool=true)" want "%!d(fmt_test.renamedBool=true)"
Sprintf("%#v", {<v=F(7)> 8}) = "_internal.fmt_test.S{F:<v=F(7)>, G:GoString(8)}" want "fmt_test.S{F:<v=F(7)>, G:GoString(8)}"
Sprintf("%T", <invalid reflect.Value>) = ".reflect.Value" want "reflect.Value"
Sprintf("%T", (4-3i)) = "_internal.fmt_test.renamedComplex128" want "fmt_test.renamedComplex128"
golibs/go/_internal/reflect/Reflect_value_static_extension.hx:476: hasSet: false
golibs/go/_internal/reflect/Reflect_value_static_extension.hx:476: hasSet: false
golibs/go/_internal/reflect/Reflect_value_static_extension.hx:476: hasSet: false
golibs/go/_internal/reflect/Reflect_value_static_extension.hx:476: hasSet: false
golibs/go/_internal/reflect/Reflect_value_static_extension.hx:476: hasSet: false
golibs/go/_internal/reflect/Reflect_value_static_extension.hx:476: hasSet: false
golibs/go/_internal/reflect/Reflect_value_static_extension.hx:476: hasSet: false
golibs/go/_internal/reflect/Reflect_value_static_extension.hx:476: hasSet: false
golibs/go/_internal/reflect/Reflect_value_static_extension.hx:476: hasSet: false
golibs/go/_internal/reflect/Reflect_value_static_extension.hx:476: hasSet: false
golibs/go/_internal/reflect/Reflect_value_static_extension.hx:476: hasSet: false
golibs/go/_internal/reflect/Reflect_value_static_extension.hx:476: hasSet: false
golibs/go/_internal/reflect/Reflect_value_static_extension.hx:476: hasSet: false
golibs/go/_internal/reflect/Reflect_value_static_extension.hx:476: hasSet: false
golibs/go/_internal/reflect/Reflect_value_static_extension.hx:476: hasSet: false
golibs/go/_internal/reflect/Reflect_value_static_extension.hx:476: hasSet: false
golibs/go/_internal/reflect/Reflect_value_static_extension.hx:476: hasSet: false
golibs/go/_internal/reflect/Reflect_value_static_extension.hx:476: hasSet: false
golibs/go/_internal/reflect/Reflect_value_static_extension.hx:476: hasSet: false
Exception: Cannot call null
Called from go._internal.testing.M_static_extension.run (golibs/go/_internal/testing/Testing_m_static_extension.hx line 39 column 17)
Called from _internal.fmt_test._Fmt_test_testsprintf.Fmt_test_testsprintf_Fields_.testSprintf (golibs/_internal/fmt_test/Fmt_test_testsprintf.hx line 5 column 23)
Called from go._internal.fmt._Fmt_sprintf.Fmt_sprintf_Fields_.sprintf (golibs/go/_internal/fmt/Fmt_sprintf.hx line 15 column 9)
Called from go._internal.fmt.T_pp_static_extension._doPrintf (golibs/go/_internal/fmt/Fmt_t_pp_static_extension.hx line 218 column 21)
Called from go._internal.fmt.T_pp_static_extension._printArg (golibs/go/_internal/fmt/Fmt_t_pp_static_extension.hx line 1061 column 22)
Called from go._internal.fmt.T_pp_static_extension._handleMethods (golibs/go/_internal/fmt/Fmt_t_pp_static_extension.hx line 1269 column 30)

-- FAIL: TestSprintf

=== RUN  TestComplexFormatting

-- PASS: TestComplexFormatting

=== RUN  TestReorder

-- PASS: TestReorder

=== RUN  TestCountMallocs
skipping malloc count in short mode
Exception: __skip__
Called from go._internal.testing.M_static_extension.run (golibs/go/_internal/testing/Testing_m_static_extension.hx line 39 column 17)
Called from _internal.fmt_test._Fmt_test_testcountmallocs.Fmt_test_testcountmallocs_Fields_.testCountMallocs (golibs/_internal/fmt_test/Fmt_test_testcountmallocs.hx line 6 column 21)
Called from local function #1 (golibs/go/_internal/testing/Testing_t_.hx line 80 column 84)
Called from go._internal.testing.T_common_static_extension.skip (golibs/go/_internal/testing/Testing_t_common_static_extension.hx line 52 column 9)
Called from go._internal.testing.T_common_static_extension.skipNow (golibs/go/_internal/testing/Testing_t_common_static_extension.hx line 40 column 9)

-- SKIP: TestCountMallocs

-- PASS: TestCountMallocs

=== RUN  TestFlagParser

-- PASS: TestFlagParser

=== RUN  TestStructPrinter
Sprintf("%#v", s) = `_internal.fmt_test.T_47832{a:"abc", b:"def", c:123}`, want `fmt_test.T{a:"abc", b:"def", c:123}`
Sprintf("%#v", &s) = `&_internal.fmt_test.T_47832{a:"abc", b:"def", c:123}`, want `&fmt_test.T{a:"abc", b:"def", c:123}`

-- FAIL: TestStructPrinter

=== RUN  TestSlicePrinter

-- PASS: TestSlicePrinter

=== RUN  TestMapPrinter

-- PASS: TestMapPrinter

=== RUN  TestEmptyMap

-- PASS: TestEmptyMap

=== RUN  TestBlank

-- PASS: TestBlank

=== RUN  TestBlankln

-- PASS: TestBlankln

=== RUN  TestFormatterPrintln

-- PASS: TestFormatterPrintln

=== RUN  TestWidthAndPrecision

-- PASS: TestWidthAndPrecision

=== RUN  TestPanics
-- SKIP: testPanics

-- PASS: TestPanics

=== RUN  TestBadVerbRecursion
golibs/go/_internal/reflect/Reflect_value_static_extension.hx:476: hasSet: false

-- PASS: TestBadVerbRecursion

=== RUN  TestIsSpace

-- PASS: TestIsSpace

=== RUN  TestNilDoesNotBecomeTyped
expected:
	"%!s(<nil>) %!s(*fmt_test.A=<nil>) %!s(<nil>) {} %!s(<nil>)"
got:
	"%!s(<nil>) %!s(*_internal.fmt_test.A_55372=<nil>) %!s(<nil>) {} %!s(<nil>)"

-- FAIL: TestNilDoesNotBecomeTyped

=== RUN  TestFormatterFlags
Sprintf("%#v", [1]_internal.fmt_test.flagPrinter) = "[1]_internal.fmt_test.flagPrinter{[%#v]}", want "[1]fmt_test.flagPrinter{[%#v]}"

-- FAIL: TestFormatterFlags

=== RUN  TestParsenum

-- PASS: TestParsenum

=== RUN  TestAppendf
Appendf allocated a new sliceException: __fail__
Called from go._internal.testing.M_static_extension.run (golibs/go/_internal/testing/Testing_m_static_extension.hx line 39 column 17)
Called from _internal.fmt_test._Fmt_test_testappendf.Fmt_test_testappendf_Fields_.testAppendf (golibs/_internal/fmt_test/Fmt_test_testappendf.hx line 14 column 23)
Called from local function #1 (golibs/go/_internal/testing/Testing_t_.hx line 55 column 101)
Called from go._internal.testing.T_common_static_extension.fatalf (golibs/go/_internal/testing/Testing_t_common_static_extension.hx line 58 column 9)
Called from go._internal.testing.T_common_static_extension.failNow (golibs/go/_internal/testing/Testing_t_common_static_extension.hx line 94 column 9)

-- FAIL: TestAppendf

=== RUN  TestAppend
Append allocated a new sliceException: __fail__
Called from go._internal.testing.M_static_extension.run (golibs/go/_internal/testing/Testing_m_static_extension.hx line 39 column 17)
Called from _internal.fmt_test._Fmt_test_testappend.Fmt_test_testappend_Fields_.testAppend (golibs/_internal/fmt_test/Fmt_test_testappend.hx line 14 column 23)
Called from local function #1 (golibs/go/_internal/testing/Testing_t_.hx line 55 column 101)
Called from go._internal.testing.T_common_static_extension.fatalf (golibs/go/_internal/testing/Testing_t_common_static_extension.hx line 58 column 9)
Called from go._internal.testing.T_common_static_extension.failNow (golibs/go/_internal/testing/Testing_t_common_static_extension.hx line 94 column 9)

-- FAIL: TestAppend

=== RUN  TestAppendln
Appendln allocated a new sliceException: __fail__
Called from go._internal.testing.M_static_extension.run (golibs/go/_internal/testing/Testing_m_static_extension.hx line 39 column 17)
Called from _internal.fmt_test._Fmt_test_testappendln.Fmt_test_testappendln_Fields_.testAppendln (golibs/_internal/fmt_test/Fmt_test_testappendln.hx line 14 column 23)
Called from local function #1 (golibs/go/_internal/testing/Testing_t_.hx line 55 column 101)
Called from go._internal.testing.T_common_static_extension.fatalf (golibs/go/_internal/testing/Testing_t_common_static_extension.hx line 58 column 9)
Called from go._internal.testing.T_common_static_extension.failNow (golibs/go/_internal/testing/Testing_t_common_static_extension.hx line 94 column 9)

-- FAIL: TestAppendln

=== RUN  TestScan

-- PASS: TestScan

=== RUN  TestScanln

-- PASS: TestScanln

=== RUN  TestScanf
Exception: array out of bounds, index: 0 length: 0
Called from go._internal.testing.M_static_extension.run (golibs/go/_internal/testing/Testing_m_static_extension.hx line 39 column 17)
Called from _internal.fmt_test._Fmt_test_testscanf.Fmt_test_testscanf_Fields_.testScanf (golibs/_internal/fmt_test/Fmt_test_testscanf.hx line 5 column 27)
Called from go._internal.fmt._Fmt_sscanf.Fmt_sscanf_Fields_.sscanf (golibs/go/_internal/fmt/Fmt_sscanf.hx line 15 column 16)
Called from go._internal.fmt._Fmt_fscanf.Fmt_fscanf_Fields_.fscanf (golibs/go/_internal/fmt/Fmt_fscanf.hx line 16 column 27)
Called from go._internal.fmt.T_ss_static_extension._doScanf (golibs/go/_internal/fmt/Fmt_t_ss_static_extension.hx line 158 column 30)

-- FAIL: TestScanf

=== RUN  TestScanOverflow
expected overflow scanning "128"
expected overflow scanning "32768"
expected overflow scanning "-129"
expected overflow scanning "-32769"
expected overflow scanning "256"
expected overflow scanning "65536"
expected overflow scanning "1e100"
expected overflow scanning "1e500"
expected overflow scanning "(1e100+0i)"
expected overflow scanning "(1+1e100i)"
expected overflow scanning "(1-1e500i)"

-- FAIL: TestScanOverflow

=== RUN  TestNaN

-- PASS: TestNaN

=== RUN  TestInf

-- PASS: TestInf

=== RUN  TestScanfMulti

-- PASS: TestScanfMulti

=== RUN  TestScanMultiple
Sscan expected error; got none: %!s(<nil>)

-- FAIL: TestScanMultiple

=== RUN  TestScanEmpty
Sscan <one item> expected error; got none
Sscan <empty> expected error; got none

-- FAIL: TestScanEmpty

=== RUN  TestScanNotPointer
Exception: Unexpected value 0, expected instance
Called from go._internal.testing.M_static_extension.run (golibs/go/_internal/testing/Testing_m_static_extension.hx line 39 column 17)
Called from _internal.fmt_test._Fmt_test_testscannotpointer.Fmt_test_testscannotpointer_Fields_.testScanNotPointer (golibs/_internal/fmt_test/Fmt_test_testscannotpointer.hx line 5 column 23)
Called from go._internal.fmt._Fmt_fscan.Fmt_fscan_Fields_.fscan (golibs/go/_internal/fmt/Fmt_fscan.hx line 16 column 27)
Called from go._internal.fmt.T_ss_static_extension._doScan (golibs/go/_internal/fmt/Fmt_t_ss_static_extension.hx line 362 column 30)

-- FAIL: TestScanNotPointer

=== RUN  TestScanlnNoNewline
expected error scanning string missing newline

-- FAIL: TestScanlnNoNewline

=== RUN  TestScanlnWithMiddleNewline
expected error scanning string with extra newline

-- FAIL: TestScanlnWithMiddleNewline

=== RUN  TestEOF
expected error scanning empty string

-- FAIL: TestEOF

=== RUN  TestEOFAtEndOfInput
Sscanf expected EOF; got %!q(<nil>)
Sscan expected EOF; got %!q(<nil>)
Sscan expected EOF; got %!q(<nil>)

-- FAIL: TestEOFAtEndOfInput

=== RUN  TestEOFAllTypes
#0: %s *string not eof on empty string: %!s(<nil>)
#0: %s *string not eof on trailing blanks: %!s(<nil>)
#1: %q *string not eof on empty string: %!s(<nil>)
#1: %q *string not eof on trailing blanks: %!s(<nil>)
#2: %x *string not eof on empty string: %!s(<nil>)
#2: %x *string not eof on trailing blanks: %!s(<nil>)
#3: %v *string not eof on empty string: %!s(<nil>)
#3: %v *string not eof on trailing blanks: %!s(<nil>)
#4: %v *[]uint8 not eof on empty string: %!s(<nil>)
#4: %v *[]uint8 not eof on trailing blanks: %!s(<nil>)
#5: %v *int not eof on empty string: %!s(<nil>)
#5: %v *int not eof on trailing blanks: %!s(<nil>)
#6: %v *uint not eof on empty string: %!s(<nil>)
#6: %v *uint not eof on trailing blanks: %!s(<nil>)
#7: %v *bool not eof on empty string: %!s(<nil>)
#7: %v *bool not eof on trailing blanks: %!s(<nil>)
#8: %v *float32 not eof on empty string: %!s(<nil>)
#8: %v *float32 not eof on trailing blanks: %!s(<nil>)
#9: %v *complex64 not eof on empty string: %!s(<nil>)
#9: %v *complex64 not eof on trailing blanks: %!s(<nil>)
#10: %v *_internal.fmt_test.renamedString not eof on empty string: %!s(<nil>)
#10: %v *_internal.fmt_test.renamedString not eof on trailing blanks: %!s(<nil>)
#11: %v *_internal.fmt_test.renamedBytes not eof on empty string: %!s(<nil>)
#11: %v *_internal.fmt_test.renamedBytes not eof on trailing blanks: %!s(<nil>)
#12: %v *_internal.fmt_test.renamedInt not eof on empty string: %!s(<nil>)
#12: %v *_internal.fmt_test.renamedInt not eof on trailing blanks: %!s(<nil>)
#13: %v *_internal.fmt_test.renamedUint not eof on empty string: %!s(<nil>)
#13: %v *_internal.fmt_test.renamedUint not eof on trailing blanks: %!s(<nil>)
#14: %v *_internal.fmt_test.renamedBool not eof on empty string: %!s(<nil>)
#14: %v *_internal.fmt_test.renamedBool not eof on trailing blanks: %!s(<nil>)
#15: %v *_internal.fmt_test.renamedFloat32 not eof on empty string: %!s(<nil>)
#15: %v *_internal.fmt_test.renamedFloat32 not eof on trailing blanks: %!s(<nil>)
#16: %v *_internal.fmt_test.renamedComplex64 not eof on empty string: %!s(<nil>)
#16: %v *_internal.fmt_test.renamedComplex64 not eof on trailing blanks: %!s(<nil>)

-- FAIL: TestEOFAllTypes

=== RUN  TestUnreadRuneWithBufio

-- PASS: TestUnreadRuneWithBufio

=== RUN  TestMultiLine
Sscanln: expected error; got none

-- FAIL: TestMultiLine

=== RUN  TestLineByLineFscanf

-- PASS: TestLineByLineFscanf

=== RUN  TestScanStateCount

-- PASS: TestScanStateCount

=== RUN  TestScanInts
bad scan: expected 801 got 0Exception: __fail__
Called from go._internal.testing.M_static_extension.run (golibs/go/_internal/testing/Testing_m_static_extension.hx line 39 column 17)
Called from _internal.fmt_test._Fmt_test_testscanints.Fmt_test_testscanints_Fields_.testScanInts (golibs/_internal/fmt_test/Fmt_test_testscanints.hx line 6 column 9)
Called from _internal.fmt_test._Fmt_test__testscanints.Fmt_test__testscanints_Fields_._testScanInts (golibs/_internal/fmt_test/Fmt_test__testscanints.hx line 28 column 203)
Called from local function #1 (golibs/go/_internal/testing/Testing_t_.hx line 55 column 101)
Called from go._internal.testing.T_common_static_extension.fatalf (golibs/go/_internal/testing/Testing_t_common_static_extension.hx line 58 column 9)
Called from go._internal.testing.T_common_static_extension.failNow (golibs/go/_internal/testing/Testing_t_common_static_extension.hx line 94 column 9)

-- FAIL: TestScanInts

=== RUN  TestHexBytes
simple: bad length 0
simple pair a: bad length 0
simple pair b: bad length 0
colon: bad length 0
colon pair a: bad length 0
colon pair b: bad length 0
odd count: got count, err = 0, <nil>; expected 0, error

-- FAIL: TestHexBytes

=== RUN  TestScanNewlinesAreSpaces

-- PASS: TestScanNewlinesAreSpaces

=== RUN  TestScanlnNewlinesTerminate
one line one item: expected error; got none
two lines two items: expected error; got none

-- FAIL: TestScanlnNewlinesTerminate

=== RUN  TestScanfNewlineMatchFormat
newline in input: expected error; got none
space-newline in input: expected error; got none
newline in format: expected error; got none
space-newline in format: expected error; got none
space vs newline no-percent 0100: expected error; got none
space vs newline no-percent 0101: expected error; got none
space vs newline no-percent 0110: expected error; got none
space vs newline no-percent 1100: expected error; got none
space vs newline no-percent 1110: expected error; got none

-- FAIL: TestScanfNewlineMatchFormat

=== RUN  TestHexByte
expected 0123 got 0000Exception: __fail__
Called from go._internal.testing.M_static_extension.run (golibs/go/_internal/testing/Testing_m_static_extension.hx line 39 column 17)
Called from _internal.fmt_test._Fmt_test_testhexbyte.Fmt_test_testhexbyte_Fields_.testHexByte (golibs/_internal/fmt_test/Fmt_test_testhexbyte.hx line 25 column 63)
Called from local function #1 (golibs/go/_internal/testing/Testing_t_.hx line 55 column 101)
Called from go._internal.testing.T_common_static_extension.fatalf (golibs/go/_internal/testing/Testing_t_common_static_extension.hx line 58 column 9)
Called from go._internal.testing.T_common_static_extension.failNow (golibs/go/_internal/testing/Testing_t_common_static_extension.hx line 94 column 9)

-- FAIL: TestHexByte

=== RUN  TestFormatString

-- PASS: TestFormatString

=== RUN  TestStringer

-- PASS: TestStringer

golibs/go/_internal/testing/Testing_m_static_extension.hx:97: exitCode: 1 exitCodeReason: 
-- FAIL: TestHexByte
