=== RUN  TestNode
readFile format_test.go: no such file or directory
Exception: __fail__
Called from stdgo._internal.testing.$T_common_static_extension.failNow (stdgo/_internal/testing/Testing_t_common_static_extension.hx line 94)
Called from stdgo._internal.testing.$T_common_static_extension.fatal (stdgo/_internal/testing/Testing_t_common_static_extension.hx line 64)
Called from stdgo._internal.testing.T_.~get_fatal.0 (stdgo/_internal/testing/Testing_t_.hx line 50)
Called from stdgo._internal.go.format._Format_testnode.$Format_testnode_Fields_.testNode (stdgo/_internal/go/format/Format_testnode.hx line 7)
Called from stdgo._internal.testing.$M_static_extension.run (stdgo/_internal/testing/Testing_m_static_extension.hx line 33)
Called from _internal.go.formatdottest._Formatdottest.$Formatdottest_Fields_.main (_internal/go/formatdottest/Formatdottest.hx line 13)

-- FAIL: TestNode

=== RUN  TestNodeNoModify
1:1: expected 'package', found package
Exception: __fail__
Called from stdgo._internal.testing.$T_common_static_extension.failNow (stdgo/_internal/testing/Testing_t_common_static_extension.hx line 94)
Called from stdgo._internal.testing.$T_common_static_extension.fatal (stdgo/_internal/testing/Testing_t_common_static_extension.hx line 64)
Called from stdgo._internal.testing.T_.~get_fatal.0 (stdgo/_internal/testing/Testing_t_.hx line 50)
Called from stdgo._internal.go.format._Format_testnodenomodify.$Format_testnodenomodify_Fields_.testNodeNoModify (stdgo/_internal/go/format/Format_testnodenomodify.hx line 9)
Called from stdgo._internal.testing.$M_static_extension.run (stdgo/_internal/testing/Testing_m_static_extension.hx line 33)
Called from _internal.go.formatdottest._Formatdottest.$Formatdottest_Fields_.main (_internal/go/formatdottest/Formatdottest.hx line 13)

-- FAIL: TestNodeNoModify

=== RUN  TestSource
readFile format_test.go: no such file or directory
Exception: __fail__
Called from stdgo._internal.testing.$T_common_static_extension.failNow (stdgo/_internal/testing/Testing_t_common_static_extension.hx line 94)
Called from stdgo._internal.testing.$T_common_static_extension.fatal (stdgo/_internal/testing/Testing_t_common_static_extension.hx line 64)
Called from stdgo._internal.testing.T_.~get_fatal.0 (stdgo/_internal/testing/Testing_t_.hx line 50)
Called from stdgo._internal.go.format._Format_testsource.$Format_testsource_Fields_.testSource (stdgo/_internal/go/format/Format_testsource.hx line 7)
Called from stdgo._internal.testing.$M_static_extension.run (stdgo/_internal/testing/Testing_m_static_extension.hx line 33)
Called from _internal.go.formatdottest._Formatdottest.$Formatdottest_Fields_.main (_internal/go/formatdottest/Formatdottest.hx line 13)

-- FAIL: TestSource

=== RUN  TestPartial
formatting failed (1:1: expected 'package', found package):
"import \"go/format\""
formatting failed (1:1: expected 'package', found package):
"var x int"
formatting failed (1:1: expected 'package', found package):
"var x int\n\ntype T struct{}"
formatting failed (1:1: expected 'package', found package):
"x := 0"
formatting failed (1:1: expected 'package', found package):
"f(a, b, c)\nvar x int = f(1, 2, 3)"
formatting failed (1:1: expected 'package', found package):
"\tx := 0\n\tgo f()"
formatting failed (1:1: expected 'package', found package):
"\tx := 0\n\tgo f()\n\n\n"
formatting failed (1:1: expected 'package', found package):
"\n\t\t\n\n\tx := 0\n\tgo f()\n\n\n"
formatting failed (1:1: expected 'package', found package):
"\n\t\t\n\n\t\t\tx := 0\n\t\t\tgo f()\n\n\n"
formatting failed (1:1: expected 'package', found package):
"\n\t\t\n\n\t\t\tx := 0\n\t\t\tconst s = `\nfoo\n`\n\n\n"
formatting failed (1:1: expected 'package', found package):
"\n\t\t\n\n\t\t\tx := 0\n\t\t\tconst s = `\n\t\tfoo\n`\n\n\n"
formatting failed (1:1: expected 'package', found package):
"/* Comment */"
formatting failed (1:1: expected 'package', found package):
"\t/* Comment */ "
formatting failed (1:1: expected 'package', found package):
"\n/* Comment */ "
formatting failed (1:1: expected 'package', found package):
"i := 5 /* Comment */"
formatting failed (1:1: expected 'package', found package):
"\ta()\n//line :1"
formatting failed (1:1: expected 'package', found package):
"\t//xxx\n\ta()\n//line :2"
formatting failed (1:1: expected 'package', found package):
"\ta() //line :1\n\tb()\n"
formatting failed (1:1: expected 'package', found package):
"x := 0\n//line :1\n//line :2"
formatting failed (1:1: expected 'package', found package):
""
formatting failed (1:1: expected 'package', found package):
" "
formatting failed (1:1: expected 'package', found package):
"\t"
formatting failed (1:1: expected 'package', found package):
"\t\t"
formatting failed (1:1: expected 'package', found package):
"\n"
formatting failed (1:1: expected 'package', found package):
"\n\n"
formatting failed (1:1: expected 'package', found package):
"\t\n"
formatting failed (1:1: expected 'package', found package):
"// copyright\n\n//go:build x\n\npackage p\n"
formatting failed (1:1: expected 'package', found package):
"// copyright\n\n//go:build x\n// +build x\n\npackage p\n"

-- FAIL: TestPartial

golibs/stdgo/_internal/testing/Testing_m_static_extension.hx:91: exitCode: 1 exitCodeReason: 
-- FAIL: TestPartial
