=== RUN  TestNode
readFile format_test.go: no such file or directory
Exception: __fail__
Called from stdgo._internal.testing.M_static_extension.run (golibs/stdgo/_internal/testing/Testing_m_static_extension.hx line 34 column 17)
Called from stdgo._internal.go.format._Format_testnode.Format_testnode_Fields_.testNode (golibs/stdgo/_internal/go/format/Format_testnode.hx line 7 column 22)
Called from local function #1 (golibs/stdgo/_internal/testing/Testing_t_.hx line 43 column 88)
Called from stdgo._internal.testing.T_common_static_extension.fatal (golibs/stdgo/_internal/testing/Testing_t_common_static_extension.hx line 77 column 9)
Called from stdgo._internal.testing.T_common_static_extension.failNow (golibs/stdgo/_internal/testing/Testing_t_common_static_extension.hx line 118 column 9)

-- FAIL: TestNode

=== RUN  TestNodeNoModify
Exception: RWMutex:sync.lock is not yet implemented
Called from stdgo._internal.testing.M_static_extension.run (golibs/stdgo/_internal/testing/Testing_m_static_extension.hx line 34 column 17)
Called from stdgo._internal.go.format._Format_testnodenomodify.Format_testnodenomodify_Fields_.testNodeNoModify (golibs/stdgo/_internal/go/format/Format_testnodenomodify.hx line 5 column 23)
Called from stdgo._internal.go.parser._Parser_parsefile.Parser_parsefile_Fields_.parseFile (golibs/stdgo/_internal/go/parser/Parser_parsefile.hx line 126 column 21)

-- FAIL: TestNodeNoModify

=== RUN  TestSource
readFile format_test.go: no such file or directory
Exception: __fail__
Called from stdgo._internal.testing.M_static_extension.run (golibs/stdgo/_internal/testing/Testing_m_static_extension.hx line 34 column 17)
Called from stdgo._internal.go.format._Format_testsource.Format_testsource_Fields_.testSource (golibs/stdgo/_internal/go/format/Format_testsource.hx line 7 column 22)
Called from local function #1 (golibs/stdgo/_internal/testing/Testing_t_.hx line 43 column 88)
Called from stdgo._internal.testing.T_common_static_extension.fatal (golibs/stdgo/_internal/testing/Testing_t_common_static_extension.hx line 77 column 9)
Called from stdgo._internal.testing.T_common_static_extension.failNow (golibs/stdgo/_internal/testing/Testing_t_common_static_extension.hx line 118 column 9)

-- FAIL: TestSource

=== RUN  TestPartial
Exception: RWMutex:sync.lock is not yet implemented
Called from stdgo._internal.testing.M_static_extension.run (golibs/stdgo/_internal/testing/Testing_m_static_extension.hx line 34 column 17)
Called from stdgo._internal.go.format._Format_testpartial.Format_testpartial_Fields_.testPartial (golibs/stdgo/_internal/go/format/Format_testpartial.hx line 15 column 31)
Called from stdgo._internal.go.format._Format_string.Format_string_Fields_.string (golibs/stdgo/_internal/go/format/Format_string.hx line 3 column 23)
Called from stdgo._internal.go.format._Format_source.Format_source_Fields_.source (golibs/stdgo/_internal/go/format/Format_source.hx line 4 column 23)
Called from stdgo._internal.go.format._Format__parse.Format__parse_Fields_._parse (golibs/stdgo/_internal/go/format/Format__parse.hx line 5 column 27)
Called from stdgo._internal.go.parser._Parser_parsefile.Parser_parsefile_Fields_.parseFile (golibs/stdgo/_internal/go/parser/Parser_parsefile.hx line 126 column 21)

-- FAIL: TestPartial

golibs/stdgo/_internal/testing/Testing_m_static_extension.hx:92: exitCode: 1 exitCodeReason: 
-- FAIL: TestPartial
