=== RUN  TestScan
Exception: Int32:sync.atomic_.add is not yet implemented
Called from stdgo__$internal_sync_atomic_$_Int32_$static_$extension.add (/home/runner/work/go2hx/go2hx/golibs/std_scanner.js line 37272 column 23)
Called from stdgo__$internal_sync_RWMutex_$static_$extension.rLock (/home/runner/work/go2hx/go2hx/golibs/std_scanner.js line 37235 column 78)
Called from stdgo__$internal_go_token_FileSet_$static_$extension.base (/home/runner/work/go2hx/go2hx/golibs/std_scanner.js line 36901 column 51)
Called from module at stdgo__$internal_testing_InternalTest.stdgo__$internal_go_scanner_Scanner_$testscan_testScan [as f] (/home/runner/work/go2hx/go2hx/golibs/std_scanner.js:11827:235)
Called from stdgo__$internal_testing_M_$static_$extension.run (/home/runner/work/go2hx/go2hx/golibs/std_scanner.js line 51145 column 9)
Called from ._$internal_go_scannerdottest_Scannerdottest_main (/home/runner/work/go2hx/go2hx/golibs/std_scanner.js line 43545 column 59)
Called from module at /home/runner/work/go2hx/go2hx/golibs/std_scanner.js:59070:1
Called from module at Object.<anonymous> (/home/runner/work/go2hx/go2hx/golibs/std_scanner.js:59071:3)

-- FAIL: TestScan

=== RUN  TestStripCR

-- PASS: TestStripCR

=== RUN  TestSemicolons
Exception: Int32:sync.atomic_.add is not yet implemented
Called from stdgo__$internal_sync_atomic_$_Int32_$static_$extension.add (/home/runner/work/go2hx/go2hx/golibs/std_scanner.js line 37272 column 23)
Called from stdgo__$internal_sync_RWMutex_$static_$extension.rLock (/home/runner/work/go2hx/go2hx/golibs/std_scanner.js line 37235 column 78)
Called from stdgo__$internal_go_token_FileSet_$static_$extension.base (/home/runner/work/go2hx/go2hx/golibs/std_scanner.js line 36901 column 51)
Called from .stdgo__$internal_go_scanner_Scanner_$_$checksemi__checkSemi (/home/runner/work/go2hx/go2hx/golibs/std_scanner.js line 39026 column 215)
Called from module at stdgo__$internal_testing_InternalTest.stdgo__$internal_go_scanner_Scanner_$testsemicolons_testSemicolons [as f] (/home/runner/work/go2hx/go2hx/golibs/std_scanner.js:38995:3)
Called from stdgo__$internal_testing_M_$static_$extension.run (/home/runner/work/go2hx/go2hx/golibs/std_scanner.js line 51145 column 9)
Called from ._$internal_go_scannerdottest_Scannerdottest_main (/home/runner/work/go2hx/go2hx/golibs/std_scanner.js line 43545 column 59)
Called from module at /home/runner/work/go2hx/go2hx/golibs/std_scanner.js:59070:1

-- FAIL: TestSemicolons

=== RUN  TestLineDirectives
Exception: Int32:sync.atomic_.add is not yet implemented
Called from stdgo__$internal_sync_atomic_$_Int32_$static_$extension.add (/home/runner/work/go2hx/go2hx/golibs/std_scanner.js line 37272 column 23)
Called from stdgo__$internal_sync_RWMutex_$static_$extension.rLock (/home/runner/work/go2hx/go2hx/golibs/std_scanner.js line 37235 column 78)
Called from stdgo__$internal_go_token_FileSet_$static_$extension.base (/home/runner/work/go2hx/go2hx/golibs/std_scanner.js line 36901 column 51)
Called from .stdgo__$internal_go_scanner_Scanner_$_$testsegments__testSegments (/home/runner/work/go2hx/go2hx/golibs/std_scanner.js line 39071 column 240)
Called from module at stdgo__$internal_testing_InternalTest.stdgo__$internal_go_scanner_Scanner_$testlinedirectives_testLineDirectives [as f] (/home/runner/work/go2hx/go2hx/golibs/std_scanner.js:39056:2)
Called from stdgo__$internal_testing_M_$static_$extension.run (/home/runner/work/go2hx/go2hx/golibs/std_scanner.js line 51145 column 9)
Called from ._$internal_go_scannerdottest_Scannerdottest_main (/home/runner/work/go2hx/go2hx/golibs/std_scanner.js line 43545 column 59)
Called from module at /home/runner/work/go2hx/go2hx/golibs/std_scanner.js:59070:1

-- FAIL: TestLineDirectives

=== RUN  TestInvalidLineDirectives
Exception: Int32:sync.atomic_.add is not yet implemented
Called from stdgo__$internal_sync_atomic_$_Int32_$static_$extension.add (/home/runner/work/go2hx/go2hx/golibs/std_scanner.js line 37272 column 23)
Called from stdgo__$internal_sync_RWMutex_$static_$extension.rLock (/home/runner/work/go2hx/go2hx/golibs/std_scanner.js line 37235 column 78)
Called from stdgo__$internal_go_token_FileSet_$static_$extension.base (/home/runner/work/go2hx/go2hx/golibs/std_scanner.js line 36901 column 51)
Called from module at stdgo__$internal_testing_InternalTest.stdgo__$internal_go_scanner_Scanner_$testinvalidlinedirectives_testInvalidLineDirectives [as f] (/home/runner/work/go2hx/go2hx/golibs/std_scanner.js:39188:185)
Called from stdgo__$internal_testing_M_$static_$extension.run (/home/runner/work/go2hx/go2hx/golibs/std_scanner.js line 51145 column 9)
Called from ._$internal_go_scannerdottest_Scannerdottest_main (/home/runner/work/go2hx/go2hx/golibs/std_scanner.js line 43545 column 59)
Called from module at /home/runner/work/go2hx/go2hx/golibs/std_scanner.js:59070:1
Called from module at Object.<anonymous> (/home/runner/work/go2hx/go2hx/golibs/std_scanner.js:59071:3)

-- FAIL: TestInvalidLineDirectives

=== RUN  TestInit
Exception: Int32:sync.atomic_.add is not yet implemented
Called from stdgo__$internal_sync_atomic_$_Int32_$static_$extension.add (/home/runner/work/go2hx/go2hx/golibs/std_scanner.js line 37272 column 23)
Called from stdgo__$internal_sync_RWMutex_$static_$extension.rLock (/home/runner/work/go2hx/go2hx/golibs/std_scanner.js line 37235 column 78)
Called from stdgo__$internal_go_token_FileSet_$static_$extension.base (/home/runner/work/go2hx/go2hx/golibs/std_scanner.js line 36901 column 51)
Called from module at stdgo__$internal_testing_InternalTest.stdgo__$internal_go_scanner_Scanner_$testinit_testInit [as f] (/home/runner/work/go2hx/go2hx/golibs/std_scanner.js:39212:208)
Called from stdgo__$internal_testing_M_$static_$extension.run (/home/runner/work/go2hx/go2hx/golibs/std_scanner.js line 51145 column 9)
Called from ._$internal_go_scannerdottest_Scannerdottest_main (/home/runner/work/go2hx/go2hx/golibs/std_scanner.js line 43545 column 59)
Called from module at /home/runner/work/go2hx/go2hx/golibs/std_scanner.js:59070:1
Called from module at Object.<anonymous> (/home/runner/work/go2hx/go2hx/golibs/std_scanner.js:59071:3)

-- FAIL: TestInit

=== RUN  TestStdErrorHandler
Exception: Int32:sync.atomic_.add is not yet implemented
Called from stdgo__$internal_sync_atomic_$_Int32_$static_$extension.add (/home/runner/work/go2hx/go2hx/golibs/std_scanner.js line 37272 column 23)
Called from stdgo__$internal_sync_RWMutex_$static_$extension.rLock (/home/runner/work/go2hx/go2hx/golibs/std_scanner.js line 37235 column 78)
Called from stdgo__$internal_go_token_FileSet_$static_$extension.base (/home/runner/work/go2hx/go2hx/golibs/std_scanner.js line 36901 column 51)
Called from module at stdgo__$internal_testing_InternalTest.stdgo__$internal_go_scanner_Scanner_$teststderrorhandler_testStdErrorHandler [as f] (/home/runner/work/go2hx/go2hx/golibs/std_scanner.js:39291:262)
Called from stdgo__$internal_testing_M_$static_$extension.run (/home/runner/work/go2hx/go2hx/golibs/std_scanner.js line 51145 column 9)
Called from ._$internal_go_scannerdottest_Scannerdottest_main (/home/runner/work/go2hx/go2hx/golibs/std_scanner.js line 43545 column 59)
Called from module at /home/runner/work/go2hx/go2hx/golibs/std_scanner.js:59070:1
Called from module at Object.<anonymous> (/home/runner/work/go2hx/go2hx/golibs/std_scanner.js:59071:3)

-- FAIL: TestStdErrorHandler

=== RUN  TestScanErrors
Exception: Int32:sync.atomic_.add is not yet implemented
Called from stdgo__$internal_sync_atomic_$_Int32_$static_$extension.add (/home/runner/work/go2hx/go2hx/golibs/std_scanner.js line 37272 column 23)
Called from stdgo__$internal_sync_RWMutex_$static_$extension.rLock (/home/runner/work/go2hx/go2hx/golibs/std_scanner.js line 37235 column 78)
Called from stdgo__$internal_go_token_FileSet_$static_$extension.base (/home/runner/work/go2hx/go2hx/golibs/std_scanner.js line 36901 column 51)
Called from .stdgo__$internal_go_scanner_Scanner_$_$checkerror__checkError (/home/runner/work/go2hx/go2hx/golibs/std_scanner.js line 40491 column 235)
Called from module at stdgo__$internal_testing_InternalTest.stdgo__$internal_go_scanner_Scanner_$testscanerrors_testScanErrors [as f] (/home/runner/work/go2hx/go2hx/golibs/std_scanner.js:40475:3)
Called from stdgo__$internal_testing_M_$static_$extension.run (/home/runner/work/go2hx/go2hx/golibs/std_scanner.js line 51145 column 9)
Called from ._$internal_go_scannerdottest_Scannerdottest_main (/home/runner/work/go2hx/go2hx/golibs/std_scanner.js line 43545 column 59)
Called from module at /home/runner/work/go2hx/go2hx/golibs/std_scanner.js:59070:1

-- FAIL: TestScanErrors

=== RUN  TestIssue10213
Exception: Int32:sync.atomic_.add is not yet implemented
Called from stdgo__$internal_sync_atomic_$_Int32_$static_$extension.add (/home/runner/work/go2hx/go2hx/golibs/std_scanner.js line 37272 column 23)
Called from stdgo__$internal_sync_RWMutex_$static_$extension.rLock (/home/runner/work/go2hx/go2hx/golibs/std_scanner.js line 37235 column 78)
Called from stdgo__$internal_go_token_FileSet_$static_$extension.base (/home/runner/work/go2hx/go2hx/golibs/std_scanner.js line 36901 column 51)
Called from module at stdgo__$internal_testing_InternalTest.stdgo__$internal_go_scanner_Scanner_$testissue10213_testIssue10213 [as f] (/home/runner/work/go2hx/go2hx/golibs/std_scanner.js:40567:235)
Called from stdgo__$internal_testing_M_$static_$extension.run (/home/runner/work/go2hx/go2hx/golibs/std_scanner.js line 51145 column 9)
Called from ._$internal_go_scannerdottest_Scannerdottest_main (/home/runner/work/go2hx/go2hx/golibs/std_scanner.js line 43545 column 59)
Called from module at /home/runner/work/go2hx/go2hx/golibs/std_scanner.js:59070:1
Called from module at Object.<anonymous> (/home/runner/work/go2hx/go2hx/golibs/std_scanner.js:59071:3)

-- FAIL: TestIssue10213

=== RUN  TestIssue28112
Exception: Int32:sync.atomic_.add is not yet implemented
Called from stdgo__$internal_sync_atomic_$_Int32_$static_$extension.add (/home/runner/work/go2hx/go2hx/golibs/std_scanner.js line 37272 column 23)
Called from stdgo__$internal_sync_RWMutex_$static_$extension.rLock (/home/runner/work/go2hx/go2hx/golibs/std_scanner.js line 37235 column 78)
Called from stdgo__$internal_go_token_FileSet_$static_$extension.base (/home/runner/work/go2hx/go2hx/golibs/std_scanner.js line 36901 column 51)
Called from module at stdgo__$internal_testing_InternalTest.stdgo__$internal_go_scanner_Scanner_$testissue28112_testIssue28112 [as f] (/home/runner/work/go2hx/go2hx/golibs/std_scanner.js:40644:235)
Called from stdgo__$internal_testing_M_$static_$extension.run (/home/runner/work/go2hx/go2hx/golibs/std_scanner.js line 51145 column 9)
Called from ._$internal_go_scannerdottest_Scannerdottest_main (/home/runner/work/go2hx/go2hx/golibs/std_scanner.js line 43545 column 59)
Called from module at /home/runner/work/go2hx/go2hx/golibs/std_scanner.js:59070:1
Called from module at Object.<anonymous> (/home/runner/work/go2hx/go2hx/golibs/std_scanner.js:59071:3)

-- FAIL: TestIssue28112

=== RUN  TestNumbers
Exception: Int32:sync.atomic_.add is not yet implemented
Called from stdgo__$internal_sync_atomic_$_Int32_$static_$extension.add (/home/runner/work/go2hx/go2hx/golibs/std_scanner.js line 37272 column 23)
Called from stdgo__$internal_sync_RWMutex_$static_$extension.rLock (/home/runner/work/go2hx/go2hx/golibs/std_scanner.js line 37235 column 78)
Called from stdgo__$internal_go_token_FileSet_$static_$extension.base (/home/runner/work/go2hx/go2hx/golibs/std_scanner.js line 36901 column 51)
Called from module at stdgo__$internal_testing_InternalTest.stdgo__$internal_go_scanner_Scanner_$testnumbers_testNumbers [as f] (/home/runner/work/go2hx/go2hx/golibs/std_scanner.js:41162:236)
Called from stdgo__$internal_testing_M_$static_$extension.run (/home/runner/work/go2hx/go2hx/golibs/std_scanner.js line 51145 column 9)
Called from ._$internal_go_scannerdottest_Scannerdottest_main (/home/runner/work/go2hx/go2hx/golibs/std_scanner.js line 43545 column 59)
Called from module at /home/runner/work/go2hx/go2hx/golibs/std_scanner.js:59070:1
Called from module at Object.<anonymous> (/home/runner/work/go2hx/go2hx/golibs/std_scanner.js:59071:3)

-- FAIL: TestNumbers

./stdgo/_internal/testing/Testing_m_static_extension.hx:92: exitCode: 1 exitCodeReason: 
-- FAIL: TestNumbers
