=== RUN  TestCastagnoliRace

-- PASS: TestCastagnoliRace

=== RUN  TestSimple

-- PASS: TestSimple

=== RUN  TestGoldenMarshal
- SUBRUN  IEEE
- SUBRUN  Castagnoli

-- PASS: TestGoldenMarshal

=== RUN  TestMarshalTableMismatch

-- PASS: TestMarshalTableMismatch

=== RUN  TestSlicing
Exception: field access on null
Called from stdgo._internal.testing.M_static_extension.run (golibs/stdgo/_internal/testing/Testing_m_static_extension.hx line 33 column 17)
Called from stdgo._internal.hash.crc32._Crc32_testslicing.Crc32_testslicing_Fields_.testSlicing (golibs/stdgo/_internal/hash/crc32/Crc32_testslicing.hx line 32 column 13)
Called from stdgo._internal.hash.crc32._Crc32__testcrosscheck.Crc32__testcrosscheck_Fields_._testCrossCheck (golibs/stdgo/_internal/hash/crc32/Crc32__testcrosscheck.hx line 57 column 13)
Called from stdgo._internal.math.rand._Rand_read.Rand_read_Fields_.read (golibs/stdgo/_internal/math/rand/Rand_read.hx line 7 column 16)
Called from stdgo._internal.math.rand._Rand__globalrand.Rand__globalrand_Fields_._globalRand (golibs/stdgo/_internal/math/rand/Rand__globalrand.hx line 28 column 15)
Called from stdgo._internal.sync.atomic_.Pointer__static_extension.compareAndSwap__tp__0 (golibs/stdgo/_internal/sync/atomic_/Atomic__pointer__static_extension.hx line 9 column 19)
Called from stdgo._Pointer.Pointer_Impl_.equals (golibs/stdgo/Pointer.hx line 47 column 7)

-- FAIL: TestSlicing

=== RUN  TestArchIEEE
Arch-specific IEEE not available.
Exception: __skip__
Called from stdgo._internal.testing.M_static_extension.run (golibs/stdgo/_internal/testing/Testing_m_static_extension.hx line 33 column 17)
Called from stdgo._internal.hash.crc32._Crc32_testarchieee.Crc32_testarchieee_Fields_.testArchIEEE (golibs/stdgo/_internal/hash/crc32/Crc32_testarchieee.hx line 10 column 21)
Called from local function #1 (golibs/stdgo/_internal/testing/Testing_t_.hx line 80 column 87)
Called from stdgo._internal.testing.T_common_static_extension.skip (golibs/stdgo/_internal/testing/Testing_t_common_static_extension.hx line 52 column 9)
Called from stdgo._internal.testing.T_common_static_extension.skipNow (golibs/stdgo/_internal/testing/Testing_t_common_static_extension.hx line 40 column 9)

-- SKIP: TestArchIEEE

-- PASS: TestArchIEEE

=== RUN  TestArchCastagnoli
Arch-specific Castagnoli not available.
Exception: __skip__
Called from stdgo._internal.testing.M_static_extension.run (golibs/stdgo/_internal/testing/Testing_m_static_extension.hx line 33 column 17)
Called from stdgo._internal.hash.crc32._Crc32_testarchcastagnoli.Crc32_testarchcastagnoli_Fields_.testArchCastagnoli (golibs/stdgo/_internal/hash/crc32/Crc32_testarchcastagnoli.hx line 10 column 21)
Called from local function #1 (golibs/stdgo/_internal/testing/Testing_t_.hx line 80 column 87)
Called from stdgo._internal.testing.T_common_static_extension.skip (golibs/stdgo/_internal/testing/Testing_t_common_static_extension.hx line 52 column 9)
Called from stdgo._internal.testing.T_common_static_extension.skipNow (golibs/stdgo/_internal/testing/Testing_t_common_static_extension.hx line 40 column 9)

-- SKIP: TestArchCastagnoli

-- PASS: TestArchCastagnoli

=== RUN  TestGolden

-- PASS: TestGolden

golibs/stdgo/_internal/testing/Testing_m_static_extension.hx:91: exitCode: 1 exitCodeReason: 
-- FAIL: TestSlicing
