=== RUN  TestCastagnoliRace

-- PASS: TestCastagnoliRace

=== RUN  TestSimple

-- PASS: TestSimple

=== RUN  TestGoldenMarshal
- SUBRUN  IEEE
- SUBRUN  Castagnoli

-- PASS: TestGoldenMarshal

=== RUN  TestMarshalTableMismatch

-- PASS: TestMarshalTableMismatch

=== RUN  TestSlicing
Exception: Cannot read properties of null (reading 'value')
Called from module TypeError: Cannot read properties of null (reading 'value')
Called from stdgo__$internal_unsafe_UnsafePointer.__toRef__ (/home/runner/work/go2hx/go2hx/golibs/std_crc32.js line 19354 column 15)
Called from stdgo__$internal_sync_atomic_$_Pointer_$_$static_$extension.load__tp__0 (/home/runner/work/go2hx/go2hx/golibs/std_crc32.js line 19345 column 52)
Called from .stdgo__$internal_math_rand_Rand_$_$globalrand__globalRand (/home/runner/work/go2hx/go2hx/golibs/std_crc32.js line 19225 column 70)
Called from .stdgo__$internal_math_rand_Rand_$read_read (/home/runner/work/go2hx/go2hx/golibs/std_crc32.js line 16931 column 65)
Called from .stdgo__$internal_hash_crc32_Crc32_$_$testcrosscheck__testCrossCheck (/home/runner/work/go2hx/go2hx/golibs/std_crc32.js line 16918 column 4)
Called from module at stdgo__$internal_testing_InternalTest.stdgo__$internal_hash_crc32_Crc32_$testslicing_testSlicing [as f] (/home/runner/work/go2hx/go2hx/golibs/std_crc32.js:16905:4)
Called from stdgo__$internal_testing_M_$static_$extension.run (/home/runner/work/go2hx/go2hx/golibs/std_crc32.js line 41207 column 9)
Called from ._$internal_hash_crc32dottest_Crc32dottest_main (/home/runner/work/go2hx/go2hx/golibs/std_crc32.js line 34945 column 59)
Called from module at /home/runner/work/go2hx/go2hx/golibs/std_crc32.js:50722:1
Called from module at Object.<anonymous> (/home/runner/work/go2hx/go2hx/golibs/std_crc32.js:50723:3)

-- FAIL: TestSlicing

=== RUN  TestArchIEEE
<invalid reflect.Value>
Exception: __skip__
Called from stdgo__$internal_testing_T_$common_$static_$extension.skipNow (/home/runner/work/go2hx/go2hx/golibs/std_crc32.js line 41842 column 23)
Called from stdgo__$internal_testing_T_$common_$static_$extension.skip (/home/runner/work/go2hx/go2hx/golibs/std_crc32.js line 41870 column 56)
Called from module at /home/runner/work/go2hx/go2hx/golibs/std_crc32.js:41484:58
Called from module at stdgo__$internal_testing_InternalTest.stdgo__$internal_hash_crc32_Crc32_$testarchieee_testArchIEEE [as f] (/home/runner/work/go2hx/go2hx/golibs/std_crc32.js:20661:18)
Called from stdgo__$internal_testing_M_$static_$extension.run (/home/runner/work/go2hx/go2hx/golibs/std_crc32.js line 41207 column 9)
Called from ._$internal_hash_crc32dottest_Crc32dottest_main (/home/runner/work/go2hx/go2hx/golibs/std_crc32.js line 34945 column 59)
Called from module at /home/runner/work/go2hx/go2hx/golibs/std_crc32.js:50722:1
Called from module at Object.<anonymous> (/home/runner/work/go2hx/go2hx/golibs/std_crc32.js:50723:3)

-- SKIP: TestArchIEEE

-- PASS: TestArchIEEE

=== RUN  TestArchCastagnoli
<invalid reflect.Value>
Exception: __skip__
Called from stdgo__$internal_testing_T_$common_$static_$extension.skipNow (/home/runner/work/go2hx/go2hx/golibs/std_crc32.js line 41842 column 23)
Called from stdgo__$internal_testing_T_$common_$static_$extension.skip (/home/runner/work/go2hx/go2hx/golibs/std_crc32.js line 41870 column 56)
Called from module at /home/runner/work/go2hx/go2hx/golibs/std_crc32.js:41484:58
Called from module at stdgo__$internal_testing_InternalTest.stdgo__$internal_hash_crc32_Crc32_$testarchcastagnoli_testArchCastagnoli [as f] (/home/runner/work/go2hx/go2hx/golibs/std_crc32.js:20671:18)
Called from stdgo__$internal_testing_M_$static_$extension.run (/home/runner/work/go2hx/go2hx/golibs/std_crc32.js line 41207 column 9)
Called from ._$internal_hash_crc32dottest_Crc32dottest_main (/home/runner/work/go2hx/go2hx/golibs/std_crc32.js line 34945 column 59)
Called from module at /home/runner/work/go2hx/go2hx/golibs/std_crc32.js:50722:1
Called from module at Object.<anonymous> (/home/runner/work/go2hx/go2hx/golibs/std_crc32.js:50723:3)

-- SKIP: TestArchCastagnoli

-- PASS: TestArchCastagnoli

=== RUN  TestGolden

-- PASS: TestGolden

golibs/stdgo/_internal/testing/Testing_m_static_extension.hx:91: exitCode: 1 exitCodeReason: 
-- FAIL: TestSlicing
