haxelib run hxcpp Build.xml haxe -DHXCPP_COMPILE_THREADS="1" -DHXCPP_DEBUG="0" -DHXCPP_PCH="1" -Deval_call_stack_depth="40000" -Dgo2hx="0.0.1" -Dhaxe="5.0.0-alpha.1" -Dhaxe3="1" -Dhaxe4="1" -Dhaxe5="1" -Dhaxe_ver="5.000" -Dhl_no_opt="1" -Dhxcpp="4.3.2" -Dhxcpp_api_level="430" -Dhxcpp_smart_strings="1" -Dkeep_inline_positions="1" -Dmessage.no_color="1" -Dmessage_reporting="pretty" -Dno_deprecation_warnings="1" -Dnumberlinkerror="1" -Dnumberlinkmath="1" -Dshallow_expose="1" -Dsimulate_num="1" -Dsource_header="Generated by Haxe 5.0.0-alpha.1+b0b2997" -Dsource_map="1" -Dsource_map_content="1" -Dsplitdeps="1" -Dstatic="1" -Dstd_encoding_utf8="1" -Dtarget.atomics="1" -Dtarget.name="cpp" -Dtarget.static="1" -Dtarget.sys="1" -Dtarget.threaded="1" -Dtarget.unicode="1" -Dtarget.utf16="1" -Dutf16="1" -I/home/runner/haxe/haxe_libraries/hxcpp/4.3.2/haxelib/ -I./ -I -I/home/runner/haxe/versions/b0b2997/std/cpp/_std/ -I/home/runner/haxe/versions/b0b2997/std/
Creating /home/runner/work/go2hx/go2hx/golibs/export/cpp/std_crc64/obj/linux64/__pch/haxe/hxcpp.h.gch...

Compiling group: haxe
g++ -Iinclude -c -fvisibility=hidden -O2 -fpic -fPIC -Wno-overflow -DHX_LINUX -DHXCPP_M64 -DHXCPP_VISIT_ALLOCS(haxe) -DHX_SMART_STRINGS(haxe) -DHXCPP_API_LEVEL=430(haxe) -m64 -DHXCPP_M64 -I/home/runner/haxe/haxe_libraries/hxcpp/4.3.2/haxelib/include ... tags=[haxe,static]
 - src/stdgo/_internal/strconv/T_floatInfo.cpp 
 - src/sys/FileSystem.cpp 
 - src/stdgo/_internal/reflect/ValueError_static_extension.cpp 
 - src/stdgo/_internal/testing/T_chattyPrinter.cpp 
 - src/stdgo/AnyInterfaceData.cpp 
 - src/stdgo/_internal/hash/crc64/_Crc64__tablesum/Crc64__tablesum_Fields_.cpp 
 - src/stdgo/_internal/sync/_Sync__runtime_semacquirerwmutex/Sync__runtime_semacquirerwmutex_Fields_.cpp 
 - src/sys/io/FileOutput.cpp 
 - src/sys/thread/NextEventTime.cpp 
 - src/stdgo/_internal/sync/T_poolChainElt_static_extension.cpp 
 - src/stdgo/_internal/strconv/_Strconv__isnotprint32/Strconv__isnotprint32_Fields_.cpp 
 - src/stdgo/_internal/time/T_ruleKind_static_extension.cpp 
 - src/stdgo/_internal/testing/T_benchContext_static_extension.cpp 
 - src/stdgo/_internal/internal/fmtsort/SortedMap_static_extension.cpp 
 - src/stdgo/_internal/unicode/utf8/_Utf8_validrune/Utf8_validrune_Fields_.cpp 
 - src/stdgo/_internal/time/_Time__parse/Time__parse_Fields_.cpp 
 - src/stdgo/_internal/testing/T__static_extension.cpp 
 - src/stdgo/_GoInt8/GoInt8_Impl_.cpp 
 - src/stdgo/_internal/hash/crc64/_Crc64_testgolden/Crc64_testgolden_Fields_.cpp 
 - src/__boot__.cpp 
 - src/stdgo/_internal/fmt/T_buffer_asInterface.cpp 
 - src/stdgo/_internal/fmt/_Fmt__ppfree/Fmt__ppfree_Fields_.cpp 
 - src/sys/thread/_Thread/HaxeThread.cpp 
 - src/stdgo/_internal/testing/InternalTest.cpp 
 - src/stdgo/_internal/testing/M_static_extension.cpp 
 - src/stdgo/_internal/runtime/Func.cpp 
 - src/sys/io/FileSeek.cpp 
 - src/stdgo/_internal/sync/T_poolLocal.cpp 
 - src/stdgo/_internal/hash/crc64/Table_asInterface.cpp 
 - src/stdgo/_internal/testing/PB.cpp 
 - src/stdgo/_internal/hash/crc64/T_digest.cpp 
 - src/stdgo/_internal/sort/_Sort__rotate/Sort__rotate_Fields_.cpp 
 - src/stdgo/_internal/testing/T_testContext.cpp 
 - src/stdgo/_internal/sync/_Sync__runtime_loadacquintptr/Sync__runtime_loadacquintptr_Fields_.cpp 
 - src/stdgo/_Chan/ChanIterator.cpp 
 - src/stdgo/_internal/unsafe/_Unsafe/UnsafePointer_Impl_.cpp 
 - src/stdgo/_internal/time/_Time__getnum/Time__getnum_Fields_.cpp 
 - src/stdgo/_internal/math/bits/_Bits__divideerror/Bits__divideerror_Fields_.cpp 
 - src/stdgo/_internal/math/bits/_Bits_len32/Bits_len32_Fields_.cpp 
 - src/haxe/io/Input.cpp 
 - src/stdgo/GoComplex128Map.cpp 
 - src/stdgo/_internal/time/Month_static_extension.cpp 
 - src/stdgo/_internal/internal/race/_Race_acquire/Race_acquire_Fields_.cpp 
 - src/stdgo/_internal/time/_Time__fixedzone/Time__fixedzone_Fields_.cpp 
 - src/stdgo/_internal/internal/fmtsort/_Fmtsort_sort/Fmtsort_sort_Fields_.cpp 
 - src/stdgo/_internal/time/_Time__parsesignedoffset/Time__parsesignedoffset_Fields_.cpp 
 - src/stdgo/_internal/math/bits/_Bits_trailingzeros32/Bits_trailingzeros32_Fields_.cpp 
 - src/stdgo/_internal/testing/internal/testdeps/_Testdeps_importpath/Testdeps_importpath_Fields_.cpp 
 - src/stdgo/_internal/strconv/T_decimalSlice_static_extension.cpp 
 - src/stdgo/_internal/reflect/Method.cpp 
 - src/stdgo/Complex.cpp 
 - src/stdgo/_internal/time/T_rule_static_extension.cpp 
 - src/stdgo/_internal/internal/reflect/FieldType.cpp 
 - src/stdgo/_internal/time/_Time__parsenanoseconds/Time__parsenanoseconds_Fields_.cpp 
 - src/stdgo/_internal/time/T_zoneTrans_static_extension.cpp 
 - src/_internal/hash/crc64_dot_test/_Crc64_dot_test/Crc64_dot_test_Fields_.cpp 
 - src/stdgo/_internal/strconv/_Strconv__isprint32/Strconv__isprint32_Fields_.cpp 
 - src/stdgo/_internal/testing/B_static_extension.cpp 
 - src/stdgo/_internal/sync/atomic_/Int32.cpp 
 - src/stdgo/_internal/time/T_zone_static_extension.cpp 
 - src/stdgo/_internal/fmt/T_fmt_static_extension.cpp 
 - src/stdgo/_Chan/ChanKeyValueIterator.cpp 
 - src/stdgo/_internal/testing/T_chattyPrinter_static_extension.cpp 
 - src/_internal/hash/crc64_dot_test/_Crc64_dot_test__benchmarks/Crc64_dot_test__benchmarks_Fields_.cpp 
 - src/stdgo/_internal/strconv/_Strconv__bigftoa/Strconv__bigftoa_Fields_.cpp 
 - src/stdgo/_internal/internal/fmtsort/_Fmtsort__nilcompare/Fmtsort__nilcompare_Fields_.cpp 
 - src/stdgo/_GoMap/GoMap_Impl_.cpp 
 - src/stdgo/_internal/testing/_Testing_mainstart/Testing_mainstart_Fields_.cpp 
 - src/stdgo/_internal/time/_Time__localonce/Time__localonce_Fields_.cpp 
 - src/stdgo/_internal/strconv/_Strconv__bsearch32/Strconv__bsearch32_Fields_.cpp 
 - src/stdgo/GoUIntptrMap.cpp 
 - src/haxe/io/Path.cpp 
 - src/stdgo/_internal/math/_Math_float32bits/Math_float32bits_Fields_.cpp 
 - src/stdgo/GoFloat64MapMapKeyValueIterator.cpp 
 - src/stdgo/_internal/hash/crc64/T_digest_asInterface.cpp 
 - src/stdgo/_internal/internal/poll/T_pollDesc_static_extension.cpp 
 - src/stdgo/_internal/time/_Time__resettimer/Time__resettimer_Fields_.cpp 
 - src/stdgo/_internal/time/_Time__absweekday/Time__absweekday_Fields_.cpp 
 - src/stdgo/_internal/testing/T_matcher_static_extension.cpp 
 - src/stdgo/_internal/io/_Io_readall/Io_readall_Fields_.cpp 
 - src/stdgo/_internal/testing/T_panicHandling_static_extension.cpp 
 - src/stdgo/_internal/time/Duration_asInterface.cpp 
 - src/stdgo/GoChanMap.cpp 
 - src/stdgo/_internal/hash/crc64/_Crc64__makeslicingby8table/Crc64__makeslicingby8table_Fields_.cpp 
 - src/stdgo/_internal/unicode/utf8/_Utf8__first/Utf8__first_Fields_.cpp 
 - src/stdgo/_internal/time/_Time__match/Time__match_Fields_.cpp 
 - src/stdgo/_internal/strconv/_Strconv__fmtx/Strconv__fmtx_Fields_.cpp 
 - src/sys/io/FileInput.cpp 
 - src/stdgo/_internal/testing/internal/testdeps/TestDeps_asInterface.cpp 
 - src/stdgo/_internal/time/_Time_parse/Time_parse_Fields_.cpp 
 - src/stdgo/_internal/testing/T_fuzzMode_static_extension.cpp 
 - src/stdgo/_internal/sync/atomic_/_Atomic__compareandswappointer/Atomic__compareandswappointer_Fields_.cpp 
 - src/haxe/io/Encoding.cpp 
 - src/stdgo/_internal/time/_Time__parsetimezone/Time__parsetimezone_Fields_.cpp 
 - src/stdgo/_internal/strconv/_Strconv__mult128bitpow10/Strconv__mult128bitpow10_Fields_.cpp 
 - src/TypeInfoData_go2hx_.cpp 
 - src/stdgo/_internal/reflect/MapIter.cpp 
 - src/stdgo/_internal/strconv/T_decimal_static_extension.cpp 
Error: ./src/stdgo/_internal/strconv/T_decimal_static_extension.cpp: In static member function ‘static void stdgo::_internal::strconv::T_decimal_static_extension_obj::roundUp(stdgo::_internal::strconv::T_decimal, int)’:
./src/stdgo/_internal/strconv/T_decimal_static_extension.cpp:251:97: error: redeclaration of ‘stdgo::_internal::strconv::T_decimal tmp31’
  251 | HXDLIN(  40)                                             ::stdgo::_internal::strconv::T_decimal tmp31 = _a1;
      |                                                                                                 ^~~~~
./src/stdgo/_internal/strconv/T_decimal_static_extension.cpp:242:97: note: ‘stdgo::_internal::strconv::T_decimal tmp31’ previously declared here
  242 | HXDLIN(  40)                                             ::stdgo::_internal::strconv::T_decimal tmp31 = _a1;
      |                                                                                                 ^~~~~
Failed to invoke `haxelib run-dir hxcpp "/home/runner/haxe/haxe_libraries/hxcpp/4.3.2/haxelib" Build.xml haxe -DHXCPP_COMPILE_THREADS=1 -DHXCPP_DEBUG=0 -DHXCPP_PCH=1 -Deval_call_stack_depth=40000 -Dgo2hx=0.0.1 -Dhaxe=5.0.0-alpha.1 -Dhaxe3=1 -Dhaxe4=1 -Dhaxe5=1 -Dhaxe_ver=5.000 -Dhl_no_opt=1 -Dhxcpp=4.3.2 -Dhxcpp_api_level=430 -Dhxcpp_smart_strings=1 -Dkeep_inline_positions=1 -Dmessage.no_color=1 -Dmessage_reporting=pretty -Dno_deprecation_warnings=1 -Dnumberlinkerror=1 -Dnumberlinkmath=1 -Dshallow_expose=1 -Dsimulate_num=1 '-Dsource_header=Generated by Haxe 5.0.0-alpha.1+b0b2997' -Dsource_map=1 -Dsource_map_content=1 -Dsplitdeps=1 -Dstatic=1 -Dstd_encoding_utf8=1 -Dtarget.atomics=1 -Dtarget.name=cpp -Dtarget.static=1 -Dtarget.sys=1 -Dtarget.threaded=1 -Dtarget.unicode=1 -Dtarget.utf16=1 -Dutf16=1 -I/home/runner/haxe/haxe_libraries/hxcpp/4.3.2/haxelib/ -I./ -I -I/home/runner/haxe/versions/b0b2997/std/cpp/_std/ -I/home/runner/haxe/versions/b0b2997/std/` because Error: Command failed: haxelib run-dir hxcpp "/home/runner/haxe/haxe_libraries/hxcpp/4.3.2/haxelib" Build.xml haxe -DHXCPP_COMPILE_THREADS=1 -DHXCPP_DEBUG=0 -DHXCPP_PCH=1 -Deval_call_stack_depth=40000 -Dgo2hx=0.0.1 -Dhaxe=5.0.0-alpha.1 -Dhaxe3=1 -Dhaxe4=1 -Dhaxe5=1 -Dhaxe_ver=5.000 -Dhl_no_opt=1 -Dhxcpp=4.3.2 -Dhxcpp_api_level=430 -Dhxcpp_smart_strings=1 -Dkeep_inline_positions=1 -Dmessage.no_color=1 -Dmessage_reporting=pretty -Dno_deprecation_warnings=1 -Dnumberlinkerror=1 -Dnumberlinkmath=1 -Dshallow_expose=1 -Dsimulate_num=1 '-Dsource_header=Generated by Haxe 5.0.0-alpha.1+b0b2997' -Dsource_map=1 -Dsource_map_content=1 -Dsplitdeps=1 -Dstatic=1 -Dstd_encoding_utf8=1 -Dtarget.atomics=1 -Dtarget.name=cpp -Dtarget.static=1 -Dtarget.sys=1 -Dtarget.threaded=1 -Dtarget.unicode=1 -Dtarget.utf16=1 -Dutf16=1 -I/home/runner/haxe/haxe_libraries/hxcpp/4.3.2/haxelib/ -I./ -I -I/home/runner/haxe/versions/b0b2997/std/cpp/_std/ -I/home/runner/haxe/versions/b0b2997/std/
[ERROR] (unknown position)

   | Error: Build failed

