=== RUN  TestFuncPC
golibs/stdgo/_internal/internal/abi/Abi_funcpcabi0.hx:4: funclit
Exception: not implemented: funcPCABI0
Called from .stdgo__$internal_internal_abi_Abi_$funcpcabi0_funcPCABI0 (/home/runner/work/go2hx/go2hx/golibs/std_abi.js line 16637 column 23)
Called from .stdgo__$internal_internal_abi_Abi_$funcpctest_funcPCTest (/home/runner/work/go2hx/go2hx/golibs/std_abi.js line 16627 column 9)
Called from module at stdgo__$internal_testing_InternalTest._$internal_internal_abi_$test_Abi_$test_$testfuncpc_testFuncPC [as f] (/home/runner/work/go2hx/go2hx/golibs/std_abi.js:16102:18)
Called from stdgo__$internal_testing_M_$static_$extension.run (/home/runner/work/go2hx/go2hx/golibs/std_abi.js line 64100 column 9)
Called from ._$internal_internal_abidottest_Abidottest_main (/home/runner/work/go2hx/go2hx/golibs/std_abi.js line 46177 column 59)
Called from module at /home/runner/work/go2hx/go2hx/golibs/std_abi.js:79769:1
Called from module at Object.<anonymous> (/home/runner/work/go2hx/go2hx/golibs/std_abi.js:79770:3)
Called from Module._compile (node:internal/modules/cjs/loader line 1734 column 14)

-- FAIL: TestFuncPC

=== RUN  TestFuncPCCompileError
skipping test: 'go build' unavailable: <invalid reflect.Value>Exception: __skip__
Called from stdgo__$internal_testing_T_$common_$static_$extension.skipNow (/home/runner/work/go2hx/go2hx/golibs/std_abi.js line 64931 column 23)
Called from stdgo__$internal_testing_T_$common_$static_$extension.skipf (/home/runner/work/go2hx/go2hx/golibs/std_abi.js line 64945 column 56)
Called from module at /home/runner/work/go2hx/go2hx/golibs/std_abi.js:64392:58
Called from stdgo__$internal_testing_T_$_$asInterface.skipf (/home/runner/work/go2hx/go2hx/golibs/std_abi.js line 16884 column 54)
Called from .stdgo__$internal_internal_testenv_Testenv_$musthavegobuild_mustHaveGoBuild (/home/runner/work/go2hx/go2hx/golibs/std_abi.js line 16716 column 6)
Called from module at stdgo__$internal_testing_InternalTest._$internal_internal_abi_$test_Abi_$test_$testfuncpccompileerror_testFuncPCCompileError [as f] (/home/runner/work/go2hx/go2hx/golibs/std_abi.js:16118:2)
Called from stdgo__$internal_testing_M_$static_$extension.run (/home/runner/work/go2hx/go2hx/golibs/std_abi.js line 64100 column 9)
Called from ._$internal_internal_abidottest_Abidottest_main (/home/runner/work/go2hx/go2hx/golibs/std_abi.js line 46177 column 59)

-- SKIP: TestFuncPCCompileError

-- PASS: TestFuncPCCompileError

golibs/stdgo/_internal/testing/Testing_m_static_extension.hx:91: exitCode: 1 exitCodeReason: 
-- FAIL: TestFuncPC
