=== RUN  TestGet
Exception: T_:testing.setenv is not yet implemented
Called from stdgo__$internal_testing_T_$_$static_$extension.setenv (/home/runner/work/go2hx/go2hx/golibs/std_godebug.js line 13014 column 23)
Called from module at stdgo__$internal_testing_InternalTest._$internal_internal_godebug_$test_Godebug_$test_$testget_testGet [as f] (/home/runner/work/go2hx/go2hx/golibs/std_godebug.js:11716:51)
Called from stdgo__$internal_testing_M_$static_$extension.run (/home/runner/work/go2hx/go2hx/golibs/std_godebug.js line 40386 column 9)
Called from ._$internal_internal_godebugdottest_Godebugdottest_main (/home/runner/work/go2hx/go2hx/golibs/std_godebug.js line 33181 column 59)
Called from module at /home/runner/work/go2hx/go2hx/golibs/std_godebug.js:49106:1
Called from module at Object.<anonymous> (/home/runner/work/go2hx/go2hx/golibs/std_godebug.js:49107:3)
Called from Module._compile (node:internal/modules/cjs/loader line 1734 column 14)
Called from Object..js (node:internal/modules/cjs/loader line 1899 column 10)

-- FAIL: TestGet

=== RUN  TestMetrics
NonDefault kind = <invalid reflect.Value>, want uint64Exception: __fail__
Called from stdgo__$internal_testing_T_$common_$static_$extension.failNow (/home/runner/work/go2hx/go2hx/golibs/std_godebug.js line 41126 column 23)
Called from stdgo__$internal_testing_T_$common_$static_$extension.fatalf (/home/runner/work/go2hx/go2hx/golibs/std_godebug.js line 41063 column 56)
Called from module at /home/runner/work/go2hx/go2hx/golibs/std_godebug.js:40624:58
Called from module at stdgo__$internal_testing_InternalTest._$internal_internal_godebug_$test_Godebug_$test_$testmetrics_testMetrics [as f] (/home/runner/work/go2hx/go2hx/golibs/std_godebug.js:11771:20)
Called from stdgo__$internal_testing_M_$static_$extension.run (/home/runner/work/go2hx/go2hx/golibs/std_godebug.js line 40386 column 9)
Called from ._$internal_internal_godebugdottest_Godebugdottest_main (/home/runner/work/go2hx/go2hx/golibs/std_godebug.js line 33181 column 59)
Called from module at /home/runner/work/go2hx/go2hx/golibs/std_godebug.js:49106:1
Called from module at Object.<anonymous> (/home/runner/work/go2hx/go2hx/golibs/std_godebug.js:49107:3)

-- FAIL: TestMetrics

=== RUN  TestCmdBisect
skipping test: 'go build' unavailable: <invalid reflect.Value>Exception: __skip__
Called from stdgo__$internal_testing_T_$common_$static_$extension.skipNow (/home/runner/work/go2hx/go2hx/golibs/std_godebug.js line 41021 column 23)
Called from stdgo__$internal_testing_T_$common_$static_$extension.skipf (/home/runner/work/go2hx/go2hx/golibs/std_godebug.js line 41035 column 56)
Called from module at /home/runner/work/go2hx/go2hx/golibs/std_godebug.js:40678:58
Called from stdgo__$internal_testing_T_$_$asInterface.skipf (/home/runner/work/go2hx/go2hx/golibs/std_godebug.js line 14369 column 54)
Called from .stdgo__$internal_internal_testenv_Testenv_$musthavegobuild_mustHaveGoBuild (/home/runner/work/go2hx/go2hx/golibs/std_godebug.js line 14255 column 6)
Called from module at stdgo__$internal_testing_InternalTest._$internal_internal_godebug_$test_Godebug_$test_$testcmdbisect_testCmdBisect [as f] (/home/runner/work/go2hx/go2hx/golibs/std_godebug.js:11598:2)
Called from stdgo__$internal_testing_M_$static_$extension.run (/home/runner/work/go2hx/go2hx/golibs/std_godebug.js line 40386 column 9)
Called from ._$internal_internal_godebugdottest_Godebugdottest_main (/home/runner/work/go2hx/go2hx/golibs/std_godebug.js line 33181 column 59)

-- SKIP: TestCmdBisect

-- PASS: TestCmdBisect

=== RUN  TestBisectTestCase

-- PASS: TestBisectTestCase

golibs/stdgo/_internal/testing/Testing_m_static_extension.hx:91: exitCode: 1 exitCodeReason: 
-- FAIL: TestMetrics
