=== RUN  TestDisableAllCapabilities
Exception: Cannot read properties of undefined (reading '_common')
Called from module TypeError: Cannot read properties of undefined (reading '_common')
Called from stdgo__$internal_internal_reflect__$Type_$static_$extension.string (/home/runner/work/go2hx/go2hx/golibs/std_cpu.js line 16651 column 13)
Called from stdgo__$internal_internal_reflect__$Type_$asInterface.string (/home/runner/work/go2hx/go2hx/golibs/std_cpu.js line 17074 column 70)
Called from stdgo__$internal_fmt_T_$pp_$static_$extension._doPrintf (/home/runner/work/go2hx/go2hx/golibs/std_cpu.js line 21442 column 141)
Called from .stdgo__$internal_fmt_Fmt_$fprintf_fprintf (/home/runner/work/go2hx/go2hx/golibs/std_cpu.js line 39702 column 48)
Called from .stdgo__$internal_fmt_Fmt_$printf_printf (/home/runner/work/go2hx/go2hx/golibs/std_cpu.js line 42900 column 51)
Called from stdgo__$internal_testing_T_$common_$static_$extension.skipf (/home/runner/work/go2hx/go2hx/golibs/std_cpu.js line 55507 column 42)
Called from module at /home/runner/work/go2hx/go2hx/golibs/std_cpu.js:54955:58
Called from ._$internal_internal_cpu_$test_Cpu_$test_$musthavedebugoptionssupport_mustHaveDebugOptionsSupport (/home/runner/work/go2hx/go2hx/golibs/std_cpu.js line 14407 column 19)
Called from ._$internal_internal_cpu_$test_Cpu_$test_$_$rundebugoptionstest__runDebugOptionsTest (/home/runner/work/go2hx/go2hx/golibs/std_cpu.js line 14366 column 2)
Called from module at stdgo__$internal_testing_InternalTest._$internal_internal_cpu_$test_Cpu_$test_$testdisableallcapabilities_testDisableAllCapabilities [as f] (/home/runner/work/go2hx/go2hx/golibs/std_cpu.js:14433:2)

-- FAIL: TestDisableAllCapabilities

=== RUN  TestAllCapabilitiesDisabled
Exception: Cannot read properties of undefined (reading '_common')
Called from module TypeError: Cannot read properties of undefined (reading '_common')
Called from stdgo__$internal_internal_reflect__$Type_$static_$extension.string (/home/runner/work/go2hx/go2hx/golibs/std_cpu.js line 16651 column 13)
Called from stdgo__$internal_internal_reflect__$Type_$asInterface.string (/home/runner/work/go2hx/go2hx/golibs/std_cpu.js line 17074 column 70)
Called from stdgo__$internal_fmt_T_$pp_$static_$extension._doPrintf (/home/runner/work/go2hx/go2hx/golibs/std_cpu.js line 21442 column 141)
Called from .stdgo__$internal_fmt_Fmt_$fprintf_fprintf (/home/runner/work/go2hx/go2hx/golibs/std_cpu.js line 39702 column 48)
Called from .stdgo__$internal_fmt_Fmt_$printf_printf (/home/runner/work/go2hx/go2hx/golibs/std_cpu.js line 42900 column 51)
Called from stdgo__$internal_testing_T_$common_$static_$extension.skipf (/home/runner/work/go2hx/go2hx/golibs/std_cpu.js line 55507 column 42)
Called from module at /home/runner/work/go2hx/go2hx/golibs/std_cpu.js:54955:58
Called from ._$internal_internal_cpu_$test_Cpu_$test_$musthavedebugoptionssupport_mustHaveDebugOptionsSupport (/home/runner/work/go2hx/go2hx/golibs/std_cpu.js line 14407 column 19)
Called from module at stdgo__$internal_testing_InternalTest._$internal_internal_cpu_$test_Cpu_$test_$testallcapabilitiesdisabled_testAllCapabilitiesDisabled [as f] (/home/runner/work/go2hx/go2hx/golibs/std_cpu.js:14413:2)
Called from stdgo__$internal_testing_M_$static_$extension.run (/home/runner/work/go2hx/go2hx/golibs/std_cpu.js line 54663 column 9)

-- FAIL: TestAllCapabilitiesDisabled

golibs/stdgo/_internal/testing/Testing_m_static_extension.hx:91: exitCode: 1 exitCodeReason: 
-- FAIL: TestAllCapabilitiesDisabled
