=== RUN  TestAuto
Exception: Null access .underlying
Called from go._Pointer.$Pointer_Impl_.equals (go/Pointer.hx line 47)
Called from go._internal.sync.atomic_.$Pointer__static_extension.compareAndSwap__tp__0 (go/_internal/sync/atomic_/Atomic__pointer__static_extension.hx line 9)
Called from go._internal.math.rand._Rand__globalrand.$Rand__globalrand_Fields_._globalRand (go/_internal/math/rand/Rand__globalrand.hx line 28)
Called from go._internal.math.rand._Rand_int63.$Rand_int63_Fields_.int63 (go/_internal/math/rand/Rand_int63.hx line 6)
Called from _internal.math.rand_test._Rand_test_testauto.$Rand_test_testauto_Fields_.testAuto (_internal/math/rand_test/Rand_test_testauto.hx line 8)
Called from go._internal.testing.$M_static_extension.run (go/_internal/testing/Testing_m_static_extension.hx line 39)
Called from _internal.math.randdottest._Randdottest.$Randdottest_Fields_.main (_internal/math/randdottest/Randdottest.hx line 45)

-- FAIL: TestAuto

=== RUN  TestDefaultRace
skipping starting another executable in short mode
Exception: __skip__
Called from go._internal.testing.$T_common_static_extension.skipNow (go/_internal/testing/Testing_t_common_static_extension.hx line 40)
Called from go._internal.testing.$T_common_static_extension.skip (go/_internal/testing/Testing_t_common_static_extension.hx line 52)
Called from go._internal.testing.T_.~get_skip.0 (go/_internal/testing/Testing_t_.hx line 80)
Called from _internal.math.rand_test._Rand_test_testdefaultrace.$Rand_test_testdefaultrace_Fields_.testDefaultRace (_internal/math/rand_test/Rand_test_testdefaultrace.hx line 6)
Called from go._internal.testing.$M_static_extension.run (go/_internal/testing/Testing_m_static_extension.hx line 39)
Called from _internal.math.randdottest._Randdottest.$Randdottest_Fields_.main (_internal/math/randdottest/Randdottest.hx line 45)

-- SKIP: TestDefaultRace

-- PASS: TestDefaultRace

=== RUN  TestConcurrent
-- SKIP: testConcurrent

-- PASS: TestConcurrent

=== RUN  TestStandardNormalValues

-- PASS: TestStandardNormalValues

=== RUN  TestNonStandardNormalValues

-- PASS: TestNonStandardNormalValues

=== RUN  TestStandardExponentialValues
mean NaN != 1 (allowed error 0.1, 0.2)
mean NaN != 1 (allowed error 0.1, 0.2)
mean NaN != 1 (allowed error 0.1, 0.2)
mean NaN != 1 (allowed error 0.1, 0.2)
mean NaN != 1 (allowed error 0.1, 0.2)
mean NaN != 1 (allowed error 0.1, 0.2)
stddev 1.4634085112097452 != 1 (allowed error 0.1, 0.2)
stddev 1.4634085112097452 != 1 (allowed error 0.1, 0.2)
mean NaN != 1 (allowed error 0.1, 0.2)
mean NaN != 1 (allowed error 0.1, 0.2)
mean NaN != 1 (allowed error 0.1, 0.2)
mean NaN != 1 (allowed error 0.1, 0.2)
stddev 1.2603380040429946 != 1 (allowed error 0.1, 0.2)
stddev 1.2603380040429946 != 1 (allowed error 0.1, 0.2)
stddev 1.2565857361520778 != 1 (allowed error 0.1, 0.2)
stddev 1.2565857361520778 != 1 (allowed error 0.1, 0.2)
stddev 1.2719968038032554 != 1 (allowed error 0.1, 0.2)
stddev 1.2719968038032554 != 1 (allowed error 0.1, 0.2)
mean NaN != 1 (allowed error 0.1, 0.2)
mean NaN != 1 (allowed error 0.1, 0.2)
mean NaN != 1 (allowed error 0.1, 0.2)
mean NaN != 1 (allowed error 0.1, 0.2)
mean NaN != 1 (allowed error 0.1, 0.2)
mean NaN != 1 (allowed error 0.1, 0.2)
mean NaN != 1 (allowed error 0.1, 0.2)
mean NaN != 1 (allowed error 0.1, 0.2)
stddev 1.2697940105238328 != 1 (allowed error 0.1, 0.2)
stddev 1.2697940105238328 != 1 (allowed error 0.1, 0.2)
mean NaN != 1 (allowed error 0.1, 0.2)
mean NaN != 1 (allowed error 0.1, 0.2)
mean NaN != 1 (allowed error 0.1, 0.2)
mean NaN != 1 (allowed error 0.1, 0.2)
mean NaN != 1 (allowed error 0.1, 0.2)
mean NaN != 1 (allowed error 0.1, 0.2)
mean NaN != 1 (allowed error 0.1, 0.2)
mean NaN != 1 (allowed error 0.1, 0.2)
mean NaN != 1 (allowed error 0.1, 0.2)
mean NaN != 1 (allowed error 0.1, 0.2)
mean NaN != 1 (allowed error 0.1, 0.2)
mean NaN != 1 (allowed error 0.1, 0.2)
stddev 1.2827510063782177 != 1 (allowed error 0.1, 0.2)
stddev 1.2827510063782177 != 1 (allowed error 0.1, 0.2)
mean NaN != 1 (allowed error 0.1, 0.2)
mean NaN != 1 (allowed error 0.1, 0.2)
mean NaN != 1 (allowed error 0.1, 0.2)
mean NaN != 1 (allowed error 0.1, 0.2)

-- FAIL: TestStandardExponentialValues

=== RUN  TestNonStandardExponentialValues
mean NaN != 20 (allowed error 2, 4)
mean NaN != 20 (allowed error 2, 4)
mean NaN != 20 (allowed error 2, 4)
mean NaN != 20 (allowed error 2, 4)
mean NaN != 20 (allowed error 2, 4)
mean NaN != 20 (allowed error 2, 4)
mean NaN != 10 (allowed error 1, 2)
mean NaN != 10 (allowed error 1, 2)
mean NaN != 10 (allowed error 1, 2)
mean NaN != 10 (allowed error 1, 2)
mean NaN != 10 (allowed error 1, 2)
mean NaN != 10 (allowed error 1, 2)
mean NaN != 5 (allowed error 0.5, 1)
mean NaN != 5 (allowed error 0.5, 1)
mean NaN != 5 (allowed error 0.5, 1)
mean NaN != 5 (allowed error 0.5, 1)
mean NaN != 5 (allowed error 0.5, 1)
mean NaN != 5 (allowed error 0.5, 1)
mean NaN != 2.5 (allowed error 0.25, 0.5)
mean NaN != 2.5 (allowed error 0.25, 0.5)
mean NaN != 2.5 (allowed error 0.25, 0.5)
mean NaN != 2.5 (allowed error 0.25, 0.5)
mean NaN != 2.5 (allowed error 0.25, 0.5)
mean NaN != 2.5 (allowed error 0.25, 0.5)
mean NaN != 1.25 (allowed error 0.125, 0.25)
mean NaN != 1.25 (allowed error 0.125, 0.25)
mean NaN != 1.25 (allowed error 0.125, 0.25)
mean NaN != 1.25 (allowed error 0.125, 0.25)
mean NaN != 1.25 (allowed error 0.125, 0.25)
mean NaN != 1.25 (allowed error 0.125, 0.25)
stddev 1.82926063901218 != 1.25 (allowed error 0.125, 0.25)
stddev 1.82926063901218 != 1.25 (allowed error 0.125, 0.25)
mean NaN != 0.625 (allowed error 0.1, 0.2)
mean NaN != 0.625 (allowed error 0.1, 0.2)
mean NaN != 0.625 (allowed error 0.1, 0.2)
mean NaN != 0.625 (allowed error 0.1, 0.2)
mean NaN != 0.625 (allowed error 0.1, 0.2)
mean NaN != 0.625 (allowed error 0.1, 0.2)
stddev 0.91463031950609 != 0.625 (allowed error 0.1, 0.2)
stddev 0.91463031950609 != 0.625 (allowed error 0.1, 0.2)
mean NaN != 0.3125 (allowed error 0.1, 0.2)
mean NaN != 0.3125 (allowed error 0.1, 0.2)
mean NaN != 0.3125 (allowed error 0.1, 0.2)
mean NaN != 0.3125 (allowed error 0.1, 0.2)
mean NaN != 0.3125 (allowed error 0.1, 0.2)
mean NaN != 0.3125 (allowed error 0.1, 0.2)
stddev 0.457315159753045 != 0.3125 (allowed error 0.1, 0.2)
stddev 0.457315159753045 != 0.3125 (allowed error 0.1, 0.2)
mean NaN != 0.15625 (allowed error 0.1, 0.2)
mean NaN != 0.15625 (allowed error 0.1, 0.2)
mean NaN != 0.15625 (allowed error 0.1, 0.2)
mean NaN != 0.15625 (allowed error 0.1, 0.2)
mean NaN != 0.15625 (allowed error 0.1, 0.2)
mean NaN != 0.15625 (allowed error 0.1, 0.2)

-- FAIL: TestNonStandardExponentialValues

=== RUN  TestNormTables
Exception: Can't cast hl.types.ArrayDyn to hl.types.ArrayBytes_hl_F32
Called from _internal.math.rand_test._Rand_test_testnormtables.$Rand_test_testnormtables_Fields_.testNormTables (_internal/math/rand_test/Rand_test_testnormtables.hx line 14)
Called from go._internal.testing.$M_static_extension.run (go/_internal/testing/Testing_m_static_extension.hx line 39)
Called from _internal.math.randdottest._Randdottest.$Randdottest_Fields_.main (_internal/math/randdottest/Randdottest.hx line 45)

-- FAIL: TestNormTables

=== RUN  TestExpTables
ke disagrees at index 0; 3801129273 != 2147483648
Exception: Can't cast hl.types.ArrayDyn to hl.types.ArrayBytes_hl_F32
Called from _internal.math.rand_test._Rand_test_testexptables.$Rand_test_testexptables_Fields_.testExpTables (_internal/math/rand_test/Rand_test_testexptables.hx line 14)
Called from go._internal.testing.$M_static_extension.run (go/_internal/testing/Testing_m_static_extension.hx line 39)
Called from _internal.math.randdottest._Randdottest.$Randdottest_Fields_.main (_internal/math/randdottest/Randdottest.hx line 45)

-- FAIL: TestExpTables

=== RUN  TestFloat32
-- SKIP: testFloat32

-- PASS: TestFloat32

=== RUN  TestReadUniformity

-- PASS: TestReadUniformity

=== RUN  TestReadEmpty

-- PASS: TestReadEmpty

=== RUN  TestReadByOneByte

-- PASS: TestReadByOneByte

=== RUN  TestReadSeedReset

-- PASS: TestReadSeedReset

=== RUN  TestShuffleSmall

-- PASS: TestShuffleSmall

=== RUN  TestUniformFactorial
- SUBRUN  n=3
- SUBRUN  Int31n
- SUBRUN  int31n
- SUBRUN  Perm
- SUBRUN  Shuffle

-- PASS: TestUniformFactorial

=== RUN  TestRegress
Exception: Value:reflect.method is not yet implemented
Called from go._internal.reflect.$Value_static_extension.method (go/_internal/reflect/Reflect_value_static_extension.hx line 375)
Called from _internal.math.rand_test._Rand_test_testregress.$Rand_test_testregress_Fields_.testRegress (_internal/math/rand_test/Rand_test_testregress.hx line 34)
Called from go._internal.testing.$M_static_extension.run (go/_internal/testing/Testing_m_static_extension.hx line 39)
Called from _internal.math.randdottest._Randdottest.$Randdottest_Fields_.main (_internal/math/randdottest/Randdottest.hx line 45)

-- FAIL: TestRegress

golibs/go/_internal/testing/Testing_m_static_extension.hx:97: exitCode: 1 exitCodeReason: 
-- FAIL: TestRegress
