=== RUN  TestExpand
Exception: :os.expand is not yet implemented
Called from go._internal.os._Os_expand.$Os_expand_Fields_.expand (go/_internal/os/Os_expand.hx line 2)
Called from _internal.os_test._Os_test_testexpand.$Os_test_testexpand_Fields_.testExpand (_internal/os_test/Os_test_testexpand.hx line 5)
Called from go._internal.testing.$M_static_extension.run (go/_internal/testing/Testing_m_static_extension.hx line 39)
Called from _internal.os_test._Os_test_testmain.$Os_test_testmain_Fields_.testMain (_internal/os_test/Os_test_testmain.hx line 13)
Called from _internal.osdottest._Osdottest.$Osdottest_Fields_.main (_internal/osdottest/Osdottest.hx line 140)

-- FAIL: TestExpand

=== RUN  TestConsistentEnviron

-- PASS: TestConsistentEnviron

=== RUN  TestUnsetenv
Exception: :os.setenv is not yet implemented
Called from go._internal.os._Os_setenv.$Os_setenv_Fields_.setenv (go/_internal/os/Os_setenv.hx line 2)
Called from _internal.os_test._Os_test_testunsetenv.$Os_test_testunsetenv_Fields_.testUnsetenv (_internal/os_test/Os_test_testunsetenv.hx line 19)
Called from go._internal.testing.$M_static_extension.run (go/_internal/testing/Testing_m_static_extension.hx line 39)
Called from _internal.os_test._Os_test_testmain.$Os_test_testmain_Fields_.testMain (_internal/os_test/Os_test_testmain.hx line 13)
Called from _internal.osdottest._Osdottest.$Osdottest_Fields_.main (_internal/osdottest/Osdottest.hx line 140)

-- FAIL: TestUnsetenv

=== RUN  TestClearenv
Exception: :os.setenv is not yet implemented
Called from _internal.os_test._Os_test_testclearenv.$Os_test_testclearenv_Fields_.testClearenv (_internal/os_test/Os_test_testclearenv.hx line 115)
Called from go._internal.testing.$M_static_extension.run (go/_internal/testing/Testing_m_static_extension.hx line 39)
Called from _internal.os_test._Os_test_testmain.$Os_test_testmain_Fields_.testMain (_internal/os_test/Os_test_testmain.hx line 13)
Called from _internal.osdottest._Osdottest.$Osdottest_Fields_.main (_internal/osdottest/Osdottest.hx line 140)

-- FAIL: TestClearenv

=== RUN  TestLookupEnv
Exception: :os.lookupEnv is not yet implemented
Called from _internal.os_test._Os_test_testlookupenv.$Os_test_testlookupenv_Fields_.testLookupEnv (_internal/os_test/Os_test_testlookupenv.hx line 80)
Called from go._internal.testing.$M_static_extension.run (go/_internal/testing/Testing_m_static_extension.hx line 39)
Called from _internal.os_test._Os_test_testmain.$Os_test_testmain_Fields_.testMain (_internal/os_test/Os_test_testmain.hx line 13)
Called from _internal.osdottest._Osdottest.$Osdottest_Fields_.main (_internal/osdottest/Osdottest.hx line 140)

-- FAIL: TestLookupEnv

=== RUN  TestEnvironConsistency

-- PASS: TestEnvironConsistency

=== RUN  TestErrIsExist
Open should have failed
Exception: __fail__
Called from _internal.os_test._Os_test_testerrisexist.$Os_test_testerrisexist_Fields_.testErrIsExist (_internal/os_test/Os_test_testerrisexist.hx line 95)
Called from go._internal.testing.$M_static_extension.run (go/_internal/testing/Testing_m_static_extension.hx line 39)
Called from _internal.os_test._Os_test_testmain.$Os_test_testmain_Fields_.testMain (_internal/os_test/Os_test_testmain.hx line 13)
Called from _internal.osdottest._Osdottest.$Osdottest_Fields_.main (_internal/osdottest/Osdottest.hx line 140)

-- FAIL: TestErrIsExist

=== RUN  TestErrIsNotExist
Open should have failed
Exception: __fail__
Called from go._internal.testing.$T_common_static_extension.failNow (go/_internal/testing/Testing_t_common_static_extension.hx line 94)
Called from go._internal.testing.$T_common_static_extension.fatal (go/_internal/testing/Testing_t_common_static_extension.hx line 64)
Called from go._internal.testing.T_.~get_fatal.0 (go/_internal/testing/Testing_t_.hx line 50)
Called from _internal.os_test._Os_test_testerrisnotexist.$Os_test_testerrisnotexist_Fields_.testErrIsNotExist (_internal/os_test/Os_test_testerrisnotexist.hx line 10)
Called from go._internal.testing.$M_static_extension.run (go/_internal/testing/Testing_m_static_extension.hx line 39)
Called from _internal.os_test._Os_test_testmain.$Os_test_testmain_Fields_.testMain (_internal/os_test/Os_test_testmain.hx line 13)
Called from _internal.osdottest._Osdottest.$Osdottest_Fields_.main (_internal/osdottest/Osdottest.hx line 140)

-- FAIL: TestErrIsNotExist

=== RUN  TestIsExist
Exception: :os.isExist is not yet implemented
Called from go._internal.os._Os_isexist.$Os_isexist_Fields_.isExist (go/_internal/os/Os_isexist.hx line 2)
Called from _internal.os_test._Os_test_testisexist.$Os_test_testisexist_Fields_.testIsExist (_internal/os_test/Os_test_testisexist.hx line 7)
Called from go._internal.testing.$M_static_extension.run (go/_internal/testing/Testing_m_static_extension.hx line 39)
Called from _internal.os_test._Os_test_testmain.$Os_test_testmain_Fields_.testMain (_internal/os_test/Os_test_testmain.hx line 13)
Called from _internal.osdottest._Osdottest.$Osdottest_Fields_.main (_internal/osdottest/Osdottest.hx line 140)

-- FAIL: TestIsExist

=== RUN  TestIsPermission
Exception: :os.isPermission is not yet implemented
Called from go._internal.os._Os_ispermission.$Os_ispermission_Fields_.isPermission (go/_internal/os/Os_ispermission.hx line 2)
Called from _internal.os_test._Os_test_testispermission.$Os_test_testispermission_Fields_.testIsPermission (_internal/os_test/Os_test_testispermission.hx line 7)
Called from go._internal.testing.$M_static_extension.run (go/_internal/testing/Testing_m_static_extension.hx line 39)
Called from _internal.os_test._Os_test_testmain.$Os_test_testmain_Fields_.testMain (_internal/os_test/Os_test_testmain.hx line 13)
Called from _internal.osdottest._Osdottest.$Osdottest_Fields_.main (_internal/osdottest/Osdottest.hx line 140)

-- FAIL: TestIsPermission

=== RUN  TestErrPathNUL
TempFile should have failed
Exception: __fail__
Called from _internal.os_test._Os_test_testerrpathnul.$Os_test_testerrpathnul_Fields_.testErrPathNUL (_internal/os_test/Os_test_testerrpathnul.hx line 116)
Called from go._internal.testing.$M_static_extension.run (go/_internal/testing/Testing_m_static_extension.hx line 39)
Called from _internal.os_test._Os_test_testmain.$Os_test_testmain_Fields_.testMain (_internal/os_test/Os_test_testmain.hx line 13)
Called from _internal.osdottest._Osdottest.$Osdottest_Fields_.main (_internal/osdottest/Osdottest.hx line 140)

-- FAIL: TestErrPathNUL

=== RUN  TestPathErrorUnwrap

-- PASS: TestPathErrorUnwrap

=== RUN  TestErrorIsMethods
Exception: :os.isPermission is not yet implemented
Called from go._internal.os._Os_ispermission.$Os_ispermission_Fields_.isPermission (go/_internal/os/Os_ispermission.hx line 2)
Called from _internal.os_test._Os_test_testerrorismethods.$Os_test_testerrorismethods_Fields_.testErrorIsMethods (_internal/os_test/Os_test_testerrorismethods.hx line 4)
Called from go._internal.testing.$M_static_extension.run (go/_internal/testing/Testing_m_static_extension.hx line 39)
Called from _internal.os_test._Os_test_testmain.$Os_test_testmain_Fields_.testMain (_internal/os_test/Os_test_testmain.hx line 13)
Called from _internal.osdottest._Osdottest.$Osdottest_Fields_.main (_internal/osdottest/Osdottest.hx line 140)

-- FAIL: TestErrorIsMethods

=== RUN  TestExecutable
Exception: :os.executable is not yet implemented
Called from go._internal.os._Os_executable.$Os_executable_Fields_.executable (go/_internal/os/Os_executable.hx line 2)
Called from go._internal.internal.testenv._Testenv__tryexec.$Testenv__tryexec_Fields_._tryExec (go/_internal/internal/testenv/Testenv__tryexec.hx line 30)
Called from go._internal.internal.testenv._Testenv_musthaveexec.$Testenv_musthaveexec_Fields_.~mustHaveExec.0 (go/_internal/internal/testenv/Testenv_musthaveexec.hx line 19)
Called from go._internal.sync.$Once_static_extension.do_ (go/_internal/sync/Sync_once_static_extension.hx line 11)
Called from go._internal.internal.testenv._Testenv_musthaveexec.$Testenv_musthaveexec_Fields_.mustHaveExec (go/_internal/internal/testenv/Testenv_musthaveexec.hx line 18)
Called from _internal.os_test._Os_test_testexecutable.$Os_test_testexecutable_Fields_.testExecutable (_internal/os_test/Os_test_testexecutable.hx line 4)
Called from go._internal.testing.$M_static_extension.run (go/_internal/testing/Testing_m_static_extension.hx line 39)
Called from _internal.os_test._Os_test_testmain.$Os_test_testmain_Fields_.testMain (_internal/os_test/Os_test_testmain.hx line 13)
Called from _internal.osdottest._Osdottest.$Osdottest_Fields_.main (_internal/osdottest/Osdottest.hx line 140)

-- FAIL: TestExecutable

=== RUN  TestExecutableDeleted
skipping test: 'go build' unavailable: <nil>Exception: __skip__
Called from go._internal.testing.$T_common_static_extension.skipNow (go/_internal/testing/Testing_t_common_static_extension.hx line 40)
Called from go._internal.testing.$T_common_static_extension.skipf (go/_internal/testing/Testing_t_common_static_extension.hx line 46)
Called from go._internal.testing.T_.~get_skipf.0 (go/_internal/testing/Testing_t_.hx line 90)
Called from go._internal.testing.T__asInterface.skipf (go/_internal/testing/Testing_t__asinterface.hx line 48)
Called from go._internal.internal.testenv._Testenv_musthavegobuild.$Testenv_musthavegobuild_Fields_.mustHaveGoBuild (go/_internal/internal/testenv/Testenv_musthavegobuild.hx line 29)
Called from _internal.os_test._Os_test_testexecutabledeleted.$Os_test_testexecutabledeleted_Fields_.testExecutableDeleted (_internal/os_test/Os_test_testexecutabledeleted.hx line 4)
Called from go._internal.testing.$M_static_extension.run (go/_internal/testing/Testing_m_static_extension.hx line 39)
Called from _internal.os_test._Os_test_testmain.$Os_test_testmain_Fields_.testMain (_internal/os_test/Os_test_testmain.hx line 13)
Called from _internal.osdottest._Osdottest.$Osdottest_Fields_.main (_internal/osdottest/Osdottest.hx line 140)

-- SKIP: TestExecutableDeleted

-- PASS: TestExecutableDeleted

=== RUN  TestStat
name should be  group ; is /etc/group
open failed: Exception: SysError(Can't open /etc/group for update)
Called from sys.io.$File.update (/home/runner/haxe/versions/b0b2997/std/hl/_std/sys/io/File.hx line 87)
Called from go._internal.os._Os_openfile.$Os_openfile_Fields_.openFile (go/_internal/os/Os_openfile.hx line 11)
Called from go._internal.os._Os_open.$Os_open_Fields_.open (go/_internal/os/Os_open.hx line 3)
Called from _internal.os_test._Os_test__size.$Os_test__size_Fields_._size (_internal/os_test/Os_test__size.hx line 5)
Called from _internal.os_test._Os_test_teststat.$Os_test_teststat_Fields_.testStat (_internal/os_test/Os_test_teststat.hx line 24)
Called from go._internal.testing.$M_static_extension.run (go/_internal/testing/Testing_m_static_extension.hx line 39)
Called from _internal.os_test._Os_test_testmain.$Os_test_testmain_Fields_.testMain (_internal/os_test/Os_test_testmain.hx line 13)
Called from _internal.osdottest._Osdottest.$Osdottest_Fields_.main (_internal/osdottest/Osdottest.hx line 140)
Exception: __fail__
Called from _internal.os_test._Os_test__size.$Os_test__size_Fields_._size (_internal/os_test/Os_test__size.hx line 110)
Called from _internal.os_test._Os_test_teststat.$Os_test_teststat_Fields_.testStat (_internal/os_test/Os_test_teststat.hx line 24)
Called from go._internal.testing.$M_static_extension.run (go/_internal/testing/Testing_m_static_extension.hx line 39)
Called from _internal.os_test._Os_test_testmain.$Os_test_testmain_Fields_.testMain (_internal/os_test/Os_test_testmain.hx line 13)
Called from _internal.osdottest._Osdottest.$Osdottest_Fields_.main (_internal/osdottest/Osdottest.hx line 140)

-- FAIL: TestStat

=== RUN  TestStatError
got *.errors.errorString, want *.io.fs.PathError
Exception: :os.symlink is not yet implemented
Called from _internal.os_test._Os_test_teststaterror.$Os_test_teststaterror_Fields_.testStatError (_internal/os_test/Os_test_teststaterror.hx line 166)
Called from go._internal.testing.$M_static_extension.run (go/_internal/testing/Testing_m_static_extension.hx line 39)
Called from _internal.os_test._Os_test_testmain.$Os_test_testmain_Fields_.testMain (_internal/os_test/Os_test_testmain.hx line 13)
Called from _internal.osdottest._Osdottest.$Osdottest_Fields_.main (_internal/osdottest/Osdottest.hx line 140)

-- FAIL: TestStatError

=== RUN  TestStatSymlinkLoop
Exception: :os.symlink is not yet implemented
Called from _internal.os_test._Os_test_teststatsymlinkloop.$Os_test_teststatsymlinkloop_Fields_.testStatSymlinkLoop (_internal/os_test/Os_test_teststatsymlinkloop.hx line 132)
Called from go._internal.testing.$M_static_extension.run (go/_internal/testing/Testing_m_static_extension.hx line 39)
Called from _internal.os_test._Os_test_testmain.$Os_test_testmain_Fields_.testMain (_internal/os_test/Os_test_testmain.hx line 13)
Called from _internal.osdottest._Osdottest.$Osdottest_Fields_.main (_internal/osdottest/Osdottest.hx line 140)

-- FAIL: TestStatSymlinkLoop

=== RUN  TestFstat
open failed: Exception: SysError(Can't open /etc/group for update)
Called from sys.io.$File.update (/home/runner/haxe/versions/b0b2997/std/hl/_std/sys/io/File.hx line 87)
Called from go._internal.os._Os_openfile.$Os_openfile_Fields_.openFile (go/_internal/os/Os_openfile.hx line 11)
Called from go._internal.os._Os_open.$Os_open_Fields_.open (go/_internal/os/Os_open.hx line 3)
Called from _internal.os_test._Os_test_testfstat.$Os_test_testfstat_Fields_.testFstat (_internal/os_test/Os_test_testfstat.hx line 8)
Called from go._internal.testing.$M_static_extension.run (go/_internal/testing/Testing_m_static_extension.hx line 39)
Called from _internal.os_test._Os_test_testmain.$Os_test_testmain_Fields_.testMain (_internal/os_test/Os_test_testmain.hx line 13)
Called from _internal.osdottest._Osdottest.$Osdottest_Fields_.main (_internal/osdottest/Osdottest.hx line 140)
Exception: __fail__
Called from _internal.os_test._Os_test_testfstat.$Os_test_testfstat_Fields_.testFstat (_internal/os_test/Os_test_testfstat.hx line 97)
Called from go._internal.testing.$M_static_extension.run (go/_internal/testing/Testing_m_static_extension.hx line 39)
Called from _internal.os_test._Os_test_testmain.$Os_test_testmain_Fields_.testMain (_internal/os_test/Os_test_testmain.hx line 13)
Called from _internal.osdottest._Osdottest.$Osdottest_Fields_.main (_internal/osdottest/Osdottest.hx line 140)

-- FAIL: TestFstat

=== RUN  TestLstat
name should be  group ; is /etc/group
open failed: Exception: SysError(Can't open /etc/group for update)
Called from sys.io.$File.update (/home/runner/haxe/versions/b0b2997/std/hl/_std/sys/io/File.hx line 87)
Called from go._internal.os._Os_openfile.$Os_openfile_Fields_.openFile (go/_internal/os/Os_openfile.hx line 11)
Called from go._internal.os._Os_open.$Os_open_Fields_.open (go/_internal/os/Os_open.hx line 3)
Called from _internal.os_test._Os_test__size.$Os_test__size_Fields_._size (_internal/os_test/Os_test__size.hx line 5)
Called from _internal.os_test._Os_test_testlstat.$Os_test_testlstat_Fields_.testLstat (_internal/os_test/Os_test_testlstat.hx line 26)
Called from go._internal.testing.$M_static_extension.run (go/_internal/testing/Testing_m_static_extension.hx line 39)
Called from _internal.os_test._Os_test_testmain.$Os_test_testmain_Fields_.testMain (_internal/os_test/Os_test_testmain.hx line 13)
Called from _internal.osdottest._Osdottest.$Osdottest_Fields_.main (_internal/osdottest/Osdottest.hx line 140)
Exception: __fail__
Called from _internal.os_test._Os_test__size.$Os_test__size_Fields_._size (_internal/os_test/Os_test__size.hx line 110)
Called from _internal.os_test._Os_test_testlstat.$Os_test_testlstat_Fields_.testLstat (_internal/os_test/Os_test_testlstat.hx line 26)
Called from go._internal.testing.$M_static_extension.run (go/_internal/testing/Testing_m_static_extension.hx line 39)
Called from _internal.os_test._Os_test_testmain.$Os_test_testmain_Fields_.testMain (_internal/os_test/Os_test_testmain.hx line 13)
Called from _internal.osdottest._Osdottest.$Osdottest_Fields_.main (_internal/osdottest/Osdottest.hx line 140)

-- FAIL: TestLstat

=== RUN  TestRead0
open failed: Exception: SysError(Can't open /etc/group for update)
Called from sys.io.$File.update (/home/runner/haxe/versions/b0b2997/std/hl/_std/sys/io/File.hx line 87)
Called from go._internal.os._Os_openfile.$Os_openfile_Fields_.openFile (go/_internal/os/Os_openfile.hx line 11)
Called from go._internal.os._Os_open.$Os_open_Fields_.open (go/_internal/os/Os_open.hx line 3)
Called from _internal.os_test._Os_test_testread0.$Os_test_testread0_Fields_.testRead0 (_internal/os_test/Os_test_testread0.hx line 8)
Called from go._internal.testing.$M_static_extension.run (go/_internal/testing/Testing_m_static_extension.hx line 39)
Called from _internal.os_test._Os_test_testmain.$Os_test_testmain_Fields_.testMain (_internal/os_test/Os_test_testmain.hx line 13)
Called from _internal.osdottest._Osdottest.$Osdottest_Fields_.main (_internal/osdottest/Osdottest.hx line 140)
Exception: __fail__
Called from _internal.os_test._Os_test_testread0.$Os_test_testread0_Fields_.testRead0 (_internal/os_test/Os_test_testread0.hx line 105)
Called from go._internal.testing.$M_static_extension.run (go/_internal/testing/Testing_m_static_extension.hx line 39)
Called from _internal.os_test._Os_test_testmain.$Os_test_testmain_Fields_.testMain (_internal/os_test/Os_test_testmain.hx line 13)
Called from _internal.osdottest._Osdottest.$Osdottest_Fields_.main (_internal/osdottest/Osdottest.hx line 140)

-- FAIL: TestRead0

=== RUN  TestReadClosed
open failed: Exception: SysError(Can't open /etc/group for update)
Called from sys.io.$File.update (/home/runner/haxe/versions/b0b2997/std/hl/_std/sys/io/File.hx line 87)
Called from go._internal.os._Os_openfile.$Os_openfile_Fields_.openFile (go/_internal/os/Os_openfile.hx line 11)
Called from go._internal.os._Os_open.$Os_open_Fields_.open (go/_internal/os/Os_open.hx line 3)
Called from _internal.os_test._Os_test_testreadclosed.$Os_test_testreadclosed_Fields_.testReadClosed (_internal/os_test/Os_test_testreadclosed.hx line 6)
Called from go._internal.testing.$M_static_extension.run (go/_internal/testing/Testing_m_static_extension.hx line 39)
Called from _internal.os_test._Os_test_testmain.$Os_test_testmain_Fields_.testMain (_internal/os_test/Os_test_testmain.hx line 13)
Called from _internal.osdottest._Osdottest.$Osdottest_Fields_.main (_internal/osdottest/Osdottest.hx line 140)
Exception: __fail__
Called from go._internal.testing.$T_common_static_extension.failNow (go/_internal/testing/Testing_t_common_static_extension.hx line 94)
Called from go._internal.testing.$T_common_static_extension.fatal (go/_internal/testing/Testing_t_common_static_extension.hx line 64)
Called from go._internal.testing.T_.~get_fatal.0 (go/_internal/testing/Testing_t_.hx line 50)
Called from _internal.os_test._Os_test_testreadclosed.$Os_test_testreadclosed_Fields_.testReadClosed (_internal/os_test/Os_test_testreadclosed.hx line 10)
Called from go._internal.testing.$M_static_extension.run (go/_internal/testing/Testing_m_static_extension.hx line 39)
Called from _internal.os_test._Os_test_testmain.$Os_test_testmain_Fields_.testMain (_internal/os_test/Os_test_testmain.hx line 13)
Called from _internal.osdottest._Osdottest.$Osdottest_Fields_.main (_internal/osdottest/Osdottest.hx line 140)

-- FAIL: TestReadClosed

=== RUN  TestFileReaddirnames
- SUBRUN  .
- SUBRUN  sysdir
- SUBRUN  TempDir

-- PASS: TestFileReaddirnames

=== RUN  TestFileReaddir
- SUBRUN  .
Exception: File:os.readdir is not yet implemented
Called from _internal.os_test._Os_test__testreaddir.$Os_test__testreaddir_Fields_.~_testReaddir.0 (_internal/os_test/Os_test__testreaddir.hx line 120)
Called from go._internal.testing.$T__static_extension.run (go/_internal/testing/Testing_t__static_extension.hx line 13)
Called from _internal.os_test._Os_test_testfilereaddir.$Os_test_testfilereaddir_Fields_.testFileReaddir (_internal/os_test/Os_test_testfilereaddir.hx line 6)
Called from go._internal.testing.$M_static_extension.run (go/_internal/testing/Testing_m_static_extension.hx line 39)
Called from _internal.os_test._Os_test_testmain.$Os_test_testmain_Fields_.testMain (_internal/os_test/Os_test_testmain.hx line 13)
Called from _internal.osdottest._Osdottest.$Osdottest_Fields_.main (_internal/osdottest/Osdottest.hx line 140)

-- FAIL: TestFileReaddir

=== RUN  TestFileReadDir
- SUBRUN  .
Exception: File:os.readDir is not yet implemented
Called from _internal.os_test._Os_test__testreaddir.$Os_test__testreaddir_Fields_.~_testReadDir.0 (_internal/os_test/Os_test__testreaddir.hx line 295)
Called from go._internal.testing.$T__static_extension.run (go/_internal/testing/Testing_t__static_extension.hx line 13)
Called from _internal.os_test._Os_test_testfilereaddir.$Os_test_testfilereaddir_Fields_.testFileReadDir (_internal/os_test/Os_test_testfilereaddir.hx line 16)
Called from go._internal.testing.$M_static_extension.run (go/_internal/testing/Testing_m_static_extension.hx line 39)
Called from _internal.os_test._Os_test_testmain.$Os_test_testmain_Fields_.testMain (_internal/os_test/Os_test_testmain.hx line 13)
Called from _internal.osdottest._Osdottest.$Osdottest_Fields_.main (_internal/osdottest/Osdottest.hx line 140)

-- FAIL: TestFileReadDir

=== RUN  TestReaddirnamesOneAtATime
Exception: array out of bounds, index: 2148 length: 2148
Called from _internal.os_test._Os_test_testreaddirnamesoneatatime.$Os_test_testreaddirnamesoneatatime_Fields_.testReaddirnamesOneAtATime (_internal/os_test/Os_test_testreaddirnamesoneatatime.hx line 143)
Called from go._internal.testing.$M_static_extension.run (go/_internal/testing/Testing_m_static_extension.hx line 39)
Called from _internal.os_test._Os_test_testmain.$Os_test_testmain_Fields_.testMain (_internal/os_test/Os_test_testmain.hx line 13)
Called from _internal.osdottest._Osdottest.$Osdottest_Fields_.main (_internal/osdottest/Osdottest.hx line 140)

-- FAIL: TestReaddirnamesOneAtATime

=== RUN  TestReaddirNValues
test.short; skipping
Exception: __skip__
Called from go._internal.testing.$T_common_static_extension.skipNow (go/_internal/testing/Testing_t_common_static_extension.hx line 40)
Called from go._internal.testing.$T_common_static_extension.skip (go/_internal/testing/Testing_t_common_static_extension.hx line 52)
Called from go._internal.testing.T_.~get_skip.0 (go/_internal/testing/Testing_t_.hx line 80)
Called from _internal.os_test._Os_test_testreaddirnvalues.$Os_test_testreaddirnvalues_Fields_.testReaddirNValues (_internal/os_test/Os_test_testreaddirnvalues.hx line 6)
Called from go._internal.testing.$M_static_extension.run (go/_internal/testing/Testing_m_static_extension.hx line 39)
Called from _internal.os_test._Os_test_testmain.$Os_test_testmain_Fields_.testMain (_internal/os_test/Os_test_testmain.hx line 13)
Called from _internal.osdottest._Osdottest.$Osdottest_Fields_.main (_internal/osdottest/Osdottest.hx line 140)

-- SKIP: TestReaddirNValues

-- PASS: TestReaddirNValues

=== RUN  TestReaddirStatFailures
Exception: Null access .previous
Called from _internal.os_test._Os_test_testreaddirstatfailures.$Os_test_testreaddirstatfailures_Fields_.testReaddirStatFailures (_internal/os_test/Os_test_testreaddirstatfailures.hx line 254)
Called from go._internal.testing.$M_static_extension.run (go/_internal/testing/Testing_m_static_extension.hx line 39)
Called from _internal.os_test._Os_test_testmain.$Os_test_testmain_Fields_.testMain (_internal/os_test/Os_test_testmain.hx line 13)
Called from _internal.osdottest._Osdottest.$Osdottest_Fields_.main (_internal/osdottest/Osdottest.hx line 140)

-- FAIL: TestReaddirStatFailures

=== RUN  TestReaddirOfFile
golibs/go/_internal/reflect/Reflect_value_static_extension.hx:476: hasSet: false
Exception: errors: *target must be interface or implement error
Called from _internal.os_test._Os_test_testreaddiroffile.$Os_test_testreaddiroffile_Fields_.testReaddirOfFile (_internal/os_test/Os_test_testreaddiroffile.hx line 113)
Called from go._internal.testing.$M_static_extension.run (go/_internal/testing/Testing_m_static_extension.hx line 39)
Called from _internal.os_test._Os_test_testmain.$Os_test_testmain_Fields_.testMain (_internal/os_test/Os_test_testmain.hx line 13)
Called from _internal.osdottest._Osdottest.$Osdottest_Fields_.main (_internal/osdottest/Osdottest.hx line 140)

-- FAIL: TestReaddirOfFile

=== RUN  TestHardLink
skipping test: hardlinks are not supported on js/wasmException: __skip__
Called from _internal.os_test._Os_test_testhardlink.$Os_test_testhardlink_Fields_.testHardLink (_internal/os_test/Os_test_testhardlink.hx line 218)
Called from go._internal.testing.$M_static_extension.run (go/_internal/testing/Testing_m_static_extension.hx line 39)
Called from _internal.os_test._Os_test_testmain.$Os_test_testmain_Fields_.testMain (_internal/os_test/Os_test_testmain.hx line 13)
Called from _internal.osdottest._Osdottest.$Osdottest_Fields_.main (_internal/osdottest/Osdottest.hx line 140)

-- SKIP: TestHardLink

-- PASS: TestHardLink

=== RUN  TestSymlink
Exception: :os.symlink is not yet implemented
Called from _internal.os_test._Os_test_testsymlink.$Os_test_testsymlink_Fields_.testSymlink (_internal/os_test/Os_test_testsymlink.hx line 224)
Called from go._internal.testing.$M_static_extension.run (go/_internal/testing/Testing_m_static_extension.hx line 39)
Called from _internal.os_test._Os_test_testmain.$Os_test_testmain_Fields_.testMain (_internal/os_test/Os_test_testmain.hx line 13)
Called from _internal.osdottest._Osdottest.$Osdottest_Fields_.main (_internal/osdottest/Osdottest.hx line 140)

-- FAIL: TestSymlink

=== RUN  TestLongSymlink
Exception: :os.symlink is not yet implemented
Called from _internal.os_test._Os_test_testlongsymlink.$Os_test_testlongsymlink_Fields_.testLongSymlink (_internal/os_test/Os_test_testlongsymlink.hx line 93)
Called from go._internal.testing.$M_static_extension.run (go/_internal/testing/Testing_m_static_extension.hx line 39)
Called from _internal.os_test._Os_test_testmain.$Os_test_testmain_Fields_.testMain (_internal/os_test/Os_test_testmain.hx line 13)
Called from _internal.osdottest._Osdottest.$Osdottest_Fields_.main (_internal/osdottest/Osdottest.hx line 140)

-- FAIL: TestLongSymlink

=== RUN  TestRename
Exception: :os.rename is not yet implemented
Called from _internal.os_test._Os_test_testrename.$Os_test_testrename_Fields_.testRename (_internal/os_test/Os_test_testrename.hx line 116)
Called from go._internal.testing.$M_static_extension.run (go/_internal/testing/Testing_m_static_extension.hx line 39)
Called from _internal.os_test._Os_test_testmain.$Os_test_testmain_Fields_.testMain (_internal/os_test/Os_test_testmain.hx line 13)
Called from _internal.osdottest._Osdottest.$Osdottest_Fields_.main (_internal/osdottest/Osdottest.hx line 140)

-- FAIL: TestRename

=== RUN  TestRenameOverwriteDest
write file "renameto" failed: writeFile renameto: no such file or directoryException: __fail__
Called from _internal.os_test._Os_test_testrenameoverwritedest.$Os_test_testrenameoverwritedest_Fields_.testRenameOverwriteDest (_internal/os_test/Os_test_testrenameoverwritedest.hx line 139)
Called from go._internal.testing.$M_static_extension.run (go/_internal/testing/Testing_m_static_extension.hx line 39)
Called from _internal.os_test._Os_test_testmain.$Os_test_testmain_Fields_.testMain (_internal/os_test/Os_test_testmain.hx line 13)
Called from _internal.osdottest._Osdottest.$Osdottest_Fields_.main (_internal/osdottest/Osdottest.hx line 140)

-- FAIL: TestRenameOverwriteDest

=== RUN  TestRenameFailed
Exception: :os.rename is not yet implemented
Called from _internal.os_test._Os_test_testrenamefailed.$Os_test_testrenamefailed_Fields_.testRenameFailed (_internal/os_test/Os_test_testrenamefailed.hx line 111)
Called from go._internal.testing.$M_static_extension.run (go/_internal/testing/Testing_m_static_extension.hx line 39)
Called from _internal.os_test._Os_test_testmain.$Os_test_testmain_Fields_.testMain (_internal/os_test/Os_test_testmain.hx line 13)
Called from _internal.osdottest._Osdottest.$Osdottest_Fields_.main (_internal/osdottest/Osdottest.hx line 140)

-- FAIL: TestRenameFailed

=== RUN  TestRenameNotExisting
Exception: :os.rename is not yet implemented
Called from _internal.os_test._Os_test_testrenamenotexisting.$Os_test_testrenamenotexisting_Fields_.testRenameNotExisting (_internal/os_test/Os_test_testrenamenotexisting.hx line 76)
Called from go._internal.testing.$M_static_extension.run (go/_internal/testing/Testing_m_static_extension.hx line 39)
Called from _internal.os_test._Os_test_testmain.$Os_test_testmain_Fields_.testMain (_internal/os_test/Os_test_testmain.hx line 13)
Called from _internal.osdottest._Osdottest.$Osdottest_Fields_.main (_internal/osdottest/Osdottest.hx line 140)

-- FAIL: TestRenameNotExisting

=== RUN  TestRenameToDirFailed
Exception: :os.rename is not yet implemented
Called from _internal.os_test._Os_test_testrenametodirfailed.$Os_test_testrenametodirfailed_Fields_.testRenameToDirFailed (_internal/os_test/Os_test_testrenametodirfailed.hx line 115)
Called from go._internal.testing.$M_static_extension.run (go/_internal/testing/Testing_m_static_extension.hx line 39)
Called from _internal.os_test._Os_test_testmain.$Os_test_testmain_Fields_.testMain (_internal/os_test/Os_test_testmain.hx line 13)
Called from _internal.osdottest._Osdottest.$Osdottest_Fields_.main (_internal/osdottest/Osdottest.hx line 140)

-- FAIL: TestRenameToDirFailed

=== RUN  TestRenameCaseDifference
- SUBRUN  dir
Exception: :os.isNotExist is not yet implemented
Called from _internal.os_test._Os_test_testrenamecasedifference.$Os_test_testrenamecasedifference_Fields_.~testRenameCaseDifference.4 (_internal/os_test/Os_test_testrenamecasedifference.hx line 165)
Called from go._internal.testing.$T__static_extension.run (go/_internal/testing/Testing_t__static_extension.hx line 13)
Called from _internal.os_test._Os_test_testrenamecasedifference.$Os_test_testrenamecasedifference_Fields_.testRenameCaseDifference (_internal/os_test/Os_test_testrenamecasedifference.hx line 21)
Called from go._internal.testing.$M_static_extension.run (go/_internal/testing/Testing_m_static_extension.hx line 39)
Called from _internal.os_test._Os_test_testmain.$Os_test_testmain_Fields_.testMain (_internal/os_test/Os_test_testmain.hx line 13)
Called from _internal.osdottest._Osdottest.$Osdottest_Fields_.main (_internal/osdottest/Osdottest.hx line 140)

-- FAIL: TestRenameCaseDifference

=== RUN  TestStartProcess
golibs/go/_internal/os/exec/Exec_lookpath.hx:5: funclit
Exception: not implemented: lookPath
Called from go._internal.os.exec._Exec_lookpath.$Exec_lookpath_Fields_.lookPath (go/_internal/os/exec/Exec_lookpath.hx line 6)
Called from _internal.os_test._Os_test_teststartprocess.$Os_test_teststartprocess_Fields_.testStartProcess (_internal/os_test/Os_test_teststartprocess.hx line 22)
Called from go._internal.testing.$M_static_extension.run (go/_internal/testing/Testing_m_static_extension.hx line 39)
Called from _internal.os_test._Os_test_testmain.$Os_test_testmain_Fields_.testMain (_internal/os_test/Os_test_testmain.hx line 13)
Called from _internal.osdottest._Osdottest.$Osdottest_Fields_.main (_internal/osdottest/Osdottest.hx line 140)

-- FAIL: TestStartProcess

=== RUN  TestChmod
Stat "/tmp/tmpfile_": mode 0100302 want 0456
Exception: File:os.chmod is not yet implemented
Called from _internal.os_test._Os_test_testchmod.$Os_test_testchmod_Fields_.testChmod (_internal/os_test/Os_test_testchmod.hx line 114)
Called from go._internal.testing.$M_static_extension.run (go/_internal/testing/Testing_m_static_extension.hx line 39)
Called from _internal.os_test._Os_test_testmain.$Os_test_testmain_Fields_.testMain (_internal/os_test/Os_test_testmain.hx line 13)
Called from _internal.osdottest._Osdottest.$Osdottest_Fields_.main (_internal/osdottest/Osdottest.hx line 140)

-- FAIL: TestChmod

=== RUN  TestFTruncate
Stat "/tmp/tmpfile_": size 0 want 13
Stat "/tmp/tmpfile_": size 0 want 10
Exception: OutsideBounds
Called from _internal.os_test._Os_test_testftruncate.$Os_test_testftruncate_Fields_.testFTruncate (_internal/os_test/Os_test_testftruncate.hx line 89)
Called from go._internal.testing.$M_static_extension.run (go/_internal/testing/Testing_m_static_extension.hx line 39)
Called from _internal.os_test._Os_test_testmain.$Os_test_testmain_Fields_.testMain (_internal/os_test/Os_test_testmain.hx line 13)
Called from _internal.osdottest._Osdottest.$Osdottest_Fields_.main (_internal/osdottest/Osdottest.hx line 140)

-- FAIL: TestFTruncate

=== RUN  TestTruncate
Stat "/tmp/tmpfile_": size 0 want 13
golibs/go/_internal/os/Os_truncate.hx:3: os.truncate not implemented
Stat "/tmp/tmpfile_": size 0 want 10
golibs/go/_internal/os/Os_truncate.hx:3: os.truncate not implemented
Stat "/tmp/tmpfile_": size 0 want 1024
golibs/go/_internal/os/Os_truncate.hx:3: os.truncate not implemented
Stat "/tmp/tmpfile_": size 0 want 22

-- FAIL: TestTruncate

=== RUN  TestTruncateNonexistentFile
golibs/go/_internal/os/Os_truncate.hx:3: os.truncate not implemented
got error: <nil>
want an ErrNotExist PathError with path "tmpdir_/nonexistent"
got error: readFile tmpdir_/nonexistent: no such file or directory
want an ErrNotExist PathError with path "tmpdir_/nonexistent"

-- FAIL: TestTruncateNonexistentFile

=== RUN  TestChtimes
Exception: Null access
Called from _internal.os_test._Os_test_testchtimes.$Os_test_testchtimes_Fields_.testChtimes (_internal/os_test/Os_test_testchtimes.hx line 67)
Called from go._internal.testing.$M_static_extension.run (go/_internal/testing/Testing_m_static_extension.hx line 39)
Called from _internal.os_test._Os_test_testmain.$Os_test_testmain_Fields_.testMain (_internal/os_test/Os_test_testmain.hx line 13)
Called from _internal.osdottest._Osdottest.$Osdottest_Fields_.main (_internal/osdottest/Osdottest.hx line 140)

-- FAIL: TestChtimes

=== RUN  TestChtimesWithZeroTimes
Exception: Null access
Called from _internal.os_test._Os_test_testchtimeswithzerotimes.$Os_test_testchtimeswithzerotimes_Fields_.testChtimesWithZeroTimes (_internal/os_test/Os_test_testchtimeswithzerotimes.hx line 228)
Called from go._internal.testing.$M_static_extension.run (go/_internal/testing/Testing_m_static_extension.hx line 39)
Called from _internal.os_test._Os_test_testmain.$Os_test_testmain_Fields_.testMain (_internal/os_test/Os_test_testmain.hx line 13)
Called from _internal.osdottest._Osdottest.$Osdottest_Fields_.main (_internal/osdottest/Osdottest.hx line 140)

-- FAIL: TestChtimesWithZeroTimes

=== RUN  TestChtimesDir
Exception: Null access
Called from _internal.os_test._Os_test_testchtimesdir.$Os_test_testchtimesdir_Fields_.testChtimesDir (_internal/os_test/Os_test_testchtimesdir.hx line 63)
Called from go._internal.testing.$M_static_extension.run (go/_internal/testing/Testing_m_static_extension.hx line 39)
Called from _internal.os_test._Os_test_testmain.$Os_test_testmain_Fields_.testMain (_internal/os_test/Os_test_testmain.hx line 13)
Called from _internal.osdottest._Osdottest.$Osdottest_Fields_.main (_internal/osdottest/Osdottest.hx line 140)

-- FAIL: TestChtimesDir

=== RUN  TestChtimesToUnixZero
Exception: :os.chtimes is not yet implemented
Called from _internal.os_test._Os_test_testchtimestounixzero.$Os_test_testchtimestounixzero_Fields_.testChtimesToUnixZero (_internal/os_test/Os_test_testchtimestounixzero.hx line 127)
Called from go._internal.testing.$M_static_extension.run (go/_internal/testing/Testing_m_static_extension.hx line 39)
Called from _internal.os_test._Os_test_testmain.$Os_test_testmain_Fields_.testMain (_internal/os_test/Os_test_testmain.hx line 13)
Called from _internal.osdottest._Osdottest.$Osdottest_Fields_.main (_internal/osdottest/Osdottest.hx line 140)

-- FAIL: TestChtimesToUnixZero

=== RUN  TestFileChdir
Exception: File:os.chdir is not yet implemented
Called from _internal.os_test._Os_test_testfilechdir.$Os_test_testfilechdir_Fields_.testFileChdir (_internal/os_test/Os_test_testfilechdir.hx line 136)
Called from go._internal.testing.$M_static_extension.run (go/_internal/testing/Testing_m_static_extension.hx line 39)
Called from _internal.os_test._Os_test_testmain.$Os_test_testmain_Fields_.testMain (_internal/os_test/Os_test_testmain.hx line 13)
Called from _internal.osdottest._Osdottest.$Osdottest_Fields_.main (_internal/osdottest/Osdottest.hx line 140)

-- FAIL: TestFileChdir

=== RUN  TestChdirAndGetwd
Exception: :os.setenv is not yet implemented
Called from go._internal.os._Os_setenv.$Os_setenv_Fields_.setenv (go/_internal/os/Os_setenv.hx line 2)
Called from _internal.os_test._Os_test_testchdirandgetwd.$Os_test_testchdirandgetwd_Fields_.testChdirAndGetwd (_internal/os_test/Os_test_testchdirandgetwd.hx line 86)
Called from go._internal.testing.$M_static_extension.run (go/_internal/testing/Testing_m_static_extension.hx line 39)
Called from _internal.os_test._Os_test_testmain.$Os_test_testmain_Fields_.testMain (_internal/os_test/Os_test_testmain.hx line 13)
Called from _internal.osdottest._Osdottest.$Osdottest_Fields_.main (_internal/osdottest/Osdottest.hx line 140)

-- FAIL: TestChdirAndGetwd

=== RUN  TestProgWideChdir
Uncaught exception: :os.sameFile is not yet implemented
Called from fun$3392(_internal/os_test/Os_test_testprogwidechdir.hx:260)
Called from _internal.os_test._Os_test_testprogwidechdir.$Os_test_testprogwidechdir_Fields_.~testProgWideChdir.9(_internal/os_test/Os_test_testprogwidechdir.hx:266)
Called from go.$Go.~routine.0(go/Go.hx:46)
Called from sys.thread._Thread.$HaxeThread.~create.0(/home/runner/haxe/versions/b0b2997/std/hl/_std/sys/thread/Thread.hx:152)
Uncaught exception: :os.sameFile is not yet implemented
Called from fun$3392(_internal/os_test/Os_test_testprogwidechdir.hx:260)
Called from _internal.os_test._Os_test_testprogwidechdir.$Os_test_testprogwidechdir_Fields_.~testProgWideChdir.9(_internal/os_test/Os_test_testprogwidechdir.hx:266)
Called from go.$Go.~routine.0(go/Go.hx:46)
Called from sys.thread._Thread.$HaxeThread.~create.0(/home/runner/haxe/versions/b0b2997/std/hl/_std/sys/thread/Thread.hx:152)
Uncaught exception: :os.sameFile is not yet implemented
Called from fun$3392(_internal/os_test/Os_test_testprogwidechdir.hx:260)
Called from _internal.os_test._Os_test_testprogwidechdir.$Os_test_testprogwidechdir_Fields_.~testProgWideChdir.9(_internal/os_test/Os_test_testprogwidechdir.hx:266)
Called from go.$Go.~routine.0(go/Go.hx:46)
Called from sys.thread._Thread.$HaxeThread.~create.0(/home/runner/haxe/versions/b0b2997/std/hl/_std/sys/thread/Thread.hx:152)
Uncaught exception: :os.sameFile is not yet implemented
Called from fun$3392(_internal/os_test/Os_test_testprogwidechdir.hx:260)
Called from _internal.os_test._Os_test_testprogwidechdir.$Os_test_testprogwidechdir_Fields_.~testProgWideChdir.9(_internal/os_test/Os_test_testprogwidechdir.hx:266)
Called from go.$Go.~routine.0(go/Go.hx:46)
Called from sys.thread._Thread.$HaxeThread.~create.0(/home/runner/haxe/versions/b0b2997/std/hl/_std/sys/thread/Thread.hx:152)
Uncaught exception: :os.sameFile is not yet implemented
Called from fun$3392(_internal/os_test/Os_test_testprogwidechdir.hx:260)
Called from _internal.os_test._Os_test_testprogwidechdir.$Os_test_testprogwidechdir_Fields_.~testProgWideChdir.9(_internal/os_test/Os_test_testprogwidechdir.hx:266)
Called from go.$Go.~routine.0(go/Go.hx:46)
Called from sys.thread._Thread.$HaxeThread.~create.0(/home/runner/haxe/versions/b0b2997/std/hl/_std/sys/thread/Thread.hx:152)
Uncaught exception: :os.sameFile is not yet implemented
Called from fun$3392(_internal/os_test/Os_test_testprogwidechdir.hx:260)
Called from _internal.os_test._Os_test_testprogwidechdir.$Os_test_testprogwidechdir_Fields_.~testProgWideChdir.9(_internal/os_test/Os_test_testprogwidechdir.hx:266)
Called from go.$Go.~routine.0(go/Go.hx:46)
Called from sys.thread._Thread.$HaxeThread.~create.0(/home/runner/haxe/versions/b0b2997/std/hl/_std/sys/thread/Thread.hx:152)
Uncaught exception: :os.sameFile is not yet implemented
Called from fun$3392(_internal/os_test/Os_test_testprogwidechdir.hx:260)
Called from _internal.os_test._Os_test_testprogwidechdir.$Os_test_testprogwidechdir_Fields_.~testProgWideChdir.9(_internal/os_test/Os_test_testprogwidechdir.hx:266)
Called from go.$Go.~routine.0(go/Go.hx:46)
Called from sys.thread._Thread.$HaxeThread.~create.0(/home/runner/haxe/versions/b0b2997/std/hl/_std/sys/thread/Thread.hx:152)
Uncaught exception: :os.sameFile is not yet implemented
Called from fun$3392(_internal/os_test/Os_test_testprogwidechdir.hx:260)
Called from _internal.os_test._Os_test_testprogwidechdir.$Os_test_testprogwidechdir_Fields_.~testProgWideChdir.9(_internal/os_test/Os_test_testprogwidechdir.hx:266)
Called from go.$Go.~routine.0(go/Go.hx:46)
Called from sys.thread._Thread.$HaxeThread.~create.0(/home/runner/haxe/versions/b0b2997/std/hl/_std/sys/thread/Thread.hx:152)
Uncaught exception: :os.sameFile is not yet implemented
Called from fun$3392(_internal/os_test/Os_test_testprogwidechdir.hx:260)
Called from _internal.os_test._Os_test_testprogwidechdir.$Os_test_testprogwidechdir_Fields_.~testProgWideChdir.9(_internal/os_test/Os_test_testprogwidechdir.hx:266)
Called from go.$Go.~routine.0(go/Go.hx:46)
Called from sys.thread._Thread.$HaxeThread.~create.0(/home/runner/haxe/versions/b0b2997/std/hl/_std/sys/thread/Thread.hx:152)
Uncaught exception: :os.sameFile is not yet implemented
Called from fun$3392(_internal/os_test/Os_test_testprogwidechdir.hx:260)
Called from _internal.os_test._Os_test_testprogwidechdir.$Os_test_testprogwidechdir_Fields_.~testProgWideChdir.9(_internal/os_test/Os_test_testprogwidechdir.hx:266)
Called from go.$Go.~routine.0(go/Go.hx:46)
Called from sys.thread._Thread.$HaxeThread.~create.0(/home/runner/haxe/versions/b0b2997/std/hl/_std/sys/thread/Thread.hx:152)

-- PASS: TestProgWideChdir

=== RUN  TestSeek
#0: Seek(0, 1) = 0, <nil> want 13, nil
#3: Seek(0, 2) = 0, <nil> want 13, nil
Exception: Custom(seek() failure)
Called from _internal.os_test._Os_test_testseek.$Os_test_testseek_Fields_.testSeek (_internal/os_test/Os_test_testseek.hx line 128)
Called from go._internal.testing.$M_static_extension.run (go/_internal/testing/Testing_m_static_extension.hx line 39)
Called from _internal.os_test._Os_test_testmain.$Os_test_testmain_Fields_.testMain (_internal/os_test/Os_test_testmain.hx line 13)
Called from _internal.osdottest._Osdottest.$Osdottest_Fields_.main (_internal/osdottest/Osdottest.hx line 140)

-- FAIL: TestSeek

=== RUN  TestSeekError
skipping test on jsException: __skip__
Called from go._internal.testing.$T_common_static_extension.skipNow (go/_internal/testing/Testing_t_common_static_extension.hx line 40)
Called from go._internal.testing.$T_common_static_extension.skipf (go/_internal/testing/Testing_t_common_static_extension.hx line 46)
Called from go._internal.testing.T_.~get_skipf.0 (go/_internal/testing/Testing_t_.hx line 90)
Called from _internal.os_test._Os_test_testseekerror.$Os_test_testseekerror_Fields_.testSeekError (_internal/os_test/Os_test_testseekerror.hx line 8)
Called from go._internal.testing.$M_static_extension.run (go/_internal/testing/Testing_m_static_extension.hx line 39)
Called from _internal.os_test._Os_test_testmain.$Os_test_testmain_Fields_.testMain (_internal/os_test/Os_test_testmain.hx line 13)
Called from _internal.osdottest._Osdottest.$Osdottest_Fields_.main (_internal/osdottest/Osdottest.hx line 140)

-- SKIP: TestSeekError

-- PASS: TestSeekError

=== RUN  TestOpenError
Exception: SysError(Can't open /etc/no-such-file for writing)
Called from sys.io.$File.write (/home/runner/haxe/versions/b0b2997/std/hl/_std/sys/io/File.hx line 70)
Called from sys.io.$File.saveBytes (/home/runner/haxe/versions/b0b2997/std/hl/_std/sys/io/File.hx line 55)
Called from go._internal.os._Os_openfile.$Os_openfile_Fields_.openFile (go/_internal/os/Os_openfile.hx line 5)
Called from _internal.os_test._Os_test_testopenerror.$Os_test_testopenerror_Fields_.testOpenError (_internal/os_test/Os_test_testopenerror.hx line 7)
Called from go._internal.testing.$M_static_extension.run (go/_internal/testing/Testing_m_static_extension.hx line 39)
Called from _internal.os_test._Os_test_testmain.$Os_test_testmain_Fields_.testMain (_internal/os_test/Os_test_testmain.hx line 13)
Called from _internal.osdottest._Osdottest.$Osdottest_Fields_.main (_internal/osdottest/Osdottest.hx line 140)

-- FAIL: TestOpenError

=== RUN  TestOpenNoName
Exception: SysError(Can't open  for writing)
Called from sys.io.$File.write (/home/runner/haxe/versions/b0b2997/std/hl/_std/sys/io/File.hx line 70)
Called from sys.io.$File.saveBytes (/home/runner/haxe/versions/b0b2997/std/hl/_std/sys/io/File.hx line 55)
Called from go._internal.os._Os_openfile.$Os_openfile_Fields_.openFile (go/_internal/os/Os_openfile.hx line 5)
Called from go._internal.os._Os_open.$Os_open_Fields_.open (go/_internal/os/Os_open.hx line 3)
Called from _internal.os_test._Os_test_testopennoname.$Os_test_testopennoname_Fields_.testOpenNoName (_internal/os_test/Os_test_testopennoname.hx line 3)
Called from go._internal.testing.$M_static_extension.run (go/_internal/testing/Testing_m_static_extension.hx line 39)
Called from _internal.os_test._Os_test_testmain.$Os_test_testmain_Fields_.testMain (_internal/os_test/Os_test_testmain.hx line 13)
Called from _internal.osdottest._Osdottest.$Osdottest_Fields_.main (_internal/osdottest/Osdottest.hx line 140)

-- FAIL: TestOpenNoName

=== RUN  TestHostname
Exception: :os.hostname is not yet implemented
Called from go._internal.os._Os_hostname.$Os_hostname_Fields_.hostname (go/_internal/os/Os_hostname.hx line 2)
Called from _internal.os_test._Os_test_testhostname.$Os_test_testhostname_Fields_.testHostname (_internal/os_test/Os_test_testhostname.hx line 5)
Called from go._internal.testing.$M_static_extension.run (go/_internal/testing/Testing_m_static_extension.hx line 39)
Called from _internal.os_test._Os_test_testmain.$Os_test_testmain_Fields_.testMain (_internal/os_test/Os_test_testmain.hx line 13)
Called from _internal.osdottest._Osdottest.$Osdottest_Fields_.main (_internal/osdottest/Osdottest.hx line 140)

-- FAIL: TestHostname

=== RUN  TestReadAt
ReadAt 7: 0, File.readAt failed: EofException: __fail__
Called from _internal.os_test._Os_test_testreadat.$Os_test_testreadat_Fields_.testReadAt (_internal/os_test/Os_test_testreadat.hx line 87)
Called from go._internal.testing.$M_static_extension.run (go/_internal/testing/Testing_m_static_extension.hx line 39)
Called from _internal.os_test._Os_test_testmain.$Os_test_testmain_Fields_.testMain (_internal/os_test/Os_test_testmain.hx line 13)
Called from _internal.osdottest._Osdottest.$Osdottest_Fields_.main (_internal/osdottest/Osdottest.hx line 140)

-- FAIL: TestReadAt

=== RUN  TestReadAtOffset
ReadAt 7: 0, File.readAt failed: EofException: __fail__
Called from _internal.os_test._Os_test_testreadatoffset.$Os_test_testreadatoffset_Fields_.testReadAtOffset (_internal/os_test/Os_test_testreadatoffset.hx line 111)
Called from go._internal.testing.$M_static_extension.run (go/_internal/testing/Testing_m_static_extension.hx line 39)
Called from _internal.os_test._Os_test_testmain.$Os_test_testmain_Fields_.testMain (_internal/os_test/Os_test_testmain.hx line 13)
Called from _internal.osdottest._Osdottest.$Osdottest_Fields_.main (_internal/osdottest/Osdottest.hx line 140)

-- FAIL: TestReadAtOffset

=== RUN  TestReadAtNegativeOffset
ReadAt(-10) = 0, File.readAt failed: Custom(seek() failure); want 0, ..."negative offset"...

-- FAIL: TestReadAtNegativeOffset

=== RUN  TestWriteAt

-- PASS: TestWriteAt

=== RUN  TestWriteAtNegativeOffset
WriteAt(-10) = 0, File.writeAt failed: Custom(seek() failure); want 0, ..."negative offset"...

-- FAIL: TestWriteAtNegativeOffset

=== RUN  TestWriteAtInAppendMode

-- PASS: TestWriteAtInAppendMode

=== RUN  TestAppend
writeFile: have "|append" want "new|append"Exception: __fail__
Called from _internal.os_test._Os_test_testappend.$Os_test_testappend_Fields_.testAppend (_internal/os_test/Os_test_testappend.hx line 107)
Called from go._internal.testing.$M_static_extension.run (go/_internal/testing/Testing_m_static_extension.hx line 39)
Called from _internal.os_test._Os_test_testmain.$Os_test_testmain_Fields_.testMain (_internal/os_test/Os_test_testmain.hx line 13)
Called from _internal.osdottest._Osdottest.$Osdottest_Fields_.main (_internal/osdottest/Osdottest.hx line 140)

-- FAIL: TestAppend

=== RUN  TestStatDirWithTrailingSlash

-- PASS: TestStatDirWithTrailingSlash

=== RUN  TestNilProcessStateString
Exception: ProcessState:os.string is not yet implemented
Called from go._internal.os.$ProcessState_static_extension.string (go/_internal/os/Os_processstate_static_extension.hx line 14)
Called from _internal.os_test._Os_test_testnilprocessstatestring.$Os_test_testnilprocessstatestring_Fields_.testNilProcessStateString (_internal/os_test/Os_test_testnilprocessstatestring.hx line 4)
Called from go._internal.testing.$M_static_extension.run (go/_internal/testing/Testing_m_static_extension.hx line 39)
Called from _internal.os_test._Os_test_testmain.$Os_test_testmain_Fields_.testMain (_internal/os_test/Os_test_testmain.hx line 13)
Called from _internal.osdottest._Osdottest.$Osdottest_Fields_.main (_internal/osdottest/Osdottest.hx line 140)

-- FAIL: TestNilProcessStateString

=== RUN  TestSameFile
Exception: :os.sameFile is not yet implemented
Called from _internal.os_test._Os_test_testsamefile.$Os_test_testsamefile_Fields_.testSameFile (_internal/os_test/Os_test_testsamefile.hx line 136)
Called from go._internal.testing.$M_static_extension.run (go/_internal/testing/Testing_m_static_extension.hx line 39)
Called from _internal.os_test._Os_test_testmain.$Os_test_testmain_Fields_.testMain (_internal/os_test/Os_test_testmain.hx line 13)
Called from _internal.osdottest._Osdottest.$Osdottest_Fields_.main (_internal/osdottest/Osdottest.hx line 140)

-- FAIL: TestSameFile

=== RUN  TestDevNullFile
f.Stat("/dev/null"): wrong file mode "-rw-rw-rw-": ModeDevice is not set
f.Stat("/dev/null"): wrong file mode "-rw-rw-rw-": ModeCharDevice is not set
f.Stat("/dev/null"): wrong file mode "-rw-rw-rw-": IsRegular returns true
Stat("/dev/null"): wrong file mode "-rw-rw-rw-": ModeDevice is not set
Stat("/dev/null"): wrong file mode "-rw-rw-rw-": ModeCharDevice is not set
Stat("/dev/null"): wrong file mode "-rw-rw-rw-": IsRegular returns true

-- FAIL: TestDevNullFile

=== RUN  TestLargeWriteToConsole
skipping console-flooding test; enable with -large_write
Exception: __skip__
Called from go._internal.testing.$T_common_static_extension.skipNow (go/_internal/testing/Testing_t_common_static_extension.hx line 40)
Called from go._internal.testing.$T_common_static_extension.skip (go/_internal/testing/Testing_t_common_static_extension.hx line 52)
Called from go._internal.testing.T_.~get_skip.0 (go/_internal/testing/Testing_t_.hx line 80)
Called from _internal.os_test._Os_test_testlargewritetoconsole.$Os_test_testlargewritetoconsole_Fields_.testLargeWriteToConsole (_internal/os_test/Os_test_testlargewritetoconsole.hx line 6)
Called from go._internal.testing.$M_static_extension.run (go/_internal/testing/Testing_m_static_extension.hx line 39)
Called from _internal.os_test._Os_test_testmain.$Os_test_testmain_Fields_.testMain (_internal/os_test/Os_test_testmain.hx line 13)
Called from _internal.osdottest._Osdottest.$Osdottest_Fields_.main (_internal/osdottest/Osdottest.hx line 140)

-- SKIP: TestLargeWriteToConsole

-- PASS: TestLargeWriteToConsole

=== RUN  TestStatDirModeExec

-- PASS: TestStatDirModeExec

=== RUN  TestStatStdin
Exception: Null access ._name
Called from go._internal.os.$File_static_extension.stat (go/_internal/os/Os_file_static_extension.hx line 6)
Called from _internal.os_test._Os_test_teststatstdin.$Os_test_teststatstdin_Fields_.testStatStdin (_internal/os_test/Os_test_teststatstdin.hx line 35)
Called from go._internal.testing.$M_static_extension.run (go/_internal/testing/Testing_m_static_extension.hx line 39)
Called from _internal.os_test._Os_test_testmain.$Os_test_testmain_Fields_.testMain (_internal/os_test/Os_test_testmain.hx line 13)
Called from _internal.osdottest._Osdottest.$Osdottest_Fields_.main (_internal/osdottest/Osdottest.hx line 140)

-- FAIL: TestStatStdin

=== RUN  TestStatRelativeSymlink
Exception: :os.symlink is not yet implemented
Called from _internal.os_test._Os_test_teststatrelativesymlink.$Os_test_teststatrelativesymlink_Fields_.testStatRelativeSymlink (_internal/os_test/Os_test_teststatrelativesymlink.hx line 157)
Called from go._internal.testing.$M_static_extension.run (go/_internal/testing/Testing_m_static_extension.hx line 39)
Called from _internal.os_test._Os_test_testmain.$Os_test_testmain_Fields_.testMain (_internal/os_test/Os_test_testmain.hx line 13)
Called from _internal.osdottest._Osdottest.$Osdottest_Fields_.main (_internal/osdottest/Osdottest.hx line 140)

-- FAIL: TestStatRelativeSymlink

=== RUN  TestReadAtEOF
ReadAt failed: File.readAt failed: EofException: __fail__
Called from _internal.os_test._Os_test_testreadateof.$Os_test_testreadateof_Fields_.testReadAtEOF (_internal/os_test/Os_test_testreadateof.hx line 98)
Called from go._internal.testing.$M_static_extension.run (go/_internal/testing/Testing_m_static_extension.hx line 39)
Called from _internal.os_test._Os_test_testmain.$Os_test_testmain_Fields_.testMain (_internal/os_test/Os_test_testmain.hx line 13)
Called from _internal.osdottest._Osdottest.$Osdottest_Fields_.main (_internal/osdottest/Osdottest.hx line 140)

-- FAIL: TestReadAtEOF

=== RUN  TestLongPath
- SUBRUN  length=247
Exception: :os.mkdirAll is not yet implemented
Called from _internal.os_test._Os_test_testlongpath.$Os_test_testlongpath_Fields_.testLongPath (_internal/os_test/Os_test_testlongpath.hx line 249)
Called from go._internal.testing.$M_static_extension.run (go/_internal/testing/Testing_m_static_extension.hx line 39)
Called from _internal.os_test._Os_test_testmain.$Os_test_testmain_Fields_.testMain (_internal/os_test/Os_test_testmain.hx line 13)
Called from _internal.osdottest._Osdottest.$Osdottest_Fields_.main (_internal/osdottest/Osdottest.hx line 140)

-- FAIL: TestLongPath

=== RUN  TestKillStartProcess
Exception: T_:testing.deadline is not yet implemented
Called from _internal.os_test._Os_test__testkillprocess.$Os_test__testkillprocess_Fields_._testKillProcess (_internal/os_test/Os_test__testkillprocess.hx line 119)
Called from _internal.os_test._Os_test_testkillstartprocess.$Os_test_testkillstartprocess_Fields_.testKillStartProcess (_internal/os_test/Os_test_testkillstartprocess.hx line 4)
Called from go._internal.testing.$M_static_extension.run (go/_internal/testing/Testing_m_static_extension.hx line 39)
Called from _internal.os_test._Os_test_testmain.$Os_test_testmain_Fields_.testMain (_internal/os_test/Os_test_testmain.hx line 13)
Called from _internal.osdottest._Osdottest.$Osdottest_Fields_.main (_internal/osdottest/Osdottest.hx line 140)

-- FAIL: TestKillStartProcess

=== RUN  TestGetppid
Exception: T_:testing.deadline is not yet implemented
Called from go._internal.testing.$T__static_extension.deadline (go/_internal/testing/Testing_t__static_extension.hx line 8)
Called from go._internal.testing.T__asInterface.deadline (go/_internal/testing/Testing_t__asinterface.hx line 6)
Called from go._internal.internal.testenv._Testenv_commandcontext.$Testenv_commandcontext_Fields_.commandContext (go/_internal/internal/testenv/Testenv_commandcontext.hx line 60)
Called from go._internal.internal.testenv._Testenv_command.$Testenv_command_Fields_.command (go/_internal/internal/testenv/Testenv_command.hx line 21)
Called from _internal.os_test._Os_test_testgetppid.$Os_test_testgetppid_Fields_.testGetppid (_internal/os_test/Os_test_testgetppid.hx line 19)
Called from go._internal.testing.$M_static_extension.run (go/_internal/testing/Testing_m_static_extension.hx line 39)
Called from _internal.os_test._Os_test_testmain.$Os_test_testmain_Fields_.testMain (_internal/os_test/Os_test_testmain.hx line 13)
Called from _internal.osdottest._Osdottest.$Osdottest_Fields_.main (_internal/osdottest/Osdottest.hx line 140)

-- FAIL: TestGetppid

=== RUN  TestKillFindProcess
Exception: T_:testing.deadline is not yet implemented
Called from _internal.os_test._Os_test__testkillprocess.$Os_test__testkillprocess_Fields_._testKillProcess (_internal/os_test/Os_test__testkillprocess.hx line 119)
Called from _internal.os_test._Os_test_testkillfindprocess.$Os_test_testkillfindprocess_Fields_.testKillFindProcess (_internal/os_test/Os_test_testkillfindprocess.hx line 4)
Called from go._internal.testing.$M_static_extension.run (go/_internal/testing/Testing_m_static_extension.hx line 39)
Called from _internal.os_test._Os_test_testmain.$Os_test_testmain_Fields_.testMain (_internal/os_test/Os_test_testmain.hx line 13)
Called from _internal.osdottest._Osdottest.$Osdottest_Fields_.main (_internal/osdottest/Osdottest.hx line 140)

-- FAIL: TestKillFindProcess

=== RUN  TestNilFileMethods
Exception: File:os.chdir is not yet implemented
Called from go._internal.os.$File_static_extension.chdir (go/_internal/os/Os_file_static_extension.hx line 31)
Called from local function #16268 (_internal/os_test/Os_test__nilfilemethodtests.hx line 5)
Called from _internal.os_test._Os_test_testnilfilemethods.$Os_test_testnilfilemethods_Fields_.testNilFileMethods (_internal/os_test/Os_test_testnilfilemethods.hx line 8)
Called from go._internal.testing.$M_static_extension.run (go/_internal/testing/Testing_m_static_extension.hx line 39)
Called from _internal.os_test._Os_test_testmain.$Os_test_testmain_Fields_.testMain (_internal/os_test/Os_test_testmain.hx line 13)
Called from _internal.osdottest._Osdottest.$Osdottest_Fields_.main (_internal/osdottest/Osdottest.hx line 140)

-- FAIL: TestNilFileMethods

=== RUN  TestRemoveAllRace
Uncaught exception: SysError(Can't delete directory tmpdir_/b/b/a/a)
Called from fun$3536(_internal/os_test/Os_test_testremoveallrace.hx:123)
Called from _internal.os_test._Os_test_testremoveallrace.$Os_test_testremoveallrace_Fields_.~testRemoveAllRace.4(_internal/os_test/Os_test_testremoveallrace.hx:129)
Called from go.$Go.~routine.0(go/Go.hx:46)
Called from sys.thread._Thread.$HaxeThread.~create.0(/home/runner/haxe/versions/b0b2997/std/hl/_std/sys/thread/Thread.hx:152)
Uncaught exception: SysError(Can't delete directory tmpdir_/b/b/a/a)
Called from fun$3536(_internal/os_test/Os_test_testremoveallrace.hx:123)
Called from _internal.os_test._Os_test_testremoveallrace.$Os_test_testremoveallrace_Fields_.~testRemoveAllRace.4(_internal/os_test/Os_test_testremoveallrace.hx:129)
Called from go.$Go.~routine.0(go/Go.hx:46)
Called from sys.thread._Thread.$HaxeThread.~create.0(/home/runner/haxe/versions/b0b2997/std/hl/_std/sys/thread/Thread.hx:152)
Uncaught exception: SysError(Can't delete directory tmpdir_/b/b/a/a)
Called from fun$3536(_internal/os_test/Os_test_testremoveallrace.hx:123)
Called from _internal.os_test._Os_test_testremoveallrace.$Os_test_testremoveallrace_Fields_.~testRemoveAllRace.4(_internal/os_test/Os_test_testremoveallrace.hx:129)
Called from go.$Go.~routine.0(go/Go.hx:46)
Called from sys.thread._Thread.$HaxeThread.~create.0(/home/runner/haxe/versions/b0b2997/std/hl/_std/sys/thread/Thread.hx:152)

-- PASS: TestRemoveAllRace

=== RUN  TestPipeThreads
skipping on js; no support for os.Pipe
Exception: __skip__
Called from _internal.os_test._Os_test_testpipethreads.$Os_test_testpipethreads_Fields_.testPipeThreads (_internal/os_test/Os_test_testpipethreads.hx line 216)
Called from go._internal.testing.$M_static_extension.run (go/_internal/testing/Testing_m_static_extension.hx line 39)
Called from _internal.os_test._Os_test_testmain.$Os_test_testmain_Fields_.testMain (_internal/os_test/Os_test_testmain.hx line 13)
Called from _internal.osdottest._Osdottest.$Osdottest_Fields_.main (_internal/osdottest/Osdottest.hx line 140)

-- SKIP: TestPipeThreads

-- PASS: TestPipeThreads

=== RUN  TestDoubleCloseError
- SUBRUN  file
Exception: SysError(Can't open /etc/group for update)
Called from sys.io.$File.update (/home/runner/haxe/versions/b0b2997/std/hl/_std/sys/io/File.hx line 87)
Called from go._internal.os._Os_openfile.$Os_openfile_Fields_.openFile (go/_internal/os/Os_openfile.hx line 11)
Called from go._internal.os._Os_open.$Os_open_Fields_.open (go/_internal/os/Os_open.hx line 3)
Called from _internal.os_test._Os_test__testdoublecloseerror.$Os_test__testdoublecloseerror_Fields_.~_testDoubleCloseError.0 (_internal/os_test/Os_test__testdoublecloseerror.hx line 7)
Called from go._internal.testing.$T__static_extension.run (go/_internal/testing/Testing_t__static_extension.hx line 13)
Called from _internal.os_test._Os_test_testdoublecloseerror.$Os_test_testdoublecloseerror_Fields_.testDoubleCloseError (_internal/os_test/Os_test_testdoublecloseerror.hx line 6)
Called from go._internal.testing.$M_static_extension.run (go/_internal/testing/Testing_m_static_extension.hx line 39)
Called from _internal.os_test._Os_test_testmain.$Os_test_testmain_Fields_.testMain (_internal/os_test/Os_test_testmain.hx line 13)
Called from _internal.osdottest._Osdottest.$Osdottest_Fields_.main (_internal/osdottest/Osdottest.hx line 140)
Exception: __fail__
Called from go._internal.testing.$T_common_static_extension.failNow (go/_internal/testing/Testing_t_common_static_extension.hx line 94)
Called from go._internal.testing.$T_common_static_extension.fatal (go/_internal/testing/Testing_t_common_static_extension.hx line 64)
Called from go._internal.testing.T_.~get_fatal.0 (go/_internal/testing/Testing_t_.hx line 50)
Called from _internal.os_test._Os_test__testdoublecloseerror.$Os_test__testdoublecloseerror_Fields_.~_testDoubleCloseError.0 (_internal/os_test/Os_test__testdoublecloseerror.hx line 11)
Called from go._internal.testing.$T__static_extension.run (go/_internal/testing/Testing_t__static_extension.hx line 13)
Called from _internal.os_test._Os_test_testdoublecloseerror.$Os_test_testdoublecloseerror_Fields_.testDoubleCloseError (_internal/os_test/Os_test_testdoublecloseerror.hx line 6)
Called from go._internal.testing.$M_static_extension.run (go/_internal/testing/Testing_m_static_extension.hx line 39)
Called from _internal.os_test._Os_test_testmain.$Os_test_testmain_Fields_.testMain (_internal/os_test/Os_test_testmain.hx line 13)
Called from _internal.osdottest._Osdottest.$Osdottest_Fields_.main (_internal/osdottest/Osdottest.hx line 140)

-- FAIL: TestDoubleCloseError

=== RUN  TestUserHomeDir
Exception: :os.userHomeDir is not yet implemented
Called from go._internal.os._Os_userhomedir.$Os_userhomedir_Fields_.userHomeDir (go/_internal/os/Os_userhomedir.hx line 2)
Called from _internal.os_test._Os_test_testuserhomedir.$Os_test_testuserhomedir_Fields_.testUserHomeDir (_internal/os_test/Os_test_testuserhomedir.hx line 5)
Called from go._internal.testing.$M_static_extension.run (go/_internal/testing/Testing_m_static_extension.hx line 39)
Called from _internal.os_test._Os_test_testmain.$Os_test_testmain_Fields_.testMain (_internal/os_test/Os_test_testmain.hx line 13)
Called from _internal.osdottest._Osdottest.$Osdottest_Fields_.main (_internal/osdottest/Osdottest.hx line 140)

-- FAIL: TestUserHomeDir

=== RUN  TestDirSeek
Exception: Null access
Called from go._internal.os.$File_static_extension.seek (go/_internal/os/Os_file_static_extension.hx line 109)
Called from _internal.os_test._Os_test_testdirseek.$Os_test_testdirseek_Fields_.testDirSeek (_internal/os_test/Os_test_testdirseek.hx line 44)
Called from go._internal.testing.$M_static_extension.run (go/_internal/testing/Testing_m_static_extension.hx line 39)
Called from _internal.os_test._Os_test_testmain.$Os_test_testmain_Fields_.testMain (_internal/os_test/Os_test_testmain.hx line 13)
Called from _internal.osdottest._Osdottest.$Osdottest_Fields_.main (_internal/osdottest/Osdottest.hx line 140)

-- FAIL: TestDirSeek

=== RUN  TestReaddirSmallSeek
Exception: Null access
Called from go._internal.os.$File_static_extension.seek (go/_internal/os/Os_file_static_extension.hx line 109)
Called from _internal.os_test._Os_test_testreaddirsmallseek.$Os_test_testreaddirsmallseek_Fields_.testReaddirSmallSeek (_internal/os_test/Os_test_testreaddirsmallseek.hx line 47)
Called from go._internal.testing.$M_static_extension.run (go/_internal/testing/Testing_m_static_extension.hx line 39)
Called from _internal.os_test._Os_test_testmain.$Os_test_testmain_Fields_.testMain (_internal/os_test/Os_test_testmain.hx line 13)
Called from _internal.osdottest._Osdottest.$Osdottest_Fields_.main (_internal/osdottest/Osdottest.hx line 140)

-- FAIL: TestReaddirSmallSeek

=== RUN  TestOpenFileKeepsPermissions

-- PASS: TestOpenFileKeepsPermissions

=== RUN  TestDirFS
Exception: Null access
Called from go._internal.testing.fstest.$T_fsTester_static_extension._checkDir (go/_internal/testing/fstest/Fstest_t_fstester_static_extension.hx line 1087)
Called from go._internal.testing.fstest._Fstest__testfs.$Fstest__testfs_Fields_._testFS (go/_internal/testing/fstest/Fstest__testfs.hx line 15)
Called from go._internal.testing.fstest._Fstest_testfs.$Fstest_testfs_Fields_.testFS (go/_internal/testing/fstest/Fstest_testfs.hx line 15)
Called from _internal.os_test._Os_test_testdirfs.$Os_test_testdirfs_Fields_.testDirFS (_internal/os_test/Os_test_testdirfs.hx line 87)
Called from go._internal.testing.$M_static_extension.run (go/_internal/testing/Testing_m_static_extension.hx line 39)
Called from _internal.os_test._Os_test_testmain.$Os_test_testmain_Fields_.testMain (_internal/os_test/Os_test_testmain.hx line 13)
Called from _internal.osdottest._Osdottest.$Osdottest_Fields_.main (_internal/osdottest/Osdottest.hx line 140)

-- FAIL: TestDirFS

=== RUN  TestDirFSRootDir

-- PASS: TestDirFSRootDir

=== RUN  TestDirFSEmptyDir
DirFS("").Open("testdata/dirfs/a") succeededException: __fail__
Called from go._internal.testing.$T_common_static_extension.failNow (go/_internal/testing/Testing_t_common_static_extension.hx line 94)
Called from go._internal.testing.$T_common_static_extension.fatalf (go/_internal/testing/Testing_t_common_static_extension.hx line 58)
Called from go._internal.testing.T_.~get_fatalf.0 (go/_internal/testing/Testing_t_.hx line 55)
Called from _internal.os_test._Os_test_testdirfsemptydir.$Os_test_testdirfsemptydir_Fields_.testDirFSEmptyDir (_internal/os_test/Os_test_testdirfsemptydir.hx line 13)
Called from go._internal.testing.$M_static_extension.run (go/_internal/testing/Testing_m_static_extension.hx line 39)
Called from _internal.os_test._Os_test_testmain.$Os_test_testmain_Fields_.testMain (_internal/os_test/Os_test_testmain.hx line 13)
Called from _internal.osdottest._Osdottest.$Osdottest_Fields_.main (_internal/osdottest/Osdottest.hx line 140)

-- FAIL: TestDirFSEmptyDir

=== RUN  TestDirFSPathsValid
writeFile tmpdir_/control.txt: no such file or directory
Exception: __fail__
Called from go._internal.testing.$T_common_static_extension.failNow (go/_internal/testing/Testing_t_common_static_extension.hx line 94)
Called from go._internal.testing.$T_common_static_extension.fatal (go/_internal/testing/Testing_t_common_static_extension.hx line 64)
Called from go._internal.testing.T_.~get_fatal.0 (go/_internal/testing/Testing_t_.hx line 50)
Called from _internal.os_test._Os_test_testdirfspathsvalid.$Os_test_testdirfspathsvalid_Fields_.testDirFSPathsValid (_internal/os_test/Os_test_testdirfspathsvalid.hx line 16)
Called from go._internal.testing.$M_static_extension.run (go/_internal/testing/Testing_m_static_extension.hx line 39)
Called from _internal.os_test._Os_test_testmain.$Os_test_testmain_Fields_.testMain (_internal/os_test/Os_test_testmain.hx line 13)
Called from _internal.osdottest._Osdottest.$Osdottest_Fields_.main (_internal/osdottest/Osdottest.hx line 140)

-- FAIL: TestDirFSPathsValid

=== RUN  TestReadFileProc
read /proc/sys/fs/pipe-max-size: not newline-terminated: ""Exception: __fail__
Called from go._internal.testing.$T_common_static_extension.failNow (go/_internal/testing/Testing_t_common_static_extension.hx line 94)
Called from go._internal.testing.$T_common_static_extension.fatalf (go/_internal/testing/Testing_t_common_static_extension.hx line 58)
Called from go._internal.testing.T_.~get_fatalf.0 (go/_internal/testing/Testing_t_.hx line 55)
Called from _internal.os_test._Os_test_testreadfileproc.$Os_test_testreadfileproc_Fields_.testReadFileProc (_internal/os_test/Os_test_testreadfileproc.hx line 37)
Called from go._internal.testing.$M_static_extension.run (go/_internal/testing/Testing_m_static_extension.hx line 39)
Called from _internal.os_test._Os_test_testmain.$Os_test_testmain_Fields_.testMain (_internal/os_test/Os_test_testmain.hx line 13)
Called from _internal.osdottest._Osdottest.$Osdottest_Fields_.main (_internal/osdottest/Osdottest.hx line 140)

-- FAIL: TestReadFileProc

=== RUN  TestDirFSReadFileProc

Exception: __skip__
Called from go._internal.testing.$T_common_static_extension.skipNow (go/_internal/testing/Testing_t_common_static_extension.hx line 40)
Called from go._internal.testing.$T_common_static_extension.skip (go/_internal/testing/Testing_t_common_static_extension.hx line 52)
Called from go._internal.testing.T_.~get_skip.0 (go/_internal/testing/Testing_t_.hx line 80)
Called from _internal.os_test._Os_test_testdirfsreadfileproc.$Os_test_testdirfsreadfileproc_Fields_.testDirFSReadFileProc (_internal/os_test/Os_test_testdirfsreadfileproc.hx line 12)
Called from go._internal.testing.$M_static_extension.run (go/_internal/testing/Testing_m_static_extension.hx line 39)
Called from _internal.os_test._Os_test_testmain.$Os_test_testmain_Fields_.testMain (_internal/os_test/Os_test_testmain.hx line 13)
Called from _internal.osdottest._Osdottest.$Osdottest_Fields_.main (_internal/osdottest/Osdottest.hx line 140)

-- SKIP: TestDirFSReadFileProc

-- PASS: TestDirFSReadFileProc

=== RUN  TestWriteStringAlloc
js allocates a lot during File.WriteString
Exception: __skip__
Called from _internal.os_test._Os_test_testwritestringalloc.$Os_test_testwritestringalloc_Fields_.testWriteStringAlloc (_internal/os_test/Os_test_testwritestringalloc.hx line 85)
Called from go._internal.testing.$M_static_extension.run (go/_internal/testing/Testing_m_static_extension.hx line 39)
Called from _internal.os_test._Os_test_testmain.$Os_test_testmain_Fields_.testMain (_internal/os_test/Os_test_testmain.hx line 13)
Called from _internal.osdottest._Osdottest.$Osdottest_Fields_.main (_internal/osdottest/Osdottest.hx line 140)

-- SKIP: TestWriteStringAlloc

-- PASS: TestWriteStringAlloc

=== RUN  TestPipeIOCloseRace
skipping on js: no pipesException: __skip__
Called from go._internal.testing.$T_common_static_extension.skipNow (go/_internal/testing/Testing_t_common_static_extension.hx line 40)
Called from go._internal.testing.$T_common_static_extension.skipf (go/_internal/testing/Testing_t_common_static_extension.hx line 46)
Called from go._internal.testing.T_.~get_skipf.0 (go/_internal/testing/Testing_t_.hx line 90)
Called from _internal.os_test._Os_test_testpipeiocloserace.$Os_test_testpipeiocloserace_Fields_.testPipeIOCloseRace (_internal/os_test/Os_test_testpipeiocloserace.hx line 6)
Called from go._internal.testing.$M_static_extension.run (go/_internal/testing/Testing_m_static_extension.hx line 39)
Called from _internal.os_test._Os_test_testmain.$Os_test_testmain_Fields_.testMain (_internal/os_test/Os_test_testmain.hx line 13)
Called from _internal.osdottest._Osdottest.$Osdottest_Fields_.main (_internal/osdottest/Osdottest.hx line 140)

-- SKIP: TestPipeIOCloseRace

-- PASS: TestPipeIOCloseRace

=== RUN  TestPipeCloseRace
skipping on js: no pipesException: __skip__
Called from go._internal.testing.$T_common_static_extension.skipNow (go/_internal/testing/Testing_t_common_static_extension.hx line 40)
Called from go._internal.testing.$T_common_static_extension.skipf (go/_internal/testing/Testing_t_common_static_extension.hx line 46)
Called from go._internal.testing.T_.~get_skipf.0 (go/_internal/testing/Testing_t_.hx line 90)
Called from _internal.os_test._Os_test_testpipecloserace.$Os_test_testpipecloserace_Fields_.testPipeCloseRace (_internal/os_test/Os_test_testpipecloserace.hx line 6)
Called from go._internal.testing.$M_static_extension.run (go/_internal/testing/Testing_m_static_extension.hx line 39)
Called from _internal.os_test._Os_test_testmain.$Os_test_testmain_Fields_.testMain (_internal/os_test/Os_test_testmain.hx line 13)
Called from _internal.osdottest._Osdottest.$Osdottest_Fields_.main (_internal/osdottest/Osdottest.hx line 140)

-- SKIP: TestPipeCloseRace

-- PASS: TestPipeCloseRace

=== RUN  TestChown
Exception: :os.getgid is not yet implemented
Called from _internal.os_test._Os_test_testchown.$Os_test_testchown_Fields_.testChown (_internal/os_test/Os_test_testchown.hx line 156)
Called from go._internal.testing.$M_static_extension.run (go/_internal/testing/Testing_m_static_extension.hx line 39)
Called from _internal.os_test._Os_test_testmain.$Os_test_testmain_Fields_.testMain (_internal/os_test/Os_test_testmain.hx line 13)
Called from _internal.osdottest._Osdottest.$Osdottest_Fields_.main (_internal/osdottest/Osdottest.hx line 140)

-- FAIL: TestChown

=== RUN  TestFileChown
Exception: :os.getgid is not yet implemented
Called from _internal.os_test._Os_test_testfilechown.$Os_test_testfilechown_Fields_.testFileChown (_internal/os_test/Os_test_testfilechown.hx line 156)
Called from go._internal.testing.$M_static_extension.run (go/_internal/testing/Testing_m_static_extension.hx line 39)
Called from _internal.os_test._Os_test_testmain.$Os_test_testmain_Fields_.testMain (_internal/os_test/Os_test_testmain.hx line 13)
Called from _internal.osdottest._Osdottest.$Osdottest_Fields_.main (_internal/osdottest/Osdottest.hx line 140)

-- FAIL: TestFileChown

=== RUN  TestLchown
Exception: :os.symlink is not yet implemented
Called from _internal.os_test._Os_test_testlchown.$Os_test_testlchown_Fields_.testLchown (_internal/os_test/Os_test_testlchown.hx line 190)
Called from go._internal.testing.$M_static_extension.run (go/_internal/testing/Testing_m_static_extension.hx line 39)
Called from _internal.os_test._Os_test_testmain.$Os_test_testmain_Fields_.testMain (_internal/os_test/Os_test_testmain.hx line 13)
Called from _internal.osdottest._Osdottest.$Osdottest_Fields_.main (_internal/osdottest/Osdottest.hx line 140)

-- FAIL: TestLchown

=== RUN  TestReaddirRemoveRace
Exception: invalid memory address or nil pointer dereference
Called from _internal.os_test._Os_test_testreaddirremoverace.$Os_test_testreaddirremoverace_Fields_.testReaddirRemoveRace (_internal/os_test/Os_test_testreaddirremoverace.hx line 148)
Called from go._internal.testing.$M_static_extension.run (go/_internal/testing/Testing_m_static_extension.hx line 39)
Called from _internal.os_test._Os_test_testmain.$Os_test_testmain_Fields_.testMain (_internal/os_test/Os_test_testmain.hx line 13)
Called from _internal.osdottest._Osdottest.$Osdottest_Fields_.main (_internal/osdottest/Osdottest.hx line 140)

-- FAIL: TestReaddirRemoveRace

=== RUN  TestMkdirStickyUmask
Exception: :syscall.umask is not yet implemented
Called from _internal.os_test._Os_test_testmkdirstickyumask.$Os_test_testmkdirstickyumask_Fields_.testMkdirStickyUmask (_internal/os_test/Os_test_testmkdirstickyumask.hx line 110)
Called from go._internal.testing.$M_static_extension.run (go/_internal/testing/Testing_m_static_extension.hx line 39)
Called from _internal.os_test._Os_test_testmain.$Os_test_testmain_Fields_.testMain (_internal/os_test/Os_test_testmain.hx line 13)
Called from _internal.osdottest._Osdottest.$Osdottest_Fields_.main (_internal/osdottest/Osdottest.hx line 140)

-- FAIL: TestMkdirStickyUmask

=== RUN  TestNewFileBlock
syscall.Pipe is not available on js.Exception: __skip__
Called from _internal.os_test._Os_test__newfiletest.$Os_test__newfiletest_Fields_._newFileTest (_internal/os_test/Os_test__newfiletest.hx line 160)
Called from _internal.os_test._Os_test_testnewfileblock.$Os_test_testnewfileblock_Fields_.testNewFileBlock (_internal/os_test/Os_test_testnewfileblock.hx line 6)
Called from go._internal.testing.$M_static_extension.run (go/_internal/testing/Testing_m_static_extension.hx line 39)
Called from _internal.os_test._Os_test_testmain.$Os_test_testmain_Fields_.testMain (_internal/os_test/Os_test_testmain.hx line 13)
Called from _internal.osdottest._Osdottest.$Osdottest_Fields_.main (_internal/osdottest/Osdottest.hx line 140)

-- SKIP: TestNewFileBlock

-- PASS: TestNewFileBlock

=== RUN  TestNewFileNonBlock
syscall.Pipe is not available on js.Exception: __skip__
Called from _internal.os_test._Os_test__newfiletest.$Os_test__newfiletest_Fields_._newFileTest (_internal/os_test/Os_test__newfiletest.hx line 160)
Called from _internal.os_test._Os_test_testnewfilenonblock.$Os_test_testnewfilenonblock_Fields_.testNewFileNonBlock (_internal/os_test/Os_test_testnewfilenonblock.hx line 6)
Called from go._internal.testing.$M_static_extension.run (go/_internal/testing/Testing_m_static_extension.hx line 39)
Called from _internal.os_test._Os_test_testmain.$Os_test_testmain_Fields_.testMain (_internal/os_test/Os_test_testmain.hx line 13)
Called from _internal.osdottest._Osdottest.$Osdottest_Fields_.main (_internal/osdottest/Osdottest.hx line 140)

-- SKIP: TestNewFileNonBlock

-- PASS: TestNewFileNonBlock

=== RUN  TestNewFileInvalid
Exception: :os.newFile is not yet implemented
Called from go._internal.os._Os_newfile.$Os_newfile_Fields_.newFile (go/_internal/os/Os_newfile.hx line 2)
Called from _internal.os_test._Os_test_testnewfileinvalid.$Os_test_testnewfileinvalid_Fields_.testNewFileInvalid (_internal/os_test/Os_test_testnewfileinvalid.hx line 8)
Called from go._internal.testing.$M_static_extension.run (go/_internal/testing/Testing_m_static_extension.hx line 39)
Called from _internal.os_test._Os_test_testmain.$Os_test_testmain_Fields_.testMain (_internal/os_test/Os_test_testmain.hx line 13)
Called from _internal.osdottest._Osdottest.$Osdottest_Fields_.main (_internal/osdottest/Osdottest.hx line 140)

-- FAIL: TestNewFileInvalid

=== RUN  TestSplitPath
Exception: Null access
Called from _internal.os_test._Os_test_testsplitpath.$Os_test_testsplitpath_Fields_.testSplitPath (_internal/os_test/Os_test_testsplitpath.hx line 39)
Called from go._internal.testing.$M_static_extension.run (go/_internal/testing/Testing_m_static_extension.hx line 39)
Called from _internal.os_test._Os_test_testmain.$Os_test_testmain_Fields_.testMain (_internal/os_test/Os_test_testmain.hx line 13)
Called from _internal.osdottest._Osdottest.$Osdottest_Fields_.main (_internal/osdottest/Osdottest.hx line 140)

-- FAIL: TestSplitPath

=== RUN  TestMkdirAll
Exception: :os.mkdirAll is not yet implemented
Called from _internal.os_test._Os_test_testmkdirall.$Os_test_testmkdirall_Fields_.testMkdirAll (_internal/os_test/Os_test_testmkdirall.hx line 198)
Called from go._internal.testing.$M_static_extension.run (go/_internal/testing/Testing_m_static_extension.hx line 39)
Called from _internal.os_test._Os_test_testmain.$Os_test_testmain_Fields_.testMain (_internal/os_test/Os_test_testmain.hx line 13)
Called from _internal.osdottest._Osdottest.$Osdottest_Fields_.main (_internal/osdottest/Osdottest.hx line 140)

-- FAIL: TestMkdirAll

=== RUN  TestMkdirAllWithSymlink
Exception: :os.symlink is not yet implemented
Called from go._internal.os._Os_symlink.$Os_symlink_Fields_.symlink (go/_internal/os/Os_symlink.hx line 2)
Called from _internal.os_test._Os_test_testmkdirallwithsymlink.$Os_test_testmkdirallwithsymlink_Fields_.testMkdirAllWithSymlink (_internal/os_test/Os_test_testmkdirallwithsymlink.hx line 27)
Called from go._internal.testing.$M_static_extension.run (go/_internal/testing/Testing_m_static_extension.hx line 39)
Called from _internal.os_test._Os_test_testmain.$Os_test_testmain_Fields_.testMain (_internal/os_test/Os_test_testmain.hx line 13)
Called from _internal.osdottest._Osdottest.$Osdottest_Fields_.main (_internal/osdottest/Osdottest.hx line 140)

-- FAIL: TestMkdirAllWithSymlink

=== RUN  TestMkdirAllAtSlash
skipping non-hermetic test outside of Go buildersException: __skip__
Called from go._internal.testing.$T_common_static_extension.skipNow (go/_internal/testing/Testing_t_common_static_extension.hx line 40)
Called from go._internal.testing.$T_common_static_extension.skipf (go/_internal/testing/Testing_t_common_static_extension.hx line 46)
Called from go._internal.testing.T_.~get_skipf.0 (go/_internal/testing/Testing_t_.hx line 90)
Called from _internal.os_test._Os_test_testmkdirallatslash.$Os_test_testmkdirallatslash_Fields_.testMkdirAllAtSlash (_internal/os_test/Os_test_testmkdirallatslash.hx line 14)
Called from go._internal.testing.$M_static_extension.run (go/_internal/testing/Testing_m_static_extension.hx line 39)
Called from _internal.os_test._Os_test_testmain.$Os_test_testmain_Fields_.testMain (_internal/os_test/Os_test_testmain.hx line 13)
Called from _internal.osdottest._Osdottest.$Osdottest_Fields_.main (_internal/osdottest/Osdottest.hx line 140)

-- SKIP: TestMkdirAllAtSlash

-- PASS: TestMkdirAllAtSlash

=== RUN  TestReadFile

-- PASS: TestReadFile

=== RUN  TestWriteFile

-- PASS: TestWriteFile

=== RUN  TestReadOnlyWriteFile
Exception: :os.getuid is not yet implemented
Called from _internal.os_test._Os_test_testreadonlywritefile.$Os_test_testreadonlywritefile_Fields_.testReadOnlyWriteFile (_internal/os_test/Os_test_testreadonlywritefile.hx line 123)
Called from go._internal.testing.$M_static_extension.run (go/_internal/testing/Testing_m_static_extension.hx line 39)
Called from _internal.os_test._Os_test_testmain.$Os_test_testmain_Fields_.testMain (_internal/os_test/Os_test_testmain.hx line 13)
Called from _internal.osdottest._Osdottest.$Osdottest_Fields_.main (_internal/osdottest/Osdottest.hx line 140)

-- FAIL: TestReadOnlyWriteFile

=== RUN  TestReadDir
Exception: SysError(Failed to read directory rumpelstilzchen)
Called from sys.$FileSystem.readDirectory (/home/runner/haxe/versions/b0b2997/std/hl/_std/sys/FileSystem.hx line 98)
Called from go._internal.os._Os_readdir.$Os_readdir_Fields_.readDir (go/_internal/os/Os_readdir.hx line 8)
Called from _internal.os_test._Os_test_testreaddir.$Os_test_testreaddir_Fields_.testReadDir (_internal/os_test/Os_test_testreaddir.hx line 6)
Called from go._internal.testing.$M_static_extension.run (go/_internal/testing/Testing_m_static_extension.hx line 39)
Called from _internal.os_test._Os_test_testmain.$Os_test_testmain_Fields_.testMain (_internal/os_test/Os_test_testmain.hx line 13)
Called from _internal.osdottest._Osdottest.$Osdottest_Fields_.main (_internal/osdottest/Osdottest.hx line 140)

-- FAIL: TestReadDir

=== RUN  TestRemoveAll
Exception: SysError(Can't delete directory )
Called from sys.$FileSystem.deleteDirectory (/home/runner/haxe/versions/b0b2997/std/hl/_std/sys/FileSystem.hx line 92)
Called from go._internal.os._Os_removeall.$Os_removeall_Fields_.removeAll (go/_internal/os/Os_removeall.hx line 25)
Called from _internal.os_test._Os_test_testremoveall.$Os_test_testremoveall_Fields_.testRemoveAll (_internal/os_test/Os_test_testremoveall.hx line 8)
Called from go._internal.testing.$M_static_extension.run (go/_internal/testing/Testing_m_static_extension.hx line 39)
Called from _internal.os_test._Os_test_testmain.$Os_test_testmain_Fields_.testMain (_internal/os_test/Os_test_testmain.hx line 13)
Called from _internal.osdottest._Osdottest.$Osdottest_Fields_.main (_internal/osdottest/Osdottest.hx line 140)

-- FAIL: TestRemoveAll

=== RUN  TestRemoveAllLarge
skipping in short mode
Exception: __skip__
Called from go._internal.testing.$T_common_static_extension.skipNow (go/_internal/testing/Testing_t_common_static_extension.hx line 40)
Called from go._internal.testing.$T_common_static_extension.skip (go/_internal/testing/Testing_t_common_static_extension.hx line 52)
Called from go._internal.testing.T_.~get_skip.0 (go/_internal/testing/Testing_t_.hx line 80)
Called from _internal.os_test._Os_test_testremovealllarge.$Os_test_testremovealllarge_Fields_.testRemoveAllLarge (_internal/os_test/Os_test_testremovealllarge.hx line 6)
Called from go._internal.testing.$M_static_extension.run (go/_internal/testing/Testing_m_static_extension.hx line 39)
Called from _internal.os_test._Os_test_testmain.$Os_test_testmain_Fields_.testMain (_internal/os_test/Os_test_testmain.hx line 13)
Called from _internal.osdottest._Osdottest.$Osdottest_Fields_.main (_internal/osdottest/Osdottest.hx line 140)

-- SKIP: TestRemoveAllLarge

-- PASS: TestRemoveAllLarge

=== RUN  TestRemoveAllLongPath
skipping for not implemented platforms
Exception: __skip__
Called from _internal.os_test._Os_test_testremovealllongpath.$Os_test_testremovealllongpath_Fields_.testRemoveAllLongPath (_internal/os_test/Os_test_testremovealllongpath.hx line 177)
Called from go._internal.testing.$M_static_extension.run (go/_internal/testing/Testing_m_static_extension.hx line 39)
Called from _internal.os_test._Os_test_testmain.$Os_test_testmain_Fields_.testMain (_internal/os_test/Os_test_testmain.hx line 13)
Called from _internal.osdottest._Osdottest.$Osdottest_Fields_.main (_internal/osdottest/Osdottest.hx line 140)

-- SKIP: TestRemoveAllLongPath

-- PASS: TestRemoveAllLongPath

=== RUN  TestRemoveAllDot
Exception: SysError(Can't delete directory .)
Called from _internal.os_test._Os_test_testremovealldot.$Os_test_testremovealldot_Fields_.testRemoveAllDot (_internal/os_test/Os_test_testremovealldot.hx line 116)
Called from go._internal.testing.$M_static_extension.run (go/_internal/testing/Testing_m_static_extension.hx line 39)
Called from _internal.os_test._Os_test_testmain.$Os_test_testmain_Fields_.testMain (_internal/os_test/Os_test_testmain.hx line 13)
Called from _internal.osdottest._Osdottest.$Osdottest_Fields_.main (_internal/osdottest/Osdottest.hx line 140)

-- FAIL: TestRemoveAllDot

=== RUN  TestRemoveAllDotDot
Exception: :os.mkdirAll is not yet implemented
Called from go._internal.os._Os_mkdirall.$Os_mkdirall_Fields_.mkdirAll (go/_internal/os/Os_mkdirall.hx line 2)
Called from _internal.os_test._Os_test_testremovealldotdot.$Os_test_testremovealldotdot_Fields_.testRemoveAllDotDot (_internal/os_test/Os_test_testremovealldotdot.hx line 10)
Called from go._internal.testing.$M_static_extension.run (go/_internal/testing/Testing_m_static_extension.hx line 39)
Called from _internal.os_test._Os_test_testmain.$Os_test_testmain_Fields_.testMain (_internal/os_test/Os_test_testmain.hx line 13)
Called from _internal.osdottest._Osdottest.$Osdottest_Fields_.main (_internal/osdottest/Osdottest.hx line 140)

-- FAIL: TestRemoveAllDotDot

=== RUN  TestRemoveReadOnlyDir
chmod: cannot access 'tmpdir_h/x': No such file or directory

-- PASS: TestRemoveReadOnlyDir

=== RUN  TestRemoveAllButReadOnlyAndPathError
skipping test on jsException: __skip__
Called from _internal.os_test._Os_test_testremoveallbutreadonlyandpatherror.$Os_test_testremoveallbutreadonlyandpatherror_Fields_.testRemoveAllButReadOnlyAndPathError (_internal/os_test/Os_test_testremoveallbutreadonlyandpatherror.hx line 189)
Called from go._internal.testing.$M_static_extension.run (go/_internal/testing/Testing_m_static_extension.hx line 39)
Called from _internal.os_test._Os_test_testmain.$Os_test_testmain_Fields_.testMain (_internal/os_test/Os_test_testmain.hx line 13)
Called from _internal.osdottest._Osdottest.$Osdottest_Fields_.main (_internal/osdottest/Osdottest.hx line 140)

-- SKIP: TestRemoveAllButReadOnlyAndPathError

-- PASS: TestRemoveAllButReadOnlyAndPathError

=== RUN  TestRemoveUnreadableDir
skipping test on jsException: __skip__
Called from go._internal.testing.$T_common_static_extension.skipNow (go/_internal/testing/Testing_t_common_static_extension.hx line 40)
Called from go._internal.testing.$T_common_static_extension.skipf (go/_internal/testing/Testing_t_common_static_extension.hx line 46)
Called from go._internal.testing.T_.~get_skipf.0 (go/_internal/testing/Testing_t_.hx line 90)
Called from _internal.os_test._Os_test_testremoveunreadabledir.$Os_test_testremoveunreadabledir_Fields_.testRemoveUnreadableDir (_internal/os_test/Os_test_testremoveunreadabledir.hx line 8)
Called from go._internal.testing.$M_static_extension.run (go/_internal/testing/Testing_m_static_extension.hx line 39)
Called from _internal.os_test._Os_test_testmain.$Os_test_testmain_Fields_.testMain (_internal/os_test/Os_test_testmain.hx line 13)
Called from _internal.osdottest._Osdottest.$Osdottest_Fields_.main (_internal/osdottest/Osdottest.hx line 140)

-- SKIP: TestRemoveUnreadableDir

-- PASS: TestRemoveUnreadableDir

=== RUN  TestRemoveAllWithMoreErrorThanReqSize
skipping in short mode
Exception: __skip__
Called from _internal.os_test._Os_test_testremoveallwithmoreerrorthanreqsize.$Os_test_testremoveallwithmoreerrorthanreqsize_Fields_.testRemoveAllWithMoreErrorThanReqSize (_internal/os_test/Os_test_testremoveallwithmoreerrorthanreqsize.hx line 174)
Called from go._internal.testing.$M_static_extension.run (go/_internal/testing/Testing_m_static_extension.hx line 39)
Called from _internal.os_test._Os_test_testmain.$Os_test_testmain_Fields_.testMain (_internal/os_test/Os_test_testmain.hx line 13)
Called from _internal.osdottest._Osdottest.$Osdottest_Fields_.main (_internal/osdottest/Osdottest.hx line 140)

-- SKIP: TestRemoveAllWithMoreErrorThanReqSize

-- PASS: TestRemoveAllWithMoreErrorThanReqSize

=== RUN  TestRemoveAllNoFcntl
skipping in short mode
Exception: __skip__
Called from go._internal.testing.$T_common_static_extension.skipNow (go/_internal/testing/Testing_t_common_static_extension.hx line 40)
Called from go._internal.testing.$T_common_static_extension.skip (go/_internal/testing/Testing_t_common_static_extension.hx line 52)
Called from go._internal.testing.T_.~get_skip.0 (go/_internal/testing/Testing_t_.hx line 80)
Called from _internal.os_test._Os_test_testremoveallnofcntl.$Os_test_testremoveallnofcntl_Fields_.testRemoveAllNoFcntl (_internal/os_test/Os_test_testremoveallnofcntl.hx line 6)
Called from go._internal.testing.$M_static_extension.run (go/_internal/testing/Testing_m_static_extension.hx line 39)
Called from _internal.os_test._Os_test_testmain.$Os_test_testmain_Fields_.testMain (_internal/os_test/Os_test_testmain.hx line 13)
Called from _internal.osdottest._Osdottest.$Osdottest_Fields_.main (_internal/osdottest/Osdottest.hx line 140)

-- SKIP: TestRemoveAllNoFcntl

-- PASS: TestRemoveAllNoFcntl

=== RUN  TestDirAndSymlinkStats
Exception: :os.sameFile is not yet implemented
Called from _internal.os_test._Os_test__teststatandlstat.$Os_test__teststatandlstat_Fields_._testStatAndLstat (_internal/os_test/Os_test__teststatandlstat.hx line 256)
Called from _internal.os_test._Os_test__testdirstats.$Os_test__testdirstats_Fields_._testDirStats (_internal/os_test/Os_test__testdirstats.hx line 4)
Called from _internal.os_test._Os_test_testdirandsymlinkstats.$Os_test_testdirandsymlinkstats_Fields_.testDirAndSymlinkStats (_internal/os_test/Os_test_testdirandsymlinkstats.hx line 25)
Called from go._internal.testing.$M_static_extension.run (go/_internal/testing/Testing_m_static_extension.hx line 39)
Called from _internal.os_test._Os_test_testmain.$Os_test_testmain_Fields_.testMain (_internal/os_test/Os_test_testmain.hx line 13)
Called from _internal.osdottest._Osdottest.$Osdottest_Fields_.main (_internal/osdottest/Osdottest.hx line 140)

-- FAIL: TestDirAndSymlinkStats

=== RUN  TestFileAndSymlinkStats
writeFile tmpdir_f/file: no such file or directory
Exception: __fail__
Called from go._internal.testing.$T_common_static_extension.failNow (go/_internal/testing/Testing_t_common_static_extension.hx line 94)
Called from go._internal.testing.$T_common_static_extension.fatal (go/_internal/testing/Testing_t_common_static_extension.hx line 64)
Called from go._internal.testing.T_.~get_fatal.0 (go/_internal/testing/Testing_t_.hx line 50)
Called from _internal.os_test._Os_test_testfileandsymlinkstats.$Os_test_testfileandsymlinkstats_Fields_.testFileAndSymlinkStats (_internal/os_test/Os_test_testfileandsymlinkstats.hx line 14)
Called from go._internal.testing.$M_static_extension.run (go/_internal/testing/Testing_m_static_extension.hx line 39)
Called from _internal.os_test._Os_test_testmain.$Os_test_testmain_Fields_.testMain (_internal/os_test/Os_test_testmain.hx line 13)
Called from _internal.osdottest._Osdottest.$Osdottest_Fields_.main (_internal/osdottest/Osdottest.hx line 140)

-- FAIL: TestFileAndSymlinkStats

=== RUN  TestSymlinkWithTrailingSlash
Exception: :os.symlink is not yet implemented
Called from go._internal.os._Os_symlink.$Os_symlink_Fields_.symlink (go/_internal/os/Os_symlink.hx line 2)
Called from _internal.os_test._Os_test_testsymlinkwithtrailingslash.$Os_test_testsymlinkwithtrailingslash_Fields_.testSymlinkWithTrailingSlash (_internal/os_test/Os_test_testsymlinkwithtrailingslash.hx line 27)
Called from go._internal.testing.$M_static_extension.run (go/_internal/testing/Testing_m_static_extension.hx line 39)
Called from _internal.os_test._Os_test_testmain.$Os_test_testmain_Fields_.testMain (_internal/os_test/Os_test_testmain.hx line 13)
Called from _internal.osdottest._Osdottest.$Osdottest_Fields_.main (_internal/osdottest/Osdottest.hx line 140)

-- FAIL: TestSymlinkWithTrailingSlash

=== RUN  TestCreateTemp
Exception: SysError(Can't open tmpdir_n/_not_exists_/tmpfile_ for writing)
Called from _internal.os_test._Os_test_testcreatetemp.$Os_test_testcreatetemp_Fields_.testCreateTemp (_internal/os_test/Os_test_testcreatetemp.hx line 90)
Called from go._internal.testing.$M_static_extension.run (go/_internal/testing/Testing_m_static_extension.hx line 39)
Called from _internal.os_test._Os_test_testmain.$Os_test_testmain_Fields_.testMain (_internal/os_test/Os_test_testmain.hx line 13)
Called from _internal.osdottest._Osdottest.$Osdottest_Fields_.main (_internal/osdottest/Osdottest.hx line 140)

-- FAIL: TestCreateTemp

=== RUN  TestCreateTempPattern
CreateTemp pattern "tempfile_test" created bad name "tmpfile_n"; want prefix "tempfile_test" & suffix ""
CreateTemp pattern "tempfile_test*" created bad name "tmpfile_z"; want prefix "tempfile_test" & suffix ""
CreateTemp pattern "tempfile_test*xyz" created bad name "tmpfile_i"; want prefix "tempfile_test" & suffix "xyz"

-- FAIL: TestCreateTempPattern

=== RUN  TestCreateTempBadPattern
Exception: T_common:testing.name is not yet implemented
Called from _internal.os_test._Os_test_testcreatetempbadpattern.$Os_test_testcreatetempbadpattern_Fields_.testCreateTempBadPattern (_internal/os_test/Os_test_testcreatetempbadpattern.hx line 177)
Called from go._internal.testing.$M_static_extension.run (go/_internal/testing/Testing_m_static_extension.hx line 39)
Called from _internal.os_test._Os_test_testmain.$Os_test_testmain_Fields_.testMain (_internal/os_test/Os_test_testmain.hx line 13)
Called from _internal.osdottest._Osdottest.$Osdottest_Fields_.main (_internal/osdottest/Osdottest.hx line 140)

-- FAIL: TestCreateTempBadPattern

=== RUN  TestMkdirTemp
MkdirTemp(`/_not_exists_`, `foo`) = tmpdir_0, <nil>
- SUBRUN  tempfile_test
MkdirTemp("temp", "tempfile_test") created bad name
	"tmpdir_3"
did not match pattern
	"^temp/tempfile_test[0-9]+$"
- SUBRUN  tempfile_test*
MkdirTemp("temp", "tempfile_test*") created bad name
	"tmpdir_p"
did not match pattern
	"^temp/tempfile_test[0-9]+$"
- SUBRUN  tempfile_test*xyz
MkdirTemp("temp", "tempfile_test*xyz") created bad name
	"tmpdir_s"
did not match pattern
	"^temp/tempfile_test[0-9]+xyz$"
- SUBRUN  *xyz
MkdirTemp("temp", "*xyz") created bad name
	"tmpdir_f"
did not match pattern
	"^temp/[0-9]+xyz$"

-- FAIL: TestMkdirTemp

=== RUN  TestMkdirTempBadDir
TempDir error = <nil>; want PathError for path "tmpdir_8/not-exist" satisfying IsNotExist

-- FAIL: TestMkdirTempBadDir

=== RUN  TestMkdirTempBadPattern
Exception: T_common:testing.name is not yet implemented
Called from _internal.os_test._Os_test_testmkdirtempbadpattern.$Os_test_testmkdirtempbadpattern_Fields_.testMkdirTempBadPattern (_internal/os_test/Os_test_testmkdirtempbadpattern.hx line 112)
Called from go._internal.testing.$M_static_extension.run (go/_internal/testing/Testing_m_static_extension.hx line 39)
Called from _internal.os_test._Os_test_testmain.$Os_test_testmain_Fields_.testMain (_internal/os_test/Os_test_testmain.hx line 13)
Called from _internal.osdottest._Osdottest.$Osdottest_Fields_.main (_internal/osdottest/Osdottest.hx line 140)

-- FAIL: TestMkdirTempBadPattern

golibs/go/_internal/testing/Testing_m_static_extension.hx:97: exitCode: 1 exitCodeReason: 
-- FAIL: TestMkdirTempBadPattern
