=== RUN  TestMatch

-- PASS: TestMatch

=== RUN  TestGlob

-- PASS: TestGlob

=== RUN  TestCVE202230632
-- SKIP: testCVE202230632

-- PASS: TestCVE202230632

=== RUN  TestGlobError

-- PASS: TestGlobError

=== RUN  TestGlobUNC

-- PASS: TestGlobUNC

=== RUN  TestGlobSymlink
Exception: :os.symlink is not yet implemented
Called from go._internal.os._Os_symlink.Os_symlink_Fields_.symlink (golibs/go/_internal/os/Os_symlink.hx line 2 column 71)
Called from _internal.path.filepath_test._Filepath_test_testglobsymlink.Filepath_test_testglobsymlink_Fields_.testGlobSymlink (golibs/_internal/path/filepath_test/Filepath_test_testglobsymlink.hx line 38 column 20)
Called from go._internal.testing.M_static_extension.run (golibs/go/_internal/testing/Testing_m_static_extension.hx line 39 column 17)
Called from _internal.path.filepathdottest._Filepathdottest.Filepathdottest_Fields_.main (golibs/_internal/path/filepathdottest/Filepathdottest.hx line 51 column 36)

-- FAIL: TestGlobSymlink

=== RUN  TestWindowsGlob
skipping windows specific testException: __skip__
Called from _internal.path.filepath_test._Filepath_test_testwindowsglob.Filepath_test_testwindowsglob_Fields_.testWindowsGlob (golibs/_internal/path/filepath_test/Filepath_test_testwindowsglob.hx line 247 column 30)
Called from go._internal.testing.M_static_extension.run (golibs/go/_internal/testing/Testing_m_static_extension.hx line 39 column 17)
Called from _internal.path.filepathdottest._Filepathdottest.Filepathdottest_Fields_.main (golibs/_internal/path/filepathdottest/Filepathdottest.hx line 51 column 36)

-- SKIP: TestWindowsGlob

-- PASS: TestWindowsGlob

=== RUN  TestNonWindowsGlobEscape

-- PASS: TestNonWindowsGlobEscape

=== RUN  TestClean
skipping malloc count in short mode
Exception: __skip__
Called from go._internal.testing.T_common_static_extension.skipNow (golibs/go/_internal/testing/Testing_t_common_static_extension.hx line 40 column 9)
Called from go._internal.testing.T_common_static_extension.skip (golibs/go/_internal/testing/Testing_t_common_static_extension.hx line 52 column 9)
Called from local function #1 (golibs/go/_internal/testing/Testing_t_.hx line 80 column 84)
Called from _internal.path.filepath_test._Filepath_test_testclean.Filepath_test_testclean_Fields_.testClean (golibs/_internal/path/filepath_test/Filepath_test_testclean.hx line 36 column 21)
Called from go._internal.testing.M_static_extension.run (golibs/go/_internal/testing/Testing_m_static_extension.hx line 39 column 17)
Called from _internal.path.filepathdottest._Filepathdottest.Filepathdottest_Fields_.main (golibs/_internal/path/filepathdottest/Filepathdottest.hx line 51 column 36)

-- SKIP: TestClean

-- PASS: TestClean

=== RUN  TestIsLocal

-- PASS: TestIsLocal

=== RUN  TestFromAndToSlash

-- PASS: TestFromAndToSlash

=== RUN  TestSplitList

-- PASS: TestSplitList

=== RUN  TestSplit

-- PASS: TestSplit

=== RUN  TestJoin

-- PASS: TestJoin

=== RUN  TestExt

-- PASS: TestExt

=== RUN  TestWalk
node testdata/a mark = 0; expected 1
node testdata/b mark = 0; expected 1
node testdata/c mark = 0; expected 1
node testdata/d mark = 0; expected 1
node testdata/d/x mark = 0; expected 1
node testdata/d/y mark = 0; expected 1
node testdata/d/z mark = 0; expected 1
node testdata/d/z/u mark = 0; expected 1
node testdata/d/z/v mark = 0; expected 1
- SUBRUN  PermErr
Exception: :os.getuid is not yet implemented
Called from _internal.path.filepath_test._Filepath_test__testwalk.Filepath_test__testwalk_Fields_._testWalk (golibs/_internal/path/filepath_test/Filepath_test__testwalk.hx line 198 column 30)
Called from _internal.path.filepath_test._Filepath_test_testwalk.Filepath_test_testwalk_Fields_.testWalk (golibs/_internal/path/filepath_test/Filepath_test_testwalk.hx line 11 column 9)
Called from go._internal.testing.M_static_extension.run (golibs/go/_internal/testing/Testing_m_static_extension.hx line 39 column 17)
Called from _internal.path.filepathdottest._Filepathdottest.Filepathdottest_Fields_.main (golibs/_internal/path/filepathdottest/Filepathdottest.hx line 51 column 36)

-- FAIL: TestWalk

=== RUN  TestWalkDir
node testdata/d/x mark = 0; expected 1
node testdata/d/y mark = 0; expected 1
node testdata/d/z mark = 0; expected 1
node testdata/d/z/u mark = 0; expected 1
node testdata/d/z/v mark = 0; expected 1
- SUBRUN  PermErr
Exception: :os.getuid is not yet implemented
Called from _internal.path.filepath_test._Filepath_test__testwalk.Filepath_test__testwalk_Fields_._testWalk (golibs/_internal/path/filepath_test/Filepath_test__testwalk.hx line 198 column 30)
Called from _internal.path.filepath_test._Filepath_test_testwalkdir.Filepath_test_testwalkdir_Fields_.testWalkDir (golibs/_internal/path/filepath_test/Filepath_test_testwalkdir.hx line 4 column 9)
Called from go._internal.testing.M_static_extension.run (golibs/go/_internal/testing/Testing_m_static_extension.hx line 39 column 17)
Called from _internal.path.filepathdottest._Filepathdottest.Filepathdottest_Fields_.main (golibs/_internal/path/filepathdottest/Filepathdottest.hx line 51 column 36)

-- FAIL: TestWalkDir

=== RUN  TestWalkSkipDirOnFile
Exception: :os.mkdirAll is not yet implemented
Called from go._internal.os._Os_mkdirall.Os_mkdirall_Fields_.mkdirAll (golibs/go/_internal/os/Os_mkdirall.hx line 2 column 94)
Called from _internal.path.filepath_test._Filepath_test_testwalkskipdironfile.Filepath_test_testwalkskipdironfile_Fields_.testWalkSkipDirOnFile (golibs/_internal/path/filepath_test/Filepath_test_testwalkskipdironfile.hx line 6 column 24)
Called from go._internal.testing.M_static_extension.run (golibs/go/_internal/testing/Testing_m_static_extension.hx line 39 column 17)
Called from _internal.path.filepathdottest._Filepathdottest.Filepathdottest_Fields_.main (golibs/_internal/path/filepathdottest/Filepathdottest.hx line 51 column 36)

-- FAIL: TestWalkSkipDirOnFile

=== RUN  TestWalkSkipAllOnFile
Exception: :os.mkdirAll is not yet implemented
Called from go._internal.os._Os_mkdirall.Os_mkdirall_Fields_.mkdirAll (golibs/go/_internal/os/Os_mkdirall.hx line 2 column 94)
Called from _internal.path.filepath_test._Filepath_test_testwalkskipallonfile.Filepath_test_testwalkskipallonfile_Fields_.testWalkSkipAllOnFile (golibs/_internal/path/filepath_test/Filepath_test_testwalkskipallonfile.hx line 6 column 24)
Called from go._internal.testing.M_static_extension.run (golibs/go/_internal/testing/Testing_m_static_extension.hx line 39 column 17)
Called from _internal.path.filepathdottest._Filepathdottest.Filepathdottest_Fields_.main (golibs/_internal/path/filepathdottest/Filepathdottest.hx line 51 column 36)

-- FAIL: TestWalkSkipAllOnFile

=== RUN  TestWalkFileError
Exception: :os.mkdirAll is not yet implemented
Called from _internal.path.filepath_test._Filepath_test_testwalkfileerror.Filepath_test_testwalkfileerror_Fields_.testWalkFileError (golibs/_internal/path/filepath_test/Filepath_test_testwalkfileerror.hx line 136 column 30)
Called from go._internal.testing.M_static_extension.run (golibs/go/_internal/testing/Testing_m_static_extension.hx line 39 column 17)
Called from _internal.path.filepathdottest._Filepathdottest.Filepathdottest_Fields_.main (golibs/_internal/path/filepathdottest/Filepathdottest.hx line 51 column 36)

-- FAIL: TestWalkFileError

=== RUN  TestWalkSymlinkRoot
Exception: :os.mkdirAll is not yet implemented
Called from go._internal.os._Os_mkdirall.Os_mkdirall_Fields_.mkdirAll (golibs/go/_internal/os/Os_mkdirall.hx line 2 column 94)
Called from _internal.path.filepath_test._Filepath_test_testwalksymlinkroot.Filepath_test_testwalksymlinkroot_Fields_.testWalkSymlinkRoot (golibs/_internal/path/filepath_test/Filepath_test_testwalksymlinkroot.hx line 9 column 24)
Called from go._internal.testing.M_static_extension.run (golibs/go/_internal/testing/Testing_m_static_extension.hx line 39 column 17)
Called from _internal.path.filepathdottest._Filepathdottest.Filepathdottest_Fields_.main (golibs/_internal/path/filepathdottest/Filepathdottest.hx line 51 column 36)

-- FAIL: TestWalkSymlinkRoot

=== RUN  TestBase

-- PASS: TestBase

=== RUN  TestDir

-- PASS: TestDir

=== RUN  TestIsAbs

-- PASS: TestIsAbs

=== RUN  TestEvalSymlinks
Exception: :os.symlink is not yet implemented
Called from go._internal.os._Os_symlink.Os_symlink_Fields_.symlink (golibs/go/_internal/os/Os_symlink.hx line 2 column 71)
Called from _internal.path.filepath_test._Filepath_test_testevalsymlinks.Filepath_test_testevalsymlinks_Fields_.testEvalSymlinks (golibs/_internal/path/filepath_test/Filepath_test_testevalsymlinks.hx line 32 column 24)
Called from go._internal.testing.M_static_extension.run (golibs/go/_internal/testing/Testing_m_static_extension.hx line 39 column 17)
Called from _internal.path.filepathdottest._Filepathdottest.Filepathdottest_Fields_.main (golibs/_internal/path/filepathdottest/Filepathdottest.hx line 51 column 36)

-- FAIL: TestEvalSymlinks

=== RUN  TestEvalSymlinksIsNotExist
Exception: :os.isNotExist is not yet implemented
Called from _internal.path.filepath_test._Filepath_test_testevalsymlinksisnotexist.Filepath_test_testevalsymlinksisnotexist_Fields_.testEvalSymlinksIsNotExist (golibs/_internal/path/filepath_test/Filepath_test_testevalsymlinksisnotexist.hx line 106 column 30)
Called from go._internal.testing.M_static_extension.run (golibs/go/_internal/testing/Testing_m_static_extension.hx line 39 column 17)
Called from _internal.path.filepathdottest._Filepathdottest.Filepathdottest_Fields_.main (golibs/_internal/path/filepathdottest/Filepathdottest.hx line 51 column 36)

-- FAIL: TestEvalSymlinksIsNotExist

=== RUN  TestIssue13582
Exception: :os.symlink is not yet implemented
Called from go._internal.os._Os_symlink.Os_symlink_Fields_.symlink (golibs/go/_internal/os/Os_symlink.hx line 2 column 71)
Called from _internal.path.filepath_test._Filepath_test_testissue13582.Filepath_test_testissue13582_Fields_.testIssue13582 (golibs/_internal/path/filepath_test/Filepath_test_testissue13582.hx line 21 column 16)
Called from go._internal.testing.M_static_extension.run (golibs/go/_internal/testing/Testing_m_static_extension.hx line 39 column 17)
Called from _internal.path.filepathdottest._Filepathdottest.Filepathdottest_Fields_.main (golibs/_internal/path/filepathdottest/Filepathdottest.hx line 51 column 36)

-- FAIL: TestIssue13582

=== RUN  TestRelativeSymlinkToAbsolute
Exception: :os.symlink is not yet implemented
Called from go._internal.os._Os_symlink.Os_symlink_Fields_.symlink (golibs/go/_internal/os/Os_symlink.hx line 2 column 71)
Called from _internal.path.filepath_test._Filepath_test_testrelativesymlinktoabsolute.Filepath_test_testrelativesymlinktoabsolute_Fields_.testRelativeSymlinkToAbsolute (golibs/_internal/path/filepath_test/Filepath_test_testrelativesymlinktoabsolute.hx line 10 column 24)
Called from go._internal.testing.M_static_extension.run (golibs/go/_internal/testing/Testing_m_static_extension.hx line 39 column 17)
Called from _internal.path.filepathdottest._Filepathdottest.Filepathdottest_Fields_.main (golibs/_internal/path/filepathdottest/Filepathdottest.hx line 51 column 36)

-- FAIL: TestRelativeSymlinkToAbsolute

=== RUN  TestAbs
Exception: :os.sameFile is not yet implemented
Called from _internal.path.filepath_test._Filepath_test_testabs.Filepath_test_testabs_Fields_.testAbs (golibs/_internal/path/filepath_test/Filepath_test_testabs.hx line 180 column 30)
Called from go._internal.testing.M_static_extension.run (golibs/go/_internal/testing/Testing_m_static_extension.hx line 39 column 17)
Called from _internal.path.filepathdottest._Filepathdottest.Filepathdottest_Fields_.main (golibs/_internal/path/filepathdottest/Filepathdottest.hx line 51 column 36)

-- FAIL: TestAbs

=== RUN  TestAbsEmptyString
tmpdir_v: readFile tmpdir_v: no such file or directoryException: __fail__
Called from _internal.path.filepath_test._Filepath_test_testabsemptystring.Filepath_test_testabsemptystring_Fields_.testAbsEmptyString (golibs/_internal/path/filepath_test/Filepath_test_testabsemptystring.hx line 127 column 30)
Called from go._internal.testing.M_static_extension.run (golibs/go/_internal/testing/Testing_m_static_extension.hx line 39 column 17)
Called from _internal.path.filepathdottest._Filepathdottest.Filepathdottest_Fields_.main (golibs/_internal/path/filepathdottest/Filepathdottest.hx line 51 column 36)

-- FAIL: TestAbsEmptyString

=== RUN  TestRel

-- PASS: TestRel

=== RUN  TestVolumeName

-- PASS: TestVolumeName

=== RUN  TestDriveLetterInEvalSymlinks

-- PASS: TestDriveLetterInEvalSymlinks

=== RUN  TestBug3486
Exception: :runtime.gOROOT is not yet implemented
Called from go._internal.runtime._Runtime_goroot.Runtime_goroot_Fields_.gOROOT (golibs/go/_internal/runtime/Runtime_goroot.hx line 2 column 31)
Called from local function #1 (golibs/go/_internal/internal/testenv/Testenv__findgoroot.hx line 19 column 77)
Called from go._internal.sync.Once_static_extension.do_ (golibs/go/_internal/sync/Sync_once_static_extension.hx line 11 column 9)
Called from go._internal.internal.testenv._Testenv__findgoroot.Testenv__findgoroot_Fields_._findGOROOT (golibs/go/_internal/internal/testenv/Testenv__findgoroot.hx line 18 column 9)
Called from go._internal.internal.testenv._Testenv_goroot.Testenv_goroot_Fields_.gOROOT (golibs/go/_internal/internal/testenv/Testenv_goroot.hx line 17 column 23)
Called from _internal.path.filepath_test._Filepath_test_testbug3486.Filepath_test_testbug3486_Fields_.testBug3486 (golibs/_internal/path/filepath_test/Filepath_test_testbug3486.hx line 8 column 68)
Called from go._internal.testing.M_static_extension.run (golibs/go/_internal/testing/Testing_m_static_extension.hx line 39 column 17)
Called from _internal.path.filepathdottest._Filepathdottest.Filepathdottest_Fields_.main (golibs/_internal/path/filepathdottest/Filepathdottest.hx line 51 column 36)

-- FAIL: TestBug3486

=== RUN  TestWalkSymlink
Exception: :os.symlink is not yet implemented
Called from _internal.path.filepath_test._Filepath_test__testwalksymlink.Filepath_test__testwalksymlink_Fields_._testWalkSymlink (golibs/_internal/path/filepath_test/Filepath_test__testwalksymlink.hx line 149 column 30)
Called from _internal.path.filepath_test._Filepath_test_testwalksymlink.Filepath_test_testwalksymlink_Fields_.testWalkSymlink (golibs/_internal/path/filepath_test/Filepath_test_testwalksymlink.hx line 6 column 9)
Called from go._internal.testing.M_static_extension.run (golibs/go/_internal/testing/Testing_m_static_extension.hx line 39 column 17)
Called from _internal.path.filepathdottest._Filepathdottest.Filepathdottest_Fields_.main (golibs/_internal/path/filepathdottest/Filepathdottest.hx line 51 column 36)

-- FAIL: TestWalkSymlink

=== RUN  TestIssue29372
writeFile tmpdir_g/file.txt: no such file or directory
Exception: __fail__
Called from go._internal.testing.T_common_static_extension.failNow (golibs/go/_internal/testing/Testing_t_common_static_extension.hx line 94 column 9)
Called from go._internal.testing.T_common_static_extension.fatal (golibs/go/_internal/testing/Testing_t_common_static_extension.hx line 64 column 9)
Called from local function #1 (golibs/go/_internal/testing/Testing_t_.hx line 50 column 85)
Called from _internal.path.filepath_test._Filepath_test_testissue29372.Filepath_test_testissue29372_Fields_.testIssue29372 (golibs/_internal/path/filepath_test/Filepath_test_testissue29372.hx line 9 column 13)
Called from go._internal.testing.M_static_extension.run (golibs/go/_internal/testing/Testing_m_static_extension.hx line 39 column 17)
Called from _internal.path.filepathdottest._Filepathdottest.Filepathdottest_Fields_.main (golibs/_internal/path/filepathdottest/Filepathdottest.hx line 51 column 36)

-- FAIL: TestIssue29372

=== RUN  TestEvalSymlinksAboveRoot
Exception: :os.symlink is not yet implemented
Called from go._internal.os._Os_symlink.Os_symlink_Fields_.symlink (golibs/go/_internal/os/Os_symlink.hx line 2 column 71)
Called from _internal.path.filepath_test._Filepath_test_testevalsymlinksaboveroot.Filepath_test_testevalsymlinksaboveroot_Fields_.testEvalSymlinksAboveRoot (golibs/_internal/path/filepath_test/Filepath_test_testevalsymlinksaboveroot.hx line 38 column 24)
Called from go._internal.testing.M_static_extension.run (golibs/go/_internal/testing/Testing_m_static_extension.hx line 39 column 17)
Called from _internal.path.filepathdottest._Filepathdottest.Filepathdottest_Fields_.main (golibs/_internal/path/filepathdottest/Filepathdottest.hx line 51 column 36)

-- FAIL: TestEvalSymlinksAboveRoot

=== RUN  TestEvalSymlinksAboveRootChdir
Exception: :os.mkdirAll is not yet implemented
Called from _internal.path.filepath_test._Filepath_test_testevalsymlinksaboverootchdir.Filepath_test_testevalsymlinksaboverootchdir_Fields_.testEvalSymlinksAboveRootChdir (golibs/_internal/path/filepath_test/Filepath_test_testevalsymlinksaboverootchdir.hx line 175 column 30)
Called from go._internal.testing.M_static_extension.run (golibs/go/_internal/testing/Testing_m_static_extension.hx line 39 column 17)
Called from _internal.path.filepathdottest._Filepathdottest.Filepathdottest_Fields_.main (golibs/_internal/path/filepathdottest/Filepathdottest.hx line 51 column 36)

-- FAIL: TestEvalSymlinksAboveRootChdir

=== RUN  TestIssue51617
got directories [.], want [. a a/bad a/next]

-- FAIL: TestIssue51617

golibs/go/_internal/testing/Testing_m_static_extension.hx:97: exitCode: 1 exitCodeReason: 
-- FAIL: TestIssue51617
chmod: invalid mode: ‘448’
Try 'chmod --help' for more information.
