=== RUN  TestMatch

-- PASS: TestMatch

=== RUN  TestGlob
Glob(<invalid reflect.Value>) = %!v(MISSING) want %!v(MISSING)
Glob(<invalid reflect.Value>) = %!v(MISSING) want %!v(MISSING)
Glob(<invalid reflect.Value>) = %!v(MISSING) want %!v(MISSING)
Glob(<invalid reflect.Value>) = %!v(MISSING) want %!v(MISSING)

-- FAIL: TestGlob

=== RUN  TestCVE202230632
-- SKIP: testCVE202230632

-- PASS: TestCVE202230632

=== RUN  TestGlobError

-- PASS: TestGlobError

=== RUN  TestGlobUNC

-- PASS: TestGlobUNC

=== RUN  TestGlobSymlink
Exception: :os.symlink is not yet implemented
Called from .stdgo__$internal_os_Os_$symlink_symlink (/home/runner/work/go2hx/go2hx/golibs/std_filepath.js line 26264 column 23)
Called from module at stdgo__$internal_testing_InternalTest._$internal_path_filepath_$test_Filepath_$test_$testglobsymlink_testGlobSymlink [as f] (/home/runner/work/go2hx/go2hx/golibs/std_filepath.js:16319:10)
Called from stdgo__$internal_testing_M_$static_$extension.run (/home/runner/work/go2hx/go2hx/golibs/std_filepath.js line 55856 column 9)
Called from ._$internal_path_filepathdottest_Filepathdottest_main (/home/runner/work/go2hx/go2hx/golibs/std_filepath.js line 45686 column 59)
Called from module at /home/runner/work/go2hx/go2hx/golibs/std_filepath.js:65950:1
Called from module at Object.<anonymous> (/home/runner/work/go2hx/go2hx/golibs/std_filepath.js:65951:3)
Called from Module._compile (node:internal/modules/cjs/loader line 1734 column 14)
Called from Object..js (node:internal/modules/cjs/loader line 1899 column 10)

-- FAIL: TestGlobSymlink

=== RUN  TestWindowsGlob
Exception: Cannot read properties of undefined (reading '_common')
Called from module at stdgo__$internal_testing_InternalTest._$internal_path_filepath_$test_Filepath_$test_$testwindowsglob_testWindowsGlob [as f] (/home/runner/work/go2hx/go2hx/golibs/std_filepath.js:17497:25)
Called from stdgo__$internal_testing_M_$static_$extension.run (/home/runner/work/go2hx/go2hx/golibs/std_filepath.js line 55856 column 9)
Called from ._$internal_path_filepathdottest_Filepathdottest_main (/home/runner/work/go2hx/go2hx/golibs/std_filepath.js line 45686 column 59)
Called from module at /home/runner/work/go2hx/go2hx/golibs/std_filepath.js:65950:1
Called from module at Object.<anonymous> (/home/runner/work/go2hx/go2hx/golibs/std_filepath.js:65951:3)
Called from Module._compile (node:internal/modules/cjs/loader line 1734 column 14)
Called from Object..js (node:internal/modules/cjs/loader line 1899 column 10)
Called from Module.load (node:internal/modules/cjs/loader line 1469 column 32)

-- FAIL: TestWindowsGlob

=== RUN  TestNonWindowsGlobEscape
Glob(<invalid reflect.Value>) = %!v(MISSING) want %!v(MISSING)Exception: __fail__
Called from stdgo__$internal_testing_T_$common_$static_$extension.failNow (/home/runner/work/go2hx/go2hx/golibs/std_filepath.js line 56611 column 23)
Called from stdgo__$internal_testing_T_$common_$static_$extension.fatalf (/home/runner/work/go2hx/go2hx/golibs/std_filepath.js line 56540 column 56)
Called from module at /home/runner/work/go2hx/go2hx/golibs/std_filepath.js:56094:58
Called from module at stdgo__$internal_testing_InternalTest._$internal_path_filepath_$test_Filepath_$test_$testnonwindowsglobescape_testNonWindowsGlobEscape [as f] (/home/runner/work/go2hx/go2hx/golibs/std_filepath.js:16731:20)
Called from stdgo__$internal_testing_M_$static_$extension.run (/home/runner/work/go2hx/go2hx/golibs/std_filepath.js line 55856 column 9)
Called from ._$internal_path_filepathdottest_Filepathdottest_main (/home/runner/work/go2hx/go2hx/golibs/std_filepath.js line 45686 column 59)
Called from module at /home/runner/work/go2hx/go2hx/golibs/std_filepath.js:65950:1
Called from module at Object.<anonymous> (/home/runner/work/go2hx/go2hx/golibs/std_filepath.js:65951:3)

-- FAIL: TestNonWindowsGlobEscape

=== RUN  TestClean
<invalid reflect.Value>
Exception: __skip__
Called from stdgo__$internal_testing_T_$common_$static_$extension.skipNow (/home/runner/work/go2hx/go2hx/golibs/std_filepath.js line 56495 column 23)
Called from stdgo__$internal_testing_T_$common_$static_$extension.skip (/home/runner/work/go2hx/go2hx/golibs/std_filepath.js line 56525 column 56)
Called from module at /home/runner/work/go2hx/go2hx/golibs/std_filepath.js:56133:58
Called from module at stdgo__$internal_testing_InternalTest._$internal_path_filepath_$test_Filepath_$test_$testclean_testClean [as f] (/home/runner/work/go2hx/go2hx/golibs/std_filepath.js:15760:18)
Called from stdgo__$internal_testing_M_$static_$extension.run (/home/runner/work/go2hx/go2hx/golibs/std_filepath.js line 55856 column 9)
Called from ._$internal_path_filepathdottest_Filepathdottest_main (/home/runner/work/go2hx/go2hx/golibs/std_filepath.js line 45686 column 59)
Called from module at /home/runner/work/go2hx/go2hx/golibs/std_filepath.js:65950:1
Called from module at Object.<anonymous> (/home/runner/work/go2hx/go2hx/golibs/std_filepath.js:65951:3)

-- SKIP: TestClean

-- PASS: TestClean

=== RUN  TestIsLocal

-- PASS: TestIsLocal

=== RUN  TestFromAndToSlash

-- PASS: TestFromAndToSlash

=== RUN  TestSplitList

-- PASS: TestSplitList

=== RUN  TestSplit

-- PASS: TestSplit

=== RUN  TestJoin

-- PASS: TestJoin

=== RUN  TestExt

-- PASS: TestExt

=== RUN  TestWalk
unexpected errors: <invalid reflect.Value>Exception: __fail__
Called from ._$internal_path_filepath_$test_Filepath_$test_$_$testwalk__testWalk (/home/runner/work/go2hx/go2hx/golibs/std_filepath.js line 14776 column 25)
Called from module at stdgo__$internal_testing_InternalTest._$internal_path_filepath_$test_Filepath_$test_$testwalk_testWalk [as f] (/home/runner/work/go2hx/go2hx/golibs/std_filepath.js:16866:2)
Called from stdgo__$internal_testing_M_$static_$extension.run (/home/runner/work/go2hx/go2hx/golibs/std_filepath.js line 55856 column 9)
Called from ._$internal_path_filepathdottest_Filepathdottest_main (/home/runner/work/go2hx/go2hx/golibs/std_filepath.js line 45686 column 59)
Called from module at /home/runner/work/go2hx/go2hx/golibs/std_filepath.js:65950:1
Called from module at Object.<anonymous> (/home/runner/work/go2hx/go2hx/golibs/std_filepath.js:65951:3)
Called from Module._compile (node:internal/modules/cjs/loader line 1734 column 14)
Called from Object..js (node:internal/modules/cjs/loader line 1899 column 10)

-- FAIL: TestWalk

=== RUN  TestWalkDir
unexpected errors: <invalid reflect.Value>Exception: __fail__
Called from ._$internal_path_filepath_$test_Filepath_$test_$_$testwalk__testWalk (/home/runner/work/go2hx/go2hx/golibs/std_filepath.js line 14776 column 25)
Called from module at stdgo__$internal_testing_InternalTest._$internal_path_filepath_$test_Filepath_$test_$testwalkdir_testWalkDir [as f] (/home/runner/work/go2hx/go2hx/golibs/std_filepath.js:16869:2)
Called from stdgo__$internal_testing_M_$static_$extension.run (/home/runner/work/go2hx/go2hx/golibs/std_filepath.js line 55856 column 9)
Called from ._$internal_path_filepathdottest_Filepathdottest_main (/home/runner/work/go2hx/go2hx/golibs/std_filepath.js line 45686 column 59)
Called from module at /home/runner/work/go2hx/go2hx/golibs/std_filepath.js:65950:1
Called from module at Object.<anonymous> (/home/runner/work/go2hx/go2hx/golibs/std_filepath.js:65951:3)
Called from Module._compile (node:internal/modules/cjs/loader line 1734 column 14)
Called from Object..js (node:internal/modules/cjs/loader line 1899 column 10)

-- FAIL: TestWalkDir

=== RUN  TestWalkSkipDirOnFile
Exception: :os.mkdirAll is not yet implemented
Called from .stdgo__$internal_os_Os_$mkdirall_mkdirAll (/home/runner/work/go2hx/go2hx/golibs/std_filepath.js line 40184 column 23)
Called from module at stdgo__$internal_testing_InternalTest._$internal_path_filepath_$test_Filepath_$test_$testwalkskipdironfile_testWalkSkipDirOnFile [as f] (/home/runner/work/go2hx/go2hx/golibs/std_filepath.js:17104:13)
Called from stdgo__$internal_testing_M_$static_$extension.run (/home/runner/work/go2hx/go2hx/golibs/std_filepath.js line 55856 column 9)
Called from ._$internal_path_filepathdottest_Filepathdottest_main (/home/runner/work/go2hx/go2hx/golibs/std_filepath.js line 45686 column 59)
Called from module at /home/runner/work/go2hx/go2hx/golibs/std_filepath.js:65950:1
Called from module at Object.<anonymous> (/home/runner/work/go2hx/go2hx/golibs/std_filepath.js:65951:3)
Called from Module._compile (node:internal/modules/cjs/loader line 1734 column 14)
Called from Object..js (node:internal/modules/cjs/loader line 1899 column 10)

-- FAIL: TestWalkSkipDirOnFile

=== RUN  TestWalkSkipAllOnFile
Exception: :os.mkdirAll is not yet implemented
Called from .stdgo__$internal_os_Os_$mkdirall_mkdirAll (/home/runner/work/go2hx/go2hx/golibs/std_filepath.js line 40184 column 23)
Called from module at stdgo__$internal_testing_InternalTest._$internal_path_filepath_$test_Filepath_$test_$testwalkskipallonfile_testWalkSkipAllOnFile [as f] (/home/runner/work/go2hx/go2hx/golibs/std_filepath.js:17033:13)
Called from stdgo__$internal_testing_M_$static_$extension.run (/home/runner/work/go2hx/go2hx/golibs/std_filepath.js line 55856 column 9)
Called from ._$internal_path_filepathdottest_Filepathdottest_main (/home/runner/work/go2hx/go2hx/golibs/std_filepath.js line 45686 column 59)
Called from module at /home/runner/work/go2hx/go2hx/golibs/std_filepath.js:65950:1
Called from module at Object.<anonymous> (/home/runner/work/go2hx/go2hx/golibs/std_filepath.js:65951:3)
Called from Module._compile (node:internal/modules/cjs/loader line 1734 column 14)
Called from Object..js (node:internal/modules/cjs/loader line 1899 column 10)

-- FAIL: TestWalkSkipAllOnFile

=== RUN  TestWalkFileError
Exception: :os.mkdirAll is not yet implemented
Called from module at stdgo__$internal_testing_InternalTest._$internal_path_filepath_$test_Filepath_$test_$testwalkfileerror_testWalkFileError [as f] (/home/runner/work/go2hx/go2hx/golibs/std_filepath.js:17024:25)
Called from stdgo__$internal_testing_M_$static_$extension.run (/home/runner/work/go2hx/go2hx/golibs/std_filepath.js line 55856 column 9)
Called from ._$internal_path_filepathdottest_Filepathdottest_main (/home/runner/work/go2hx/go2hx/golibs/std_filepath.js line 45686 column 59)
Called from module at /home/runner/work/go2hx/go2hx/golibs/std_filepath.js:65950:1
Called from module at Object.<anonymous> (/home/runner/work/go2hx/go2hx/golibs/std_filepath.js:65951:3)
Called from Module._compile (node:internal/modules/cjs/loader line 1734 column 14)
Called from Object..js (node:internal/modules/cjs/loader line 1899 column 10)
Called from Module.load (node:internal/modules/cjs/loader line 1469 column 32)

-- FAIL: TestWalkFileError

=== RUN  TestWalkSymlinkRoot
Exception: :os.mkdirAll is not yet implemented
Called from .stdgo__$internal_os_Os_$mkdirall_mkdirAll (/home/runner/work/go2hx/go2hx/golibs/std_filepath.js line 40184 column 23)
Called from module at stdgo__$internal_testing_InternalTest._$internal_path_filepath_$test_Filepath_$test_$testwalksymlinkroot_testWalkSymlinkRoot [as f] (/home/runner/work/go2hx/go2hx/golibs/std_filepath.js:17183:13)
Called from stdgo__$internal_testing_M_$static_$extension.run (/home/runner/work/go2hx/go2hx/golibs/std_filepath.js line 55856 column 9)
Called from ._$internal_path_filepathdottest_Filepathdottest_main (/home/runner/work/go2hx/go2hx/golibs/std_filepath.js line 45686 column 59)
Called from module at /home/runner/work/go2hx/go2hx/golibs/std_filepath.js:65950:1
Called from module at Object.<anonymous> (/home/runner/work/go2hx/go2hx/golibs/std_filepath.js:65951:3)
Called from Module._compile (node:internal/modules/cjs/loader line 1734 column 14)
Called from Object..js (node:internal/modules/cjs/loader line 1899 column 10)

-- FAIL: TestWalkSymlinkRoot

=== RUN  TestBase

-- PASS: TestBase

=== RUN  TestDir

-- PASS: TestDir

=== RUN  TestIsAbs

-- PASS: TestIsAbs

=== RUN  TestEvalSymlinks
Exception: :os.symlink is not yet implemented
Called from .stdgo__$internal_os_Os_$symlink_symlink (/home/runner/work/go2hx/go2hx/golibs/std_filepath.js line 26264 column 23)
Called from module at stdgo__$internal_testing_InternalTest._$internal_path_filepath_$test_Filepath_$test_$testevalsymlinks_testEvalSymlinks [as f] (/home/runner/work/go2hx/go2hx/golibs/std_filepath.js:15840:11)
Called from stdgo__$internal_testing_M_$static_$extension.run (/home/runner/work/go2hx/go2hx/golibs/std_filepath.js line 55856 column 9)
Called from ._$internal_path_filepathdottest_Filepathdottest_main (/home/runner/work/go2hx/go2hx/golibs/std_filepath.js line 45686 column 59)
Called from module at /home/runner/work/go2hx/go2hx/golibs/std_filepath.js:65950:1
Called from module at Object.<anonymous> (/home/runner/work/go2hx/go2hx/golibs/std_filepath.js:65951:3)
Called from Module._compile (node:internal/modules/cjs/loader line 1734 column 14)
Called from Object..js (node:internal/modules/cjs/loader line 1899 column 10)

-- FAIL: TestEvalSymlinks

=== RUN  TestEvalSymlinksIsNotExist
Exception: :os.isNotExist is not yet implemented
Called from module at stdgo__$internal_testing_InternalTest._$internal_path_filepath_$test_Filepath_$test_$testevalsymlinksisnotexist_testEvalSymlinksIsNotExist [as f] (/home/runner/work/go2hx/go2hx/golibs/std_filepath.js:16189:25)
Called from stdgo__$internal_testing_M_$static_$extension.run (/home/runner/work/go2hx/go2hx/golibs/std_filepath.js line 55856 column 9)
Called from ._$internal_path_filepathdottest_Filepathdottest_main (/home/runner/work/go2hx/go2hx/golibs/std_filepath.js line 45686 column 59)
Called from module at /home/runner/work/go2hx/go2hx/golibs/std_filepath.js:65950:1
Called from module at Object.<anonymous> (/home/runner/work/go2hx/go2hx/golibs/std_filepath.js:65951:3)
Called from Module._compile (node:internal/modules/cjs/loader line 1734 column 14)
Called from Object..js (node:internal/modules/cjs/loader line 1899 column 10)
Called from Module.load (node:internal/modules/cjs/loader line 1469 column 32)

-- FAIL: TestEvalSymlinksIsNotExist

=== RUN  TestIssue13582
Exception: :os.symlink is not yet implemented
Called from .stdgo__$internal_os_Os_$symlink_symlink (/home/runner/work/go2hx/go2hx/golibs/std_filepath.js line 26264 column 23)
Called from module at stdgo__$internal_testing_InternalTest._$internal_path_filepath_$test_Filepath_$test_$testissue13582_testIssue13582 [as f] (/home/runner/work/go2hx/go2hx/golibs/std_filepath.js:16390:9)
Called from stdgo__$internal_testing_M_$static_$extension.run (/home/runner/work/go2hx/go2hx/golibs/std_filepath.js line 55856 column 9)
Called from ._$internal_path_filepathdottest_Filepathdottest_main (/home/runner/work/go2hx/go2hx/golibs/std_filepath.js line 45686 column 59)
Called from module at /home/runner/work/go2hx/go2hx/golibs/std_filepath.js:65950:1
Called from module at Object.<anonymous> (/home/runner/work/go2hx/go2hx/golibs/std_filepath.js:65951:3)
Called from Module._compile (node:internal/modules/cjs/loader line 1734 column 14)
Called from Object..js (node:internal/modules/cjs/loader line 1899 column 10)

-- FAIL: TestIssue13582

=== RUN  TestRelativeSymlinkToAbsolute
Exception: :os.symlink is not yet implemented
Called from .stdgo__$internal_os_Os_$symlink_symlink (/home/runner/work/go2hx/go2hx/golibs/std_filepath.js line 26264 column 23)
Called from module at stdgo__$internal_testing_InternalTest._$internal_path_filepath_$test_Filepath_$test_$testrelativesymlinktoabsolute_testRelativeSymlinkToAbsolute [as f] (/home/runner/work/go2hx/go2hx/golibs/std_filepath.js:16786:13)
Called from stdgo__$internal_testing_M_$static_$extension.run (/home/runner/work/go2hx/go2hx/golibs/std_filepath.js line 55856 column 9)
Called from ._$internal_path_filepathdottest_Filepathdottest_main (/home/runner/work/go2hx/go2hx/golibs/std_filepath.js line 45686 column 59)
Called from module at /home/runner/work/go2hx/go2hx/golibs/std_filepath.js:65950:1
Called from module at Object.<anonymous> (/home/runner/work/go2hx/go2hx/golibs/std_filepath.js:65951:3)
Called from Module._compile (node:internal/modules/cjs/loader line 1734 column 14)
Called from Object..js (node:internal/modules/cjs/loader line 1899 column 10)

-- FAIL: TestRelativeSymlinkToAbsolute

=== RUN  TestAbs
Exception: :os.sameFile is not yet implemented
Called from module at stdgo__$internal_testing_InternalTest._$internal_path_filepath_$test_Filepath_$test_$testabs_testAbs [as f] (/home/runner/work/go2hx/go2hx/golibs/std_filepath.js:15564:25)
Called from stdgo__$internal_testing_M_$static_$extension.run (/home/runner/work/go2hx/go2hx/golibs/std_filepath.js line 55856 column 9)
Called from ._$internal_path_filepathdottest_Filepathdottest_main (/home/runner/work/go2hx/go2hx/golibs/std_filepath.js line 45686 column 59)
Called from module at /home/runner/work/go2hx/go2hx/golibs/std_filepath.js:65950:1
Called from module at Object.<anonymous> (/home/runner/work/go2hx/go2hx/golibs/std_filepath.js:65951:3)
Called from Module._compile (node:internal/modules/cjs/loader line 1734 column 14)
Called from Object..js (node:internal/modules/cjs/loader line 1899 column 10)
Called from Module.load (node:internal/modules/cjs/loader line 1469 column 32)

-- FAIL: TestAbs

=== RUN  TestAbsEmptyString
<invalid reflect.Value>: %!s(MISSING)Exception: __fail__
Called from module at stdgo__$internal_testing_InternalTest._$internal_path_filepath_$test_Filepath_$test_$testabsemptystring_testAbsEmptyString [as f] (/home/runner/work/go2hx/go2hx/golibs/std_filepath.js:15677:25)
Called from stdgo__$internal_testing_M_$static_$extension.run (/home/runner/work/go2hx/go2hx/golibs/std_filepath.js line 55856 column 9)
Called from ._$internal_path_filepathdottest_Filepathdottest_main (/home/runner/work/go2hx/go2hx/golibs/std_filepath.js line 45686 column 59)
Called from module at /home/runner/work/go2hx/go2hx/golibs/std_filepath.js:65950:1
Called from module at Object.<anonymous> (/home/runner/work/go2hx/go2hx/golibs/std_filepath.js:65951:3)
Called from Module._compile (node:internal/modules/cjs/loader line 1734 column 14)
Called from Object..js (node:internal/modules/cjs/loader line 1899 column 10)
Called from Module.load (node:internal/modules/cjs/loader line 1469 column 32)

-- FAIL: TestAbsEmptyString

=== RUN  TestRel

-- PASS: TestRel

=== RUN  TestVolumeName

-- PASS: TestVolumeName

=== RUN  TestDriveLetterInEvalSymlinks

-- PASS: TestDriveLetterInEvalSymlinks

=== RUN  TestBug3486
Exception: :runtime.gOROOT is not yet implemented
Called from .stdgo__$internal_runtime_Runtime_$goroot_gOROOT (/home/runner/work/go2hx/go2hx/golibs/std_filepath.js line 42533 column 23)
Called from module at /home/runner/work/go2hx/go2hx/golibs/std_filepath.js:42301:13
Called from stdgo__$internal_sync_Once_$static_$extension.do_ (/home/runner/work/go2hx/go2hx/golibs/std_filepath.js line 42509 column 2)
Called from .stdgo__$internal_internal_testenv_Testenv_$_$findgoroot__findGOROOT (/home/runner/work/go2hx/go2hx/golibs/std_filepath.js line 42300 column 48)
Called from .stdgo__$internal_internal_testenv_Testenv_$goroot_gOROOT (/home/runner/work/go2hx/go2hx/golibs/std_filepath.js line 42282 column 16)
Called from module at stdgo__$internal_testing_InternalTest._$internal_path_filepath_$test_Filepath_$test_$testbug3486_testBug3486 [as f] (/home/runner/work/go2hx/go2hx/golibs/std_filepath.js:15698:12)
Called from stdgo__$internal_testing_M_$static_$extension.run (/home/runner/work/go2hx/go2hx/golibs/std_filepath.js line 55856 column 9)
Called from ._$internal_path_filepathdottest_Filepathdottest_main (/home/runner/work/go2hx/go2hx/golibs/std_filepath.js line 45686 column 59)

-- FAIL: TestBug3486

=== RUN  TestWalkSymlink
Exception: :os.symlink is not yet implemented
Called from ._$internal_path_filepath_$test_Filepath_$test_$_$testwalksymlink__testWalkSymlink (/home/runner/work/go2hx/go2hx/golibs/std_filepath.js line 14898 column 25)
Called from module at stdgo__$internal_testing_InternalTest._$internal_path_filepath_$test_Filepath_$test_$testwalksymlink_testWalkSymlink [as f] (/home/runner/work/go2hx/go2hx/golibs/std_filepath.js:17167:2)
Called from stdgo__$internal_testing_M_$static_$extension.run (/home/runner/work/go2hx/go2hx/golibs/std_filepath.js line 55856 column 9)
Called from ._$internal_path_filepathdottest_Filepathdottest_main (/home/runner/work/go2hx/go2hx/golibs/std_filepath.js line 45686 column 59)
Called from module at /home/runner/work/go2hx/go2hx/golibs/std_filepath.js:65950:1
Called from module at Object.<anonymous> (/home/runner/work/go2hx/go2hx/golibs/std_filepath.js:65951:3)
Called from Module._compile (node:internal/modules/cjs/loader line 1734 column 14)
Called from Object..js (node:internal/modules/cjs/loader line 1899 column 10)

-- FAIL: TestWalkSymlink

=== RUN  TestIssue29372
<invalid reflect.Value>
Exception: __fail__
Called from stdgo__$internal_testing_T_$common_$static_$extension.failNow (/home/runner/work/go2hx/go2hx/golibs/std_filepath.js line 56611 column 23)
Called from stdgo__$internal_testing_T_$common_$static_$extension.fatal (/home/runner/work/go2hx/go2hx/golibs/std_filepath.js line 56555 column 56)
Called from module at /home/runner/work/go2hx/go2hx/golibs/std_filepath.js:56085:58
Called from module at stdgo__$internal_testing_InternalTest._$internal_path_filepath_$test_Filepath_$test_$testissue29372_testIssue29372 [as f] (/home/runner/work/go2hx/go2hx/golibs/std_filepath.js:16465:19)
Called from stdgo__$internal_testing_M_$static_$extension.run (/home/runner/work/go2hx/go2hx/golibs/std_filepath.js line 55856 column 9)
Called from ._$internal_path_filepathdottest_Filepathdottest_main (/home/runner/work/go2hx/go2hx/golibs/std_filepath.js line 45686 column 59)
Called from module at /home/runner/work/go2hx/go2hx/golibs/std_filepath.js:65950:1
Called from module at Object.<anonymous> (/home/runner/work/go2hx/go2hx/golibs/std_filepath.js:65951:3)

-- FAIL: TestIssue29372

=== RUN  TestEvalSymlinksAboveRoot
Exception: :os.symlink is not yet implemented
Called from .stdgo__$internal_os_Os_$symlink_symlink (/home/runner/work/go2hx/go2hx/golibs/std_filepath.js line 26264 column 23)
Called from module at stdgo__$internal_testing_InternalTest._$internal_path_filepath_$test_Filepath_$test_$testevalsymlinksaboveroot_testEvalSymlinksAboveRoot [as f] (/home/runner/work/go2hx/go2hx/golibs/std_filepath.js:15916:14)
Called from stdgo__$internal_testing_M_$static_$extension.run (/home/runner/work/go2hx/go2hx/golibs/std_filepath.js line 55856 column 9)
Called from ._$internal_path_filepathdottest_Filepathdottest_main (/home/runner/work/go2hx/go2hx/golibs/std_filepath.js line 45686 column 59)
Called from module at /home/runner/work/go2hx/go2hx/golibs/std_filepath.js:65950:1
Called from module at Object.<anonymous> (/home/runner/work/go2hx/go2hx/golibs/std_filepath.js:65951:3)
Called from Module._compile (node:internal/modules/cjs/loader line 1734 column 14)
Called from Object..js (node:internal/modules/cjs/loader line 1899 column 10)

-- FAIL: TestEvalSymlinksAboveRoot

=== RUN  TestEvalSymlinksAboveRootChdir
Exception: :os.mkdirAll is not yet implemented
Called from module at stdgo__$internal_testing_InternalTest._$internal_path_filepath_$test_Filepath_$test_$testevalsymlinksaboverootchdir_testEvalSymlinksAboveRootChdir [as f] (/home/runner/work/go2hx/go2hx/golibs/std_filepath.js:16087:25)
Called from stdgo__$internal_testing_M_$static_$extension.run (/home/runner/work/go2hx/go2hx/golibs/std_filepath.js line 55856 column 9)
Called from ._$internal_path_filepathdottest_Filepathdottest_main (/home/runner/work/go2hx/go2hx/golibs/std_filepath.js line 45686 column 59)
Called from module at /home/runner/work/go2hx/go2hx/golibs/std_filepath.js:65950:1
Called from module at Object.<anonymous> (/home/runner/work/go2hx/go2hx/golibs/std_filepath.js:65951:3)
Called from Module._compile (node:internal/modules/cjs/loader line 1734 column 14)
Called from Object..js (node:internal/modules/cjs/loader line 1899 column 10)
Called from Module.load (node:internal/modules/cjs/loader line 1469 column 32)

-- FAIL: TestEvalSymlinksAboveRootChdir

=== RUN  TestIssue51617
got directories <invalid reflect.Value>, want %!v(MISSING)
chmod: invalid mode: ‘448’
Try 'chmod --help' for more information.
node:fs:1581
  const result = binding.readdir(
                         ^

Error: EACCES: permission denied, scandir 'tmp_czr7bdmq3d/a/bad'
    at Object.readdirSync (node:fs:1581:26)
    at deleteRecursively (/home/runner/work/go2hx/go2hx/golibs/std_filepath.js:26169:30)
    at deleteRecursively (/home/runner/work/go2hx/go2hx/golibs/std_filepath.js:26175:7)
    at deleteRecursively (/home/runner/work/go2hx/go2hx/golibs/std_filepath.js:26175:7)
    at stdgo__$internal_os_Os_$removeall_removeAll (/home/runner/work/go2hx/go2hx/golibs/std_filepath.js:26215:2)
    at /home/runner/work/go2hx/go2hx/golibs/std_filepath.js:56475:4
    at stdgo__$internal_testing_M_$static_$extension.run (/home/runner/work/go2hx/go2hx/golibs/std_filepath.js:55867:4)
    at _$internal_path_filepathdottest_Filepathdottest_main (/home/runner/work/go2hx/go2hx/golibs/std_filepath.js:45686:59)
    at /home/runner/work/go2hx/go2hx/golibs/std_filepath.js:65950:1
    at Object.<anonymous> (/home/runner/work/go2hx/go2hx/golibs/std_filepath.js:65951:3) {
  errno: -13,
  code: 'EACCES',
  syscall: 'scandir',
  path: 'tmp_czr7bdmq3d/a/bad'
}

Node.js v23.11.0
