=== RUN  TestCheckEqual
Exception: Cannot read properties of undefined (reading 'length')
Called from module TypeError: Cannot read properties of undefined (reading 'length')
Called from StringTools.endsWith (/home/runner/work/go2hx/go2hx/golibs/std_quick.js line 132 column 15)
Called from stdgo__$internal_reflect_Value_$static_$extension.set (/home/runner/work/go2hx/go2hx/golibs/std_quick.js line 14407 column 18)
Called from .stdgo__$internal_testing_quick_Quick_$_$sizedvalue__sizedValue (/home/runner/work/go2hx/go2hx/golibs/std_quick.js line 39363 column 54)
Called from .stdgo__$internal_testing_quick_Quick_$value_value (/home/runner/work/go2hx/go2hx/golibs/std_quick.js line 39168 column 9)
Called from .stdgo__$internal_testing_quick_Quick_$_$arbitraryvalues__arbitraryValues (/home/runner/work/go2hx/go2hx/golibs/std_quick.js line 39145 column 17)
Called from .stdgo__$internal_testing_quick_Quick_$checkequal_checkEqual (/home/runner/work/go2hx/go2hx/golibs/std_quick.js line 13548 column 14)
Called from module at stdgo__$internal_testing_InternalTest.stdgo__$internal_testing_quick_Quick_$testcheckequal_testCheckEqual [as f] (/home/runner/work/go2hx/go2hx/golibs/std_quick.js:12784:101)
Called from stdgo__$internal_testing_M_$static_$extension.run (/home/runner/work/go2hx/go2hx/golibs/std_quick.js line 51009 column 9)
Called from ._$internal_testing_quickdottest_Quickdottest_main (/home/runner/work/go2hx/go2hx/golibs/std_quick.js line 41428 column 59)
Called from module at /home/runner/work/go2hx/go2hx/golibs/std_quick.js:59241:1

-- FAIL: TestCheckEqual

=== RUN  TestCheckProperty
Exception: not implemented numOut
Called from stdgo__$internal_internal_reflect__$Type_$static_$extension.numOut (/home/runner/work/go2hx/go2hx/golibs/std_quick.js line 15788 column 23)
Called from stdgo__$internal_internal_reflect__$Type_$asInterface.numOut (/home/runner/work/go2hx/go2hx/golibs/std_quick.js line 15153 column 70)
Called from .stdgo__$internal_testing_quick_Quick_$check_check (/home/runner/work/go2hx/go2hx/golibs/std_quick.js line 40866 column 12)
Called from module at stdgo__$internal_testing_InternalTest.stdgo__$internal_testing_quick_Quick_$testcheckproperty_testCheckProperty [as f] (/home/runner/work/go2hx/go2hx/golibs/std_quick.js:40840:111)
Called from stdgo__$internal_testing_M_$static_$extension.run (/home/runner/work/go2hx/go2hx/golibs/std_quick.js line 51009 column 9)
Called from ._$internal_testing_quickdottest_Quickdottest_main (/home/runner/work/go2hx/go2hx/golibs/std_quick.js line 41428 column 59)
Called from module at /home/runner/work/go2hx/go2hx/golibs/std_quick.js:59241:1
Called from module at Object.<anonymous> (/home/runner/work/go2hx/go2hx/golibs/std_quick.js:59242:3)

-- FAIL: TestCheckProperty

=== RUN  TestFailure
Exception: not implemented numOut
Called from stdgo__$internal_internal_reflect__$Type_$static_$extension.numOut (/home/runner/work/go2hx/go2hx/golibs/std_quick.js line 15788 column 23)
Called from stdgo__$internal_internal_reflect__$Type_$asInterface.numOut (/home/runner/work/go2hx/go2hx/golibs/std_quick.js line 15153 column 70)
Called from .stdgo__$internal_testing_quick_Quick_$check_check (/home/runner/work/go2hx/go2hx/golibs/std_quick.js line 40866 column 12)
Called from module at stdgo__$internal_testing_InternalTest.stdgo__$internal_testing_quick_Quick_$testfailure_testFailure [as f] (/home/runner/work/go2hx/go2hx/golibs/std_quick.js:40943:13)
Called from stdgo__$internal_testing_M_$static_$extension.run (/home/runner/work/go2hx/go2hx/golibs/std_quick.js line 51009 column 9)
Called from ._$internal_testing_quickdottest_Quickdottest_main (/home/runner/work/go2hx/go2hx/golibs/std_quick.js line 41428 column 59)
Called from module at /home/runner/work/go2hx/go2hx/golibs/std_quick.js:59241:1
Called from module at Object.<anonymous> (/home/runner/work/go2hx/go2hx/golibs/std_quick.js:59242:3)

-- FAIL: TestFailure

=== RUN  TestRecursive
Exception: not implemented numOut
Called from stdgo__$internal_internal_reflect__$Type_$static_$extension.numOut (/home/runner/work/go2hx/go2hx/golibs/std_quick.js line 15788 column 23)
Called from stdgo__$internal_internal_reflect__$Type_$asInterface.numOut (/home/runner/work/go2hx/go2hx/golibs/std_quick.js line 15153 column 70)
Called from .stdgo__$internal_testing_quick_Quick_$check_check (/home/runner/work/go2hx/go2hx/golibs/std_quick.js line 40866 column 12)
Called from module at stdgo__$internal_testing_InternalTest.stdgo__$internal_testing_quick_Quick_$testrecursive_testRecursive [as f] (/home/runner/work/go2hx/go2hx/golibs/std_quick.js:41274:2)
Called from stdgo__$internal_testing_M_$static_$extension.run (/home/runner/work/go2hx/go2hx/golibs/std_quick.js line 51009 column 9)
Called from ._$internal_testing_quickdottest_Quickdottest_main (/home/runner/work/go2hx/go2hx/golibs/std_quick.js line 41428 column 59)
Called from module at /home/runner/work/go2hx/go2hx/golibs/std_quick.js:59241:1
Called from module at Object.<anonymous> (/home/runner/work/go2hx/go2hx/golibs/std_quick.js:59242:3)

-- FAIL: TestRecursive

=== RUN  TestEmptyStruct
Exception: not implemented numOut
Called from stdgo__$internal_internal_reflect__$Type_$static_$extension.numOut (/home/runner/work/go2hx/go2hx/golibs/std_quick.js line 15788 column 23)
Called from stdgo__$internal_internal_reflect__$Type_$asInterface.numOut (/home/runner/work/go2hx/go2hx/golibs/std_quick.js line 15153 column 70)
Called from .stdgo__$internal_testing_quick_Quick_$check_check (/home/runner/work/go2hx/go2hx/golibs/std_quick.js line 40866 column 12)
Called from module at stdgo__$internal_testing_InternalTest.stdgo__$internal_testing_quick_Quick_$testemptystruct_testEmptyStruct [as f] (/home/runner/work/go2hx/go2hx/golibs/std_quick.js:41286:2)
Called from stdgo__$internal_testing_M_$static_$extension.run (/home/runner/work/go2hx/go2hx/golibs/std_quick.js line 51009 column 9)
Called from ._$internal_testing_quickdottest_Quickdottest_main (/home/runner/work/go2hx/go2hx/golibs/std_quick.js line 41428 column 59)
Called from module at /home/runner/work/go2hx/go2hx/golibs/std_quick.js:59241:1
Called from module at Object.<anonymous> (/home/runner/work/go2hx/go2hx/golibs/std_quick.js:59242:3)

-- FAIL: TestEmptyStruct

=== RUN  TestMutuallyRecursive
Exception: not implemented numOut
Called from stdgo__$internal_internal_reflect__$Type_$static_$extension.numOut (/home/runner/work/go2hx/go2hx/golibs/std_quick.js line 15788 column 23)
Called from stdgo__$internal_internal_reflect__$Type_$asInterface.numOut (/home/runner/work/go2hx/go2hx/golibs/std_quick.js line 15153 column 70)
Called from .stdgo__$internal_testing_quick_Quick_$check_check (/home/runner/work/go2hx/go2hx/golibs/std_quick.js line 40866 column 12)
Called from module at stdgo__$internal_testing_InternalTest.stdgo__$internal_testing_quick_Quick_$testmutuallyrecursive_testMutuallyRecursive [as f] (/home/runner/work/go2hx/go2hx/golibs/std_quick.js:41298:2)
Called from stdgo__$internal_testing_M_$static_$extension.run (/home/runner/work/go2hx/go2hx/golibs/std_quick.js line 51009 column 9)
Called from ._$internal_testing_quickdottest_Quickdottest_main (/home/runner/work/go2hx/go2hx/golibs/std_quick.js line 41428 column 59)
Called from module at /home/runner/work/go2hx/go2hx/golibs/std_quick.js:59241:1
Called from module at Object.<anonymous> (/home/runner/work/go2hx/go2hx/golibs/std_quick.js:59242:3)

-- FAIL: TestMutuallyRecursive

=== RUN  TestNonZeroSliceAndMap
Exception: not implemented numOut
Called from stdgo__$internal_internal_reflect__$Type_$static_$extension.numOut (/home/runner/work/go2hx/go2hx/golibs/std_quick.js line 15788 column 23)
Called from stdgo__$internal_internal_reflect__$Type_$asInterface.numOut (/home/runner/work/go2hx/go2hx/golibs/std_quick.js line 15153 column 70)
Called from .stdgo__$internal_testing_quick_Quick_$check_check (/home/runner/work/go2hx/go2hx/golibs/std_quick.js line 40866 column 12)
Called from module at stdgo__$internal_testing_InternalTest.stdgo__$internal_testing_quick_Quick_$testnonzerosliceandmap_testNonZeroSliceAndMap [as f] (/home/runner/work/go2hx/go2hx/golibs/std_quick.js:41314:13)
Called from stdgo__$internal_testing_M_$static_$extension.run (/home/runner/work/go2hx/go2hx/golibs/std_quick.js line 51009 column 9)
Called from ._$internal_testing_quickdottest_Quickdottest_main (/home/runner/work/go2hx/go2hx/golibs/std_quick.js line 41428 column 59)
Called from module at /home/runner/work/go2hx/go2hx/golibs/std_quick.js:59241:1
Called from module at Object.<anonymous> (/home/runner/work/go2hx/go2hx/golibs/std_quick.js:59242:3)

-- FAIL: TestNonZeroSliceAndMap

=== RUN  TestInt64
Exception: not implemented numOut
Called from stdgo__$internal_internal_reflect__$Type_$static_$extension.numOut (/home/runner/work/go2hx/go2hx/golibs/std_quick.js line 15788 column 23)
Called from stdgo__$internal_internal_reflect__$Type_$asInterface.numOut (/home/runner/work/go2hx/go2hx/golibs/std_quick.js line 15153 column 70)
Called from .stdgo__$internal_testing_quick_Quick_$check_check (/home/runner/work/go2hx/go2hx/golibs/std_quick.js line 40866 column 12)
Called from module at stdgo__$internal_testing_InternalTest.stdgo__$internal_testing_quick_Quick_$testint64_testInt64 [as f] (/home/runner/work/go2hx/go2hx/golibs/std_quick.js:41338:2)
Called from stdgo__$internal_testing_M_$static_$extension.run (/home/runner/work/go2hx/go2hx/golibs/std_quick.js line 51009 column 9)
Called from ._$internal_testing_quickdottest_Quickdottest_main (/home/runner/work/go2hx/go2hx/golibs/std_quick.js line 41428 column 59)
Called from module at /home/runner/work/go2hx/go2hx/golibs/std_quick.js:59241:1
Called from module at Object.<anonymous> (/home/runner/work/go2hx/go2hx/golibs/std_quick.js:59242:3)

-- FAIL: TestInt64

golibs/stdgo/_internal/testing/Testing_m_static_extension.hx:91: exitCode: 1 exitCodeReason: 
-- FAIL: TestInt64
