=== RUN  TestMapFS
-- SKIP: testMapFS

-- PASS: TestMapFS

=== RUN  TestMapFSChmodDot

-- PASS: TestMapFSChmodDot

=== RUN  TestSymlink
writeFile tmp_gug4cu3ob2/hello: no such file or directory
Exception: __fail__
Called from stdgo._internal.testing.M_static_extension.run (golibs/stdgo/_internal/testing/Testing_m_static_extension.hx line 34 column 17)
Called from stdgo._internal.testing.fstest._Fstest_testsymlink.Fstest_testsymlink_Fields_.testSymlink (golibs/stdgo/_internal/testing/fstest/Fstest_testsymlink.hx line 12 column 26)
Called from local function #1 (golibs/stdgo/_internal/testing/Testing_t_.hx line 43 column 88)
Called from stdgo._internal.testing.T_common_static_extension.fatal (golibs/stdgo/_internal/testing/Testing_t_common_static_extension.hx line 77 column 9)
Called from stdgo._internal.testing.T_common_static_extension.failNow (golibs/stdgo/_internal/testing/Testing_t_common_static_extension.hx line 118 column 9)

-- FAIL: TestSymlink

=== RUN  TestDash

-- PASS: TestDash

=== RUN  TestShuffledFS
Exception: Null Access
Called from stdgo._internal.testing.M_static_extension.run (golibs/stdgo/_internal/testing/Testing_m_static_extension.hx line 34 column 17)
Called from stdgo._internal.testing.fstest._Fstest_testshuffledfs.Fstest_testshuffledfs_Fields_.testShuffledFS (golibs/stdgo/_internal/testing/fstest/Fstest_testshuffledfs.hx line 13 column 24)
Called from stdgo._internal.testing.fstest._Fstest_testfs.Fstest_testfs_Fields_.testFS (golibs/stdgo/_internal/testing/fstest/Fstest_testfs.hx line 6 column 24)
Called from stdgo._internal.testing.fstest._Fstest__testfs.Fstest__testfs_Fields_._testFS (golibs/stdgo/_internal/testing/fstest/Fstest__testfs.hx line 6 column 9)
Called from stdgo._internal.testing.fstest.T_fsTester_static_extension._checkDir (golibs/stdgo/_internal/testing/fstest/Fstest_t_fstester_static_extension.hx line 861 column 21)

-- FAIL: TestShuffledFS

golibs/stdgo/_internal/testing/Testing_m_static_extension.hx:92: exitCode: 1 exitCodeReason: 
-- FAIL: TestShuffledFS
