=== RUN  TestMapFS
-- SKIP: testMapFS

-- PASS: TestMapFS

=== RUN  TestMapFSChmodDot

-- PASS: TestMapFSChmodDot

=== RUN  TestSymlink
writeFile tmp_b8d9bglliz/hello: no such file or directory
Exception: __fail__
Called from stdgo._internal.testing.$T_common_static_extension.failNow (stdgo/_internal/testing/Testing_t_common_static_extension.hx line 118)
Called from stdgo._internal.testing.$T_common_static_extension.fatal (stdgo/_internal/testing/Testing_t_common_static_extension.hx line 77)
Called from stdgo._internal.testing.T_.~get_fatal.0 (stdgo/_internal/testing/Testing_t_.hx line 43)
Called from stdgo._internal.testing.fstest._Fstest_testsymlink.$Fstest_testsymlink_Fields_.testSymlink (stdgo/_internal/testing/fstest/Fstest_testsymlink.hx line 12)
Called from stdgo._internal.testing.$M_static_extension.run (stdgo/_internal/testing/Testing_m_static_extension.hx line 34)
Called from _internal.testing.fstestdottest._Fstestdottest.$Fstestdottest_Fields_.main (_internal/testing/fstestdottest/Fstestdottest.hx line 12)

-- FAIL: TestSymlink

=== RUN  TestDash

-- PASS: TestDash

=== RUN  TestShuffledFS
Exception: Null access .name
Called from stdgo._internal.testing.fstest.$T_fsTester_static_extension._checkDir (stdgo/_internal/testing/fstest/Fstest_t_fstester_static_extension.hx line 861)
Called from stdgo._internal.testing.fstest._Fstest__testfs.$Fstest__testfs_Fields_._testFS (stdgo/_internal/testing/fstest/Fstest__testfs.hx line 6)
Called from stdgo._internal.testing.fstest._Fstest_testfs.$Fstest_testfs_Fields_.testFS (stdgo/_internal/testing/fstest/Fstest_testfs.hx line 6)
Called from stdgo._internal.testing.fstest._Fstest_testshuffledfs.$Fstest_testshuffledfs_Fields_.testShuffledFS (stdgo/_internal/testing/fstest/Fstest_testshuffledfs.hx line 13)
Called from stdgo._internal.testing.$M_static_extension.run (stdgo/_internal/testing/Testing_m_static_extension.hx line 34)
Called from _internal.testing.fstestdottest._Fstestdottest.$Fstestdottest_Fields_.main (_internal/testing/fstestdottest/Fstestdottest.hx line 12)

-- FAIL: TestShuffledFS

golibs/stdgo/_internal/testing/Testing_m_static_extension.hx:92: exitCode: 1 exitCodeReason: 
-- FAIL: TestShuffledFS
